[0.0037499274079835403, 0.006183990087777449, 0.00928858151342979, 0.013151672642388224, 0.01594561174862569, 0.00024796664793320336]
[0.003859801592191695, 0.006291182745822297, 0.00939141349389171, 0.013248673164735499, 0.016039411288648085, 0.00025231908047823446]
[0.003980446431532141, 0.006413081772960594, 0.009516572920363573, 0.013378605336729568, 0.016171000174149422, 0.00025748680847922033]
[0.004119090261847104, 0.006551641565878559, 0.009655801835092619, 0.013519001286898974, 0.016311400995747384, 0.00026318322444485203]
[0.004317821335374751, 0.006750289597539236, 0.009855120929405126, 0.013719490019613716, 0.016511895735965516, 0.00027120586581301834]
[0.004567616576132463, 0.006999918968436078, 0.010105260710832327, 0.013970575756943514, 0.016762885148760853, 0.00028110120519769804]
[0.0047822925195734525, 0.0072108292709834, 0.010309700456392526, 0.01416624598848805, 0.016954015590888404, 0.0002890718734763419]
[0.004990038412458665, 0.007408820672116393, 0.010489638322217568, 0.01432129947999463, 0.01709713756514603, 0.0002959576289584037]
[0.005292057584200492, 0.007698007186021909, 0.010754886817887107, 0.014553488323162495, 0.017313597176178256, 0.0003058953659684006]
[0.00566762382077726, 0.008061742928833835, 0.011096691578427263, 0.014865037168250614, 0.017610655160109207, 0.00031847223392619047]
[0.002532775001889178, 0.006888951062340786, 0.010765005610728032, 0.013040401351928002, 0.016526135456167455, 0.0002569942424886329]
[0.002576565488364816, 0.006925927714496107, 0.010796113706949214, 0.013069058157228017, 0.01654966725993338, 0.0002603460158293065]
[0.002623900028174926, 0.006979064511594387, 0.010854070227853773, 0.013128089256073385, 0.01661276334069339, 0.00026452089336154665]
[0.002677399311050228, 0.007034076201760241, 0.010910267356270707, 0.013184162146052688, 0.016669776454481613, 0.0002689655854337191]
[0.0027526258476551382, 0.007110818206746265, 0.010988197432045462, 0.013261968914933715, 0.01674852576271749, 0.0002750924850303891]
[0.002844713446213435, 0.007204155087047191, 0.011082496930416618, 0.013356070947640927, 0.0168433765488333, 0.0002824509865371047]
[0.0029216258071022906, 0.007270756815116069, 0.011140268574127463, 0.013410420422240736, 0.016890055280977038, 0.0002879813279052889]
[0.0029942898274081566, 0.0073139393057487624, 0.011158378663984492, 0.013419743069057518, 0.016877741401003548, 0.00029215980208271975]
[0.0030974082645503034, 0.007377857857008713, 0.011188986328074163, 0.013438804786959028, 0.016868080482260954, 0.00029802400967287733]
[0.0032215865086349335, 0.0074661788984614775, 0.011246823839443507, 0.013485993346675293, 0.01688897516666914, 0.0003054213259616017]
[0.0037499274079835403, 0.006183990087777449, 0.00928858151342979, 0.013201501675163443, 0.016275571695255057, 0.0002573453068431064]
[0.003859801592191695, 0.006291182745822297, 0.00939141349389171, 0.01329835960022199, 0.01636815628678371, 0.0002587079431416197]
[0.003980446431532141, 0.006413081772960594, 0.009516572920363573, 0.01342847234821836, 0.016501418827242636, 0.00026099445909507745]
[0.004119090261847104, 0.006551641565878559, 0.009655801835092619, 0.01356893903545399, 0.016642511308242097, 0.0002633109140691413]
[0.004317821335374751, 0.006750289597539236, 0.009855120929405126, 0.01376949861891889, 0.01684369855667761, 0.0002665799366720163]
[0.004567616576132463, 0.006999918968436078, 0.010105260710832327, 0.014020648402598583, 0.017095319521054954, 0.0002706432639587365]
[0.0047822925195734525, 0.0072108292709834, 0.010309700456392526, 0.014216085812734279, 0.017284428982563483, 0.0002734481795949223]
[0.004990038412458665, 0.007408820672116393, 0.010489638322217568, 0.014370416564646585, 0.017421148893457562, 0.0002749646049758539]
[0.005292057584200492, 0.007698007186021909, 0.010754886817887107, 0.014601639707321187, 0.017629025531212084, 0.0002773500871778556]
[0.00566762382077726, 0.008061742928833835, 0.011096691578427263, 0.01491231364305459, 0.017918304386371126, 0.0002810650918986585]
[0.003823014524509229, 0.006948819896395521, 0.010824874444782768, 0.01310027018598274, 0.01658600429022219, 0.0002579252493593791]
[0.003817297755142822, 0.006938681740838226, 0.010808867733291327, 0.013081812183570131, 0.0165624212862755, 0.0002605466518839052]
[0.0038219252662369985, 0.006946646528728574, 0.010821652244987962, 0.013095671273207574, 0.016580345357827583, 0.00026400470989388497]
[0.003823035408971669, 0.006948455908495033, 0.0108246470630055, 0.013098541852787481, 0.016584156161216404, 0.0002675841084615494]
[0.0038241480632340047, 0.006950269789029096, 0.010827649014328294, 0.013101420497216548, 0.016587977345000327, 0.0002724554969262883]
[0.0038250425076684466, 0.0069517019107447715, 0.0108300437541142, 0.01310361777133851, 0.016590923372530885, 0.00027821753319749027]
[0.0038164602482365357, 0.006936549974182835, 0.010806061733194228, 0.013076213581307498, 0.016555848440043795, 0.0002822829848125114]
[0.0037921571619644254, 0.0068938856573086855, 0.010738325015544416, 0.01299968942061744, 0.01645768775256348, 0.00028488852165031085]
[0.003759874207124731, 0.006837253552063647, 0.010648382023129095, 0.01289820048201396, 0.016327476177315885, 0.0002884726524348335]
[0.003730321967455186, 0.006785397850887298, 0.010566042791869328, 0.012805212299101114, 0.016208194119094962, 0.0002931100371955444]
[0.0037499274079835403, 0.007235661512222996, 0.011255083275310175, 0.014712851951975348, 0.01724562685386452, 0.0002855347597873404]
[0.003859801592191695, 0.007340410694897066, 0.011488869603712584, 0.014941593308375212, 0.017518158696740022, 0.0002899335387339881]
[0.003980446431532141, 0.0074651205161521475, 0.011755806152889691, 0.015212493495233832, 0.017836393423408765, 0.00029540445671834894]
[0.004119090261847104, 0.007604704570276023, 0.01205950564184386, 0.015517093508404288, 0.01819449271945453, 0.00030143241396013226]
[0.004317821335374751, 0.007804378183158529, 0.01249558057656063, 0.015954071219080723, 0.018706696966735863, 0.00031001814339119726]
[0.004567616576132463, 0.00805492217732484, 0.013045206323715974, 0.016504409775066575, 0.01934912312128001, 0.0003207608000936712]
[0.0047822925195734525, 0.008261927378309742, 0.013510976882164788, 0.01696264025685563, 0.01988426596395792, 0.0003294045270523912]
[0.004990038412458665, 0.0084480367444047, 0.013948937814547535, 0.017379370283842968, 0.02037366001125113, 0.00033672010992066907]
[0.005292057584200492, 0.008721333279502414, 0.01459063176644247, 0.0179928835768465, 0.021090291741396806, 0.00034744221683515535]
[0.00566762382077726, 0.009070605640771107, 0.01540166120826602, 0.018778110166623518, 0.021999696575258455, 0.0003613488616996704]
[0.0027939392062374655, 0.006510504368260323, 0.010222139038810892, 0.01397206634679443, 0.017457800451033876, 0.00027148235679968417]
[0.0027907382239125873, 0.006614805285641389, 0.01032066848800012, 0.014180469980191814, 0.017661079082897185, 0.00027782985012697435]
[0.0027923949374198563, 0.00673443510219424, 0.010445181930115892, 0.014425628261648032, 0.01791030234626805, 0.0002851812838027516]
[0.002792399808848408, 0.006869930539105765, 0.010581938278243429, 0.01470102844009053, 0.018186642748519454, 0.000293440108647309]
[0.002792405816351796, 0.0070640042205804094, 0.01077727570186763, 0.01509509693724238, 0.018581653785026155, 0.0003052013883559743]
[0.00279230949181733, 0.007307601698411086, 0.011021912288064761, 0.01558952876419722, 0.019076834365389598, 0.0003199044247979166]
[0.0027877697024003612, 0.0075122797903559154, 0.011217864138677102, 0.016000156558250562, 0.01947979141698686, 0.000332137231421626]
[0.0027758381851514034, 0.007702634091078253, 0.01138330536328545, 0.01637334367574412, 0.019831342007690152, 0.0003432876958084555]
[0.0027601089530157586, 0.007980706716160099, 0.011628277336012951, 0.01692033482021344, 0.020349610515515364, 0.000359535427133695]
[0.0027456180918585893, 0.008331112070498312, 0.011948422402136935, 0.017616046122914206, 0.021019027942908056, 0.00038010946912967874]
[0.0032444242764485373, 0.006730158380687992, 0.010425673451689339, 0.013341743306283687, 0.0002158701436911799]
[0.003240141297479848, 0.0067207504001852185, 0.01052227056056264, 0.013434652828540573, 0.00021728835300761337]
[0.0032430643349481616, 0.006727738419568167, 0.01064554593135341, 0.013560269507797257, 0.0002194715956346209]
[0.00324353696575613, 0.0067291512741850445, 0.010780459775848433, 0.013695474577102254, 0.00022173134227795722]
[0.003244011250181002, 0.0067305680979647805, 0.010973001867399065, 0.01388830931073795, 0.00022492585511212673]
[0.0032443335573472134, 0.0067316391585395905, 0.011213916982973334, 0.014129389975014985, 0.00022889874520426074]
[0.003238058896512752, 0.006717693755249043, 0.011405745656689092, 0.014315865808774529, 0.0002317595392643714]
[0.003220826175983751, 0.006678824507929787, 0.011565717152972787, 0.014461315354868809, 0.00023356501775828148]
[0.0031979989827692593, 0.00662727467807118, 0.011802784405380636, 0.014679173678537733, 0.00023632061540012042]
[0.0031770431262427056, 0.0065800249462365555, 0.012113698560874337, 0.014972438949116967, 0.00024032699208481145]
[0.0033438147505421754, 0.0067839384352878255, 0.010533865743271364, 0.01349216593317252, 0.00021333478461236797]
[0.0033394038377317775, 0.006774533045695586, 0.010634334537887282, 0.013588842775851777, 0.00021477932533269228]
[0.003342410605236739, 0.006781439506993844, 0.010761885838525987, 0.013718859288607903, 0.00021698414523728586]
[0.003342894937796029, 0.006782799315019877, 0.010901889476866983, 0.013859200446934752, 0.00021927452355958798]
[0.0033433809348749973, 0.006784162999052279, 0.011101984234427032, 0.014059634203780636, 0.00022251742294388611]
[0.003343710464937777, 0.006785182658450037, 0.0113527991345825, 0.0143106561920188, 0.00022655807611136493]
[0.00333724965828539, 0.006771264219681724, 0.011553556639255181, 0.014505892936517578, 0.0002294903708355703]
[0.0033195081953504607, 0.006732547781149564, 0.011722586093608227, 0.014659886081362188, 0.00023138254600800636]
[0.003296004397333949, 0.006681205289085248, 0.011973262773285745, 0.014890665925682256, 0.00023426862053788986]
[0.003274423858766691, 0.006634131713204658, 0.012301755433981923, 0.015200884269596027, 0.00023843985692220663]
[0.0032444242764485373, 0.006730158380687992, 0.01048008568867153, 0.014332879607559093, 0.00020668713861777155]
[0.003240141297479848, 0.0067207504001852185, 0.010580551892376916, 0.014427543820995295, 0.00020797081898376527]
[0.0032430643349481616, 0.006727738419568167, 0.010708184751100311, 0.014559912109063445, 0.00021002391672561815]
[0.00324353696575613, 0.0067291512741850445, 0.01084824143603215, 0.014701121211563488, 0.00021212920207823896]
[0.003244011250181002, 0.0067305680979647805, 0.01104838933333953, 0.014902424105908071, 0.0002151032235256379]
[0.0032443335573472134, 0.0067316391585395905, 0.011299255634672056, 0.015154223127913003, 0.00021880320410569637]
[0.003238058896512752, 0.006717693755249043, 0.011499986174822499, 0.015346232266780904, 0.0002214225087067054]
[0.003220826175983751, 0.006678824507929787, 0.011668862820388452, 0.015490373892752218, 0.0002229779408263269]
[0.0031979989827692593, 0.00662727467807118, 0.011919332162271675, 0.015707983144924602, 0.0002253826217973568]
[0.0031770431262427056, 0.0065800249462365555, 0.012247648667013817, 0.016006224534943044, 0.0002289807138019992]
[0.0030912064304706175, 0.007004126592204273, 0.010754053900187816, 0.01371235409008897, 0.00021681634519075314]
[0.0030868840574297665, 0.006993830163760041, 0.010853631655951736, 0.013808139893916231, 0.00021824543998588317]
[0.0030900959503636733, 0.0070019953782184665, 0.01098244170975061, 0.013939415159832526, 0.00022047256407648776]
[0.0030907460707550695, 0.007003883271116446, 0.011122973432963548, 0.014080284403031322, 0.0002227724222533374]
[0.0030913981014493892, 0.007005775790963145, 0.011323597026337898, 0.014281246995691499, 0.00022602481912736185]
[0.003091891307823018, 0.007007278999589282, 0.011574895475721745, 0.014532752533158045, 0.0002300741776153577]
[0.0030854832914180425, 0.006991868647759789, 0.011774161067333247, 0.014726497364595642, 0.00023298044154194887]
[0.0030676238987157626, 0.006948402141144778, 0.011938440453603441, 0.014875740441357397, 0.00023478945729677264]
[0.003043945287341596, 0.006890698176775679, 0.012182755660976171, 0.015100158813372688, 0.00023756448454133187]
[0.0030222493235788385, 0.0068378713882061735, 0.012505495108983439, 0.015404623944597545, 0.0002416357011964707]
[0.0032444242764485373, 0.006730158380687992, 0.010749580143775174, 0.014207348820440346, 0.016740123722329515, 0.0002771651762136211]
[0.003240141297479848, 0.0067207504001852185, 0.010869209309000736, 0.01432193301366336, 0.016898498402028176, 0.00027967787744167524]
[0.0032430643349481616, 0.006727738419568167, 0.01101842405630571, 0.01447511139864985, 0.01709901132682478, 0.0002831920126179989]
[0.00324353696575613, 0.0067291512741850445, 0.011183952345752885, 0.01464154021231331, 0.017318939423363544, 0.00028692691783771177]
[0.003244011250181002, 0.0067305680979647805, 0.011421770491366882, 0.014880261133886982, 0.017632886881542114, 0.0002922223449368538]
[0.0032443335573472134, 0.0067316391585395905, 0.011721923304930736, 0.015181126756281343, 0.018025840102494767, 0.0002988240271869389]
[0.003238058896512752, 0.006717693755249043, 0.011966743259104089, 0.015418406633794927, 0.01834003234089722, 0.0003038226148417652]
[0.003220826175983751, 0.006678824507929787, 0.012179725578072616, 0.015610158047368053, 0.01860444777477621, 0.0003074799371480871]
[0.0031979989827692593, 0.00662727467807118, 0.012496573165011241, 0.015898824975415265, 0.01899623313996557, 0.000312944620899301]
[0.0031770431262427056, 0.0065800249462365555, 0.012911080513731467, 0.01628752947208896, 0.019509115880723907, 0.0003204406384492931]
[0.0027939392062374655, 0.006510504368260323, 0.010222139038810892, 0.01397206634679443, 0.01693036653669558, 0.0002676987606292442]
[0.0027907382239125873, 0.006614805285641389, 0.01032066848800012, 0.014180469980191814, 0.017134978218156318, 0.00027082799631959883]
[0.0027923949374198563, 0.00673443510219424, 0.010445181930115892, 0.014425628261648032, 0.017382601711729957, 0.0002749316758100985]
[0.002792399808848408, 0.006869930539105765, 0.010581938278243429, 0.01470102844009053, 0.017658339410158302, 0.0002793829251435883]
[0.002792405816351796, 0.0070640042205804094, 0.01077727570186763, 0.01509509693724238, 0.018052746906595984, 0.0002857151658777698]
[0.00279230949181733, 0.007307601698411086, 0.011021912288064761, 0.01558952876419722, 0.01854738582163352, 0.00029363154227602994]
[0.0027877697024003612, 0.0075122797903559154, 0.011217864138677102, 0.016000156558250562, 0.018952492855512964, 0.00029983777163561007]
[0.0027758381851514034, 0.007702634091078253, 0.01138330536328545, 0.01637334367574412, 0.01931064366349807, 0.0003047872180667301]
[0.0027601089530157586, 0.007980706716160099, 0.011628277336012951, 0.01692033482021344, 0.019837737972609956, 0.00031209883645432195]
[0.0027456180918585893, 0.008331112070498312, 0.011948422402136935, 0.017616046122914206, 0.020515174958528316, 0.0003217993963436396]
[0.0032444242764485373, 0.005678486956242446, 0.008783078381894788, 0.012646169510853225, 0.015440108617090687, 0.0002401056816045032]
[0.003240141297479848, 0.00567152245111045, 0.008771753199179864, 0.012629012870023652, 0.015419750993936238, 0.0002425710845601284]
[0.0032430643349481616, 0.005675699676376613, 0.008779190823779596, 0.012641223240145591, 0.015433618077565443, 0.0002457456569960462]
[0.00324353696575613, 0.005676088269787583, 0.008780248539001645, 0.012643447990808004, 0.015435847699656415, 0.00024905623806896585]
[0.003244011250181002, 0.005676479512345485, 0.008781310844211377, 0.012645679934419967, 0.015438085650771762, 0.00025356866663670615]
[0.0032443335573472134, 0.005676635949650829, 0.008781977692047076, 0.012647292738158263, 0.015439602129975598, 0.0002589107261663673]
[0.003238058896512752, 0.0056665956479227, 0.008765466833331825, 0.012622012365427345, 0.015409781967827699, 0.00026274215211267727]
[0.003220826175983751, 0.005639608435641479, 0.008720426085742654, 0.012552087243519711, 0.015327925328671119, 0.0002653319258758751]
[0.0031979989827692593, 0.0056039485845906754, 0.008660828216455871, 0.012459429721731259, 0.015219538574747017, 0.0002688976920751074]
[0.0031770431262427056, 0.005571162234299281, 0.008606110883892706, 0.012374456473716062, 0.015120074465574654, 0.0002734324105720579]
[0.002532775001889178, 0.006888951062340786, 0.010765005610728032, 0.013040401351928002, 0.01599870154182916, 0.0002529675045807222]
[0.002576565488364816, 0.006925927714496107, 0.010796113706949214, 0.013069058157228017, 0.01602356639519251, 0.00025326150552708304]
[0.002623900028174926, 0.006979064511594387, 0.010854070227853773, 0.013128089256073385, 0.016085062706155298, 0.0002544091683542163]
[0.002677399311050228, 0.007034076201760241, 0.010910267356270707, 0.013184162146052688, 0.016141473116120464, 0.00025538369551975326]
[0.0027526258476551382, 0.007110818206746265, 0.010988197432045462, 0.013261968914933715, 0.016219618884287315, 0.00025670282334181235]
[0.002844713446213435, 0.007204155087047191, 0.011082496930416618, 0.013356070947640927, 0.016313928005077225, 0.00025827272300140504]
[0.0029216258071022906, 0.007270756815116069, 0.011140268574127463, 0.013410420422240736, 0.016362756719503137, 0.00025886687044254986]
[0.0029942898274081566, 0.0073139393057487624, 0.011158378663984492, 0.013419743069057518, 0.01635704305681147, 0.0002581694186873208]
[0.0030974082645503034, 0.007377857857008713, 0.011188986328074163, 0.013438804786959028, 0.016356207939355546, 0.000257325380228631]
[0.0032215865086349335, 0.0074661788984614775, 0.011246823839443507, 0.013485993346675293, 0.0163851221822894, 0.0002570157182639867]
[0.0024340627797939103, 0.005538654205446249, 0.009451574367179905, 0.012525644387271528, 0.0001980523854157315]
[0.0024313812536306046, 0.005531612001700021, 0.0094385581080303, 0.012508354794592022, 0.00019770160330197974]
[0.0024326354414284505, 0.005536126588831432, 0.009448026016686225, 0.0125209724957105, 0.0001980377856034557]
[0.002432551404031453, 0.0055367116732455155, 0.00944984887360689, 0.012523421146395, 0.0001981403772696846]
[0.002432468362164483, 0.0055372996940303764, 0.009451677383544134, 0.012525877321302857, 0.00019824313358722336]
[0.0024323024923036157, 0.005537644234699865, 0.009453031926466128, 0.012527703044922496, 0.000198331387594585]
[0.002428536851409948, 0.005527408036819071, 0.009433793393160821, 0.012502136562990023, 0.0001977899580972856]
[0.00241878235965773, 0.005499600009758903, 0.009380378252187915, 0.012431110580998885, 0.00019620493638046886]
[0.002405949701821416, 0.005462829333686612, 0.009309582223120692, 0.012336968047011586, 0.00019409235963105588]
[0.0023941192080565764, 0.005429067857650004, 0.00924468992227734, 0.012250680665593873, 0.00019216319875195494]
[0.003823014524509229, 0.006948819896395521, 0.010824874444782768, 0.01310027018598274, 0.0001978154702670303]
[0.003817297755142822, 0.006938681740838226, 0.010808867733291327, 0.013081812183570131, 0.00019745944392240378]
[0.0038219252662369985, 0.006946646528728574, 0.010821652244987962, 0.013095671273207574, 0.00019780522757288486]
[0.003823035408971669, 0.006948455908495033, 0.0108246470630055, 0.013098541852787481, 0.00019791237573611094]
[0.0038241480632340047, 0.006950269789029096, 0.010827649014328294, 0.013101420497216548, 0.0001980196943245533]
[0.0038250425076684466, 0.0069517019107447715, 0.0108300437541142, 0.01310361777133851, 0.00019811219798528438]
[0.0038164602482365357, 0.006936549974182835, 0.010806061733194228, 0.013076213581307498, 0.00019756135926385414]
[0.0037921571619644254, 0.0068938856573086855, 0.010738325015544416, 0.01299968942061744, 0.00019594445437041906]
[0.003759874207124731, 0.006837253552063647, 0.010648382023129095, 0.01289820048201396, 0.00019378900062616206]
[0.003730321967455186, 0.006785397850887298, 0.010566042791869328, 0.012805212299101114, 0.00019182127929934088]
[0.0044683551920830485, 0.007994832933686543, 0.011744760241670085, 0.01496586909364445, 0.00022598621178682244]
[0.004460781862090524, 0.007982521998325656, 0.01184232349051735, 0.015059206983508468, 0.00022730662962816263]
[0.004467765300158215, 0.007992827827311762, 0.011973274158843904, 0.015193012282225405, 0.00022948478083377713]
[0.0044697996674226545, 0.007995443701151534, 0.01211453386299864, 0.01533471905766935, 0.0002316998879767139]
[0.004471838044135456, 0.007998065373287252, 0.012315886608662004, 0.015536520493994965, 0.00023482469246305493]
[0.004473569527852641, 0.008000210104452643, 0.012567826580585102, 0.015788759839235535, 0.00023870857421180895]
[0.004461954518154143, 0.007981629529588932, 0.012763921949162385, 0.015978673255556984, 0.0002414130350481155]
[0.004428233041144539, 0.00792868554684802, 0.012918723859306685, 0.01611652642242068, 0.00024292457104238042]
[0.004383366358683012, 0.007858338260965006, 0.0131503957451655, 0.016325750907598087, 0.0002452862286694038]
[0.004342415191453286, 0.007793999117325568, 0.013461622838102835, 0.016616367444296704, 0.0002489121449940082]
[0.0024340627797939103, 0.005538654205446249, 0.009401745334404686, 0.01219568444064215, 0.00018965236565839495]
[0.0024313812536306046, 0.005531612001700021, 0.009388871672543805, 0.01217960979645639, 0.00019159979684544887]
[0.0024326354414284505, 0.005536126588831432, 0.009398159005197434, 0.012190553842617288, 0.00019410715284929646]
[0.002432551404031453, 0.0055367116732455155, 0.009399911125051874, 0.012192310833900282, 0.00019672201545019722]
[0.002432468362164483, 0.0055372996940303764, 0.009401668784238964, 0.012194074500590762, 0.0002002861806786831]
[0.0024323024923036157, 0.005537644234699865, 0.00940295928081106, 0.012195268672628393, 0.00020450564990233706]
[0.002428536851409948, 0.005527408036819071, 0.009383953568914593, 0.012171723171314947, 0.0002075321213257797]
[0.00241878235965773, 0.005499600009758903, 0.009331261167535961, 0.012107099252687367, 0.00020957826272007362]
[0.002405949701821416, 0.005462829333686612, 0.009261430838962003, 0.012021539691977763, 0.00021239568220062476]
[0.0023941192080565764, 0.005429067857650004, 0.009197413447473362, 0.011943031439331949, 0.00021597855773988056]
[0.002532775001889178, 0.006888951062340786, 0.010765005610728032, 0.013040401351928002, 0.00019691144451834395]
[0.002576565488364816, 0.006925927714496107, 0.010796113706949214, 0.013069058157228017, 0.0001972669321423884]
[0.002623900028174926, 0.006979064511594387, 0.010854070227853773, 0.013128089256073385, 0.0001982948891064135]
[0.002677399311050228, 0.007034076201760241, 0.010910267356270707, 0.013184162146052688, 0.00019920605528012323]
[0.0027526258476551382, 0.007110818206746265, 0.010988197432045462, 0.013261968914933715, 0.00020044628223594795]
[0.002844713446213435, 0.007204155087047191, 0.011082496930416618, 0.013356070947640927, 0.0002019290106028681]
[0.0029216258071022906, 0.007270756815116069, 0.011140268574127463, 0.013410420422240736, 0.0002026107076367221]
[0.0029942898274081566, 0.0073139393057487624, 0.011158378663984492, 0.013419743069057518, 0.00020227592739925588]
[0.0030974082645503034, 0.007377857857008713, 0.011188986328074163, 0.013438804786959028, 0.00020191130948123012]
[0.0032215865086349335, 0.0074661788984614775, 0.011246823839443507, 0.013485993346675293, 0.00020201933681046795]
[0.0029583002899011557, 0.005905845127800182, 0.008555069535426297, 0.014534878607282984, 0.00021947820969756522]
[0.0029545083379645004, 0.005898412613529632, 0.008544675790300537, 0.014512143133650186, 0.00021904914037000503]
[0.002956973550081912, 0.005903091069146827, 0.008550794588560028, 0.014531506217670439, 0.00021949297858780574]
[0.0029573110700677648, 0.005903651260602301, 0.008551298419021521, 0.014536558130024583, 0.0002196400780234176]
[0.002957650069353599, 0.005904214290028313, 0.008551806144359764, 0.01454162287666066, 0.00021978744347844135]
[0.002957857157436303, 0.005904522013461334, 0.008551965879629876, 0.014545801225808314, 0.00021991641564858994]
[0.002952336397262394, 0.005893744681014208, 0.008537014795827132, 0.01451137900084698, 0.0002192444886567551]
[0.0029373000877539585, 0.00586454767802639, 0.008496945887031874, 0.014413033245484604, 0.00021724780059976642]
[0.002917403252396513, 0.005825932315976266, 0.008444014464729983, 0.014282488465016074, 0.00021458723408352402]
[0.0028991289356141083, 0.005790448119181752, 0.00839533361589396, 0.014163293186252104, 0.00021216524604353724]
[0.004617468041486065, 0.007266692449112177, 0.010343023733389882, 0.013587447909838417, 0.00020517190560614637]
[0.004608712861198981, 0.007254976037969884, 0.010327457373031215, 0.013567598570511067, 0.00020479199911310614]
[0.004617571208119927, 0.007265274727533127, 0.010340154840814431, 0.013583219075762591, 0.00020516945518864372]
[0.004620442801551048, 0.007268089959970266, 0.010343243955628228, 0.013586780821384356, 0.00020528942085212075]
[0.00462332037549346, 0.007270912229824909, 0.01034634153421953, 0.013590352684400538, 0.0002054095954633022]
[0.004625827270810092, 0.007273271136978632, 0.010348844001878854, 0.013593177459226063, 0.00020551379863518538]
[0.004612168657034463, 0.007255438771847389, 0.01032543636445567, 0.013563495160968421, 0.00020492343014342934]
[0.004571788655225718, 0.007204186864231199, 0.010259104505887112, 0.013479930581870858, 0.0002031831344083263]
[0.004518058843718729, 0.007136140992472448, 0.010171114489665085, 0.013369113372434344, 0.00020086423089132953]
[0.004469182807127901, 0.007074068303840109, 0.010090709095166848, 0.013267752121409553, 0.00019875009690655253]
[0.004019421863087181, 0.005935585334866725, 0.009848505496600381, 0.012921393238788579, 0.00019511440937845372]
[0.004148459008815516, 0.006062836827586869, 0.009969782933917147, 0.013038400725936797, 0.00019680418284971345]
[0.00429068573673754, 0.006205476593766792, 0.010117376021621587, 0.013189139321633367, 0.0001992170275641906]
[0.00445480117156784, 0.006369257696598821, 0.010282394896960196, 0.01335478231237952, 0.0002017840401310895]
[0.004691202493402102, 0.006605325417768401, 0.010519703107282159, 0.013592716506618465, 0.0002054453231428413]
[0.004990284246391143, 0.006904027515642427, 0.01081941520740869, 0.013892898267834899, 0.00021004524553874977]
[0.0052490496038550445, 0.00716040399127353, 0.011066789347615277, 0.014133949983495197, 0.0002135421200597607]
[0.00550090117014283, 0.007406519519811046, 0.011287297762240061, 0.014336864705318456, 0.0002160997113985447]
[0.005869298586940056, 0.007767450933404567, 0.011614203822838641, 0.014640447173871063, 0.00021996538435736812]
[0.0063310556674949095, 0.008222292620321, 0.012037914684948334, 0.015042783714107487, 0.0002253399591403841]
[0.0034159751823015106, 0.006541780554187804, 0.0085556111355428, 0.012267245806093369, 0.0001907652004741549]
[0.0034110498123243417, 0.0065324337980197465, 0.00854435798357246, 0.012250221185931191, 0.00019271059826720565]
[0.003414861993720792, 0.006539583256212369, 0.008551994000330836, 0.012262740828252492, 0.00019525656824381592]
[0.0034157031879423435, 0.006541123687465708, 0.008553207541351818, 0.012265215280489487, 0.00019789832319560286]
[0.0034165465385560365, 0.0065426682643511275, 0.008554425990022556, 0.012267697471309775, 0.00020149542895864196]
[0.003417205629162077, 0.006543865032238399, 0.008555246470188071, 0.012269557059841747, 0.0002057514112967836]
[0.003409860829090631, 0.006529950555036931, 0.008538768839614758, 0.012244353187935946, 0.00020877048841720395]
[0.0033892361141779986, 0.006490964609522259, 0.008493576831812474, 0.012174248104019672, 0.00021074063359951853]
[0.003361865426751902, 0.006439244771690817, 0.008433768429731288, 0.012081339049584142, 0.0002134522128680269]
[0.003336796396026796, 0.006391872279458912, 0.008378906935857406, 0.011996217267496037, 0.00021694037371745986]
[0.003440123784745651, 0.00719005109272919, 0.010148351282630344, 0.01309589612052937, 0.00021189232264512056]
[0.0034351293079638084, 0.007294930800155502, 0.010249439038120003, 0.01319334331368514, 0.0002133854797650229]
[0.003439029001757102, 0.0074194753332892435, 0.01037644878337116, 0.013322566302436072, 0.0002156243932071112]
[0.003439904477223845, 0.007558994639070949, 0.01051630560913872, 0.013462645799673253, 0.0002179618170198415]
[0.003440782164177281, 0.007758603399552035, 0.010716253368905637, 0.013662817589580352, 0.0002212739406085475]
[0.003441472293512261, 0.008009088769644727, 0.010966945827081031, 0.013913610683106058, 0.00022540308054737495]
[0.003434014661396333, 0.008216307080969787, 0.011168643378232182, 0.014110051661983994, 0.00022842761421901177]
[0.003413039685799103, 0.008403077998257766, 0.011340377986011724, 0.014267625576284153, 0.00023043672994596352]
[0.0033852009917513, 0.008677258475951792, 0.011594661628348308, 0.014503190691928064, 0.00023348745812531044]
[0.003359707954437968, 0.009027331675215232, 0.011926460510829337, 0.01481777969439698, 0.00023784451120035106]
[0.0030763313842777046, 0.006320755560726241, 0.009806489664965697, 0.013502004735967047, 0.00020388170461177623]
[0.0030724814350613274, 0.006312622632541176, 0.009793231735246547, 0.013594751895623966, 0.00020520185673850234]
[0.003074880213281306, 0.006317944448229469, 0.009802618532849475, 0.013720426044634719, 0.00020724191525091354]
[0.0030751540956579612, 0.006318690961414093, 0.009804305269843014, 0.013855613771506405, 0.00020935135144201151]
[0.00307542940439462, 0.006319440554575622, 0.009805997402359401, 0.014048431171793684, 0.0002123331624207566]
[0.0030755729649002243, 0.006319906422247438, 0.009807212023439814, 0.014289489847873546, 0.00021604127129247472]
[0.0030699976926082846, 0.006308056489121034, 0.009787691347857326, 0.014475743249297384, 0.00021870608757675202]
[0.0030549177416559136, 0.006275743817639664, 0.0097337421495857, 0.014620634794628702, 0.0002203769809176422]
[0.003034973597192633, 0.006232972479961896, 0.00966224817526382, 0.014837757902573268, 0.0002229298792092926]
[0.003016640891326739, 0.006193683917569446, 0.009596665737563296, 0.01513033935220108, 0.00022665153712259078]
[0.0029397802693695635, 0.00685270043110322, 0.00995403570485413, 0.01510966034462512, 0.0002389102054594054]
[0.0029360340866142224, 0.006842980192944498, 0.010014927105318296, 0.015161436618693975, 0.00023963505809517703]
[0.0029384449610581832, 0.006850344388912978, 0.010099149590716016, 0.015254382330840451, 0.00024127072386614178]
[0.0029387621783966223, 0.006851899378758, 0.01018820851314197, 0.015346099737798607, 0.00024279962768328014]
[0.0029390808478341676, 0.006853458537347925, 0.010313820756046038, 0.015474375385573872, 0.0002449080881164244]
[0.0029392697189132956, 0.006854657410679558, 0.010468651811513175, 0.015631493719383677, 0.00024746881598522]
[0.0029338225997809896, 0.006840207956122738, 0.01058418364737572, 0.015732955477074338, 0.00024890310459164977]
[0.0029190118614189796, 0.0067997901038479944, 0.01066789300914105, 0.015775507569758502, 0.0002489908233802678]
[0.0028994167059938915, 0.006746169595427975, 0.010792251836016125, 0.015845066897892085, 0.0002492838119548159]
[0.0028814166709795835, 0.006697038735606917, 0.010960475710986706, 0.01596330295661907, 0.0002503990955707239]
[0.0044683551920830485, 0.007994832933686543, 0.011744760241670085, 0.01496586909364445, 0.00022598621178682244]
[0.004460781862090524, 0.007982521998325656, 0.01184232349051735, 0.015059206983508468, 0.00022730662962816263]
[0.004467765300158215, 0.007992827827311762, 0.011973274158843904, 0.015193012282225405, 0.00022948478083377713]
[0.0044697996674226545, 0.007995443701151534, 0.01211453386299864, 0.01533471905766935, 0.0002316998879767139]
[0.004471838044135456, 0.007998065373287252, 0.012315886608662004, 0.015536520493994965, 0.00023482469246305493]
[0.004473569527852641, 0.008000210104452643, 0.012567826580585102, 0.015788759839235535, 0.00023870857421180895]
[0.004461954518154143, 0.007981629529588932, 0.012763921949162385, 0.015978673255556984, 0.0002414130350481155]
[0.004428233041144539, 0.00792868554684802, 0.012918723859306685, 0.01611652642242068, 0.00024292457104238042]
[0.004383366358683012, 0.007858338260965006, 0.0131503957451655, 0.016325750907598087, 0.0002452862286694038]
[0.004342415191453286, 0.007793999117325568, 0.013461622838102835, 0.016616367444296704, 0.0002489121449940082]
[0.003440123784745651, 0.00719005109272919, 0.010148351282630344, 0.01309589612052937, 0.015745120528155482, 0.0002547569199031927]
[0.0034351293079638084, 0.007294930800155502, 0.010249439038120003, 0.01319334331368514, 0.015839606490456046, 0.000256185407284081]
[0.003439029001757102, 0.0074194753332892435, 0.01037644878337116, 0.013322566302436072, 0.015970269821849264, 0.0002584772078830202]
[0.003439904477223845, 0.007558994639070949, 0.01051630560913872, 0.013462645799673253, 0.016110292958092475, 0.00026082753554676583]
[0.003440782164177281, 0.007758603399552035, 0.010716253368905637, 0.013662817589580352, 0.016310409443911798, 0.0002641525839696205]
[0.003441472293512261, 0.008009088769644727, 0.010966945827081031, 0.013913610683106058, 0.016561054549274597, 0.00026829216351813875]
[0.003434014661396333, 0.008216307080969787, 0.011168643378232182, 0.014110051661983994, 0.01675332177679692, 0.0002712195118340933]
[0.003413039685799103, 0.008403077998257766, 0.011340377986011724, 0.014267625576284153, 0.01690002378528964, 0.0002729526504791696]
[0.0033852009917513, 0.008677258475951792, 0.011594661628348308, 0.014503190691928064, 0.01712127284068179, 0.000275636069355802]
[0.003359707954437968, 0.009027331675215232, 0.011926460510829337, 0.01481777969439698, 0.01742266519110919, 0.00027965628938009224]
[0.002649224507626115, 0.005725555791903818, 0.008969979968352353, 0.012455714072591806, 0.01615122914359315, 0.00024388527435480282]
[0.0026462632767709033, 0.00571874461183223, 0.00895888580931208, 0.012439494912017452, 0.016241015072394872, 0.0002451450731694628]
[0.0026477036194131995, 0.005722583732694505, 0.008965647967642668, 0.012450322052262673, 0.016368129564047918, 0.0002472344888484621]
[0.002647647258419221, 0.005722801254077181, 0.00896633811983331, 0.012451952428262233, 0.016503260929925614, 0.00024935596761401673]
[0.00264759195433145, 0.005723021258726068, 0.008967032408907071, 0.012453589256690855, 0.01669602302612514, 0.00025234984074981847]
[0.0026474439661685395, 0.005723016831068762, 0.008967350288415976, 0.012454655889608354, 0.016936933714042084, 0.00025606769243217894]
[0.0026432702148129266, 0.005713267807421211, 0.00895132660393396, 0.01243096146267025, 0.017119013364110307, 0.0002586418100652913]
[0.0026323983090054824, 0.005687315950661397, 0.008908142026645147, 0.012366140358591182, 0.017253033003634184, 0.0002600551466075998]
[0.0026180822487537206, 0.005653055745946354, 0.008851054628715615, 0.012280330324017543, 0.01745584005132699, 0.0002622652519127691]
[0.0026048855967122087, 0.005621526388038947, 0.008798569414281652, 0.012201551234275501, 0.017735224848913288, 0.00026567255893280396]
[0.0034159751823015106, 0.006541780554187804, 0.0085556111355428, 0.012267245806093369, 0.015962760877094712, 0.00024103938352671196]
[0.0034110498123243417, 0.0065324337980197465, 0.00854435798357246, 0.012250221185931191, 0.016051741346308608, 0.00024228813835204855]
[0.003414861993720792, 0.006539583256212369, 0.008551994000330836, 0.012262740828252492, 0.016180548340037737, 0.00024440114446086693]
[0.0034157031879423435, 0.006541123687465708, 0.008553207541351818, 0.012265215280489487, 0.016316523782152873, 0.0002465344632840502]
[0.0034165465385560365, 0.0065426682643511275, 0.008554425990022556, 0.012267697471309775, 0.01651013124074406, 0.00024954020384621505]
[0.003417205629162077, 0.006543865032238399, 0.008555246470188071, 0.012269557059841747, 0.016751834884275483, 0.0002532692029883114]
[0.003409860829090631, 0.006529950555036931, 0.008538768839614758, 0.012244353187935946, 0.016932405089376004, 0.00025582244770346106]
[0.0033892361141779986, 0.006490964609522259, 0.008493576831812474, 0.012174248104019672, 0.017061140749062672, 0.00025716275265084184]
[0.003361865426751902, 0.006439244771690817, 0.008433768429731288, 0.012081339049584142, 0.01725684877689359, 0.000259275507703137]
[0.003336796396026796, 0.006391872279458912, 0.008378906935857406, 0.011996217267496037, 0.017529890882133824, 0.00026259666895368897]
[0.003440123784745651, 0.0074595455478328335, 0.009375709019612379, 0.013288629181346035, 0.016361516923534235, 0.00024706064215179415]
[0.0034351293079638084, 0.007583588216779322, 0.009497966035550674, 0.013404912141880956, 0.016473529933900603, 0.0002486546981825997]
[0.003439029001757102, 0.007729714638494641, 0.009644505495523896, 0.013556404923378684, 0.016628168223390458, 0.0002511622757572732]
[0.003439904477223845, 0.007894705548791686, 0.009809162073822668, 0.01372229927418404, 0.01679468668960336, 0.0002537592641867761]
[0.003440782164177281, 0.008131984557579384, 0.010046107481945685, 0.013960485171459444, 0.017033498570795745, 0.0002574505704158789]
[0.003441472293512261, 0.008431756439903406, 0.010345499709154691, 0.014260887400920947, 0.017334370461347153, 0.0002620764961795647]
[0.003434014661396333, 0.008683064165251381, 0.01059441855266987, 0.014500803909011619, 0.017567964544891537, 0.00026542476791212874]
[0.003413039685799103, 0.008913940755941931, 0.010819559105610147, 0.014700337348039159, 0.017749904291117558, 0.00026754449271181106]
[0.0033852009917513, 0.009254499478691357, 0.011152651825155869, 0.014999404714589947, 0.01802564806562236, 0.0002708263318706328]
[0.003359707954437968, 0.009690763521932879, 0.011582000474758969, 0.0153976225393863, 0.018402491568545454, 0.00027566817265665467]
[0.0033438147505421754, 0.0067839384352878255, 0.010533865743271364, 0.014019599847510817, 0.00021801566690294759]
[0.0033394038377317775, 0.006774533045695586, 0.010634334537887282, 0.014114943640592648, 0.00022204490777769846]
[0.003342410605236739, 0.006781439506993844, 0.010761885838525987, 0.014246559923145996, 0.00022684442563317074]
[0.003342894937796029, 0.006782799315019877, 0.010901889476866983, 0.014387503785295904, 0.00023214128810357236]
[0.0033433809348749973, 0.006784162999052279, 0.011101984234427032, 0.014588541082210815, 0.00023961500111291848]
[0.003343710464937777, 0.006785182658450037, 0.0113527991345825, 0.014840104735774877, 0.00024885759757142735]
[0.00333724965828539, 0.006771264219681724, 0.011553556639255181, 0.015033191497991484, 0.0002563211533784661]
[0.0033195081953504607, 0.006732547781149564, 0.011722586093608227, 0.015180584425554268, 0.00026278140160425963]
[0.003296004397333949, 0.006681205289085248, 0.011973262773285745, 0.015402538468587667, 0.0002721309207871387]
[0.003274423858766691, 0.006634131713204658, 0.012301755433981923, 0.015704737253975767, 0.00028400549048434795]
[0.0037499274079835403, 0.007235661512222996, 0.010931176583224343, 0.013847246437818688, 0.00022404921228331865]
[0.003859801592191695, 0.007340410694897066, 0.011141930855274486, 0.014054313123252421, 0.0002273105669479773]
[0.003980446431532141, 0.0074651205161521475, 0.011382928027937389, 0.01429765160438124, 0.00023140605056832503]
[0.004119090261847104, 0.007604704570276023, 0.011656013071939407, 0.014571027873193232, 0.00023590665299721658]
[0.004317821335374751, 0.007804378183158529, 0.012046811952592815, 0.014962119395931704, 0.00024231657173833912]
[0.004567616576132463, 0.00805492217732484, 0.012537200001758574, 0.015452672993800227, 0.00025033617619637453]
[0.0047822925195734525, 0.008261927378309742, 0.012949979279749793, 0.015860099431835233, 0.0002567591360598192]
[0.004990038412458665, 0.0084480367444047, 0.013334929389447706, 0.016230527591343732, 0.00026213960293882733]
[0.005292057584200492, 0.008721333279502414, 0.013896843006811868, 0.016773232279968974, 0.0002700329501821313]
[0.00566762382077726, 0.009070605640771107, 0.01460427925540889, 0.017463019643651517, 0.0002803040304882501]
[0.0033438147505421754, 0.0067839384352878255, 0.010533865743271364, 0.01349216593317252, 0.00021333478461236797]
[0.0033394038377317775, 0.006774533045695586, 0.010634334537887282, 0.013588842775851777, 0.00021477932533269228]
[0.003342410605236739, 0.006781439506993844, 0.010761885838525987, 0.013718859288607903, 0.00021698414523728586]
[0.003342894937796029, 0.006782799315019877, 0.010901889476866983, 0.013859200446934752, 0.00021927452355958798]
[0.0033433809348749973, 0.006784162999052279, 0.011101984234427032, 0.014059634203780636, 0.00022251742294388611]
[0.003343710464937777, 0.006785182658450037, 0.0113527991345825, 0.0143106561920188, 0.00022655807611136493]
[0.00333724965828539, 0.006771264219681724, 0.011553556639255181, 0.014505892936517578, 0.0002294903708355703]
[0.0033195081953504607, 0.006732547781149564, 0.011722586093608227, 0.014659886081362188, 0.00023138254600800636]
[0.003296004397333949, 0.006681205289085248, 0.011973262773285745, 0.014890665925682256, 0.00023426862053788986]
[0.003274423858766691, 0.006634131713204658, 0.012301755433981923, 0.015200884269596027, 0.00023843985692220663]
[0.0032444242764485373, 0.006730158380687992, 0.010425673451689339, 0.013341743306283687, 0.0002158701436911799]
[0.003240141297479848, 0.0067207504001852185, 0.01052227056056264, 0.013434652828540573, 0.00021728835300761337]
[0.0032430643349481616, 0.006727738419568167, 0.01064554593135341, 0.013560269507797257, 0.0002194715956346209]
[0.00324353696575613, 0.0067291512741850445, 0.010780459775848433, 0.013695474577102254, 0.00022173134227795722]
[0.003244011250181002, 0.0067305680979647805, 0.010973001867399065, 0.01388830931073795, 0.00022492585511212673]
[0.0032443335573472134, 0.0067316391585395905, 0.011213916982973334, 0.014129389975014985, 0.00022889874520426074]
[0.003238058896512752, 0.006717693755249043, 0.011405745656689092, 0.014315865808774529, 0.0002317595392643714]
[0.003220826175983751, 0.006678824507929787, 0.011565717152972787, 0.014461315354868809, 0.00023356501775828148]
[0.0031979989827692593, 0.00662727467807118, 0.011802784405380636, 0.014679173678537733, 0.00023632061540012042]
[0.0031770431262427056, 0.0065800249462365555, 0.012113698560874337, 0.014972438949116967, 0.00024032699208481145]
[0.0033438147505421754, 0.0067839384352878255, 0.010533865743271364, 0.01349216593317252, 0.016439710771071547, 0.0002659954284026152]
[0.0033394038377317775, 0.006774533045695586, 0.010634334537887282, 0.013588842775851777, 0.016532747051416906, 0.00026739607069430326]
[0.003342410605236739, 0.006781439506993844, 0.010761885838525987, 0.013718859288607903, 0.016664976807672812, 0.0002697209704490622]
[0.003342894937796029, 0.006782799315019877, 0.010901889476866983, 0.013859200446934752, 0.016805540637469293, 0.0002720836771500365]
[0.0033433809348749973, 0.006784162999052279, 0.011101984234427032, 0.014059634203780636, 0.017006198424455346, 0.00027542112126417446]
[0.003343710464937777, 0.006785182658450037, 0.0113527991345825, 0.0143106561920188, 0.017257321048043835, 0.0002795718102812236]
[0.00333724965828539, 0.006771264219681724, 0.011553556639255181, 0.014505892936517578, 0.01744730122026938, 0.0002824543444475383]
[0.0033195081953504607, 0.006732547781149564, 0.011722586093608227, 0.014659886081362188, 0.017587133671634617, 0.0002840501771472416]
[0.003296004397333949, 0.006681205289085248, 0.011973262773285745, 0.014890665925682256, 0.017799194989262003, 0.00028654996565911255]
[0.003274423858766691, 0.006634131713204658, 0.012301755433981923, 0.015200884269596027, 0.018092203453163664, 0.0002904032436439955]
[0.0030763313842777046, 0.006320755560726241, 0.009806489664965697, 0.013502004735967047, 0.01641807459056139, 0.00026564535380678217]
[0.0030724814350613274, 0.006312622632541176, 0.009793231735246547, 0.013594751895623966, 0.0165071341636019, 0.00026698181494239656]
[0.003074880213281306, 0.006317944448229469, 0.009802618532849475, 0.013720426044634719, 0.016635149621078572, 0.0002692382204394576]
[0.0030751540956579612, 0.006318690961414093, 0.009804305269843014, 0.013855613771506405, 0.016770628572760227, 0.00027151844672110504]
[0.00307542940439462, 0.006319440554575622, 0.009805997402359401, 0.014048431171793684, 0.016963738615132572, 0.0002747334703265302]
[0.0030755729649002243, 0.006319906422247438, 0.009807212023439814, 0.014289489847873546, 0.017204962839915197, 0.0002787235975726083]
[0.0030699976926082846, 0.006308056489121034, 0.009787691347857326, 0.014475743249297384, 0.017385863401382824, 0.00028145972765043]
[0.0030549177416559136, 0.006275743817639664, 0.0097337421495857, 0.014620634794628702, 0.017516232996524727, 0.00028290505880670686]
[0.003034973597192633, 0.006232972479961896, 0.00966224817526382, 0.014837757902573268, 0.017714147175730367, 0.0002851807774423659]
[0.003016640891326739, 0.006193683917569446, 0.009596665737563296, 0.01513033935220108, 0.017989079740443704, 0.00028874797480136865]
[0.0033438147505421754, 0.0067839384352878255, 0.010533865743271364, 0.01349216593317252, 0.016439710771071547, 0.01908893517869766, 0.00030886002566068733]
[0.0033394038377317775, 0.006774533045695586, 0.010634334537887282, 0.013588842775851777, 0.016532747051416906, 0.019179010228187805, 0.0003101959982133611]
[0.003342410605236739, 0.006781439506993844, 0.010761885838525987, 0.013718859288607903, 0.016664976807672812, 0.019312680327086003, 0.0003125737851249711]
[0.003342894937796029, 0.006782799315019877, 0.010901889476866983, 0.013859200446934752, 0.016805540637469293, 0.01945318779588851, 0.0003149493956769608]
[0.0033433809348749973, 0.006784162999052279, 0.011101984234427032, 0.014059634203780636, 0.017006198424455346, 0.019653790278786783, 0.00031829976462524736]
[0.003343710464937777, 0.006785182658450037, 0.0113527991345825, 0.0143106561920188, 0.017257321048043835, 0.019904764914212385, 0.0003224608932519875]
[0.00333724965828539, 0.006771264219681724, 0.011553556639255181, 0.014505892936517578, 0.01744730122026938, 0.0200905713350823, 0.0003252462420626197]
[0.0033195081953504607, 0.006732547781149564, 0.011722586093608227, 0.014659886081362188, 0.017587133671634617, 0.020219531880640115, 0.00032656609768044775]
[0.003296004397333949, 0.006681205289085248, 0.011973262773285745, 0.014890665925682256, 0.017799194989262003, 0.02041727713801573, 0.000328698576889604]
[0.003274423858766691, 0.006634131713204658, 0.012301755433981923, 0.015200884269596027, 0.018092203453163664, 0.020697088949875875, 0.00033221502182373663]
[0.002649224507626115, 0.005725555791903818, 0.008969979968352353, 0.012455714072591806, 0.01615122914359315, 0.019067298998187498, 0.00030850995106485415]
[0.0026462632767709033, 0.00571874461183223, 0.00895888580931208, 0.012439494912017452, 0.016241015072394872, 0.019153397340372802, 0.00030978174246145453]
[0.0026477036194131995, 0.005722583732694505, 0.008965647967642668, 0.012450322052262673, 0.016368129564047918, 0.019282853140491767, 0.0003120910351153666]
[0.002647647258419221, 0.005722801254077181, 0.00896633811983331, 0.012451952428262233, 0.016503260929925614, 0.01941827573117944, 0.00031438416524802915]
[0.00264759195433145, 0.005723021258726068, 0.008967032408907071, 0.012453589256690855, 0.01669602302612514, 0.019611330469464033, 0.00031761211368760343]
[0.0026474439661685395, 0.005723016831068762, 0.008967350288415976, 0.012454655889608354, 0.016936933714042084, 0.019852406706083736, 0.0003216126805433722]
[0.0026432702148129266, 0.005713267807421211, 0.00895132660393396, 0.01243096146267025, 0.017119013364110307, 0.020029133516195747, 0.00032425162526551136]
[0.0026323983090054824, 0.005687315950661397, 0.008908142026645147, 0.012366140358591182, 0.017253033003634184, 0.020148631205530204, 0.0003254209793399128]
[0.0026180822487537206, 0.005653055745946354, 0.008851054628715615, 0.012280330324017543, 0.01745584005132699, 0.020332229324484093, 0.00032732938867285736]
[0.0026048855967122087, 0.005621526388038947, 0.008798569414281652, 0.012201551234275501, 0.017735224848913288, 0.020593965237155912, 0.0003305597529811097]
[0.0031258054718862915, 0.00513963605324129, 0.008851270723791861, 0.012546785794793215, 0.015462855649387562, 0.0002501898585724664]
[0.003121384085695405, 0.005133308271248117, 0.008839171473606848, 0.01264069163398427, 0.015553073901962203, 0.0002515511085767434]
[0.0031247213624915763, 0.005137132106610044, 0.0088478789345317, 0.012765686446316944, 0.0156804100227608, 0.00025378585624139557]
[0.003125420599523363, 0.0051375044534094725, 0.008849512192547135, 0.012900820694210523, 0.015815835495464347, 0.00025606023463545187]
[0.0031261218257950907, 0.005137879551466521, 0.008851151032753737, 0.013093584802188021, 0.016008892245526908, 0.00025926941121184654]
[0.0031266595030763236, 0.005138040941025996, 0.008852351530679672, 0.01333462935511341, 0.01625010234715506, 0.0002632546800167614]
[0.0031200898259462987, 0.005128908110524126, 0.00883449245884531, 0.013522544360285363, 0.016432664512370805, 0.0002660283916561142]
[0.0031017285953442585, 0.005104340817634474, 0.008785012089841669, 0.01367190473488467, 0.016567502936780693, 0.0002675820990472182]
[0.0030773794449389146, 0.0050719031029793854, 0.00871947372283224, 0.013894983450141693, 0.016771372723298796, 0.00027000301310349924]
[0.003055075983432116, 0.005042110639830611, 0.00865942097146924, 0.014193094586107029, 0.017051834974349662, 0.00027370398522504784]
[0.0033438147505421754, 0.0067839384352878255, 0.010803360198375009, 0.012719523670154555, 0.01663244383188821, 0.00023984798016587992]
[0.0033394038377317775, 0.006774533045695586, 0.0109229919545111, 0.012837369773282455, 0.016744315879612736, 0.00024136673088723256]
[0.003342410605236739, 0.006781439506993844, 0.011072125143731385, 0.012986916000760636, 0.016898815428615422, 0.00024376214483683538]
[0.003342894937796029, 0.006782799315019877, 0.011237600386587719, 0.013152056911618701, 0.01706519411198008, 0.00024624149125695164]
[0.0033433809348749973, 0.006784162999052279, 0.011475365392454383, 0.01338948831682069, 0.01730386600633446, 0.00024976589922324203]
[0.003343710464937777, 0.006785182658450037, 0.01177546680484118, 0.013689210074092462, 0.01760459776585873, 0.0002541827690966797]
[0.00333724965828539, 0.006771264219681724, 0.012020313723536772, 0.01393166811095526, 0.017838053467297003, 0.000257375652897098]
[0.0033195081953504607, 0.006732547781149564, 0.012233448851292392, 0.014139067200960606, 0.018019845443389616, 0.00025938870544988453]
[0.003296004397333949, 0.006681205289085248, 0.012550503776025308, 0.01444865612248982, 0.018295409011923898, 0.0002625077460243347]
[0.003274423858766691, 0.006634131713204658, 0.012965187280699573, 0.014856424233525657, 0.018672046298152983, 0.00026711723805705447]
[0.004794536422385118, 0.007474245750828066, 0.01100072349243156, 0.01471728865445442, 0.01727530739128375, 0.000260858975204254]
[0.004786234809219912, 0.007462647645788324, 0.010984387782023453, 0.014808454843752254, 0.0173636435390262, 0.00026209024786252936]
[0.004794037846419497, 0.007472439456714676, 0.010997501983868226, 0.014939542148642616, 0.017496069983780678, 0.00026427160796662133]
[0.004796365562259827, 0.0074749587881289955, 0.011000602821857875, 0.015078133552115236, 0.01763458287318928, 0.0002664496728546544]
[0.00479869771547453, 0.00747748384424384, 0.011003711173395632, 0.015275309577624241, 0.017831681406358962, 0.0002695145997436082]
[0.004800690318237911, 0.007479557985191206, 0.011006198561791207, 0.015521490768384955, 0.0180776973369241, 0.0002733147758449094]
[0.004787916271644999, 0.0074620280854237764, 0.010981703096858563, 0.015706213184814122, 0.01825844138336556, 0.00027585680482410894]
[0.004750686364780751, 0.007412003955478254, 0.010912456461181734, 0.015839252367108588, 0.01838115765496531, 0.000277059381256184]
[0.004701133191336124, 0.007345545941789904, 0.0108205178440719, 0.016041115607216237, 0.018569435242185992, 0.0002789964617772455]
[0.0046559180313268545, 0.007284791986408812, 0.010736375912281094, 0.016321869890920826, 0.018837663782637824, 0.0002821870252045803]
[0.002389738209938326, 0.006265792758325572, 0.00936712803207648, 0.012881920430705641, 0.016326077726292267, 0.00026415683946101745]
[0.002387148913755933, 0.006257334906209033, 0.009429281818582828, 0.012939365490244728, 0.016378185235105956, 0.0002648962306960023]
[0.002388303636415104, 0.006263309352674494, 0.00951211455447753, 0.0130254863323037, 0.016468806096325554, 0.00026654596725230384]
[0.0023881853268109578, 0.006264376481321428, 0.009600685615705398, 0.013114626090002402, 0.016559101273912854, 0.0002680937949036152]
[0.002388067974395429, 0.006265447199694622, 0.009725809418392737, 0.01324032036084557, 0.01668595369362735, 0.0002702346497999375]
[0.002387871848010889, 0.006266213691380319, 0.00988020809221394, 0.013395120787962775, 0.01684170495488141, 0.0002728387522808569]
[0.002384251655050847, 0.00625376341406224, 0.009997739105315224, 0.013505732700254899, 0.016944250559194376, 0.0002743104577280971]
[0.0023749338684915873, 0.006219373226727324, 0.010087476132020379, 0.013576389547000293, 0.01699189817405958, 0.0002744365157236514]
[0.00236268528556819, 0.0061738137566336405, 0.010219895997221791, 0.013683519155949222, 0.017068468554418313, 0.0002747859709988492]
[0.0023513878044729326, 0.0061320327454549624, 0.010395469720834749, 0.0138358779632485, 0.017192898575839582, 0.0002759682383072569]
[0.0030912064304706175, 0.007004126592204273, 0.010754053900187816, 0.014239788004427269, 0.0002214397637670813]
[0.0030868840574297665, 0.006993830163760041, 0.010853631655951736, 0.014334240758657104, 0.0002254947131468464]
[0.0030900959503636733, 0.0070019953782184665, 0.01098244170975061, 0.014467115794370615, 0.0002303562818425204]
[0.0030907460707550695, 0.007003883271116446, 0.011122973432963548, 0.014608587741392476, 0.0002357084610554046]
[0.0030913981014493892, 0.007005775790963145, 0.011323597026337898, 0.014810153874121676, 0.00024325496408667398]
[0.003091891307823018, 0.007007278999589282, 0.011574895475721745, 0.015062201076914122, 0.0002525819892027126]
[0.0030854832914180425, 0.006991868647759789, 0.011774161067333247, 0.015253795926069545, 0.00026008253574713483]
[0.0030676238987157626, 0.006948402141144778, 0.011938440453603441, 0.015396438785549476, 0.00026651791857039485]
[0.003043945287341596, 0.006890698176775679, 0.012182755660976171, 0.0156120313562781, 0.0002758322257727955]
[0.0030222493235788385, 0.0068378713882061735, 0.012505495108983439, 0.015908476928977285, 0.00028768993202540465]
[0.0037499274079835403, 0.007235661512222996, 0.010985588820206534, 0.014838382739094097, 0.00021397674117357547]
[0.003859801592191695, 0.007340410694897066, 0.011200212187088762, 0.01504720411570714, 0.00021690312656029174]
[0.003980446431532141, 0.0074651205161521475, 0.01144556684768429, 0.015297294205647426, 0.00022066051088139688]
[0.004119090261847104, 0.007604704570276023, 0.01172379473212312, 0.015576674507654459, 0.00022476296105511612]
[0.004317821335374751, 0.007804378183158529, 0.012122199418533281, 0.015976234191101817, 0.00023060271603356764]
[0.004567616576132463, 0.00805492217732484, 0.012622538653457296, 0.01647750614669824, 0.00023790933458859513]
[0.0047822925195734525, 0.008261927378309742, 0.013044219797883198, 0.0168904658898416, 0.0002437034228036135]
[0.004990038412458665, 0.0084480367444047, 0.01343807505686337, 0.017259586129227136, 0.00024844506667527096]
[0.005292057584200492, 0.008721333279502414, 0.014013390763702907, 0.017802041746355843, 0.00025542877179850296]
[0.00566762382077726, 0.009070605640771107, 0.014738229361548373, 0.01849680522947759, 0.00026461028678287265]
[0.0030912064304706175, 0.007004126592204273, 0.010754053900187816, 0.01371235409008897, 0.00021681634519075314]
[0.0030868840574297665, 0.006993830163760041, 0.010853631655951736, 0.013808139893916231, 0.00021824543998588317]
[0.0030900959503636733, 0.0070019953782184665, 0.01098244170975061, 0.013939415159832526, 0.00022047256407648776]
[0.0030907460707550695, 0.007003883271116446, 0.011122973432963548, 0.014080284403031322, 0.0002227724222533374]
[0.0030913981014493892, 0.007005775790963145, 0.011323597026337898, 0.014281246995691499, 0.00022602481912736185]
[0.003091891307823018, 0.007007278999589282, 0.011574895475721745, 0.014532752533158045, 0.0002300741776153577]
[0.0030854832914180425, 0.006991868647759789, 0.011774161067333247, 0.014726497364595642, 0.00023298044154194887]
[0.0030676238987157626, 0.006948402141144778, 0.011938440453603441, 0.014875740441357397, 0.00023478945729677264]
[0.003043945287341596, 0.006890698176775679, 0.012182755660976171, 0.015100158813372688, 0.00023756448454133187]
[0.0030222493235788385, 0.0068378713882061735, 0.012505495108983439, 0.015404623944597545, 0.0002416357011964707]
[0.0032444242764485373, 0.006730158380687992, 0.01048008568867153, 0.014332879607559093, 0.00020668713861777155]
[0.003240141297479848, 0.0067207504001852185, 0.010580551892376916, 0.014427543820995295, 0.00020797081898376527]
[0.0032430643349481616, 0.006727738419568167, 0.010708184751100311, 0.014559912109063445, 0.00021002391672561815]
[0.00324353696575613, 0.0067291512741850445, 0.01084824143603215, 0.014701121211563488, 0.00021212920207823896]
[0.003244011250181002, 0.0067305680979647805, 0.01104838933333953, 0.014902424105908071, 0.0002151032235256379]
[0.0032443335573472134, 0.0067316391585395905, 0.011299255634672056, 0.015154223127913003, 0.00021880320410569637]
[0.003238058896512752, 0.006717693755249043, 0.011499986174822499, 0.015346232266780904, 0.0002214225087067054]
[0.003220826175983751, 0.006678824507929787, 0.011668862820388452, 0.015490373892752218, 0.0002229779408263269]
[0.0031979989827692593, 0.00662727467807118, 0.011919332162271675, 0.015707983144924602, 0.0002253826217973568]
[0.0031770431262427056, 0.0065800249462365555, 0.012247648667013817, 0.016006224534943044, 0.0002289807138019992]
[0.0030912064304706175, 0.007004126592204273, 0.010754053900187816, 0.01371235409008897, 0.016659898927987995, 0.0002695580849446777]
[0.0030868840574297665, 0.006993830163760041, 0.010853631655951736, 0.013808139893916231, 0.01675204416948136, 0.0002709429215293551]
[0.0030900959503636733, 0.0070019953782184665, 0.01098244170975061, 0.013939415159832526, 0.01688553267889744, 0.00027329064500135775]
[0.0030907460707550695, 0.007003883271116446, 0.011122973432963548, 0.014080284403031322, 0.017026624593565857, 0.0002756630523710582]
[0.0030913981014493892, 0.007005775790963145, 0.011323597026337898, 0.014281246995691499, 0.017227811216366216, 0.0002790102151998776]
[0.003091891307823018, 0.007007278999589282, 0.011574895475721745, 0.014532752533158045, 0.017479417389183075, 0.0002831698123104072]
[0.0030854832914180425, 0.006991868647759789, 0.011774161067333247, 0.014726497364595642, 0.017667905648347453, 0.00028602570934393995]
[0.0030676238987157626, 0.006948402141144778, 0.011938440453603441, 0.014875740441357397, 0.017802988031629826, 0.0002875364455943582]
[0.003043945287341596, 0.006890698176775679, 0.012182755660976171, 0.015100158813372688, 0.018008687876952437, 0.00028992260019734513]
[0.0030222493235788385, 0.0068378713882061735, 0.012505495108983439, 0.015404623944597545, 0.018295943128165182, 0.00029367352869427043]
[0.0030763313842777046, 0.006320755560726241, 0.009806489664965697, 0.013556416972949237, 0.017409210891836797, 0.0002510493413291063]
[0.0030724814350613274, 0.006312622632541176, 0.009793231735246547, 0.013653033227438244, 0.01750002515605662, 0.0002522601635522544]
[0.003074880213281306, 0.006317944448229469, 0.009802618532849475, 0.013783064864381618, 0.01763479222234476, 0.00025437846777067905]
[0.0030751540956579612, 0.006318690961414093, 0.009804305269843014, 0.01392339543169012, 0.017776275207221463, 0.0002565020056201573]
[0.00307542940439462, 0.006319440554575622, 0.009805997402359401, 0.014123818637734148, 0.017977853410302693, 0.00025949430731167966]
[0.0030755729649002243, 0.006319906422247438, 0.009807212023439814, 0.014374828499572268, 0.018229795992813224, 0.0002632096505213617]
[0.0030699976926082846, 0.006308056489121034, 0.009787691347857326, 0.014569983767430785, 0.018416229859389188, 0.0002657178482312038]
[0.0030549177416559136, 0.006275743817639664, 0.0097337421495857, 0.014723780462044363, 0.018545291534408124, 0.0002669522986982934]
[0.003034973597192633, 0.006232972479961896, 0.00966224817526382, 0.014954305659464309, 0.018742956642117236, 0.00026892928705487493]
[0.003016640891326739, 0.006193683917569446, 0.009596665737563296, 0.015264289458340564, 0.01902286532626978, 0.0002721359600734886]
[0.002679709428442947, 0.0062061871700464415, 0.0099227523320693, 0.013745766756578529, 0.016819836776670143, 0.00027214588817129286]
[0.0026764129365684135, 0.006198153072803544, 0.010022220134532342, 0.013839517789675172, 0.016909314476236895, 0.00027348656790176563]
[0.0026784017102951803, 0.006203464237448724, 0.01014550440222311, 0.013967429568460107, 0.01704037604748438, 0.0002757967693197332]
[0.002678593325869171, 0.006204237359598052, 0.01028176808985541, 0.014104803398827078, 0.01717837567161518, 0.0002781199201516213]
[0.0026787862287693085, 0.006205013557921105, 0.01047661196214972, 0.014300759925383736, 0.017374959863142452, 0.00028139333718140975]
[0.002678867766953297, 0.006205508343553299, 0.010720800550147054, 0.0145458429578155, 0.01762051407627187, 0.00028545560488066064]
[0.0026741119137787786, 0.006193786925213568, 0.010918297013169122, 0.014734757161405656, 0.017803100331234854, 0.00028821437594891557]
[0.0026613176906975025, 0.0061617701964009845, 0.011088566102327833, 0.014880723164292257, 0.01793145549310323, 0.00028961132634926104]
[0.0026444128504537812, 0.006119384752735777, 0.01133998251588012, 0.01509985662300485, 0.01812724244689574, 0.0002918312150513585]
[0.00262887405508196, 0.006080457980954243, 0.011665951959593971, 0.01539627382704915, 0.01840226457036568, 0.00029538012522707327]
