[168.25854898868025, 102.03078199094622, 67.92827769966067, 47.97544476940517, 39.569340733169035, 39.569340733169035]
[163.46885439826957, 100.29232498438944, 67.18449197137105, 47.62419124049619, 39.337936606610626, 39.33793660661062]
[158.51421576281004, 98.3859814700152, 66.30089946876465, 47.16166809614793, 39.01783054141739, 39.0178305414174]
[153.1788099727769, 96.30522948115271, 65.34489369770098, 46.67189025950037, 38.68198351844166, 38.68198351844167]
[146.12863652113836, 93.47115192068259, 64.02329803965978, 45.98985411106108, 38.21228976790766, 38.212289767907656]
[138.13710804387256, 90.13780692680815, 62.43850233411979, 45.163302891550565, 37.64014004038171, 37.64014004038171]
[131.93616699475135, 87.5013567467455, 61.20035661064899, 44.53948808971196, 37.215805370574785, 37.21580537057478]
[126.44338426431298, 85.16299319469893, 60.15053380284758, 44.05726906008601, 36.904267867999934, 36.904267867999934]
[119.2272257890626, 81.963725056777, 58.66703714917852, 43.35437185021806, 36.44288001272931, 36.44288001272932]
[111.32660960438685, 78.2656244499555, 56.859951456776365, 42.44572935396482, 35.82815850652774, 35.82815850652775]
[249.11701355610617, 91.58975564936024, 58.6118918369539, 48.38481021037801, 38.17936420487972, 38.17936420487972]
[244.88310013056264, 91.10076952717637, 58.4430065861626, 48.27871579492772, 38.12507735474152, 38.12507735474152]
[240.46546655935688, 90.4071517653946, 58.130943621594334, 48.061628175501355, 37.980276462173336, 37.98027646217334]
[235.6605314254361, 89.70010082095777, 57.831519968898725, 47.85721970729104, 37.85037827010347, 37.85037827010347]
[229.22016263768026, 88.73203141117902, 57.421369463211406, 47.576445739493494, 37.672410898678336, 37.672410898678336]
[221.79996558881993, 87.5824210967684, 56.93277863659864, 47.24123935502445, 37.46026473082075, 37.46026473082075]
[215.96103886622825, 86.78014689865827, 56.63753438992934, 47.04978103697416, 37.35673649279461, 37.35673649279462]
[210.7201977259319, 86.26778512972622, 56.545611462058744, 47.01709572480705, 37.38399170179706, 37.38399170179706]
[203.70493347663313, 85.52039856403648, 56.39092997165124, 46.95040626622333, 37.40540277500629, 37.40540277500628]
[195.85298820597112, 84.50873640467037, 56.100936005361405, 46.78612307307296, 37.35912559842026, 37.35912559842027]
[168.25854898868025, 102.03078199094622, 67.92827769966067, 47.794361581398014, 38.76713864767903, 38.76713864767904]
[163.46885439826957, 100.29232498438944, 67.18449197137105, 47.446253782283094, 38.54785679127789, 38.54785679127788]
[158.51421576281004, 98.3859814700152, 66.30089946876465, 46.98653190911223, 38.23655111635181, 38.236551116351826]
[153.1788099727769, 96.30522948115271, 65.34489369770098, 46.500123762924886, 37.91238790793044, 37.91238790793044]
[146.12863652113836, 93.47115192068259, 64.02329803965978, 45.82282637461296, 37.45954858768551, 37.45954858768551]
[138.13710804387256, 90.13780692680815, 62.43850233411979, 45.002008920161764, 36.90819254375988, 36.90819254375988]
[131.93616699475135, 87.5013567467455, 61.20035661064899, 44.38333819812789, 36.504378890196634, 36.50437889019663]
[126.44338426431298, 85.16299319469893, 60.15053380284758, 43.906684377712786, 36.217895176657755, 36.21789517665776]
[119.2272257890626, 81.963725056777, 58.66703714917852, 43.21140345380762, 35.79082368240304, 35.79082368240303]
[111.32660960438685, 78.2656244499555, 56.859951456776365, 42.31116375251815, 35.21300514127368, 35.21300514127368]
[165.0418381711984, 90.80064728796357, 58.28772866592405, 48.16368941423179, 38.04155198803103, 38.04155198803103]
[165.28900414701508, 90.93331673747737, 58.37404620438122, 48.23164677999527, 38.09571883085947, 38.095718830859454]
[165.08887550839606, 90.8290556991498, 58.30508412173572, 48.18060344650438, 38.05453570858934, 38.05453570858934]
[165.04093658130935, 90.80540378889047, 58.28895305386574, 48.17004454170753, 38.04579131712145, 38.04579131712145]
[164.99291712743084, 90.78170540604778, 58.272792518970974, 48.15946061835377, 38.03702714064569, 38.03702714064569]
[164.95433533490143, 90.76300344595695, 58.259907236339686, 48.15138502133996, 38.030272957854244, 38.030272957854244]
[165.32527615654806, 90.96126270675698, 58.38920413919242, 48.25229723856372, 38.11084323253954, 38.11084323253952]
[166.38480883881476, 91.52419634510063, 58.75751977769735, 48.53633991282116, 38.33815259874002, 38.33815259874001]
[167.81341867357366, 92.282279672041, 59.25382307938482, 48.91824602664835, 38.64389925472964, 38.64389925472964]
[169.14286487464523, 92.98752384838946, 59.71557724200407, 49.27347784186948, 38.92829391380863, 38.92829391380864]
[168.25854898868025, 87.20105873033656, 56.05976686678979, 42.8847749260116, 36.58651261718584, 36.586512617185846]
[163.46885439826957, 85.9566815408332, 54.91900998478578, 42.2282504588398, 36.01733238080603, 36.01733238080604]
[158.51421576281004, 84.52071779886234, 53.67197589636146, 41.476260593168114, 35.37471558864108, 35.37471558864108]
[153.1788099727769, 82.96934333864489, 52.32033245964151, 40.66208302079622, 34.678479593197984, 34.67847959319799]
[146.12863652113836, 80.84658760409236, 50.494440063373375, 39.54835952628706, 33.72895522935758, 33.72895522935758]
[138.13710804387256, 78.3318982592261, 48.3669885184662, 38.22962184527124, 32.6090924392471, 32.60909243924711]
[131.93616699475135, 76.3692677978098, 46.69960950884985, 37.19688296904045, 31.73148788212057, 31.73148788212057]
[126.44338426431298, 74.68686081391498, 45.23336134039965, 36.30496008631415, 30.96926836571112, 30.969268365711116]
[119.2272257890626, 72.34643193410811, 43.24400441188264, 35.06704980251849, 29.91695668399536, 29.91695668399536]
[111.32660960438685, 69.56066325319316, 40.96683701505916, 33.60068392833619, 28.680274853871737, 28.680274853871737]
[225.8307349965174, 96.913742590544, 61.72459033130021, 45.15848470938244, 36.14185797631952, 36.14185797631952]
[226.08976330126632, 95.38562621787196, 61.13531746648095, 44.494811904087435, 35.725865985799594, 35.72586598579959]
[225.95562541135075, 93.69120570701057, 60.40654425185226, 43.73863883333636, 35.22873775560049, 35.2287377556005]
[225.95523122471545, 91.84333682685572, 59.62587645946186, 42.91926561814799, 34.693447999442256, 34.693447999442256]
[225.95474511098183, 89.32006901156, 58.54516131297009, 41.798826937209355, 33.95593049896582, 33.95593049896582]
[225.96253972891262, 86.34260192607161, 57.2457236085461, 40.473150537381514, 33.07453073162474, 33.07453073162474]
[226.33051214270614, 83.99012844146209, 56.24576449493358, 39.43444816824851, 32.39035423808403, 32.39035423808402]
[227.3033593439737, 81.91449016265925, 55.428307011355294, 38.535644091738526, 31.816169789998177, 31.816169789998174]
[228.5987094063061, 79.06033474486294, 54.26060337640114, 37.28988528799302, 31.005868343235658, 31.005868343235658]
[229.8052108380011, 75.73506863681568, 52.806749146008485, 35.81719416932445, 30.018388395219866, 30.01838839521987]
[194.474363004971, 93.75074237341997, 60.51957673563574, 47.29197152092001, 47.291971520920015]
[194.73142883334936, 93.88197848603403, 59.963991692535906, 46.964916215757185, 46.96491621575718]
[194.55591357865515, 93.78446442641159, 59.26960895653917, 46.52985282610999, 46.52985282610999]
[194.52756393454735, 93.7647734121726, 58.52786964557235, 46.07049875694734, 46.07049875694732]
[194.49912340624235, 93.74503538133504, 57.500887369278225, 45.43082461393334, 45.43082461393334]
[194.47980095983309, 93.7301197554204, 56.265562286416795, 44.65566776739235, 44.65566776739236]
[194.85666093340882, 93.92469610380473, 55.3192543014632, 44.07399125615335, 44.07399125615335]
[195.89922274755395, 94.4713165813918, 54.55410469881805, 43.63070225612387, 43.63070225612387]
[197.29754383280797, 95.2061556416172, 53.458347014502216, 42.983165013076274, 42.983165013076274]
[198.59892340409866, 95.8898103936626, 52.08626756803269, 42.14125344738209, 42.14125344738209]
[188.6938695924731, 93.00752807516055, 59.897986157952026, 46.76471869715815, 46.764718697158145]
[188.94310935114643, 93.1366546187404, 59.33209475705898, 46.43201447598201, 46.43201447598201]
[188.77313980862723, 93.04180090812186, 58.62888288792821, 45.99196851622629, 45.991968516226294]
[188.74578956890088, 93.02314799186185, 57.875962310848855, 45.5262442372527, 45.5262442372527]
[188.7183532987944, 93.00444941672768, 56.83284457598193, 44.87722335695823, 44.87722335695824]
[188.6997546876221, 92.99047295276867, 55.57724901149647, 44.09003584560187, 44.09003584560187]
[189.0650712672081, 93.1816163141616, 54.61152476081763, 43.49662218254775, 43.49662218254775]
[190.07554955398422, 93.71746996683908, 53.82407426499725, 43.039716746664176, 43.03971674666418]
[191.43097775917957, 94.437652665898, 52.69719344070185, 42.372674776886065, 42.372674776886065]
[192.6926298166673, 95.1077506080152, 51.290025059127714, 41.5079368601075, 41.507936860107506]
[194.474363004971, 93.75074237341997, 60.20536121782171, 44.02167336614126, 44.02167336614125]
[194.73142883334936, 93.88197848603403, 59.633689329077995, 43.73283161074233, 43.73283161074234]
[194.55591357865515, 93.78446442641159, 58.92290422196532, 43.33524404226497, 43.335244042264975]
[194.52756393454735, 93.7647734121726, 58.16217754745806, 42.91899477598348, 42.91899477598348]
[194.49912340624235, 93.74503538133504, 57.108536406860814, 42.33924225992535, 42.33924225992535]
[194.47980095983309, 93.7301197554204, 55.84061153055821, 41.63574332741707, 41.63574332741707]
[194.85666093340882, 93.92469610380473, 54.86592200098293, 41.1148048271099, 41.11480482710991]
[195.89922274755395, 94.4713165813918, 54.07187951320769, 40.73222175582292, 40.73222175582292]
[197.29754383280797, 95.2061556416172, 52.935628933755694, 40.16794127284645, 40.16794127284645]
[198.59892340409866, 95.8898103936626, 51.51661038249159, 39.419498527135865, 39.419498527135865]
[204.11362316690503, 90.08365799419742, 58.67158099971712, 46.01378729974872, 46.013787299748714]
[204.3994308634797, 90.21628059394801, 58.13329256794883, 45.69459386475282, 45.69459386475282]
[204.18697497271432, 90.11107697142313, 57.45146308584605, 45.264262327041116, 45.264262327041116]
[204.144025434626, 90.08678758000148, 56.72560024375462, 44.81140624860926, 44.81140624860925]
[204.10096783858782, 90.06245179785435, 55.72057562739388, 44.180829914260734, 44.180829914260734]
[204.06841045277443, 90.04313150898881, 54.51084597728087, 43.41623123634672, 43.41623123634671]
[204.49222532986545, 90.24159009084838, 53.58830585652078, 42.84503835902584, 42.84503835902584]
[205.68275815830577, 90.80610644913543, 52.85090183531871, 42.4151891441996, 42.4151891441996]
[207.28274818343877, 91.56653336040226, 51.791020195970695, 41.784815131971854, 41.784815131971854]
[208.7707786242587, 92.27394150297359, 50.45440736104397, 40.95895795635259, 40.95895795635259]
[194.474363004971, 93.75074237341997, 58.695998917275446, 44.410632304066795, 37.6913190694382, 37.69131906943821]
[194.73142883334936, 93.88197848603403, 58.04997645575752, 44.0553201776778, 37.33807167176848, 37.33807167176848]
[194.55591357865515, 93.78446442641159, 57.263846558810194, 43.58911839110579, 36.90022378605907, 36.90022378605908]
[194.52756393454735, 93.7647734121726, 56.41631195968032, 43.09364556807813, 36.431638742787044, 36.431638742787044]
[194.49912340624235, 93.74503538133504, 55.241640948494, 42.40230321249586, 35.78298600331132, 35.782986003311315]
[194.47980095983309, 93.7301197554204, 53.82711762111479, 41.56195746268493, 35.002936944551564, 35.002936944551564]
[194.85666093340882, 93.92469610380473, 52.725903014604405, 40.92234427760036, 34.40328417923204, 34.40328417923203]
[195.89922274755395, 94.4713165813918, 51.80390481178963, 40.41966407806971, 33.914328020831725, 33.914328020831725]
[197.29754383280797, 95.2061556416172, 50.49042934800644, 39.68578466999025, 33.21486632803754, 33.21486632803754]
[198.59892340409866, 95.8898103936626, 48.86944542009044, 38.73867706955988, 32.34166777919517, 32.34166777919517]
[225.8307349965174, 96.913742590544, 61.72459033130021, 45.15848470938244, 37.267789986272895, 37.267789986272895]
[226.08976330126632, 95.38562621787196, 61.13531746648095, 44.494811904087435, 36.822768984417344, 36.82276898441734]
[225.95562541135075, 93.69120570701057, 60.40654425185226, 43.73863883333636, 36.298210989579125, 36.29821098957913]
[225.95523122471545, 91.84333682685572, 59.62587645946186, 42.91926561814799, 35.7314088162346, 35.7314088162346]
[225.95474511098183, 89.32006901156, 58.54516131297009, 41.798826937209355, 34.950766647576415, 34.950766647576415]
[225.96253972891262, 86.34260192607161, 57.2457236085461, 40.473150537381514, 34.01866713444057, 34.01866713444056]
[226.33051214270614, 83.99012844146209, 56.24576449493358, 39.43444816824851, 33.29152261343068, 33.29152261343068]
[227.3033593439737, 81.91449016265925, 55.428307011355294, 38.535644091738526, 32.674071122386245, 32.67407112238625]
[228.5987094063061, 79.06033474486294, 54.26060337640114, 37.28988528799302, 31.80591181067915, 31.805911810679145]
[229.8052108380011, 75.73506863681568, 52.806749146008485, 35.81719416932445, 30.75564043473582, 30.75564043473582]
[194.474363004971, 111.11363807687756, 71.83783601212446, 49.89315886827957, 40.86482550917973, 40.86482550917973]
[194.73142883334936, 111.25008318650941, 71.93058561419468, 49.96093922572838, 40.91877649180684, 40.91877649180684]
[194.55591357865515, 111.16820488341953, 71.86964688945615, 49.91268111431014, 40.88201103002303, 40.88201103002303]
[194.52756393454735, 111.16059414343914, 71.86098909131063, 49.90389844122503, 40.876105851591014, 40.876105851591014]
[194.49912340624235, 111.15293257166812, 71.85229582165618, 49.89509047772164, 40.870180328909576, 40.870180328909576]
[194.47980095983309, 111.14986940795518, 71.84683981281184, 49.88872777306135, 40.866166055873, 40.866166055872995]
[194.85666093340882, 111.34680921012848, 71.98217236769365, 49.98864889472249, 40.945248011782134, 40.945248011782134]
[195.89922274755395, 111.87963697845359, 72.35395819841517, 50.267125477950984, 41.16391037604925, 41.16391037604925]
[197.29754383280797, 112.5915655641726, 72.85184842730774, 50.640948949669955, 41.45706135448204, 41.457061354482036]
[198.59892340409866, 113.25416815106492, 73.31503776707085, 50.988691569635954, 41.72977758256121, 41.72977758256121]
[249.11701355610617, 91.58975564936024, 58.6118918369539, 48.38481021037801, 39.438034569901404, 39.43803456990139]
[244.88310013056264, 91.10076952717637, 58.4430065861626, 48.27871579492772, 39.37683590024609, 39.37683590024609]
[240.46546655935688, 90.4071517653946, 58.130943621594334, 48.061628175501355, 39.22629062793418, 39.22629062793418]
[235.6605314254361, 89.70010082095777, 57.831519968898725, 47.85721970729104, 39.08920455655668, 39.08920455655668]
[229.22016263768026, 88.73203141117902, 57.421369463211406, 47.576445739493494, 38.90087362604003, 38.90087362604003]
[221.79996558881993, 87.5824210967684, 56.93277863659864, 47.24123935502445, 38.67599172215462, 38.67599172215462]
[215.96103886622825, 86.78014689865827, 56.63753438992934, 47.04978103697416, 38.56057724846212, 38.56057724846211]
[210.7201977259319, 86.26778512972622, 56.545611462058744, 47.01709572480705, 38.574046805938266, 38.57404680593827]
[203.70493347663313, 85.52039856403648, 56.39092997165124, 46.95040626622333, 38.57601632478718, 38.576016324787176]
[195.85298820597112, 84.50873640467037, 56.100936005361405, 46.78612307307296, 38.50794259942669, 38.50794259942669]
[259.21983184575697, 113.91889095725864, 66.75685128936396, 50.37324427966099, 50.37324427966099]
[259.5057206836775, 114.06391921311223, 66.84891243540434, 50.44287237143187, 50.44287237143187]
[259.37192796537295, 113.97090264393249, 66.7819228446085, 50.39203981131257, 50.39203981131258]
[259.3808884920217, 113.95885892507349, 66.76904074544895, 50.382186872460245, 50.382186872460245]
[259.3897434779989, 113.94675732657427, 66.75612368855533, 50.37230752748306, 50.37230752748306]
[259.40743245410164, 113.9396677970936, 66.7465580766389, 50.3649665240047, 50.3649665240047]
[259.80966445449457, 114.15067248107458, 66.88267573652989, 50.467961320148376, 50.467961320148376]
[260.8574276891439, 114.72786081907323, 67.26352898754658, 50.75631339364158, 50.75631339364159]
[262.2487677121966, 115.50010185919339, 67.77504396633259, 51.14363124520142, 51.143631245201405]
[263.5446649260093, 116.2183566357754, 68.25078502197756, 51.50386021017115, 51.50386021017114]
[165.0418381711984, 90.80064728796357, 58.28772866592405, 48.16368941423179, 48.1636894142318]
[165.28900414701508, 90.93331673747737, 58.37404620438122, 48.23164677999527, 48.23164677999527]
[165.08887550839606, 90.8290556991498, 58.30508412173572, 48.18060344650438, 48.180603446504385]
[165.04093658130935, 90.80540378889047, 58.28895305386574, 48.17004454170753, 48.17004454170753]
[164.99291712743084, 90.78170540604778, 58.272792518970974, 48.15946061835377, 48.15946061835376]
[164.95433533490143, 90.76300344595695, 58.259907236339686, 48.15138502133996, 48.15138502133997]
[165.32527615654806, 90.96126270675698, 58.38920413919242, 48.25229723856372, 48.25229723856372]
[166.38480883881476, 91.52419634510063, 58.75751977769735, 48.53633991282116, 48.536339912821155]
[167.81341867357366, 92.282279672041, 59.25382307938482, 48.91824602664835, 48.91824602664835]
[169.14286487464523, 92.98752384838946, 59.71557724200407, 49.27347784186948, 49.273477841869486]
[141.20572724346357, 78.92064158359453, 53.72245422614708, 42.159753004130025, 42.159753004130025]
[141.44546045667838, 79.04235586354004, 53.27986057680551, 41.89844426543594, 41.89844426543595]
[141.22437104246487, 78.94043986837684, 52.69714333018464, 41.529443454630936, 41.529443454630936]
[141.16009473060157, 78.91461287999819, 52.08267619832432, 41.14567355993605, 41.14567355993605]
[141.09575039455095, 78.8887455943444, 51.23117519094635, 40.61123883716854, 40.61123883716854]
[141.04113964292384, 78.86759675586819, 50.20417336557637, 39.962438526187825, 39.962438526187825]
[141.40828686465696, 79.05119401259515, 49.432873923331925, 39.48746772581772, 39.48746772581772]
[142.48512637381737, 79.57906020513386, 48.84053187851444, 39.14971054820039, 39.14971054820039]
[143.94355681229555, 80.29144629906928, 47.98010316245829, 38.647983057645604, 38.64798305764562]
[145.30101721319497, 80.95424890126237, 46.87082323345757, 37.972038509340926, 37.972038509340926]
[259.21983184575697, 113.91889095725864, 67.11066105686484, 51.736115963900005, 51.736115963900005]
[259.5057206836775, 114.06391921311223, 67.2026806293799, 51.80439726925963, 51.804397269259624]
[259.37192796537295, 113.97090264393249, 67.13627042607567, 51.757889971693686, 51.75788997169369]
[259.3808884920217, 113.95885892507349, 67.12375639367667, 51.750431323145, 51.750431323144994]
[259.3897434779989, 113.94675732657427, 67.11120748456226, 51.74294649828697, 51.742946498286976]
[259.40743245410164, 113.9396677970936, 67.10199689663757, 51.7378797808975, 51.73787978089751]
[259.80966445449457, 114.15067248107458, 67.23790136497593, 51.83796374593599, 51.83796374593599]
[260.8574276891439, 114.72786081907323, 67.6175849278909, 52.114658623959166, 52.11465862395917]
[262.2487677121966, 115.50010185919339, 68.12741523975028, 52.485568458526565, 52.48556845852657]
[263.5446649260093, 116.2183566357754, 68.60160718919565, 52.83058557497081, 52.83058557497082]
[249.11701355610617, 91.58975564936024, 58.6118918369539, 48.38481021037801, 48.384810210378006]
[244.88310013056264, 91.10076952717637, 58.4430065861626, 48.27871579492772, 48.27871579492773]
[240.46546655935688, 90.4071517653946, 58.130943621594334, 48.061628175501355, 48.061628175501355]
[235.6605314254361, 89.70010082095777, 57.831519968898725, 47.85721970729104, 47.85721970729104]
[229.22016263768026, 88.73203141117902, 57.421369463211406, 47.576445739493494, 47.57644573949349]
[221.79996558881993, 87.5824210967684, 56.93277863659864, 47.24123935502445, 47.24123935502444]
[215.96103886622825, 86.78014689865827, 56.63753438992934, 47.04978103697416, 47.04978103697417]
[210.7201977259319, 86.26778512972622, 56.545611462058744, 47.01709572480705, 47.01709572480705]
[203.70493347663313, 85.52039856403648, 56.39092997165124, 46.95040626622333, 46.95040626622334]
[195.85298820597112, 84.50873640467037, 56.100936005361405, 46.78612307307296, 46.78612307307295]
[213.2837381769905, 106.83608032830573, 73.75245073899364, 43.40988057265506, 43.40988057265506]
[213.55747633966382, 106.97070310627626, 73.84216323297164, 43.47788873561716, 43.47788873561716]
[213.37943468000074, 106.88592418605282, 73.78932307932423, 43.419954891733354, 43.419954891733354]
[213.3550815355164, 106.87578188956606, 73.7849755163135, 43.40486508817932, 43.40486508817933]
[213.3306272496565, 106.86559015072056, 73.780594862564, 43.38974747398252, 43.38974747398252]
[213.31569135916962, 106.86002068274364, 73.77921677436589, 43.37728356693743, 43.37728356693742]
[213.7145838344369, 107.05542547723951, 73.9084281297724, 43.48017817213419, 43.48017817213419]
[214.8086084601122, 107.58840734542905, 74.25695689590854, 43.776860410549816, 43.776860410549816]
[216.27361385913682, 108.30152330296377, 74.72243766465049, 44.176989606935635, 44.176989606935635]
[217.63686903650617, 108.96520122338197, 75.15572023078049, 44.54877380443167, 44.54877380443166]
[136.64574152139207, 86.8286842877576, 61.003180573133974, 46.43678111349585, 46.43678111349585]
[136.90532768753278, 86.96890812292058, 61.09512939049786, 46.50471792787028, 46.50471792787029]
[136.64268855684665, 86.84562774881196, 61.020106003605704, 46.45123817564357, 46.451238175643574]
[136.55776547398997, 86.81198883823042, 61.001881729460784, 46.43906108260198, 46.43906108260199]
[136.47277134949778, 86.77829198543184, 60.98361845038293, 46.42685580959405, 46.426855809594045]
[136.39881204853066, 86.75014757421754, 60.96887192092582, 46.417207924549324, 46.417207924549324]
[136.8027475573469, 86.96336146180971, 61.10708760476251, 46.51878715568056, 46.51878715568056]
[138.01104820516724, 87.58203477659603, 61.502185119385715, 46.80716570816522, 46.807165708165215]
[139.65230783954647, 88.41716344250457, 62.034238737683246, 47.19515250586165, 47.195152505861664]
[141.17957839493144, 89.1929957953166, 62.528543686033245, 47.55570790790151, 47.5557079079015]
[156.97713899470517, 106.30077892635681, 64.06630373491636, 48.83044210636124, 48.83044210636124]
[152.0943905048604, 104.06965623901294, 63.28696910076947, 48.392234426807704, 48.39223442680771]
[147.05279836223735, 101.67749969663413, 62.363733751892816, 47.839159864303745, 47.839159864303745]
[141.63535479589802, 99.06293237548294, 61.3628780846303, 47.24579777652481, 47.24579777652481]
[134.49799819291476, 95.52252229434613, 59.978626587229385, 46.41878201262949, 46.41878201262949]
[126.43715534570738, 91.38974939636839, 58.31713936333081, 45.415818378300344, 45.415818378300344]
[120.20411161990182, 88.11756225614484, 57.01358584331912, 44.64126059714294, 44.641260597142946]
[114.70072356595539, 85.18945272371201, 55.89976961456312, 44.00943703166362, 44.00943703166362]
[107.50131981428828, 81.23094048353867, 54.32635367044732, 43.096862888605514, 43.096862888605514]
[99.66068498175949, 76.73739838944829, 52.414173134912964, 41.94418775618413, 41.94418775618413]
[184.70782450330515, 96.4503989783451, 73.74778195084049, 51.43431169910894, 51.434311699108946]
[184.97453253262498, 96.58840242230434, 73.84490978646768, 51.5057920100919, 51.5057920100919]
[184.76803620187002, 96.48280628292429, 73.77897417324948, 51.45320718403441, 51.45320718403442]
[184.7225328908888, 96.46008463182743, 73.76850630944372, 51.44282672998567, 51.44282672998566]
[184.6769354258116, 96.43731257445448, 73.75799910082915, 51.43241801942059, 51.43241801942059]
[184.641316020221, 96.41967573777535, 73.75092543258111, 51.4246228615144, 51.42462286151439]
[185.03903124059818, 96.62513355380602, 73.89324577483936, 51.530475705475375, 51.53047570547538]
[186.16505997936977, 97.2054821489209, 74.2864115995229, 51.82721257930211, 51.82721257930211]
[187.6807261407244, 97.9862339220437, 74.8132166228207, 52.22577910367574, 52.22577910367574]
[189.09075340392042, 98.712445570581, 75.30306152226382, 52.596358536268205, 52.596358536268205]
[183.41123283935656, 87.75422265333239, 62.1733843171278, 48.17977621944426, 48.179776219444264]
[183.6779020275649, 86.49257433212986, 61.5601831606119, 47.823916158212626, 47.823916158212626]
[183.46962010434294, 85.04069575502902, 60.8066745813209, 47.36004536639617, 47.36004536639617]
[183.42292603119134, 83.47106653825357, 59.99800385525961, 46.86726174549634, 46.867261745496336]
[183.37613785877673, 81.32357229609434, 58.87853923937483, 46.180616870811406, 46.180616870811406]
[183.33936486126916, 78.78016621211475, 57.53263984601347, 45.34821038555458, 45.34821038555457]
[183.7375220243336, 76.79330120725236, 56.493642344238204, 44.71686990205359, 44.71686990205358]
[184.86668851389746, 75.08645577382613, 55.638122931922965, 44.223009715714674, 44.223009715714674]
[186.38696668754483, 72.7139045389546, 54.417917892277025, 43.50472650348317, 43.50472650348317]
[187.80124732173144, 69.89411347458328, 52.90398973838702, 42.581099023815014, 42.58109902381502]
[205.1005778196865, 99.82308893585778, 64.34079533416816, 46.73064162090168, 46.73064162090167]
[205.3575775202688, 99.95169697419381, 64.4278989344582, 46.41183225148029, 46.4118322514803]
[205.19737378871025, 99.86750432049331, 64.3662040265871, 45.98671662436641, 45.98671662436641]
[205.1790982998507, 99.85570560947136, 64.35513043651854, 45.538029197792405, 45.53802919779241]
[205.1607309140603, 99.84386102395496, 64.34402525217678, 44.913011051869184, 44.913011051869184]
[205.1511544941228, 99.83650110056803, 64.3360562586154, 44.1553443263118, 44.15534432631179]
[205.52371944753122, 100.0240479089481, 64.4643687725522, 43.587215772897764, 43.58721577289776]
[206.5382435267091, 100.5390536667093, 64.82166208882458, 43.15526332085068, 43.155263320850686]
[207.89549703622862, 101.22896362989405, 65.30129769337718, 42.523765964045566, 42.523765964045566]
[209.15891788587868, 101.87109204755745, 65.7475587599658, 41.701466820597446, 41.701466820597446]
[214.62738254771068, 92.07426339788431, 63.387088733517814, 41.75853924503606, 41.75853924503607]
[214.90123270598707, 92.20505199339115, 63.001691160101565, 41.615933921606484, 41.61593392160648]
[214.724914994826, 92.10593054290435, 62.476284642839836, 41.36236596119394, 41.36236596119394]
[214.70173705054324, 92.08502775686745, 61.93015618656695, 41.11515989473843, 41.11515989473843]
[214.67845804417078, 92.06407845641598, 61.17590749386656, 40.77433361661945, 40.77433361661945]
[214.66466327338964, 92.04797653303017, 60.27111760334615, 40.36449464185121, 40.3644946418512]
[215.06322315715147, 92.2424213602186, 59.613227198361685, 40.104184201093574, 40.10418420109356]
[216.1544297985396, 92.79070895484482, 59.14545111574907, 39.99600911033332, 39.996009110333326]
[217.615268331672, 93.52823636509326, 58.4639196774995, 39.82042793168209, 39.8204279316821]
[218.97469770163065, 94.21437883067776, 57.56660213641329, 39.52548831497126, 39.52548831497126]
[141.20572724346357, 78.92064158359453, 53.72245422614708, 42.159753004130025, 42.159753004130025]
[141.44546045667838, 79.04235586354004, 53.27986057680551, 41.89844426543594, 41.89844426543595]
[141.22437104246487, 78.94043986837684, 52.69714333018464, 41.529443454630936, 41.529443454630936]
[141.16009473060157, 78.91461287999819, 52.08267619832432, 41.14567355993605, 41.14567355993605]
[141.09575039455095, 78.8887455943444, 51.23117519094635, 40.61123883716854, 40.61123883716854]
[141.04113964292384, 78.86759675586819, 50.20417336557637, 39.962438526187825, 39.962438526187825]
[141.40828686465696, 79.05119401259515, 49.432873923331925, 39.48746772581772, 39.48746772581772]
[142.48512637381737, 79.57906020513386, 48.84053187851444, 39.14971054820039, 39.14971054820039]
[143.94355681229555, 80.29144629906928, 47.98010316245829, 38.647983057645604, 38.64798305764562]
[145.30101721319497, 80.95424890126237, 46.87082323345757, 37.972038509340926, 37.972038509340926]
[183.41123283935656, 87.75422265333239, 62.1733843171278, 48.17977621944426, 40.073198763509815, 40.073198763509815]
[183.6779020275649, 86.49257433212986, 61.5601831606119, 47.823916158212626, 39.834155277807476, 39.83415527780747]
[183.46962010434294, 85.04069575502902, 60.8066745813209, 47.36004536639617, 39.508245729008735, 39.50824572900872]
[183.42292603119134, 83.47106653825357, 59.99800385525961, 46.86726174549634, 39.16485852377083, 39.164858523770825]
[183.37613785877673, 81.32357229609434, 58.87853923937483, 46.180616870811406, 38.684335095935396, 38.68433509593539]
[183.33936486126916, 78.78016621211475, 57.53263984601347, 45.34821038555458, 38.098862762808196, 38.09886276280819]
[183.7375220243336, 76.79330120725236, 56.493642344238204, 44.71686990205359, 37.66162632619275, 37.66162632619275]
[184.86668851389746, 75.08645577382613, 55.638122931922965, 44.223009715714674, 37.33470156588775, 37.33470156588775]
[186.38696668754483, 72.7139045389546, 54.417917892277025, 43.50472650348317, 36.85224517776376, 36.852245177763756]
[187.80124732173144, 69.89411347458328, 52.90398973838702, 42.581099023815014, 36.214743126796215, 36.214743126796215]
[238.1668079333804, 110.20019145955997, 70.34099816346529, 50.656055590468654, 39.06559301899822, 39.06559301899822]
[238.43332219389654, 110.33144287904136, 70.42810433238931, 50.72210318367853, 38.849624956794855, 38.84962495679486]
[238.30361519845258, 110.25742460968834, 70.37498536160912, 50.677993856835656, 38.54791972480907, 38.54791972480908]
[238.30868801492335, 110.25323376915648, 70.36956849580898, 50.67135841670159, 38.23228313236378, 38.23228313236378]
[238.31366591364258, 110.24899540922604, 70.36412000178063, 50.66469846363393, 37.79087651549721, 37.79087651549721]
[238.32698729157002, 110.24908070423467, 70.36162569619523, 50.66035947300943, 37.25333966189398, 37.25333966189398]
[238.7033081008134, 110.4372078726321, 70.48757937207854, 50.756922252147305, 36.85710917213159, 36.85710917213159]
[239.68916190292202, 110.94114516476215, 70.8292865777102, 51.0229809935681, 36.570807251530105, 36.570807251530105]
[240.99981762625922, 111.61350123473217, 71.2861202362449, 51.37950916891736, 36.14591693238091, 36.14591693238091]
[242.2207506066925, 112.23950595032265, 71.71135610478184, 51.711240019036644, 35.57650663328662, 35.57650663328662]
[184.70782450330515, 96.4503989783451, 73.74778195084049, 51.43431169910894, 39.52683056134523, 39.52683056134522]
[184.97453253262498, 96.58840242230434, 73.84490978646768, 51.5057920100919, 39.307719384931, 39.307719384931005]
[184.76803620187002, 96.48280628292429, 73.77897417324948, 51.45320718403441, 38.99480606098679, 38.99480606098678]
[184.7225328908888, 96.46008463182743, 73.76850630944372, 51.44282672998567, 38.66983880294029, 38.66983880294028]
[184.6769354258116, 96.43731257445448, 73.75799910082915, 51.43241801942059, 38.216373648387666, 38.21637364838765]
[184.641316020221, 96.41967573777535, 73.75092543258111, 51.4246228615144, 37.66496917137457, 37.66496917137458]
[185.03903124059818, 96.62513355380602, 73.89324577483936, 51.530475705475375, 37.26330318402779, 37.26330318402779]
[186.16505997936977, 97.2054821489209, 74.2864115995229, 51.82721257930211, 36.98213113415981, 36.98213113415981]
[187.6807261407244, 97.9862339220437, 74.8132166228207, 52.22577910367574, 36.562720844203405, 36.5627208442034]
[189.09075340392042, 98.712445570581, 75.30306152226382, 52.596358536268205, 35.99322715255773, 35.99322715255772]
[183.41123283935656, 84.58388522924169, 67.2970271539292, 47.48099565949978, 38.5634991809733, 38.563499180973295]
[183.6779020275649, 83.20036985712746, 66.43078550907995, 47.06911450086224, 38.30128375714768, 38.30128375714768]
[183.46962010434294, 81.62750812791609, 65.42143034425419, 46.54311729742422, 37.94509028316422, 37.94509028316422]
[183.42292603119134, 79.92158042889436, 64.32326632302312, 45.98043898278931, 37.5688666386842, 37.5688666386842]
[183.37613785877673, 77.58958960296007, 62.80615110022616, 45.19594675478118, 37.04214620723787, 37.04214620723787]
[183.33936486126916, 74.83106858900463, 60.98858075669961, 44.243904796516865, 36.399207337072106, 36.399207337072106]
[183.7375220243336, 72.66528640951562, 59.555636899128125, 43.51188723323682, 35.91522187262524, 35.91522187262524]
[184.86668851389746, 70.7832104515171, 58.31636375580497, 42.92128333805585, 35.54708431841732, 35.54708431841732]
[186.38696668754483, 68.17844076094913, 56.57464739076754, 42.065492363604264, 35.0033098495651, 35.00330984956509]
[187.80124732173144, 65.10914677178555, 54.4774062007042, 40.97758227714947, 34.286517243059635, 34.286517243059635]
[188.6938695924731, 93.00752807516055, 59.897986157952026, 45.00537471418771, 45.00537471418772]
[188.94310935114643, 93.1366546187404, 59.33209475705898, 44.70137186135453, 44.701371861354524]
[188.77313980862723, 93.04180090812186, 58.62888288792821, 44.28839999859153, 44.28839999859153]
[188.74578956890088, 93.02314799186185, 57.875962310848855, 43.85453890375582, 43.85453890375581]
[188.7183532987944, 93.00444941672768, 56.83284457598193, 43.25020171136777, 43.25020171136777]
[188.6997546876221, 92.99047295276867, 55.57724901149647, 42.517041201141346, 42.517041201141346]
[189.0650712672081, 93.1816163141616, 54.61152476081763, 41.970951049515506, 41.970951049515506]
[190.07554955398422, 93.71746996683908, 53.82407426499725, 41.56344227552069, 41.56344227552069]
[191.43097775917957, 94.437652665898, 52.69719344070185, 40.96450372560236, 40.96450372560236]
[192.6926298166673, 95.1077506080152, 51.290025059127714, 40.176243274650254, 40.17624327465026]
[168.25854898868025, 87.20105873033656, 57.720899454547215, 45.5655459959869, 45.56554599598691]
[163.46885439826957, 85.9566815408332, 56.629084552387425, 44.8942142491684, 44.89421424916841]
[158.51421576281004, 84.52071779886234, 55.4301444172905, 44.13013842684826, 44.13013842684826]
[153.1788099727769, 82.96934333864489, 54.13148909374123, 43.30218499142294, 43.30218499142293]
[146.12863652113836, 80.84658760409236, 52.37546223541685, 42.17031877527689, 42.17031877527688]
[138.13710804387256, 78.3318982592261, 50.326814950043854, 40.831598826516284, 40.83159882651629]
[131.93616699475135, 76.3692677978098, 48.72265282052127, 39.78268529727514, 39.78268529727514]
[126.44338426431298, 74.68686081391498, 47.31613689529448, 38.87472794271354, 38.87472794271354]
[119.2272257890626, 72.34643193410811, 45.40292670579314, 37.61692045686977, 37.61692045686977]
[111.32660960438685, 69.56066325319316, 43.20359351157366, 36.131056217964606, 36.131056217964606]
[188.6938695924731, 93.00752807516055, 59.897986157952026, 46.76471869715815, 46.764718697158145]
[188.94310935114643, 93.1366546187404, 59.33209475705898, 46.43201447598201, 46.43201447598201]
[188.77313980862723, 93.04180090812186, 58.62888288792821, 45.99196851622629, 45.991968516226294]
[188.74578956890088, 93.02314799186185, 57.875962310848855, 45.5262442372527, 45.5262442372527]
[188.7183532987944, 93.00444941672768, 56.83284457598193, 44.87722335695823, 44.87722335695824]
[188.6997546876221, 92.99047295276867, 55.57724901149647, 44.09003584560187, 44.09003584560187]
[189.0650712672081, 93.1816163141616, 54.61152476081763, 43.49662218254775, 43.49662218254775]
[190.07554955398422, 93.71746996683908, 53.82407426499725, 43.039716746664176, 43.03971674666418]
[191.43097775917957, 94.437652665898, 52.69719344070185, 42.372674776886065, 42.372674776886065]
[192.6926298166673, 95.1077506080152, 51.290025059127714, 41.5079368601075, 41.507936860107506]
[194.474363004971, 93.75074237341997, 60.51957673563574, 47.29197152092001, 47.291971520920015]
[194.73142883334936, 93.88197848603403, 59.963991692535906, 46.964916215757185, 46.96491621575718]
[194.55591357865515, 93.78446442641159, 59.26960895653917, 46.52985282610999, 46.52985282610999]
[194.52756393454735, 93.7647734121726, 58.52786964557235, 46.07049875694734, 46.07049875694732]
[194.49912340624235, 93.74503538133504, 57.500887369278225, 45.43082461393334, 45.43082461393334]
[194.47980095983309, 93.7301197554204, 56.265562286416795, 44.65566776739235, 44.65566776739236]
[194.85666093340882, 93.92469610380473, 55.3192543014632, 44.07399125615335, 44.07399125615335]
[195.89922274755395, 94.4713165813918, 54.55410469881805, 43.63070225612387, 43.63070225612387]
[197.29754383280797, 95.2061556416172, 53.458347014502216, 42.983165013076274, 42.983165013076274]
[198.59892340409866, 95.8898103936626, 52.08626756803269, 42.14125344738209, 42.14125344738209]
[188.6938695924731, 93.00752807516055, 59.897986157952026, 46.76471869715815, 38.38007573651901, 38.38007573651901]
[188.94310935114643, 93.1366546187404, 59.33209475705898, 46.43201447598201, 38.164095931421045, 38.16409593142104]
[188.77313980862723, 93.04180090812186, 58.62888288792821, 45.99196851622629, 37.86127948223071, 37.86127948223071]
[188.74578956890088, 93.02314799186185, 57.875962310848855, 45.5262442372527, 37.54460258621038, 37.544602586210374]
[188.7183532987944, 93.00444941672768, 56.83284457598193, 44.87722335695823, 37.10161017366824, 37.10161017366824]
[188.6997546876221, 92.99047295276867, 55.57724901149647, 44.09003584560187, 36.56172025331325, 36.56172025331325]
[189.0650712672081, 93.1816163141616, 54.61152476081763, 43.49662218254775, 36.1636069965468, 36.16360699654679]
[190.07554955398422, 93.71746996683908, 53.82407426499725, 43.039716746664176, 35.87607601446914, 35.876076014469135]
[191.43097775917957, 94.437652665898, 52.69719344070185, 42.372674776886065, 35.44864500112734, 35.44864500112734]
[192.6926298166673, 95.1077506080152, 51.290025059127714, 41.5079368601075, 34.87454395002737, 34.87454395002737]
[205.1005778196865, 99.82308893585778, 64.34079533416816, 46.73064162090168, 38.430654033142545, 38.43065403314254]
[205.3575775202688, 99.95169697419381, 64.4278989344582, 46.41183225148029, 38.22331231010706, 38.223312310107055]
[205.19737378871025, 99.86750432049331, 64.3662040265871, 45.98671662436641, 37.92916558325995, 37.92916558325996]
[205.1790982998507, 99.85570560947136, 64.35513043651854, 45.538029197792405, 37.6227606343288, 37.62276063432879]
[205.1607309140603, 99.84386102395496, 64.34402525217678, 44.913011051869184, 37.19447456690621, 37.194474566906216]
[205.1511544941228, 99.83650110056803, 64.3360562586154, 44.1553443263118, 36.672985018972774, 36.67298501897278]
[205.52371944753122, 100.0240479089481, 64.4643687725522, 43.587215772897764, 36.29140123291252, 36.291401232912506]
[206.5382435267091, 100.5390536667093, 64.82166208882458, 43.15526332085068, 36.021292055510855, 36.02129205551086]
[207.89549703622862, 101.22896362989405, 65.30129769337718, 42.523765964045566, 35.61883833417899, 35.61883833417899]
[209.15891788587868, 101.87109204755745, 65.7475587599658, 41.701466820597446, 35.07446481887853, 35.07446481887853]
[188.6938695924731, 93.00752807516055, 59.897986157952026, 46.76471869715815, 38.38007573651901, 33.05356420217255, 33.05356420217255]
[188.94310935114643, 93.1366546187404, 59.33209475705898, 46.43201447598201, 38.164095931421045, 32.89832671098228, 32.89832671098228]
[188.77313980862723, 93.04180090812186, 58.62888288792821, 45.99196851622629, 37.86127948223071, 32.67062540227918, 32.67062540227918]
[188.74578956890088, 93.02314799186185, 57.875962310848855, 45.5262442372527, 37.54460258621038, 32.434650356562535, 32.434650356562535]
[188.7183532987944, 93.00444941672768, 56.83284457598193, 44.87722335695823, 37.10161017366824, 32.10359607638705, 32.10359607638704]
[188.6997546876221, 92.99047295276867, 55.57724901149647, 44.09003584560187, 36.56172025331325, 31.698809164517066, 31.698809164517073]
[189.0650712672081, 93.1816163141616, 54.61152476081763, 43.49662218254775, 36.1636069965468, 31.40564466568509, 31.40564466568509]
[190.07554955398422, 93.71746996683908, 53.82407426499725, 43.039716746664176, 35.87607601446914, 31.205338887411386, 31.205338887411394]
[191.43097775917957, 94.437652665898, 52.69719344070185, 42.372674776886065, 35.44864500112734, 30.903109176364612, 30.903109176364612]
[192.6926298166673, 95.1077506080152, 51.290025059127714, 41.5079368601075, 34.87454395002737, 30.485318298058395, 30.485318298058402]
[238.1668079333804, 110.20019145955997, 70.34099816346529, 50.656055590468654, 39.06559301899822, 33.091070976553674, 33.09107097655368]
[238.43332219389654, 110.33144287904136, 70.42810433238931, 50.72210318367853, 38.849624956794855, 32.94232001078051, 32.94232001078052]
[238.30361519845258, 110.25742460968834, 70.37498536160912, 50.677993856835656, 38.54791972480907, 32.72116112087457, 32.72116112087457]
[238.30868801492335, 110.25323376915648, 70.36956849580898, 50.67135841670159, 38.23228313236378, 32.49296452553101, 32.49296452553101]
[238.31366591364258, 110.24899540922604, 70.36412000178063, 50.66469846363393, 37.79087651549721, 32.17310245537038, 32.17310245537038]
[238.32698729157002, 110.24908070423467, 70.36162569619523, 50.66035947300943, 37.25333966189398, 31.78241075863298, 31.782410758632977]
[238.7033081008134, 110.4372078726321, 70.48757937207854, 50.756922252147305, 36.85710917213159, 31.501979053162493, 31.501979053162497]
[239.68916190292202, 110.94114516476215, 70.8292865777102, 51.0229809935681, 36.570807251530105, 31.315146822828048, 31.31514682282805]
[240.99981762625922, 111.61350123473217, 71.2861202362449, 51.37950916891736, 36.14591693238091, 31.032373991591456, 31.032373991591456]
[242.2207506066925, 112.23950595032265, 71.71135610478184, 51.711240019036644, 35.57650663328662, 30.637972688319948, 30.63797268831995]
[201.85432207956217, 122.76303962851273, 71.28437985567487, 50.288365068130354, 40.80471025448547, 40.80471025448548]
[202.14024521100356, 122.91436850076056, 71.38195546541755, 49.914780199516606, 40.56801558697606, 40.56801558697605]
[201.92435461736125, 122.8228769254987, 71.31170635910023, 49.42604121866334, 40.23857434622763, 40.23857434622763]
[201.87917894200106, 122.81397519012609, 71.29854513467666, 48.908310520380056, 39.89402549496286, 39.89402549496287]
[201.8338950433312, 122.80500898470794, 71.28534380956012, 48.18828105613646, 39.4129296895287, 39.412929689528696]
[201.79918659495658, 122.80115159109647, 71.275676558198, 47.31720152673318, 38.82789972646888, 38.82789972646888]
[202.22409599660446, 123.01981842597593, 71.41976151085662, 46.65966164868091, 38.3965329545429, 38.3965329545429]
[203.42119727279484, 123.61191523504115, 71.82202346764954, 46.149922539342185, 38.08403396020749, 38.08403396020749]
[205.03072687960898, 124.40248397284056, 72.3618608802054, 45.40900295018049, 37.6210913018269, 37.6210913018269]
[206.52754560014796, 125.13754448303621, 72.8636876020983, 44.45523424453245, 37.002313559175015, 37.00231355917503]
[188.6938695924731, 93.00752807516055, 58.403805195266834, 49.60542240749857, 37.93533595288645, 37.93533595288644]
[188.94310935114643, 93.1366546187404, 57.76414988748695, 49.15004830610721, 37.68188255743692, 37.681882557436936]
[188.77313980862723, 93.04180090812186, 56.98611028050178, 48.584078348026466, 37.33737119891662, 37.33737119891662]
[188.74578956890088, 93.02314799186185, 56.1469818087901, 47.97404305046743, 36.97334705599684, 36.973347055996825]
[188.7183532987944, 93.00444941672768, 54.98363868178688, 47.12333507827527, 36.46337438403751, 36.46337438403751]
[188.6997546876221, 92.99047295276867, 53.58236364954902, 46.09158169574099, 35.84048626795853, 35.840486267958525]
[189.0650712672081, 93.1816163141616, 52.490921534329544, 45.289432640448545, 35.371423548928405, 35.37142354892841]
[190.07554955398422, 93.71746996683908, 51.57640761407494, 44.62510401233018, 35.014581365993514, 35.014581365993514]
[191.43097775917957, 94.437652665898, 50.27346756275108, 43.66892942369131, 34.487195343322, 34.487195343322]
[192.6926298166673, 95.1077506080152, 48.665501764055364, 42.47033704492278, 33.791547771740845, 33.79154777174084]
[131.59923898676186, 84.41752726825847, 57.35598616893594, 42.87184679830439, 36.52365368610127, 36.52365368610127]
[131.82749481173707, 84.54872512120883, 57.44128457598604, 42.60791224591515, 36.3378425191732, 36.3378425191732]
[131.61292519862639, 84.43793330613337, 57.37278751172021, 42.23404828624692, 36.06280410772862, 36.062804107728624]
[131.54905235849353, 84.40947466924078, 57.356615332616094, 41.84585196167595, 35.7795446037722, 35.77954460377221]
[131.48511989940997, 84.38097060763343, 57.34041311495877, 41.30569932307229, 35.3840633477888, 35.3840633477888]
[131.4305449120879, 84.35757109302811, 57.32745424661027, 40.65056339596984, 34.9025283873654, 34.90252838736539]
[131.7811984760154, 84.55574506784512, 57.455327185150864, 40.172467867063425, 34.55702111873744, 34.55702111873744]
[132.8139338260257, 85.12641766925248, 57.81991861545219, 39.83504586304997, 34.32631155904114, 34.326311559041145]
[134.2138839297312, 85.89658950883188, 58.311196707269225, 39.33375707337659, 33.97827323508397, 33.97827323508396]
[135.51727934960695, 86.61295280048712, 58.76818673594091, 38.65717278086921, 33.49445832352789, 33.49445832352789]
[264.02780934589356, 100.69872541536245, 67.35867624735822, 48.9800684513024, 38.64720939457923, 38.64720939457922]
[264.3141954170957, 100.8348368654691, 66.91467670811677, 48.762618611854336, 38.5242525605195, 38.5242525605195]
[264.18640195485114, 100.73865251614441, 66.33197496377815, 48.44021393008529, 38.312269923499166, 38.31226992349916]
[264.19948962785753, 100.72149181351517, 65.72002977037745, 48.11096711031566, 38.103356821315, 38.103356821314996]
[264.2124726956017, 100.70427925894037, 64.87453304266614, 47.65423549312807, 37.81368185872209, 37.813681858722084]
[264.2341736244281, 100.6919609760717, 63.86073436827882, 47.10352033907667, 37.46398278384019, 37.463982783840194]
[264.6353807256715, 100.89242312259843, 63.11000295504305, 46.71774264185496, 37.23725297120444, 37.23725297120444]
[265.67364794916955, 101.45031042174763, 62.54858363207065, 46.474605217821214, 37.13283460251866, 37.13283460251867]
[267.05094763751305, 102.19895988962124, 61.73813751643996, 46.110750990973706, 36.96625402967771, 36.96625402967771]
[268.33402098962716, 102.89529927051616, 60.69541458195194, 45.60298566929915, 36.69871846780098, 36.69871846780098]
[204.11362316690503, 90.08365799419742, 58.67158099971712, 44.3094619304742, 44.3094619304742]
[204.3994308634797, 90.21628059394801, 58.13329256794883, 44.017493155270834, 44.01749315527083]
[204.18697497271432, 90.11107697142313, 57.45146308584605, 43.613208980169276, 43.613208980169276]
[204.144025434626, 90.08678758000148, 56.72560024375462, 43.190851549080065, 43.190851549080065]
[204.10096783858782, 90.06245179785435, 55.72057562739388, 42.60302423884252, 42.60302423884252]
[204.06841045277443, 90.04313150898881, 54.51084597728087, 41.890115611805456, 41.890115611805456]
[204.49222532986545, 90.24159009084838, 53.58830585652078, 41.363956063018634, 41.363956063018634]
[205.68275815830577, 90.80610644913543, 52.85090183531871, 40.98073283494533, 40.98073283494533]
[207.28274818343877, 91.56653336040226, 51.791020195970695, 40.41481406751499, 40.41481406751499]
[208.7707786242587, 92.27394150297359, 50.45440736104397, 39.66170660441445, 39.66170660441444]
[168.25854898868025, 87.20105873033656, 57.43500460527258, 42.52197531054614, 42.521975310546146]
[163.46885439826957, 85.9566815408332, 56.33440991479967, 41.93186585550226, 41.93186585550226]
[158.51421576281004, 84.52071779886234, 55.12678864025427, 41.24633650879628, 41.246336508796276]
[153.1788099727769, 82.96934333864489, 53.81852539190014, 40.506549980879264, 40.506549980879264]
[146.12863652113836, 80.84658760409236, 52.04974136257326, 39.49349621024043, 39.493496210240444]
[138.13710804387256, 78.3318982592261, 49.98656465253722, 38.2920412144179, 38.2920412144179]
[131.93616699475135, 76.3692677978098, 48.37064648225142, 37.35582834690597, 37.35582834690597]
[126.44338426431298, 74.68686081391498, 46.95295582219104, 36.55692203486497, 36.55692203486496]
[119.2272257890626, 72.34643193410811, 45.025315793981946, 35.442976343393475, 35.44297634339347]
[111.32660960438685, 69.56066325319316, 42.81093264339768, 34.111693162809686, 34.11169316280968]
[204.11362316690503, 90.08365799419742, 58.67158099971712, 46.01378729974872, 46.013787299748714]
[204.3994308634797, 90.21628059394801, 58.13329256794883, 45.69459386475282, 45.69459386475282]
[204.18697497271432, 90.11107697142313, 57.45146308584605, 45.264262327041116, 45.264262327041116]
[204.144025434626, 90.08678758000148, 56.72560024375462, 44.81140624860926, 44.81140624860925]
[204.10096783858782, 90.06245179785435, 55.72057562739388, 44.180829914260734, 44.180829914260734]
[204.06841045277443, 90.04313150898881, 54.51084597728087, 43.41623123634672, 43.41623123634671]
[204.49222532986545, 90.24159009084838, 53.58830585652078, 42.84503835902584, 42.84503835902584]
[205.68275815830577, 90.80610644913543, 52.85090183531871, 42.4151891441996, 42.4151891441996]
[207.28274818343877, 91.56653336040226, 51.791020195970695, 41.784815131971854, 41.784815131971854]
[208.7707786242587, 92.27394150297359, 50.45440736104397, 40.95895795635259, 40.95895795635259]
[194.474363004971, 93.75074237341997, 60.20536121782171, 44.02167336614126, 44.02167336614125]
[194.73142883334936, 93.88197848603403, 59.633689329077995, 43.73283161074233, 43.73283161074234]
[194.55591357865515, 93.78446442641159, 58.92290422196532, 43.33524404226497, 43.335244042264975]
[194.52756393454735, 93.7647734121726, 58.16217754745806, 42.91899477598348, 42.91899477598348]
[194.49912340624235, 93.74503538133504, 57.108536406860814, 42.33924225992535, 42.33924225992535]
[194.47980095983309, 93.7301197554204, 55.84061153055821, 41.63574332741707, 41.63574332741707]
[194.85666093340882, 93.92469610380473, 54.86592200098293, 41.1148048271099, 41.11480482710991]
[195.89922274755395, 94.4713165813918, 54.07187951320769, 40.73222175582292, 40.73222175582292]
[197.29754383280797, 95.2061556416172, 52.935628933755694, 40.16794127284645, 40.16794127284645]
[198.59892340409866, 95.8898103936626, 51.51661038249159, 39.419498527135865, 39.419498527135865]
[204.11362316690503, 90.08365799419742, 58.67158099971712, 46.01378729974872, 37.87281946952325, 37.87281946952325]
[204.3994308634797, 90.21628059394801, 58.13329256794883, 45.69459386475282, 37.664498618602174, 37.664498618602174]
[204.18697497271432, 90.11107697142313, 57.45146308584605, 45.264262327041116, 37.36674207907738, 37.366742079077376]
[204.144025434626, 90.08678758000148, 56.72560024375462, 44.81140624860926, 37.05710083715735, 37.05710083715734]
[204.10096783858782, 90.06245179785435, 55.72057562739388, 44.180829914260734, 36.624347489992886, 36.62434748999288]
[204.06841045277443, 90.04313150898881, 54.51084597728087, 43.41623123634672, 36.097161045576584, 36.097161045576584]
[204.49222532986545, 90.24159009084838, 53.58830585652078, 42.84503835902584, 35.71206214468375, 35.71206214468375]
[205.68275815830577, 90.80610644913543, 52.85090183531871, 42.4151891441996, 35.441092436797554, 35.44109243679757]
[207.28274818343877, 91.56653336040226, 51.791020195970695, 41.784815131971854, 35.03627520179824, 35.03627520179825]
[208.7707786242587, 92.27394150297359, 50.45440736104397, 40.95895795635259, 34.48618855340032, 34.48618855340032]
[205.1005778196865, 99.82308893585778, 64.34079533416816, 46.54307592774838, 36.24273083945752, 36.24273083945752]
[205.3575775202688, 99.95169697419381, 64.4278989344582, 46.21371192535957, 36.05465357070209, 36.054653570702094]
[205.19737378871025, 99.86750432049331, 64.3662040265871, 45.77772438049839, 35.77911985153516, 35.77911985153516]
[205.1790982998507, 99.85570560947136, 64.35513043651854, 45.31634166218629, 35.494350595105104, 35.4943505951051]
[205.1607309140603, 99.84386102395496, 64.34402525217678, 44.673282818464195, 35.096367184672125, 35.09636718467212]
[205.1511544941228, 99.83650110056803, 64.3360562586154, 43.89320849977221, 34.61132229504582, 34.61132229504582]
[205.52371944753122, 100.0240479089481, 64.4643687725522, 43.305288087596395, 34.260939904510956, 34.260939904510956]
[206.5382435267091, 100.5390536667093, 64.82166208882458, 42.852944330887304, 34.022508802816205, 34.022508802816205]
[207.89549703622862, 101.22896362989405, 65.30129769337718, 42.19235308199494, 33.66370399973989, 33.66370399973989]
[209.15891788587868, 101.87109204755745, 65.7475587599658, 41.33552014996884, 33.168365209886005, 33.168365209886005]
[235.45737376712998, 101.66585814966191, 63.5869286428731, 45.90193880441235, 37.51269128576557, 37.51269128576558]
[235.74738257287785, 101.79763827529982, 62.955845711887775, 45.590991974511745, 37.31418830532096, 37.31418830532096]
[235.57233482002852, 101.71048309930852, 62.190830486647485, 45.173476006276765, 37.02719603851346, 37.027196038513445]
[235.55548294194872, 101.69780875712183, 61.36661894783762, 44.73350862392468, 36.72974421689709, 36.72974421689708]
[235.5385202835198, 101.68508716225688, 60.22532348814088, 44.12054658439856, 36.31417565565977, 36.31417565565977]
[235.53135106694248, 101.67697947512622, 58.85356616130114, 43.37715911755936, 35.8081121668211, 35.808112166821104]
[235.95023874247264, 101.86939784959381, 57.78898886146466, 42.8210209078194, 35.440868879068375, 35.440868879068375]
[237.08456404347058, 102.39871406576114, 56.901617274729134, 42.40098666671233, 35.187179575181226, 35.187179575181226]
[238.6001657690935, 103.10797081326074, 55.64006325376802, 41.785651363001726, 34.80713331487678, 34.80713331487678]
[240.0104878590397, 103.76806261247664, 54.085371400942535, 40.98117191002977, 34.28694017888773, 34.28694017888773]
