[0.6309573444801932, 0.6309573444801932, 0.6309573444801932, 0.6309573444801932, 0.6309573444801932, 0.009811876782530688]
[0.6309573444801932, 0.6309573444801934, 0.6309573444801932, 0.6309573444801932, 0.6309573444801932, 0.00992571199249107]
[0.6309573444801931, 0.6309573444801932, 0.6309573444801932, 0.6309573444801932, 0.6309573444801932, 0.010046576659892616]
[0.6309573444801932, 0.6309573444801932, 0.6309573444801932, 0.6309573444801932, 0.6309573444801932, 0.0101804491503061]
[0.6309573444801932, 0.6309573444801932, 0.6309573444801932, 0.6309573444801932, 0.6309573444801932, 0.010363397131203338]
[0.6309573444801932, 0.6309573444801932, 0.6309573444801932, 0.6309573444801932, 0.6309573444801932, 0.010580688729161429]
[0.6309573444801932, 0.6309573444801932, 0.6309573444801932, 0.6309573444801932, 0.6309573444801932, 0.010758042581402958]
[0.6309573444801932, 0.6309573444801931, 0.6309573444801932, 0.6309573444801932, 0.6309573444801932, 0.010922099616659065]
[0.6309573444801932, 0.6309573444801932, 0.6309573444801932, 0.6309573444801932, 0.6309573444801932, 0.011147708118436345]
[0.6309573444801934, 0.6309573444801932, 0.6309573444801932, 0.6309573444801932, 0.6309573444801934, 0.011410273677035536]
[0.6309573444801932, 0.6309573444801932, 0.6309573444801932, 0.6309573444801932, 0.6309573444801932, 0.009811876782530688]
[0.6309573444801932, 0.6309573444801932, 0.6309573444801932, 0.6309573444801932, 0.6309573444801932, 0.00992571199249107]
[0.6309573444801932, 0.6309573444801932, 0.6309573444801932, 0.6309573444801932, 0.6309573444801932, 0.010046576659892616]
[0.6309573444801932, 0.6309573444801932, 0.6309573444801932, 0.6309573444801932, 0.6309573444801932, 0.0101804491503061]
[0.6309573444801932, 0.6309573444801932, 0.6309573444801932, 0.6309573444801932, 0.6309573444801932, 0.010363397131203338]
[0.6309573444801932, 0.6309573444801932, 0.6309573444801932, 0.6309573444801932, 0.6309573444801932, 0.010580688729161429]
[0.6309573444801932, 0.6309573444801932, 0.6309573444801932, 0.6309573444801932, 0.6309573444801932, 0.010758042581402958]
[0.6309573444801932, 0.6309573444801932, 0.6309573444801932, 0.6309573444801932, 0.6309573444801932, 0.010922099616659065]
[0.6309573444801932, 0.6309573444801932, 0.6309573444801932, 0.6309573444801932, 0.6309573444801932, 0.011147708118436345]
[0.6309573444801932, 0.6309573444801932, 0.6309573444801932, 0.6309573444801932, 0.6309573444801932, 0.011410273677035534]
[0.6309573444801932, 0.6309573444801932, 0.6309573444801932, 0.6309573444801932, 0.6309573444801932, 0.00997654119071621]
[0.6309573444801932, 0.6309573444801934, 0.6309573444801932, 0.6309573444801932, 0.6309573444801932, 0.009972636742989217]
[0.6309573444801931, 0.6309573444801932, 0.6309573444801932, 0.6309573444801932, 0.6309573444801932, 0.009979527976273524]
[0.6309573444801932, 0.6309573444801932, 0.6309573444801932, 0.6309573444801932, 0.6309573444801932, 0.009982745514581023]
[0.6309573444801932, 0.6309573444801932, 0.6309573444801932, 0.6309573444801932, 0.6309573444801932, 0.00998596409026752]
[0.6309573444801932, 0.6309573444801932, 0.6309573444801932, 0.6309573444801932, 0.6309573444801932, 0.009988953696860675]
[0.6309573444801932, 0.6309573444801932, 0.6309573444801932, 0.6309573444801932, 0.6309573444801932, 0.009982055954767578]
[0.6309573444801932, 0.6309573444801931, 0.6309573444801932, 0.6309573444801932, 0.6309573444801932, 0.009958639240306587]
[0.6309573444801932, 0.6309573444801932, 0.6309573444801932, 0.6309573444801932, 0.6309573444801932, 0.009926588068481738]
[0.6309573444801934, 0.6309573444801932, 0.6309573444801932, 0.6309573444801932, 0.6309573444801932, 0.009897146526060021]
[0.6309573444801932, 0.6309573444801932, 0.6309573444801932, 0.6309573444801932, 0.6309573444801932, 0.009811876782530688]
[0.6309573444801932, 0.6309573444801932, 0.6309573444801932, 0.6309573444801932, 0.6309573444801932, 0.00992571199249107]
[0.6309573444801932, 0.6309573444801932, 0.6309573444801932, 0.6309573444801932, 0.6309573444801932, 0.010046576659892616]
[0.6309573444801932, 0.6309573444801932, 0.6309573444801932, 0.6309573444801932, 0.6309573444801932, 0.0101804491503061]
[0.6309573444801932, 0.6309573444801932, 0.6309573444801932, 0.6309573444801932, 0.6309573444801932, 0.010363397131203338]
[0.6309573444801932, 0.6309573444801932, 0.6309573444801932, 0.6309573444801932, 0.6309573444801932, 0.010580688729161429]
[0.6309573444801932, 0.6309573444801932, 0.6309573444801932, 0.6309573444801932, 0.6309573444801932, 0.010758042581402958]
[0.6309573444801932, 0.6309573444801932, 0.6309573444801932, 0.6309573444801932, 0.6309573444801932, 0.010922099616659065]
[0.6309573444801932, 0.6309573444801932, 0.6309573444801932, 0.6309573444801932, 0.6309573444801932, 0.011147708118436345]
[0.6309573444801932, 0.6309573444801932, 0.6309573444801932, 0.6309573444801932, 0.6309573444801932, 0.011410273677035534]
[0.6309573444801932, 0.6309573444801932, 0.6309573444801932, 0.6309573444801932, 0.6309573444801932, 0.010446721091604659]
[0.6309573444801932, 0.6309573444801932, 0.6309573444801932, 0.6309573444801932, 0.6309573444801932, 0.010442632632925351]
[0.6309573444801931, 0.6309573444801932, 0.6309573444801932, 0.6309573444801932, 0.6309573444801932, 0.010449848640028627]
[0.6309573444801932, 0.6309573444801932, 0.6309573444801932, 0.6309573444801932, 0.6309573444801932, 0.010453217816244855]
[0.6309573444801932, 0.6309573444801932, 0.6309573444801932, 0.6309573444801932, 0.6309573444801932, 0.01045658807873025]
[0.6309573444801932, 0.6309573444801932, 0.6309573444801932, 0.6309573444801932, 0.6309573444801932, 0.010459718581141385]
[0.6309573444801932, 0.6309573444801932, 0.6309573444801932, 0.6309573444801932, 0.6309573444801932, 0.010452495758478609]
[0.6309573444801932, 0.6309573444801932, 0.6309573444801932, 0.6309573444801932, 0.6309573444801932, 0.010427975448264947]
[0.6309573444801932, 0.6309573444801932, 0.6309573444801932, 0.6309573444801932, 0.6309573444801932, 0.010394413751248666]
[0.6309573444801934, 0.6309573444801932, 0.6309573444801932, 0.6309573444801932, 0.6309573444801932, 0.010363584671680233]
[0.6309573444801932, 0.6309573444801932, 0.6309573444801932, 0.6309573444801932, 0.6309573444801932, 0.009811876782530688]
[0.6309573444801932, 0.6309573444801932, 0.6309573444801932, 0.6309573444801932, 0.6309573444801932, 0.00992571199249107]
[0.6309573444801932, 0.6309573444801932, 0.6309573444801932, 0.6309573444801931, 0.6309573444801932, 0.010046576659892616]
[0.6309573444801932, 0.6309573444801932, 0.6309573444801932, 0.6309573444801932, 0.6309573444801932, 0.0101804491503061]
[0.6309573444801932, 0.6309573444801932, 0.6309573444801932, 0.6309573444801932, 0.6309573444801932, 0.010363397131203338]
[0.6309573444801932, 0.6309573444801932, 0.6309573444801932, 0.6309573444801932, 0.6309573444801932, 0.010580688729161429]
[0.6309573444801932, 0.6309573444801932, 0.6309573444801932, 0.6309573444801932, 0.6309573444801932, 0.010758042581402958]
[0.6309573444801932, 0.6309573444801934, 0.6309573444801932, 0.6309573444801932, 0.6309573444801932, 0.010922099616659065]
[0.6309573444801932, 0.6309573444801932, 0.6309573444801932, 0.6309573444801932, 0.6309573444801932, 0.011147708118436345]
[0.6309573444801934, 0.6309573444801932, 0.6309573444801932, 0.6309573444801934, 0.6309573444801932, 0.011410273677035534]
[0.6309573444801932, 0.6309573444801932, 0.6309573444801932, 0.6309573444801932, 0.01020892468766019]
[0.6309573444801932, 0.6309573444801932, 0.6309573444801932, 0.6309573444801932, 0.010204929293662431]
[0.6309573444801932, 0.6309573444801932, 0.6309573444801932, 0.6309573444801932, 0.010211981044390432]
[0.6309573444801932, 0.6309573444801932, 0.6309573444801932, 0.6309573444801932, 0.01021527352879289]
[0.6309573444801932, 0.6309573444801932, 0.6309573444801932, 0.6309573444801932, 0.01021856707473801]
[0.6309573444801932, 0.6309573444801932, 0.6309573444801932, 0.6309573444801932, 0.010221626318214463]
[0.6309573444801932, 0.6309573444801932, 0.6309573444801932, 0.6309573444801932, 0.010214567907068034]
[0.6309573444801932, 0.6309573444801932, 0.6309573444801932, 0.6309573444801932, 0.010190605747257863]
[0.6309573444801932, 0.6309573444801932, 0.6309573444801932, 0.6309573444801932, 0.01015780800773511]
[0.6309573444801932, 0.6309573444801932, 0.6309573444801932, 0.6309573444801932, 0.01012768068369303]
[0.6309573444801932, 0.6309573444801931, 0.6309573444801932, 0.6309573444801932, 0.00997654119071621]
[0.6309573444801932, 0.6309573444801932, 0.6309573444801932, 0.6309573444801932, 0.009972636742989217]
[0.6309573444801932, 0.6309573444801932, 0.6309573444801931, 0.6309573444801932, 0.009979527976273524]
[0.6309573444801932, 0.6309573444801932, 0.6309573444801932, 0.6309573444801932, 0.009982745514581023]
[0.6309573444801932, 0.6309573444801932, 0.6309573444801932, 0.6309573444801932, 0.00998596409026752]
[0.6309573444801932, 0.6309573444801932, 0.6309573444801932, 0.6309573444801932, 0.009988953696860675]
[0.6309573444801932, 0.6309573444801932, 0.6309573444801932, 0.6309573444801932, 0.009982055954767578]
[0.6309573444801932, 0.6309573444801932, 0.6309573444801932, 0.6309573444801932, 0.009958639240306587]
[0.6309573444801932, 0.6309573444801932, 0.6309573444801932, 0.6309573444801932, 0.009926588068481738]
[0.6309573444801932, 0.6309573444801932, 0.6309573444801934, 0.6309573444801932, 0.009897146526060021]
[0.6309573444801932, 0.6309573444801932, 0.6309573444801932, 0.6309573444801932, 0.009098713705213899]
[0.6309573444801932, 0.6309573444801932, 0.6309573444801932, 0.6309573444801932, 0.009095152806565183]
[0.6309573444801932, 0.6309573444801932, 0.6309573444801931, 0.6309573444801932, 0.009101437686016999]
[0.6309573444801932, 0.6309573444801932, 0.6309573444801932, 0.6309573444801932, 0.009104372115829481]
[0.6309573444801932, 0.6309573444801932, 0.6309573444801932, 0.6309573444801932, 0.009107307491742857]
[0.6309573444801932, 0.6309573444801932, 0.6309573444801932, 0.6309573444801932, 0.009110034045361223]
[0.6309573444801932, 0.6309573444801932, 0.6309573444801932, 0.6309573444801932, 0.009103743229805237]
[0.6309573444801932, 0.6309573444801932, 0.6309573444801932, 0.6309573444801932, 0.009082386932394708]
[0.6309573444801932, 0.6309573444801932, 0.6309573444801932, 0.6309573444801932, 0.00905315591627639]
[0.6309573444801932, 0.6309573444801932, 0.6309573444801934, 0.6309573444801932, 0.009026304910460426]
[0.6309573444801932, 0.6309573444801932, 0.6309573444801932, 0.6309573444801932, 0.00997654119071621]
[0.6309573444801932, 0.6309573444801932, 0.6309573444801932, 0.6309573444801932, 0.009972636742989217]
[0.6309573444801932, 0.6309573444801932, 0.6309573444801931, 0.6309573444801932, 0.009979527976273524]
[0.6309573444801932, 0.6309573444801932, 0.6309573444801932, 0.6309573444801932, 0.009982745514581023]
[0.6309573444801932, 0.6309573444801932, 0.6309573444801932, 0.6309573444801932, 0.00998596409026752]
[0.6309573444801932, 0.6309573444801932, 0.6309573444801932, 0.6309573444801932, 0.009988953696860675]
[0.6309573444801932, 0.6309573444801932, 0.6309573444801932, 0.6309573444801932, 0.009982055954767578]
[0.6309573444801932, 0.6309573444801932, 0.6309573444801932, 0.6309573444801932, 0.009958639240306587]
[0.6309573444801932, 0.6309573444801932, 0.6309573444801932, 0.6309573444801932, 0.009926588068481738]
[0.6309573444801932, 0.6309573444801932, 0.6309573444801934, 0.6309573444801932, 0.009897146526060021]
[0.6309573444801932, 0.6309573444801932, 0.6309573444801932, 0.6309573444801932, 0.6309573444801932, 0.010446721091604659]
[0.6309573444801932, 0.6309573444801932, 0.6309573444801932, 0.6309573444801932, 0.6309573444801932, 0.010442632632925351]
[0.6309573444801932, 0.6309573444801932, 0.6309573444801932, 0.6309573444801932, 0.6309573444801932, 0.010449848640028627]
[0.6309573444801932, 0.6309573444801932, 0.6309573444801932, 0.6309573444801932, 0.6309573444801932, 0.010453217816244855]
[0.6309573444801932, 0.6309573444801932, 0.6309573444801932, 0.6309573444801932, 0.6309573444801932, 0.01045658807873025]
[0.6309573444801932, 0.6309573444801932, 0.6309573444801932, 0.6309573444801932, 0.6309573444801932, 0.010459718581141385]
[0.6309573444801932, 0.6309573444801932, 0.6309573444801932, 0.6309573444801932, 0.6309573444801932, 0.010452495758478609]
[0.6309573444801932, 0.6309573444801932, 0.6309573444801932, 0.6309573444801932, 0.6309573444801932, 0.010427975448264947]
[0.6309573444801932, 0.6309573444801932, 0.6309573444801932, 0.6309573444801932, 0.6309573444801932, 0.010394413751248666]
[0.6309573444801932, 0.6309573444801932, 0.6309573444801932, 0.6309573444801932, 0.6309573444801932, 0.010363584671680233]
[0.6309573444801932, 0.6309573444801932, 0.6309573444801932, 0.6309573444801932, 0.6309573444801932, 0.00997654119071621]
[0.6309573444801932, 0.6309573444801932, 0.6309573444801932, 0.6309573444801932, 0.6309573444801932, 0.009972636742989217]
[0.6309573444801932, 0.6309573444801932, 0.6309573444801932, 0.6309573444801931, 0.6309573444801932, 0.009979527976273524]
[0.6309573444801932, 0.6309573444801932, 0.6309573444801932, 0.6309573444801932, 0.6309573444801932, 0.009982745514581023]
[0.6309573444801932, 0.6309573444801932, 0.6309573444801932, 0.6309573444801932, 0.6309573444801932, 0.00998596409026752]
[0.6309573444801932, 0.6309573444801932, 0.6309573444801932, 0.6309573444801932, 0.6309573444801932, 0.009988953696860675]
[0.6309573444801932, 0.6309573444801932, 0.6309573444801932, 0.6309573444801932, 0.6309573444801932, 0.009982055954767578]
[0.6309573444801932, 0.6309573444801934, 0.6309573444801932, 0.6309573444801932, 0.6309573444801932, 0.009958639240306587]
[0.6309573444801932, 0.6309573444801932, 0.6309573444801932, 0.6309573444801932, 0.6309573444801932, 0.009926588068481738]
[0.6309573444801934, 0.6309573444801932, 0.6309573444801932, 0.6309573444801934, 0.6309573444801932, 0.009897146526060021]
[0.6309573444801932, 0.6309573444801932, 0.6309573444801932, 0.6309573444801932, 0.6309573444801932, 0.009811876782530688]
[0.6309573444801932, 0.6309573444801934, 0.6309573444801932, 0.6309573444801932, 0.6309573444801932, 0.00992571199249107]
[0.6309573444801932, 0.6309573444801932, 0.6309573444801932, 0.6309573444801932, 0.6309573444801932, 0.010046576659892616]
[0.6309573444801932, 0.6309573444801932, 0.6309573444801932, 0.6309573444801932, 0.6309573444801932, 0.0101804491503061]
[0.6309573444801932, 0.6309573444801932, 0.6309573444801932, 0.6309573444801932, 0.6309573444801932, 0.010363397131203338]
[0.6309573444801932, 0.6309573444801932, 0.6309573444801932, 0.6309573444801932, 0.6309573444801932, 0.010580688729161429]
[0.6309573444801932, 0.6309573444801932, 0.6309573444801932, 0.6309573444801932, 0.6309573444801932, 0.010758042581402958]
[0.6309573444801932, 0.6309573444801931, 0.6309573444801932, 0.6309573444801932, 0.6309573444801932, 0.010922099616659065]
[0.6309573444801932, 0.6309573444801932, 0.6309573444801932, 0.6309573444801932, 0.6309573444801932, 0.011147708118436345]
[0.6309573444801932, 0.6309573444801932, 0.6309573444801932, 0.6309573444801932, 0.6309573444801934, 0.011410273677035536]
[0.6309573444801932, 0.6309573444801932, 0.6309573444801932, 0.6309573444801932, 0.6309573444801932, 0.00997654119071621]
[0.6309573444801932, 0.6309573444801932, 0.6309573444801932, 0.6309573444801932, 0.6309573444801932, 0.009972636742989217]
[0.6309573444801932, 0.6309573444801932, 0.6309573444801932, 0.6309573444801932, 0.6309573444801932, 0.009979527976273524]
[0.6309573444801932, 0.6309573444801932, 0.6309573444801932, 0.6309573444801932, 0.6309573444801932, 0.009982745514581023]
[0.6309573444801932, 0.6309573444801932, 0.6309573444801932, 0.6309573444801932, 0.6309573444801932, 0.00998596409026752]
[0.6309573444801932, 0.6309573444801932, 0.6309573444801932, 0.6309573444801932, 0.6309573444801932, 0.009988953696860675]
[0.6309573444801932, 0.6309573444801932, 0.6309573444801932, 0.6309573444801932, 0.6309573444801932, 0.009982055954767578]
[0.6309573444801932, 0.6309573444801932, 0.6309573444801932, 0.6309573444801932, 0.6309573444801932, 0.009958639240306587]
[0.6309573444801932, 0.6309573444801932, 0.6309573444801932, 0.6309573444801932, 0.6309573444801932, 0.009926588068481738]
[0.6309573444801932, 0.6309573444801932, 0.6309573444801932, 0.6309573444801932, 0.6309573444801932, 0.009897146526060021]
[0.6309573444801932, 0.6309573444801932, 0.6309573444801932, 0.6309573444801932, 0.00997654119071621]
[0.6309573444801934, 0.6309573444801932, 0.6309573444801932, 0.6309573444801932, 0.009972636742989217]
[0.6309573444801932, 0.6309573444801932, 0.6309573444801932, 0.6309573444801932, 0.009979527976273524]
[0.6309573444801932, 0.6309573444801932, 0.6309573444801932, 0.6309573444801932, 0.009982745514581023]
[0.6309573444801932, 0.6309573444801932, 0.6309573444801932, 0.6309573444801932, 0.00998596409026752]
[0.6309573444801932, 0.6309573444801932, 0.6309573444801932, 0.6309573444801932, 0.009988953696860675]
[0.6309573444801932, 0.6309573444801932, 0.6309573444801932, 0.6309573444801932, 0.009982055954767578]
[0.6309573444801931, 0.6309573444801932, 0.6309573444801932, 0.6309573444801932, 0.009958639240306587]
[0.6309573444801932, 0.6309573444801932, 0.6309573444801932, 0.6309573444801932, 0.009926588068481738]
[0.6309573444801932, 0.6309573444801932, 0.6309573444801932, 0.6309573444801932, 0.009897146526060021]
[0.6309573444801932, 0.6309573444801932, 0.6309573444801932, 0.6309573444801932, 0.009527522871271451]
[0.6309573444801932, 0.6309573444801932, 0.6309573444801932, 0.6309573444801932, 0.009523794152639663]
[0.6309573444801932, 0.6309573444801932, 0.6309573444801932, 0.6309573444801932, 0.00953037522933472]
[0.6309573444801932, 0.6309573444801932, 0.6309573444801932, 0.6309573444801932, 0.009533447954563621]
[0.6309573444801932, 0.6309573444801932, 0.6309573444801932, 0.6309573444801932, 0.009536521670481775]
[0.6309573444801932, 0.6309573444801932, 0.6309573444801932, 0.6309573444801932, 0.00953937672261336]
[0.6309573444801932, 0.6309573444801932, 0.6309573444801932, 0.6309573444801932, 0.009532789430054164]
[0.6309573444801932, 0.6309573444801932, 0.6309573444801932, 0.6309573444801932, 0.009510426641354935]
[0.6309573444801932, 0.6309573444801932, 0.6309573444801932, 0.6309573444801932, 0.009479818009888907]
[0.6309573444801932, 0.6309573444801932, 0.6309573444801932, 0.6309573444801932, 0.00945170155515513]
[0.6309573444801932, 0.6309573444801932, 0.6309573444801932, 0.6309573444801932, 0.009527522871271451]
[0.6309573444801932, 0.6309573444801932, 0.6309573444801932, 0.6309573444801932, 0.009523794152639663]
[0.6309573444801932, 0.6309573444801932, 0.6309573444801931, 0.6309573444801932, 0.00953037522933472]
[0.6309573444801932, 0.6309573444801932, 0.6309573444801932, 0.6309573444801932, 0.009533447954563621]
[0.6309573444801932, 0.6309573444801932, 0.6309573444801932, 0.6309573444801932, 0.009536521670481775]
[0.6309573444801932, 0.6309573444801932, 0.6309573444801932, 0.6309573444801932, 0.00953937672261336]
[0.6309573444801932, 0.6309573444801932, 0.6309573444801932, 0.6309573444801932, 0.009532789430054164]
[0.6309573444801932, 0.6309573444801932, 0.6309573444801932, 0.6309573444801932, 0.009510426641354935]
[0.6309573444801932, 0.6309573444801932, 0.6309573444801932, 0.6309573444801932, 0.009479818009888907]
[0.6309573444801932, 0.6309573444801932, 0.6309573444801934, 0.6309573444801932, 0.00945170155515513]
[0.6309573444801932, 0.6309573444801932, 0.6309573444801932, 0.6309573444801932, 0.009811876782530688]
[0.6309573444801934, 0.6309573444801932, 0.6309573444801932, 0.6309573444801932, 0.00992571199249107]
[0.6309573444801932, 0.6309573444801932, 0.6309573444801932, 0.6309573444801932, 0.010046576659892616]
[0.6309573444801932, 0.6309573444801932, 0.6309573444801932, 0.6309573444801932, 0.0101804491503061]
[0.6309573444801932, 0.6309573444801932, 0.6309573444801932, 0.6309573444801932, 0.010363397131203338]
[0.6309573444801932, 0.6309573444801932, 0.6309573444801932, 0.6309573444801932, 0.010580688729161429]
[0.6309573444801932, 0.6309573444801932, 0.6309573444801932, 0.6309573444801932, 0.010758042581402958]
[0.6309573444801931, 0.6309573444801932, 0.6309573444801932, 0.6309573444801932, 0.010922099616659065]
[0.6309573444801932, 0.6309573444801932, 0.6309573444801932, 0.6309573444801932, 0.011147708118436345]
[0.6309573444801932, 0.6309573444801932, 0.6309573444801932, 0.6309573444801934, 0.011410273677035536]
[0.6309573444801932, 0.6309573444801932, 0.6309573444801932, 0.6309573444801932, 0.009527522871271451]
[0.6309573444801932, 0.6309573444801932, 0.6309573444801932, 0.6309573444801932, 0.009523794152639663]
[0.6309573444801932, 0.6309573444801932, 0.6309573444801932, 0.6309573444801932, 0.00953037522933472]
[0.6309573444801932, 0.6309573444801932, 0.6309573444801932, 0.6309573444801932, 0.009533447954563621]
[0.6309573444801932, 0.6309573444801932, 0.6309573444801932, 0.6309573444801932, 0.009536521670481775]
[0.6309573444801932, 0.6309573444801932, 0.6309573444801932, 0.6309573444801932, 0.00953937672261336]
[0.6309573444801932, 0.6309573444801932, 0.6309573444801932, 0.6309573444801932, 0.009532789430054164]
[0.6309573444801932, 0.6309573444801932, 0.6309573444801932, 0.6309573444801932, 0.009510426641354935]
[0.6309573444801932, 0.6309573444801932, 0.6309573444801932, 0.6309573444801932, 0.009479818009888907]
[0.6309573444801932, 0.6309573444801932, 0.6309573444801932, 0.6309573444801932, 0.00945170155515513]
[0.6309573444801932, 0.6309573444801932, 0.6309573444801932, 0.6309573444801932, 0.009527522871271451]
[0.6309573444801932, 0.6309573444801932, 0.6309573444801932, 0.6309573444801932, 0.009523794152639663]
[0.6309573444801932, 0.6309573444801932, 0.6309573444801932, 0.6309573444801932, 0.00953037522933472]
[0.6309573444801932, 0.6309573444801932, 0.6309573444801932, 0.6309573444801932, 0.009533447954563621]
[0.6309573444801932, 0.6309573444801932, 0.6309573444801932, 0.6309573444801932, 0.009536521670481775]
[0.6309573444801932, 0.6309573444801932, 0.6309573444801932, 0.6309573444801932, 0.00953937672261336]
[0.6309573444801932, 0.6309573444801932, 0.6309573444801932, 0.6309573444801932, 0.009532789430054164]
[0.6309573444801932, 0.6309573444801932, 0.6309573444801932, 0.6309573444801932, 0.009510426641354935]
[0.6309573444801932, 0.6309573444801932, 0.6309573444801932, 0.6309573444801931, 0.009479818009888905]
[0.6309573444801932, 0.6309573444801932, 0.6309573444801932, 0.6309573444801932, 0.00945170155515513]
[0.6309573444801932, 0.6309573444801932, 0.6309573444801932, 0.6309573444801932, 0.009527522871271451]
[0.6309573444801932, 0.6309573444801932, 0.6309573444801932, 0.6309573444801932, 0.009523794152639663]
[0.6309573444801932, 0.6309573444801932, 0.6309573444801932, 0.6309573444801932, 0.00953037522933472]
[0.6309573444801932, 0.6309573444801932, 0.6309573444801932, 0.6309573444801932, 0.009533447954563621]
[0.6309573444801932, 0.6309573444801932, 0.6309573444801934, 0.6309573444801932, 0.009536521670481775]
[0.6309573444801932, 0.6309573444801932, 0.6309573444801932, 0.6309573444801932, 0.00953937672261336]
[0.6309573444801932, 0.6309573444801932, 0.6309573444801932, 0.6309573444801932, 0.009532789430054164]
[0.6309573444801932, 0.6309573444801932, 0.6309573444801932, 0.6309573444801932, 0.009510426641354935]
[0.6309573444801932, 0.6309573444801932, 0.6309573444801931, 0.6309573444801932, 0.009479818009888907]
[0.6309573444801932, 0.6309573444801932, 0.6309573444801932, 0.6309573444801932, 0.00945170155515513]
[0.6309573444801932, 0.6309573444801932, 0.6309573444801932, 0.6309573444801932, 0.009527522871271451]
[0.6309573444801932, 0.6309573444801932, 0.6309573444801932, 0.6309573444801932, 0.009523794152639663]
[0.6309573444801932, 0.6309573444801932, 0.6309573444801932, 0.6309573444801932, 0.00953037522933472]
[0.6309573444801932, 0.6309573444801932, 0.6309573444801932, 0.6309573444801932, 0.009533447954563621]
[0.6309573444801932, 0.6309573444801932, 0.6309573444801932, 0.6309573444801932, 0.009536521670481775]
[0.6309573444801932, 0.6309573444801932, 0.6309573444801932, 0.6309573444801932, 0.00953937672261336]
[0.6309573444801932, 0.6309573444801932, 0.6309573444801932, 0.6309573444801932, 0.009532789430054164]
[0.6309573444801932, 0.6309573444801932, 0.6309573444801932, 0.6309573444801932, 0.009510426641354935]
[0.6309573444801932, 0.6309573444801932, 0.6309573444801932, 0.6309573444801932, 0.009479818009888907]
[0.6309573444801932, 0.6309573444801932, 0.6309573444801932, 0.6309573444801932, 0.00945170155515513]
[0.6309573444801932, 0.6309573444801932, 0.6309573444801932, 0.6309573444801932, 0.009811876782530688]
[0.6309573444801932, 0.6309573444801932, 0.6309573444801932, 0.6309573444801932, 0.00992571199249107]
[0.6309573444801932, 0.6309573444801932, 0.6309573444801932, 0.6309573444801932, 0.010046576659892616]
[0.6309573444801932, 0.6309573444801932, 0.6309573444801932, 0.6309573444801932, 0.0101804491503061]
[0.6309573444801932, 0.6309573444801932, 0.6309573444801932, 0.6309573444801932, 0.010363397131203338]
[0.6309573444801932, 0.6309573444801932, 0.6309573444801932, 0.6309573444801932, 0.010580688729161429]
[0.6309573444801932, 0.6309573444801932, 0.6309573444801932, 0.6309573444801932, 0.010758042581402958]
[0.6309573444801932, 0.6309573444801932, 0.6309573444801932, 0.6309573444801932, 0.010922099616659065]
[0.6309573444801932, 0.6309573444801932, 0.6309573444801932, 0.6309573444801932, 0.011147708118436345]
[0.6309573444801932, 0.6309573444801932, 0.6309573444801932, 0.6309573444801932, 0.011410273677035534]
[0.6309573444801931, 0.6309573444801932, 0.6309573444801932, 0.6309573444801932, 0.01020892468766019]
[0.6309573444801932, 0.6309573444801932, 0.6309573444801932, 0.6309573444801932, 0.010204929293662431]
[0.6309573444801932, 0.6309573444801931, 0.6309573444801932, 0.6309573444801932, 0.010211981044390432]
[0.6309573444801932, 0.6309573444801932, 0.6309573444801932, 0.6309573444801932, 0.01021527352879289]
[0.6309573444801932, 0.6309573444801932, 0.6309573444801932, 0.6309573444801932, 0.01021856707473801]
[0.6309573444801932, 0.6309573444801932, 0.6309573444801932, 0.6309573444801932, 0.010221626318214463]
[0.6309573444801932, 0.6309573444801932, 0.6309573444801932, 0.6309573444801932, 0.010214567907068034]
[0.6309573444801932, 0.6309573444801932, 0.6309573444801932, 0.6309573444801932, 0.010190605747257863]
[0.6309573444801932, 0.6309573444801932, 0.6309573444801932, 0.6309573444801932, 0.01015780800773511]
[0.6309573444801932, 0.6309573444801934, 0.6309573444801932, 0.6309573444801932, 0.01012768068369303]
[0.6309573444801932, 0.6309573444801932, 0.6309573444801932, 0.6309573444801932, 0.009527522871271451]
[0.6309573444801932, 0.6309573444801932, 0.6309573444801932, 0.6309573444801932, 0.009523794152639663]
[0.6309573444801932, 0.6309573444801932, 0.6309573444801932, 0.6309573444801932, 0.00953037522933472]
[0.6309573444801932, 0.6309573444801932, 0.6309573444801932, 0.6309573444801932, 0.009533447954563621]
[0.6309573444801934, 0.6309573444801932, 0.6309573444801932, 0.6309573444801932, 0.009536521670481775]
[0.6309573444801932, 0.6309573444801932, 0.6309573444801932, 0.6309573444801932, 0.00953937672261336]
[0.6309573444801932, 0.6309573444801932, 0.6309573444801932, 0.6309573444801932, 0.009532789430054164]
[0.6309573444801932, 0.6309573444801932, 0.6309573444801932, 0.6309573444801932, 0.009510426641354935]
[0.6309573444801931, 0.6309573444801932, 0.6309573444801932, 0.6309573444801932, 0.009479818009888907]
[0.6309573444801932, 0.6309573444801932, 0.6309573444801932, 0.6309573444801932, 0.00945170155515513]
[0.6309573444801932, 0.6309573444801932, 0.6309573444801932, 0.6309573444801932, 0.00997654119071621]
[0.6309573444801932, 0.6309573444801932, 0.6309573444801932, 0.6309573444801932, 0.009972636742989217]
[0.6309573444801932, 0.6309573444801932, 0.6309573444801932, 0.6309573444801932, 0.009979527976273524]
[0.6309573444801932, 0.6309573444801932, 0.6309573444801932, 0.6309573444801932, 0.009982745514581023]
[0.6309573444801932, 0.6309573444801932, 0.6309573444801932, 0.6309573444801932, 0.00998596409026752]
[0.6309573444801932, 0.6309573444801932, 0.6309573444801932, 0.6309573444801932, 0.009988953696860675]
[0.6309573444801932, 0.6309573444801932, 0.6309573444801932, 0.6309573444801932, 0.009982055954767578]
[0.6309573444801932, 0.6309573444801932, 0.6309573444801932, 0.6309573444801932, 0.009958639240306587]
[0.6309573444801932, 0.6309573444801932, 0.6309573444801932, 0.6309573444801932, 0.009926588068481738]
[0.6309573444801932, 0.6309573444801932, 0.6309573444801932, 0.6309573444801932, 0.009897146526060021]
[0.6309573444801932, 0.6309573444801932, 0.6309573444801932, 0.6309573444801932, 0.009527522871271451]
[0.6309573444801932, 0.6309573444801932, 0.6309573444801932, 0.6309573444801932, 0.009523794152639663]
[0.6309573444801932, 0.6309573444801932, 0.6309573444801931, 0.6309573444801932, 0.00953037522933472]
[0.6309573444801932, 0.6309573444801932, 0.6309573444801932, 0.6309573444801932, 0.009533447954563621]
[0.6309573444801932, 0.6309573444801932, 0.6309573444801932, 0.6309573444801932, 0.009536521670481775]
[0.6309573444801932, 0.6309573444801932, 0.6309573444801932, 0.6309573444801932, 0.00953937672261336]
[0.6309573444801932, 0.6309573444801932, 0.6309573444801932, 0.6309573444801932, 0.009532789430054164]
[0.6309573444801932, 0.6309573444801932, 0.6309573444801932, 0.6309573444801932, 0.009510426641354935]
[0.6309573444801932, 0.6309573444801932, 0.6309573444801932, 0.6309573444801932, 0.009479818009888907]
[0.6309573444801932, 0.6309573444801932, 0.6309573444801934, 0.6309573444801932, 0.00945170155515513]
[0.6309573444801931, 0.6309573444801932, 0.6309573444801932, 0.6309573444801932, 0.6309573444801932, 0.01020892468766019]
[0.6309573444801932, 0.6309573444801932, 0.6309573444801932, 0.6309573444801932, 0.6309573444801932, 0.010204929293662431]
[0.6309573444801932, 0.6309573444801931, 0.6309573444801932, 0.6309573444801932, 0.6309573444801932, 0.010211981044390432]
[0.6309573444801932, 0.6309573444801932, 0.6309573444801932, 0.6309573444801932, 0.6309573444801932, 0.01021527352879289]
[0.6309573444801932, 0.6309573444801932, 0.6309573444801932, 0.6309573444801932, 0.6309573444801932, 0.01021856707473801]
[0.6309573444801932, 0.6309573444801932, 0.6309573444801932, 0.6309573444801932, 0.6309573444801932, 0.010221626318214463]
[0.6309573444801932, 0.6309573444801932, 0.6309573444801932, 0.6309573444801932, 0.6309573444801932, 0.010214567907068034]
[0.6309573444801932, 0.6309573444801932, 0.6309573444801932, 0.6309573444801932, 0.6309573444801932, 0.010190605747257863]
[0.6309573444801932, 0.6309573444801932, 0.6309573444801932, 0.6309573444801932, 0.6309573444801932, 0.01015780800773511]
[0.6309573444801932, 0.6309573444801934, 0.6309573444801932, 0.6309573444801932, 0.6309573444801932, 0.01012768068369303]
[0.6309573444801932, 0.6309573444801932, 0.6309573444801932, 0.6309573444801932, 0.6309573444801932, 0.009527522871271451]
[0.6309573444801932, 0.6309573444801932, 0.6309573444801932, 0.6309573444801932, 0.6309573444801932, 0.009523794152639663]
[0.6309573444801932, 0.6309573444801932, 0.6309573444801932, 0.6309573444801932, 0.6309573444801932, 0.00953037522933472]
[0.6309573444801932, 0.6309573444801932, 0.6309573444801932, 0.6309573444801932, 0.6309573444801932, 0.009533447954563621]
[0.6309573444801932, 0.6309573444801934, 0.6309573444801932, 0.6309573444801932, 0.6309573444801932, 0.009536521670481775]
[0.6309573444801932, 0.6309573444801932, 0.6309573444801932, 0.6309573444801932, 0.6309573444801932, 0.00953937672261336]
[0.6309573444801932, 0.6309573444801932, 0.6309573444801932, 0.6309573444801932, 0.6309573444801932, 0.009532789430054164]
[0.6309573444801932, 0.6309573444801932, 0.6309573444801932, 0.6309573444801932, 0.6309573444801932, 0.009510426641354935]
[0.6309573444801932, 0.6309573444801931, 0.6309573444801932, 0.6309573444801932, 0.6309573444801932, 0.009479818009888907]
[0.6309573444801932, 0.6309573444801932, 0.6309573444801932, 0.6309573444801932, 0.6309573444801932, 0.00945170155515513]
[0.6309573444801932, 0.6309573444801932, 0.6309573444801932, 0.6309573444801932, 0.6309573444801932, 0.009527522871271451]
[0.6309573444801932, 0.6309573444801932, 0.6309573444801932, 0.6309573444801932, 0.6309573444801932, 0.009523794152639663]
[0.6309573444801932, 0.6309573444801932, 0.6309573444801932, 0.6309573444801932, 0.6309573444801932, 0.00953037522933472]
[0.6309573444801932, 0.6309573444801932, 0.6309573444801932, 0.6309573444801932, 0.6309573444801932, 0.009533447954563621]
[0.6309573444801932, 0.6309573444801932, 0.6309573444801932, 0.6309573444801932, 0.6309573444801932, 0.009536521670481775]
[0.6309573444801932, 0.6309573444801932, 0.6309573444801932, 0.6309573444801932, 0.6309573444801932, 0.00953937672261336]
[0.6309573444801932, 0.6309573444801932, 0.6309573444801932, 0.6309573444801932, 0.6309573444801932, 0.009532789430054164]
[0.6309573444801932, 0.6309573444801932, 0.6309573444801932, 0.6309573444801932, 0.6309573444801932, 0.009510426641354935]
[0.6309573444801932, 0.6309573444801932, 0.6309573444801932, 0.6309573444801932, 0.6309573444801932, 0.009479818009888907]
[0.6309573444801932, 0.6309573444801932, 0.6309573444801932, 0.6309573444801932, 0.6309573444801932, 0.00945170155515513]
[0.6309573444801931, 0.6309573444801932, 0.6309573444801932, 0.6309573444801932, 0.6309573444801932, 0.009527522871271451]
[0.6309573444801932, 0.6309573444801932, 0.6309573444801932, 0.6309573444801932, 0.6309573444801932, 0.009523794152639663]
[0.6309573444801932, 0.6309573444801932, 0.6309573444801932, 0.6309573444801932, 0.6309573444801932, 0.00953037522933472]
[0.6309573444801932, 0.6309573444801932, 0.6309573444801932, 0.6309573444801932, 0.6309573444801932, 0.009533447954563621]
[0.6309573444801932, 0.6309573444801932, 0.6309573444801932, 0.6309573444801932, 0.6309573444801932, 0.009536521670481775]
[0.6309573444801932, 0.6309573444801932, 0.6309573444801932, 0.6309573444801932, 0.6309573444801932, 0.00953937672261336]
[0.6309573444801932, 0.6309573444801932, 0.6309573444801932, 0.6309573444801932, 0.6309573444801932, 0.009532789430054164]
[0.6309573444801932, 0.6309573444801932, 0.6309573444801932, 0.6309573444801932, 0.6309573444801932, 0.009510426641354935]
[0.6309573444801932, 0.6309573444801932, 0.6309573444801932, 0.6309573444801932, 0.6309573444801932, 0.009479818009888907]
[0.6309573444801932, 0.6309573444801932, 0.6309573444801932, 0.6309573444801932, 0.6309573444801932, 0.00945170155515513]
[0.6309573444801932, 0.6309573444801931, 0.6309573444801932, 0.6309573444801932, 0.009811876782530688]
[0.6309573444801932, 0.6309573444801932, 0.6309573444801932, 0.6309573444801932, 0.00992571199249107]
[0.6309573444801932, 0.6309573444801932, 0.6309573444801931, 0.6309573444801932, 0.010046576659892616]
[0.6309573444801932, 0.6309573444801932, 0.6309573444801932, 0.6309573444801932, 0.0101804491503061]
[0.6309573444801932, 0.6309573444801932, 0.6309573444801932, 0.6309573444801932, 0.010363397131203338]
[0.6309573444801932, 0.6309573444801932, 0.6309573444801932, 0.6309573444801932, 0.010580688729161429]
[0.6309573444801932, 0.6309573444801932, 0.6309573444801932, 0.6309573444801932, 0.010758042581402958]
[0.6309573444801932, 0.6309573444801932, 0.6309573444801932, 0.6309573444801932, 0.010922099616659065]
[0.6309573444801932, 0.6309573444801932, 0.6309573444801932, 0.6309573444801932, 0.011147708118436345]
[0.6309573444801932, 0.6309573444801932, 0.6309573444801934, 0.6309573444801932, 0.011410273677035534]
[0.6309573444801932, 0.6309573444801932, 0.6309573444801932, 0.6309573444801932, 0.01020892468766019]
[0.6309573444801932, 0.6309573444801932, 0.6309573444801932, 0.6309573444801932, 0.010204929293662431]
[0.6309573444801931, 0.6309573444801932, 0.6309573444801932, 0.6309573444801932, 0.010211981044390432]
[0.6309573444801932, 0.6309573444801932, 0.6309573444801932, 0.6309573444801932, 0.01021527352879289]
[0.6309573444801932, 0.6309573444801932, 0.6309573444801932, 0.6309573444801932, 0.01021856707473801]
[0.6309573444801932, 0.6309573444801932, 0.6309573444801932, 0.6309573444801932, 0.010221626318214463]
[0.6309573444801932, 0.6309573444801932, 0.6309573444801932, 0.6309573444801932, 0.010214567907068034]
[0.6309573444801932, 0.6309573444801932, 0.6309573444801932, 0.6309573444801932, 0.010190605747257863]
[0.6309573444801932, 0.6309573444801932, 0.6309573444801932, 0.6309573444801932, 0.01015780800773511]
[0.6309573444801934, 0.6309573444801932, 0.6309573444801932, 0.6309573444801932, 0.01012768068369303]
[0.6309573444801932, 0.6309573444801931, 0.6309573444801932, 0.6309573444801932, 0.00997654119071621]
[0.6309573444801932, 0.6309573444801932, 0.6309573444801932, 0.6309573444801932, 0.009972636742989217]
[0.6309573444801932, 0.6309573444801932, 0.6309573444801931, 0.6309573444801932, 0.009979527976273524]
[0.6309573444801932, 0.6309573444801932, 0.6309573444801932, 0.6309573444801932, 0.009982745514581023]
[0.6309573444801932, 0.6309573444801932, 0.6309573444801932, 0.6309573444801932, 0.00998596409026752]
[0.6309573444801932, 0.6309573444801932, 0.6309573444801932, 0.6309573444801932, 0.009988953696860675]
[0.6309573444801932, 0.6309573444801932, 0.6309573444801932, 0.6309573444801932, 0.009982055954767578]
[0.6309573444801932, 0.6309573444801932, 0.6309573444801932, 0.6309573444801932, 0.009958639240306587]
[0.6309573444801932, 0.6309573444801932, 0.6309573444801932, 0.6309573444801932, 0.009926588068481738]
[0.6309573444801932, 0.6309573444801932, 0.6309573444801934, 0.6309573444801932, 0.009897146526060021]
[0.6309573444801932, 0.6309573444801932, 0.6309573444801932, 0.6309573444801932, 0.01020892468766019]
[0.6309573444801932, 0.6309573444801932, 0.6309573444801932, 0.6309573444801932, 0.010204929293662431]
[0.6309573444801932, 0.6309573444801932, 0.6309573444801932, 0.6309573444801932, 0.010211981044390432]
[0.6309573444801932, 0.6309573444801932, 0.6309573444801932, 0.6309573444801932, 0.01021527352879289]
[0.6309573444801932, 0.6309573444801932, 0.6309573444801932, 0.6309573444801932, 0.01021856707473801]
[0.6309573444801932, 0.6309573444801932, 0.6309573444801932, 0.6309573444801932, 0.010221626318214463]
[0.6309573444801932, 0.6309573444801932, 0.6309573444801932, 0.6309573444801932, 0.010214567907068034]
[0.6309573444801932, 0.6309573444801932, 0.6309573444801932, 0.6309573444801932, 0.010190605747257863]
[0.6309573444801932, 0.6309573444801932, 0.6309573444801932, 0.6309573444801932, 0.01015780800773511]
[0.6309573444801932, 0.6309573444801932, 0.6309573444801932, 0.6309573444801932, 0.01012768068369303]
[0.6309573444801932, 0.6309573444801931, 0.6309573444801932, 0.6309573444801932, 0.6309573444801932, 0.01020892468766019]
[0.6309573444801932, 0.6309573444801932, 0.6309573444801932, 0.6309573444801932, 0.6309573444801932, 0.010204929293662431]
[0.6309573444801932, 0.6309573444801932, 0.6309573444801931, 0.6309573444801932, 0.6309573444801932, 0.010211981044390432]
[0.6309573444801932, 0.6309573444801932, 0.6309573444801932, 0.6309573444801932, 0.6309573444801932, 0.01021527352879289]
[0.6309573444801932, 0.6309573444801932, 0.6309573444801932, 0.6309573444801932, 0.6309573444801932, 0.01021856707473801]
[0.6309573444801932, 0.6309573444801932, 0.6309573444801932, 0.6309573444801932, 0.6309573444801932, 0.010221626318214463]
[0.6309573444801932, 0.6309573444801932, 0.6309573444801932, 0.6309573444801932, 0.6309573444801932, 0.010214567907068034]
[0.6309573444801932, 0.6309573444801932, 0.6309573444801932, 0.6309573444801932, 0.6309573444801932, 0.010190605747257863]
[0.6309573444801932, 0.6309573444801932, 0.6309573444801932, 0.6309573444801932, 0.6309573444801932, 0.01015780800773511]
[0.6309573444801932, 0.6309573444801932, 0.6309573444801934, 0.6309573444801932, 0.6309573444801932, 0.01012768068369303]
[0.6309573444801932, 0.6309573444801932, 0.6309573444801932, 0.6309573444801932, 0.6309573444801932, 0.01020892468766019]
[0.6309573444801932, 0.6309573444801932, 0.6309573444801932, 0.6309573444801932, 0.6309573444801932, 0.010204929293662431]
[0.6309573444801932, 0.6309573444801932, 0.6309573444801932, 0.6309573444801932, 0.6309573444801932, 0.010211981044390432]
[0.6309573444801932, 0.6309573444801932, 0.6309573444801932, 0.6309573444801932, 0.6309573444801932, 0.01021527352879289]
[0.6309573444801934, 0.6309573444801932, 0.6309573444801932, 0.6309573444801932, 0.6309573444801932, 0.01021856707473801]
[0.6309573444801932, 0.6309573444801932, 0.6309573444801932, 0.6309573444801932, 0.6309573444801932, 0.010221626318214463]
[0.6309573444801932, 0.6309573444801932, 0.6309573444801932, 0.6309573444801932, 0.6309573444801932, 0.010214567907068034]
[0.6309573444801932, 0.6309573444801932, 0.6309573444801932, 0.6309573444801932, 0.6309573444801932, 0.010190605747257863]
[0.6309573444801931, 0.6309573444801932, 0.6309573444801932, 0.6309573444801932, 0.6309573444801932, 0.01015780800773511]
[0.6309573444801932, 0.6309573444801932, 0.6309573444801932, 0.6309573444801932, 0.6309573444801932, 0.01012768068369303]
[0.6309573444801932, 0.6309573444801931, 0.6309573444801932, 0.6309573444801932, 0.6309573444801932, 0.6309573444801932, 0.01020892468766019]
[0.6309573444801932, 0.6309573444801932, 0.6309573444801932, 0.6309573444801932, 0.6309573444801932, 0.6309573444801932, 0.010204929293662431]
[0.6309573444801932, 0.6309573444801932, 0.6309573444801931, 0.6309573444801932, 0.6309573444801932, 0.6309573444801932, 0.010211981044390432]
[0.6309573444801932, 0.6309573444801932, 0.6309573444801932, 0.6309573444801932, 0.6309573444801932, 0.6309573444801932, 0.01021527352879289]
[0.6309573444801932, 0.6309573444801932, 0.6309573444801932, 0.6309573444801932, 0.6309573444801932, 0.6309573444801932, 0.01021856707473801]
[0.6309573444801932, 0.6309573444801932, 0.6309573444801932, 0.6309573444801932, 0.6309573444801932, 0.6309573444801932, 0.010221626318214463]
[0.6309573444801932, 0.6309573444801932, 0.6309573444801932, 0.6309573444801932, 0.6309573444801932, 0.6309573444801932, 0.010214567907068034]
[0.6309573444801932, 0.6309573444801932, 0.6309573444801932, 0.6309573444801932, 0.6309573444801932, 0.6309573444801932, 0.010190605747257863]
[0.6309573444801932, 0.6309573444801932, 0.6309573444801932, 0.6309573444801932, 0.6309573444801932, 0.6309573444801932, 0.01015780800773511]
[0.6309573444801932, 0.6309573444801932, 0.6309573444801934, 0.6309573444801932, 0.6309573444801932, 0.6309573444801932, 0.01012768068369303]
[0.6309573444801932, 0.6309573444801932, 0.6309573444801932, 0.6309573444801932, 0.6309573444801932, 0.6309573444801932, 0.01020892468766019]
[0.6309573444801932, 0.6309573444801932, 0.6309573444801932, 0.6309573444801932, 0.6309573444801932, 0.6309573444801932, 0.010204929293662431]
[0.6309573444801932, 0.6309573444801932, 0.6309573444801932, 0.6309573444801932, 0.6309573444801932, 0.6309573444801932, 0.010211981044390432]
[0.6309573444801932, 0.6309573444801932, 0.6309573444801932, 0.6309573444801932, 0.6309573444801932, 0.6309573444801932, 0.01021527352879289]
[0.6309573444801932, 0.6309573444801934, 0.6309573444801932, 0.6309573444801932, 0.6309573444801932, 0.6309573444801932, 0.01021856707473801]
[0.6309573444801932, 0.6309573444801932, 0.6309573444801932, 0.6309573444801932, 0.6309573444801932, 0.6309573444801932, 0.010221626318214463]
[0.6309573444801932, 0.6309573444801932, 0.6309573444801932, 0.6309573444801932, 0.6309573444801932, 0.6309573444801932, 0.010214567907068034]
[0.6309573444801932, 0.6309573444801932, 0.6309573444801932, 0.6309573444801932, 0.6309573444801932, 0.6309573444801932, 0.010190605747257863]
[0.6309573444801932, 0.6309573444801931, 0.6309573444801932, 0.6309573444801932, 0.6309573444801932, 0.6309573444801932, 0.01015780800773511]
[0.6309573444801932, 0.6309573444801932, 0.6309573444801932, 0.6309573444801932, 0.6309573444801932, 0.6309573444801932, 0.01012768068369303]
[0.6309573444801932, 0.6309573444801932, 0.6309573444801932, 0.6309573444801932, 0.6309573444801932, 0.01020892468766019]
[0.6309573444801932, 0.6309573444801932, 0.6309573444801932, 0.6309573444801932, 0.6309573444801932, 0.010204929293662431]
[0.6309573444801932, 0.6309573444801932, 0.6309573444801932, 0.6309573444801932, 0.6309573444801932, 0.010211981044390432]
[0.6309573444801932, 0.6309573444801932, 0.6309573444801932, 0.6309573444801932, 0.6309573444801932, 0.01021527352879289]
[0.6309573444801932, 0.6309573444801932, 0.6309573444801932, 0.6309573444801932, 0.6309573444801932, 0.01021856707473801]
[0.6309573444801932, 0.6309573444801932, 0.6309573444801932, 0.6309573444801932, 0.6309573444801932, 0.010221626318214463]
[0.6309573444801932, 0.6309573444801932, 0.6309573444801932, 0.6309573444801932, 0.6309573444801932, 0.010214567907068034]
[0.6309573444801932, 0.6309573444801932, 0.6309573444801932, 0.6309573444801932, 0.6309573444801932, 0.010190605747257863]
[0.6309573444801932, 0.6309573444801932, 0.6309573444801932, 0.6309573444801932, 0.6309573444801932, 0.01015780800773511]
[0.6309573444801932, 0.6309573444801932, 0.6309573444801932, 0.6309573444801932, 0.6309573444801932, 0.01012768068369303]
[0.6309573444801932, 0.6309573444801931, 0.6309573444801932, 0.6309573444801932, 0.6309573444801932, 0.009098713705213899]
[0.6309573444801932, 0.6309573444801932, 0.6309573444801932, 0.6309573444801932, 0.6309573444801932, 0.009095152806565183]
[0.6309573444801932, 0.6309573444801932, 0.6309573444801932, 0.6309573444801932, 0.6309573444801932, 0.009101437686016999]
[0.6309573444801932, 0.6309573444801932, 0.6309573444801932, 0.6309573444801932, 0.6309573444801932, 0.009104372115829481]
[0.6309573444801932, 0.6309573444801932, 0.6309573444801932, 0.6309573444801932, 0.6309573444801932, 0.009107307491742857]
[0.6309573444801932, 0.6309573444801932, 0.6309573444801932, 0.6309573444801932, 0.6309573444801932, 0.009110034045361223]
[0.6309573444801932, 0.6309573444801932, 0.6309573444801932, 0.6309573444801932, 0.6309573444801932, 0.009103743229805237]
[0.6309573444801932, 0.6309573444801932, 0.6309573444801932, 0.6309573444801932, 0.6309573444801932, 0.009082386932394708]
[0.6309573444801932, 0.6309573444801932, 0.6309573444801932, 0.6309573444801932, 0.6309573444801932, 0.00905315591627639]
[0.6309573444801932, 0.6309573444801932, 0.6309573444801932, 0.6309573444801932, 0.6309573444801932, 0.009026304910460426]
[0.6309573444801932, 0.6309573444801932, 0.6309573444801932, 0.6309573444801932, 0.6309573444801932, 0.009527522871271451]
[0.6309573444801932, 0.6309573444801932, 0.6309573444801932, 0.6309573444801932, 0.6309573444801932, 0.009523794152639663]
[0.6309573444801932, 0.6309573444801932, 0.6309573444801932, 0.6309573444801932, 0.6309573444801932, 0.00953037522933472]
[0.6309573444801932, 0.6309573444801932, 0.6309573444801932, 0.6309573444801932, 0.6309573444801932, 0.009533447954563621]
[0.6309573444801932, 0.6309573444801932, 0.6309573444801932, 0.6309573444801932, 0.6309573444801932, 0.009536521670481775]
[0.6309573444801932, 0.6309573444801932, 0.6309573444801932, 0.6309573444801932, 0.6309573444801932, 0.00953937672261336]
[0.6309573444801932, 0.6309573444801932, 0.6309573444801932, 0.6309573444801932, 0.6309573444801932, 0.009532789430054164]
[0.6309573444801932, 0.6309573444801932, 0.6309573444801932, 0.6309573444801934, 0.6309573444801932, 0.009510426641354935]
[0.6309573444801932, 0.6309573444801932, 0.6309573444801932, 0.6309573444801932, 0.6309573444801932, 0.009479818009888907]
[0.6309573444801934, 0.6309573444801932, 0.6309573444801932, 0.6309573444801932, 0.6309573444801932, 0.00945170155515513]
[0.6309573444801932, 0.6309573444801932, 0.6309573444801932, 0.6309573444801932, 0.6309573444801931, 0.010208924687660189]
[0.6309573444801932, 0.6309573444801932, 0.6309573444801932, 0.6309573444801932, 0.6309573444801932, 0.010204929293662431]
[0.6309573444801932, 0.6309573444801932, 0.6309573444801932, 0.6309573444801932, 0.6309573444801932, 0.010211981044390432]
[0.6309573444801932, 0.6309573444801932, 0.6309573444801932, 0.6309573444801932, 0.6309573444801932, 0.01021527352879289]
[0.6309573444801932, 0.6309573444801932, 0.6309573444801932, 0.6309573444801932, 0.6309573444801934, 0.010218567074738012]
[0.6309573444801932, 0.6309573444801932, 0.6309573444801932, 0.6309573444801932, 0.6309573444801931, 0.010221626318214461]
[0.6309573444801932, 0.6309573444801932, 0.6309573444801932, 0.6309573444801932, 0.6309573444801932, 0.010214567907068034]
[0.6309573444801932, 0.6309573444801932, 0.6309573444801932, 0.6309573444801932, 0.6309573444801932, 0.010190605747257863]
[0.6309573444801932, 0.6309573444801932, 0.6309573444801932, 0.6309573444801932, 0.6309573444801932, 0.01015780800773511]
[0.6309573444801932, 0.6309573444801932, 0.6309573444801932, 0.6309573444801932, 0.6309573444801932, 0.01012768068369303]
[0.6309573444801932, 0.6309573444801932, 0.6309573444801932, 0.6309573444801932, 0.009811876782530688]
[0.6309573444801932, 0.6309573444801932, 0.6309573444801932, 0.6309573444801932, 0.00992571199249107]
[0.6309573444801932, 0.6309573444801932, 0.6309573444801931, 0.6309573444801932, 0.010046576659892616]
[0.6309573444801932, 0.6309573444801932, 0.6309573444801932, 0.6309573444801932, 0.0101804491503061]
[0.6309573444801932, 0.6309573444801932, 0.6309573444801932, 0.6309573444801932, 0.010363397131203338]
[0.6309573444801932, 0.6309573444801932, 0.6309573444801932, 0.6309573444801932, 0.010580688729161429]
[0.6309573444801932, 0.6309573444801932, 0.6309573444801932, 0.6309573444801932, 0.010758042581402958]
[0.6309573444801932, 0.6309573444801932, 0.6309573444801932, 0.6309573444801932, 0.010922099616659065]
[0.6309573444801932, 0.6309573444801932, 0.6309573444801932, 0.6309573444801932, 0.011147708118436345]
[0.6309573444801932, 0.6309573444801932, 0.6309573444801934, 0.6309573444801932, 0.011410273677035534]
[0.6309573444801932, 0.6309573444801932, 0.6309573444801932, 0.6309573444801932, 0.009098713705213899]
[0.6309573444801932, 0.6309573444801932, 0.6309573444801932, 0.6309573444801932, 0.009095152806565183]
[0.6309573444801931, 0.6309573444801932, 0.6309573444801931, 0.6309573444801932, 0.009101437686016999]
[0.6309573444801932, 0.6309573444801932, 0.6309573444801932, 0.6309573444801932, 0.009104372115829481]
[0.6309573444801932, 0.6309573444801932, 0.6309573444801932, 0.6309573444801932, 0.009107307491742857]
[0.6309573444801932, 0.6309573444801932, 0.6309573444801932, 0.6309573444801932, 0.009110034045361223]
[0.6309573444801932, 0.6309573444801932, 0.6309573444801932, 0.6309573444801932, 0.009103743229805237]
[0.6309573444801932, 0.6309573444801932, 0.6309573444801932, 0.6309573444801932, 0.009082386932394708]
[0.6309573444801932, 0.6309573444801932, 0.6309573444801932, 0.6309573444801932, 0.00905315591627639]
[0.6309573444801934, 0.6309573444801932, 0.6309573444801934, 0.6309573444801932, 0.009026304910460426]
[0.6309573444801932, 0.6309573444801932, 0.6309573444801932, 0.6309573444801932, 0.00997654119071621]
[0.6309573444801932, 0.6309573444801932, 0.6309573444801932, 0.6309573444801932, 0.009972636742989217]
[0.6309573444801932, 0.6309573444801932, 0.6309573444801931, 0.6309573444801932, 0.009979527976273524]
[0.6309573444801932, 0.6309573444801932, 0.6309573444801932, 0.6309573444801932, 0.009982745514581023]
[0.6309573444801932, 0.6309573444801932, 0.6309573444801932, 0.6309573444801932, 0.00998596409026752]
[0.6309573444801932, 0.6309573444801932, 0.6309573444801932, 0.6309573444801932, 0.009988953696860675]
[0.6309573444801932, 0.6309573444801932, 0.6309573444801932, 0.6309573444801932, 0.009982055954767578]
[0.6309573444801932, 0.6309573444801932, 0.6309573444801932, 0.6309573444801932, 0.009958639240306587]
[0.6309573444801932, 0.6309573444801932, 0.6309573444801932, 0.6309573444801932, 0.009926588068481738]
[0.6309573444801932, 0.6309573444801932, 0.6309573444801934, 0.6309573444801932, 0.009897146526060021]
[0.6309573444801932, 0.6309573444801932, 0.6309573444801932, 0.6309573444801932, 0.009098713705213899]
[0.6309573444801932, 0.6309573444801932, 0.6309573444801932, 0.6309573444801932, 0.009095152806565183]
[0.6309573444801932, 0.6309573444801932, 0.6309573444801931, 0.6309573444801932, 0.009101437686016999]
[0.6309573444801932, 0.6309573444801932, 0.6309573444801932, 0.6309573444801932, 0.009104372115829481]
[0.6309573444801932, 0.6309573444801932, 0.6309573444801932, 0.6309573444801932, 0.009107307491742857]
[0.6309573444801932, 0.6309573444801932, 0.6309573444801932, 0.6309573444801932, 0.009110034045361223]
[0.6309573444801932, 0.6309573444801932, 0.6309573444801932, 0.6309573444801932, 0.009103743229805237]
[0.6309573444801932, 0.6309573444801932, 0.6309573444801932, 0.6309573444801932, 0.009082386932394708]
[0.6309573444801932, 0.6309573444801932, 0.6309573444801932, 0.6309573444801932, 0.00905315591627639]
[0.6309573444801932, 0.6309573444801932, 0.6309573444801934, 0.6309573444801932, 0.009026304910460426]
[0.6309573444801932, 0.6309573444801932, 0.6309573444801932, 0.6309573444801932, 0.6309573444801932, 0.01020892468766019]
[0.6309573444801932, 0.6309573444801932, 0.6309573444801932, 0.6309573444801932, 0.6309573444801932, 0.010204929293662431]
[0.6309573444801932, 0.6309573444801932, 0.6309573444801931, 0.6309573444801932, 0.6309573444801932, 0.010211981044390432]
[0.6309573444801932, 0.6309573444801932, 0.6309573444801932, 0.6309573444801932, 0.6309573444801932, 0.01021527352879289]
[0.6309573444801932, 0.6309573444801932, 0.6309573444801932, 0.6309573444801932, 0.6309573444801932, 0.01021856707473801]
[0.6309573444801932, 0.6309573444801932, 0.6309573444801932, 0.6309573444801932, 0.6309573444801932, 0.010221626318214463]
[0.6309573444801932, 0.6309573444801932, 0.6309573444801932, 0.6309573444801932, 0.6309573444801932, 0.010214567907068034]
[0.6309573444801932, 0.6309573444801932, 0.6309573444801932, 0.6309573444801932, 0.6309573444801932, 0.010190605747257863]
[0.6309573444801932, 0.6309573444801932, 0.6309573444801932, 0.6309573444801932, 0.6309573444801932, 0.01015780800773511]
[0.6309573444801932, 0.6309573444801932, 0.6309573444801934, 0.6309573444801932, 0.6309573444801932, 0.01012768068369303]
[0.6309573444801932, 0.6309573444801932, 0.6309573444801932, 0.6309573444801932, 0.6309573444801932, 0.009098713705213899]
[0.6309573444801932, 0.6309573444801932, 0.6309573444801932, 0.6309573444801932, 0.6309573444801932, 0.009095152806565183]
[0.6309573444801932, 0.6309573444801932, 0.6309573444801932, 0.6309573444801931, 0.6309573444801932, 0.009101437686016999]
[0.6309573444801932, 0.6309573444801932, 0.6309573444801932, 0.6309573444801932, 0.6309573444801932, 0.009104372115829481]
[0.6309573444801934, 0.6309573444801932, 0.6309573444801932, 0.6309573444801932, 0.6309573444801932, 0.009107307491742857]
[0.6309573444801932, 0.6309573444801932, 0.6309573444801932, 0.6309573444801932, 0.6309573444801932, 0.009110034045361223]
[0.6309573444801932, 0.6309573444801932, 0.6309573444801932, 0.6309573444801932, 0.6309573444801932, 0.009103743229805237]
[0.6309573444801932, 0.6309573444801932, 0.6309573444801932, 0.6309573444801932, 0.6309573444801932, 0.009082386932394708]
[0.6309573444801931, 0.6309573444801932, 0.6309573444801932, 0.6309573444801932, 0.6309573444801932, 0.00905315591627639]
[0.6309573444801932, 0.6309573444801932, 0.6309573444801932, 0.6309573444801934, 0.6309573444801932, 0.009026304910460426]
[0.6309573444801932, 0.6309573444801932, 0.6309573444801932, 0.6309573444801932, 0.6309573444801932, 0.01020892468766019]
[0.6309573444801932, 0.6309573444801932, 0.6309573444801932, 0.6309573444801932, 0.6309573444801932, 0.010204929293662431]
[0.6309573444801932, 0.6309573444801932, 0.6309573444801932, 0.6309573444801932, 0.6309573444801932, 0.010211981044390432]
[0.6309573444801932, 0.6309573444801932, 0.6309573444801932, 0.6309573444801932, 0.6309573444801932, 0.01021527352879289]
[0.6309573444801932, 0.6309573444801932, 0.6309573444801932, 0.6309573444801932, 0.6309573444801932, 0.01021856707473801]
[0.6309573444801932, 0.6309573444801932, 0.6309573444801932, 0.6309573444801932, 0.6309573444801932, 0.010221626318214463]
[0.6309573444801932, 0.6309573444801932, 0.6309573444801932, 0.6309573444801932, 0.6309573444801932, 0.010214567907068034]
[0.6309573444801932, 0.6309573444801932, 0.6309573444801934, 0.6309573444801932, 0.6309573444801932, 0.010190605747257863]
[0.6309573444801932, 0.6309573444801932, 0.6309573444801932, 0.6309573444801932, 0.6309573444801932, 0.01015780800773511]
[0.6309573444801932, 0.6309573444801932, 0.6309573444801932, 0.6309573444801932, 0.6309573444801932, 0.01012768068369303]
