[136.8496407389529, 79.91496137082723, 50.60501823295792, 37.05422467690798, 31.08245311337038, 31.082453113370384]
[136.8496407389529, 79.91496137082723, 50.60501823295792, 37.05422467690798, 31.08245311337038, 31.082453113370384]
[136.8496407389529, 79.91496137082723, 50.60501823295792, 37.05422467690798, 31.08245311337038, 31.082453113370384]
[136.8496407389529, 79.91496137082723, 50.60501823295792, 37.05422467690798, 31.08245311337038, 31.082453113370384]
[136.8496407389529, 79.91496137082723, 50.60501823295792, 37.05422467690798, 31.08245311337038, 31.082453113370384]
[136.8496407389529, 79.91496137082723, 50.60501823295792, 37.05422467690798, 31.08245311337038, 31.082453113370384]
[136.8496407389529, 79.91496137082723, 50.60501823295792, 37.05422467690798, 31.08245311337038, 31.082453113370384]
[136.8496407389529, 79.91496137082723, 50.60501823295792, 37.05422467690798, 31.08245311337038, 31.082453113370384]
[136.8496407389529, 79.91496137082723, 50.60501823295792, 37.05422467690798, 31.08245311337038, 31.082453113370384]
[136.8496407389529, 79.91496137082723, 50.60501823295792, 37.05422467690798, 31.08245311337038, 31.082453113370384]
[136.8496407389529, 79.91496137082723, 50.60501823295792, 37.05422467690798, 31.08245311337038, 31.082453113370384]
[136.8496407389529, 79.91496137082723, 50.60501823295792, 37.05422467690798, 31.08245311337038, 31.082453113370384]
[136.8496407389529, 79.91496137082723, 50.60501823295792, 37.05422467690798, 31.08245311337038, 31.082453113370384]
[192.86339969862058, 80.56974464198807, 50.86679157958259, 40.21684428062549, 31.08245311337038, 31.082453113370384]
[192.86339969862058, 80.56974464198807, 50.86679157958259, 40.21684428062549, 31.08245311337038, 31.082453113370384]
[192.86339969862058, 80.56974464198807, 50.86679157958259, 40.21684428062549, 31.08245311337038, 31.082453113370384]
[136.8496407389529, 68.42482111151647, 68.42482111151647]
[136.8496407389529, 68.42482111151647, 68.42482111151647]
[136.8496407389529, 68.42482111151647, 68.42482111151647]
[136.8496407389529, 68.42482111151647, 68.42482111151647]
[192.86339969862058, 80.56974464198807, 50.86679157958259, 40.12050887359633, 40.12050887359632]
[136.8496407389529, 66.23890161748598, 44.753835988683235, 35.02595475196578, 35.02595475196577]
[136.8496407389529, 68.42482111151647, 68.42482111151647]
[192.86339969862058, 80.56974464198807, 50.86679157958259, 40.12050887359633, 40.12050887359632]
[136.8496407389529, 66.23890161748598, 44.753835988683235, 35.02595475196578, 35.02595475196577]
[136.8496407389529, 66.23890161748598, 44.753835988683235, 35.02595475196578, 35.02595475196577]
[136.8496407389529, 68.42482111151647, 68.42482111151647]
[136.8496407389529, 68.42482111151647, 68.42482111151647]
[192.86339969862058, 80.56974464198807, 50.86679157958259, 40.12050887359633, 40.12050887359632]
[136.8496407389529, 66.23890161748598, 44.753835988683235, 35.02595475196578, 35.02595475196577]
[136.8496407389529, 66.23890161748598, 44.753835988683235, 35.02595475196578, 35.02595475196577]
[136.8496407389529, 68.42482111151647, 68.42482111151647]
[136.8496407389529, 68.42482111151647, 68.42482111151647]
[192.86339969862058, 80.56974464198807, 50.86679157958259, 40.12050887359633, 40.12050887359632]
[192.46128681081092, 80.40175977127593, 50.76073624224535, 40.036859129277275, 40.03685912927727]
[136.70697757734342, 68.3534895291654, 68.3534895291654]
[191.9855013031456, 79.8733064527354, 79.8733064527354]
[160.17763214886153, 73.69493959482938, 47.856423362255754, 35.55607463598256, 35.55607463598257]
[160.51246910328857, 73.84899224961336, 47.95646291908568, 35.630401418183126, 35.630401418183126]
[162.7726185447413, 74.88884766920843, 48.631729927604745, 36.13210719799115, 36.13210719799114]
[162.01923539777033, 74.54222919604814, 48.4066409247811, 35.96487193806399, 35.96487193806399]
[162.94003702182158, 74.96587399657221, 48.681749706007835, 36.169270589084874, 36.169270589084874]
[161.55883458564395, 74.33040679576483, 48.2690865341588, 35.86267261254863, 35.86267261254863]
