[0.0037499274079835403, 0.006485266656227524, 0.009996841253505013, 0.013093973009893565, 0.01562674791178274, 0.00022678832421890832]
[0.003859801592191695, 0.006644843391048665, 0.010255056801378356, 0.013347849227750898, 0.015924414616115715, 0.000233789577436022]
[0.003980446431532141, 0.006819241188678571, 0.010537654928427195, 0.013633680720952467, 0.016257580649127388, 0.00024158725517551635]
[0.004119090261847104, 0.0070186701439925, 0.010861295609460092, 0.01395797993408419, 0.016635379145134424, 0.0002504953351101822]
[0.004317821335374751, 0.007302913584234219, 0.011323365843711233, 0.014420710624255829, 0.017173336371910965, 0.00026324299141930853]
[0.004567616576132463, 0.007657478343337847, 0.01190107711556742, 0.014998922718565677, 0.01784363606477911, 0.00027925264482278194]
[0.0047822925195734525, 0.007959758185527506, 0.012394789540122972, 0.015486199440728125, 0.018407825147830417, 0.00029291103899867324]
[0.004990038412458665, 0.008250343884270095, 0.012870351768859482, 0.015943816332089435, 0.018938106059497594, 0.00030594451932880386]
[0.005292057584200492, 0.00867000228091897, 0.013558519236662602, 0.016608190352118538, 0.01970559851666884, 0.0003249190832464818]
[0.00566762382077726, 0.009187384327978032, 0.014409130491952993, 0.017437001603686386, 0.020658588012321323, 0.00034865564077404126]
[0.0022871177922857023, 0.005991951493690517, 0.009096542919342856, 0.011554011141772794, 0.0157814639356465, 0.00024541402194483235]
[0.0023241837968963662, 0.0061356852081967525, 0.009235915956266168, 0.011735312645215237, 0.016093917382537903, 0.0002531765263809075]
[0.0023642330336564182, 0.006292768059003028, 0.009396259206406007, 0.01194098145754712, 0.01644372157236121, 0.0002618292833832649]
[0.0024094806228036423, 0.006472397400002404, 0.009576557669216465, 0.012172513835249128, 0.016841044038310278, 0.000271728974977429]
[0.0024730878154118428, 0.006728432429375152, 0.009833263761241044, 0.012501273442249982, 0.017407685515309423, 0.0002859191032618382]
[0.002550898750639587, 0.007047791657974095, 0.010153133400370341, 0.012909359695709508, 0.018115199817743205, 0.0003037785235640752]
[0.002615818810458954, 0.0073200103269235395, 0.010418881512332666, 0.013248793026797651, 0.018712358283247795, 0.00031905222907816947]
[0.0026771039670811002, 0.007581661321492326, 0.010662478971593505, 0.013562012192310426, 0.019275293110086834, 0.00033366228847389113]
[0.002764035996564163, 0.007959505672794227, 0.011016385304659421, 0.014014738723256339, 0.020091481077036375, 0.0003549748151333541]
[0.0028686344154559337, 0.008425248302371577, 0.011460196951965007, 0.014577575845158522, 0.02110699365486527, 0.00038170024678906874]
[0.0037499274079835403, 0.007977380201857244, 0.013243430965520745, 0.01639352816474957, 0.01899181230010036, 0.000323831055292837]
[0.003859801592191695, 0.008218406329514365, 0.013674868999074092, 0.016908233852392644, 0.019503604162477373, 0.0003364159231424278]
[0.003980446431532141, 0.008483186546346236, 0.01414996655526834, 0.017474591193050365, 0.020071390999283793, 0.00035042539674620275]
[0.004119090261847104, 0.008787620464908242, 0.014697617817316084, 0.018126912978578612, 0.02072366540436271, 0.0003666346531896323]
[0.004317821335374751, 0.009224233408434182, 0.015485442593062023, 0.019064443216756793, 0.02166114931864641, 0.0003901069045471901]
[0.004567616576132463, 0.009773456698166164, 0.016480489033783543, 0.020247085591243656, 0.022843653918618617, 0.00042002922610492465]
[0.0047822925195734525, 0.010245857776023583, 0.017339975657038837, 0.021267256690378638, 0.023859714519715216, 0.00044606536343482997]
[0.004990038412458665, 0.010703319330235068, 0.018175263070267626, 0.022257614552350775, 0.024839352758544264, 0.000471461689811771]
[0.005292057584200492, 0.011368799937980519, 0.019394965030617887, 0.02370215489805971, 0.0262697768650749, 0.0005089111579280668]
[0.00566762382077726, 0.01219704163048401, 0.020920405806779455, 0.025506193617456867, 0.02806080564097488, 0.0005564116273251083]
[0.0029309037540935284, 0.006806958302480774, 0.010157150873718638, 0.014954873949959676, 0.019182326743833373, 0.00029830008012315723]
[0.002985846180022577, 0.006856032172475677, 0.010303720593751503, 0.015258554165477693, 0.01961715890280037, 0.00030860132001560525]
[0.003045268380968829, 0.0069202740972282165, 0.010475246514013808, 0.015602892401239346, 0.020105632516053427, 0.0003201369793620039]
[0.0031124654055723886, 0.00698865656008286, 0.010667211763976807, 0.01599381041925174, 0.020662340622312893, 0.0003333853070607435]
[0.003206990445107797, 0.0070843696704069896, 0.010940599900506533, 0.016552946999275047, 0.021459359072334483, 0.0003524673453653328]
[0.003322807829313725, 0.007201149672683156, 0.01128157029262381, 0.017254090400580086, 0.022459930522613775, 0.00037663644906795797]
[0.0034196691782733823, 0.007289180937284773, 0.01156302172593111, 0.017846008759057175, 0.023309574015507314, 0.00039743635921978487]
[0.003511274302563984, 0.007355713660799717, 0.011817372663347687, 0.018401538679699517, 0.024114819597475926, 0.0004174362406358555]
[0.003641353500098012, 0.007452481971163465, 0.012188264156534909, 0.01921129935622334, 0.025288041710003383, 0.00044678726753264857]
[0.0037981721571889904, 0.0075788170981710215, 0.012657192565691188, 0.020227644328941977, 0.02675706213864872, 0.00048387645292717813]
[0.0032444242764485373, 0.007471877070322239, 0.012175042516041509, 0.015518857166583683, 0.0002358369348124248]
[0.003240141297479848, 0.007598746034802513, 0.012452298259801244, 0.015791701997533023, 0.00024276753539291928]
[0.0032430643349481616, 0.007745804449762255, 0.012764596544119744, 0.016107007049356463, 0.0002506299406181149]
[0.00324353696575613, 0.00791206716881727, 0.013120874798850933, 0.016463769636646967, 0.00025959493808138843]
[0.003244011250181002, 0.008150423323240438, 0.013631762021220292, 0.01697514285609529, 0.0002724680469291594]
[0.0032443335573472134, 0.008450173679380914, 0.014274392207690806, 0.017618102572628577, 0.00028871747591297127]
[0.003238058896512752, 0.008701624152962883, 0.01482083993557494, 0.018158089493860326, 0.0003025543567862078]
[0.003220826175983751, 0.008934107093760156, 0.015339026483795135, 0.0186585345791456, 0.00031563391705650485]
[0.0031979989827692593, 0.00927474133654929, 0.016095239747723592, 0.01939124404505755, 0.0003348044803963727]
[0.0031770431262427056, 0.00970646093594946, 0.01704413409374, 0.0203185578525067, 0.00035907811858742865]
[0.002951992730628764, 0.007039100763375459, 0.011836823839616489, 0.015286433833068543, 0.00024170530405729135]
[0.003017105066030837, 0.007097947432925096, 0.012052781004651285, 0.015586324068676069, 0.000246350643914718]
[0.0030879415951273375, 0.007174003051802878, 0.012301648939028418, 0.015926657960285195, 0.0002519037619161828]
[0.003168547179095472, 0.007255922570779242, 0.012582521226054185, 0.016311793506896724, 0.0002580784341291661]
[0.0032827552663415127, 0.007371447386360086, 0.01298379448512859, 0.016861080915489792, 0.0002668550418156858]
[0.0034240748259912563, 0.007513841383150157, 0.013486361491106444, 0.017547316952329032, 0.000277799027262857]
[0.003543522255492768, 0.00762384066809432, 0.01390682770122038, 0.018123523125801188, 0.00028672306221954236]
[0.0036574985118656643, 0.007710916116256196, 0.01429508213260803, 0.018660776953622765, 0.00029453012513556715]
[0.0038208020929417974, 0.007838466967091584, 0.014861502166780022, 0.019441211904586454, 0.0003058604576318568]
[0.004020029126176186, 0.008004979790284803, 0.015575431553535591, 0.020417128517475954, 0.00032026144769791397]
[0.0032444242764485373, 0.007471877070322239, 0.012269600146563269, 0.016425323642375277, 0.00027195305107764056]
[0.003240141297479848, 0.007598746034802513, 0.012553579606528706, 0.016835354585455164, 0.0002786328183972226]
[0.0032430643349481616, 0.007745804449762255, 0.012873450336987795, 0.017293616405575304, 0.0002864150412986449]
[0.00324353696575613, 0.00791206716881727, 0.013238665824092208, 0.017817842396865628, 0.0002951923600214238]
[0.003244011250181002, 0.008150423323240438, 0.013762770422008944, 0.018569802460089675, 0.0003077494488768011]
[0.0032443335573472134, 0.008450173679380914, 0.0144226937873372, 0.019516035656709743, 0.00032352779878785096]
[0.003238058896512752, 0.008701624152962883, 0.014984611186088943, 0.02032394324446467, 0.0003366882601760342]
[0.003220826175983751, 0.008934107093760156, 0.01551827311011199, 0.0210955815567648, 0.00034865147139549594]
[0.0031979989827692593, 0.00927474133654929, 0.016297776536237724, 0.022220879024132514, 0.00036606755197304255]
[0.0031770431262427056, 0.00970646093594946, 0.01727691269920025, 0.02362974987885828, 0.0003881227721375085]
[0.004342601793887348, 0.00857005458776105, 0.013367777664002087, 0.01681738765745414, 0.00026591236658487057]
[0.004335826805752886, 0.008694431543075552, 0.013649265114801749, 0.017182808178826538, 0.0002715839758281478]
[0.004341579870738664, 0.008844319985552754, 0.013971965872778292, 0.017596974894035076, 0.0002783223062368498]
[0.004343073007920749, 0.009011603210981888, 0.014338201866256828, 0.018067474147099367, 0.0002858560853275347]
[0.004344569175223746, 0.009250981248283184, 0.014863328347051688, 0.018740614777412887, 0.00029660183502730686]
[0.004345801009534983, 0.009551641131568684, 0.015524161239524964, 0.01958511670074755, 0.00031006030056207915]
[0.0043355538016496605, 0.009799119058099794, 0.01608210609122586, 0.020298801515806663, 0.0003211370377381568]
[0.004306269159847613, 0.010019550077624017, 0.016603716093975852, 0.020969410914990588, 0.00033096817116247065]
[0.004267332348959184, 0.010344074702739212, 0.01736710990242765, 0.021946819640234087, 0.00034528013642720547]
[0.004231713488105798, 0.010761131297812553, 0.018331583061063337, 0.023173280025003705, 0.0003634942201771631]
[0.0032444242764485373, 0.007471877070322239, 0.012737927833985741, 0.015888025033214563, 0.018486309168565355, 0.00031521167711280146]
[0.003240141297479848, 0.007598746034802513, 0.013055208704362236, 0.016288573557680784, 0.018883943867765512, 0.0003257274581621315]
[0.0032430643349481616, 0.007745804449762255, 0.013412584458684361, 0.01673720909646638, 0.019334008902699807, 0.0003375514801472879]
[0.00324353696575613, 0.00791206716881727, 0.01382206452122511, 0.017251359682487633, 0.01984811210827173, 0.000351144720651261]
[0.003244011250181002, 0.008150423323240438, 0.014411632507868278, 0.017990633131563048, 0.02058733923345266, 0.00037076810020932933]
[0.0032443335573472134, 0.008450173679380914, 0.015157206014998292, 0.018923802572458404, 0.02152037089983337, 0.0003956978496850981]
[0.003238058896512752, 0.008701624152962883, 0.015795742033978138, 0.019723023067317942, 0.022315480896654527, 0.0004171953980490467]
[0.003220826175983751, 0.008934107093760156, 0.01640605083379272, 0.020488402315875863, 0.023070140522069356, 0.00043788127414022326]
[0.0031979989827692593, 0.00927474133654929, 0.01730090642918666, 0.021608096296628486, 0.02417571826364368, 0.0004683440151960551]
[0.0031770431262427056, 0.00970646093594946, 0.01842982511224491, 0.023015612922922323, 0.025570224946440335, 0.0005070264430591616]
[0.0029309037540935284, 0.006806958302480774, 0.010157150873718638, 0.014954873949959676, 0.01840448394341173, 0.0002910071398037053]
[0.002985846180022577, 0.006856032172475677, 0.010303720593751503, 0.015258554165477693, 0.01879209722950248, 0.00029701969704965577]
[0.003045268380968829, 0.0069202740972282165, 0.010475246514013808, 0.015602892401239346, 0.019227901422496127, 0.0003041178327655605]
[0.0031124654055723886, 0.00698865656008286, 0.010667211763976807, 0.01599381041925174, 0.019723082700094284, 0.00031205043745117616]
[0.003206990445107797, 0.0070843696704069896, 0.010940599900506533, 0.016552946999275047, 0.020430233429636246, 0.00032334289975213213]
[0.003322807829313725, 0.007201149672683156, 0.01128157029262381, 0.017254090400580086, 0.021315045861802672, 0.0003374475438358138]
[0.0034196691782733823, 0.007289180937284773, 0.01156302172593111, 0.017846008759057175, 0.022062704183637982, 0.00034904284671730693]
[0.003511274302563984, 0.007355713660799717, 0.011817372663347687, 0.018401538679699517, 0.02276723350071425, 0.0003593438873751838]
[0.003641353500098012, 0.007452481971163465, 0.012188264156534909, 0.01921129935622334, 0.023791009094029775, 0.00037429399796351845]
[0.0037981721571889904, 0.0075788170981710215, 0.012657192565691188, 0.020227644328941977, 0.025069341292882345, 0.00039323568583209074]
[0.0032444242764485373, 0.005979763524692519, 0.009491338121970007, 0.012588469878358554, 0.01512124478024773, 0.0002194520435842285]
[0.003240141297479848, 0.006025183096336817, 0.009635396506666507, 0.012728188933039047, 0.015304754321403862, 0.00022469221832129794]
[0.0032430643349481616, 0.006081859092094591, 0.009800272831843213, 0.012896298624368484, 0.015520198552543411, 0.0002306297750575351]
[0.00324353696575613, 0.0061431168479015264, 0.009985742313369121, 0.013082426637993222, 0.01575982584904346, 0.00023731126431758597]
[0.003244011250181002, 0.006229103499040473, 0.010249555758517484, 0.01334690053906208, 0.01609952628671722, 0.0002467829994340022]
[0.0032443335573472134, 0.006334195324552598, 0.010577794096782174, 0.01367563969978044, 0.016520353045993866, 0.00025854328483004726]
[0.003238058896512752, 0.0064155245624668055, 0.010850555917062266, 0.013941965817667419, 0.016863591524769708, 0.00026833871329724675]
[0.003220826175983751, 0.006481131647795181, 0.011101139532384572, 0.014174604095614527, 0.017168893823022682, 0.0002773629502121024]
[0.0031979989827692593, 0.006575943679487736, 0.011464460635231374, 0.01451413175068731, 0.017611539915237614, 0.00029039084496608155]
[0.0031770431262427056, 0.006696803633443479, 0.011918549797418443, 0.01494642090915184, 0.01816800731778678, 0.0003066220319216605]
[0.0022871177922857023, 0.005991951493690517, 0.009096542919342856, 0.011554011141772794, 0.015003621135224852, 0.00023723353975503155]
[0.0023241837968963662, 0.0061356852081967525, 0.009235915956266168, 0.011735312645215237, 0.015268855709240019, 0.00024133287741473895]
[0.0023642330336564182, 0.006292768059003028, 0.009396259206406007, 0.01194098145754712, 0.015565990478803905, 0.00024619926976142403]
[0.0024094806228036423, 0.006472397400002404, 0.009576557669216465, 0.012172513835249128, 0.015901786116091665, 0.00025159146717757886]
[0.0024730878154118428, 0.006728432429375152, 0.009833263761241044, 0.012501273442249982, 0.016378559872611182, 0.0002592183325370993]
[0.002550898750639587, 0.007047791657974095, 0.010153133400370341, 0.012909359695709508, 0.016970315156932102, 0.00026866426677920864]
[0.002615818810458954, 0.0073200103269235395, 0.010418881512332666, 0.013248793026797651, 0.017465488451378464, 0.00027631262956870074]
[0.0026771039670811002, 0.007581661321492326, 0.010662478971593505, 0.013562012192310426, 0.01792770701332516, 0.00028295980403984994]
[0.002764035996564163, 0.007959505672794227, 0.011016385304659421, 0.014014738723256339, 0.01859444846106277, 0.00029253868244555884]
[0.0028686344154559337, 0.008425248302371577, 0.011460196951965007, 0.014577575845158522, 0.01941927280909889, 0.00030460916273115544]
[0.003906219996131963, 0.007007555269882869, 0.010920475431616528, 0.014343076836299784, 0.00023207177552032518]
[0.0038998846001899595, 0.00707183151256376, 0.010978777618894037, 0.014483723372127123, 0.00023425572935249845]
[0.0039054858960556713, 0.007154291097858707, 0.011066190525713499, 0.014660833877473821, 0.00023728411906364546]
[0.003907028908858074, 0.007243338043242046, 0.011156475243603421, 0.01485332083143598, 0.00024047700915350714]
[0.003908575215073854, 0.007368937433771967, 0.011283315123285727, 0.015125172920156776, 0.00024495727857635677]
[0.003909869911180223, 0.007523864312013841, 0.011439252003780098, 0.01546092585893823, 0.0002504698741463759]
[0.0039002218420960653, 0.007644197533349048, 0.011550582889690797, 0.015724614291403188, 0.00025456576723790315]
[0.0038724443224897437, 0.007740547227782797, 0.011621325470211802, 0.01594102617754683, 0.00025746385932939447]
[0.0038355168842267077, 0.007881599124814856, 0.011728352014248935, 0.01625714323725747, 0.0002617244116468075]
[0.003801790842139969, 0.008065227817519754, 0.011880849882147087, 0.016665372079788677, 0.00026750075639119723]
[0.002735339348243982, 0.0062469139455214664, 0.009344045701910018, 0.011876820603799194, 0.00017236626948805356]
[0.0027850418988569683, 0.0063952553091866544, 0.0094880477355592, 0.012064613123924013, 0.0001771230448444124]
[0.002838794857146429, 0.006557208596895055, 0.009653234389420326, 0.01227713431759525, 0.00018243791897585757]
[0.002899579982145396, 0.00674220544761299, 0.009838889772237097, 0.01251628898328733, 0.00018847012597975307]
[0.0029850923488594703, 0.007005544608336483, 0.010102889388881086, 0.012855515136536226, 0.00019705689025652202]
[0.003089861867205387, 0.007333460639434965, 0.010431306242433228, 0.013276019588646654, 0.00020776951342145263]
[0.0031774657659540515, 0.007612497120549512, 0.010703907021154669, 0.013625532728256961, 0.00021681371461824042]
[0.003260305571811429, 0.007880313456400818, 0.010953778019630774, 0.01394806774703893, 0.0002253306042867639]
[0.0033779447967184763, 0.008266461752462111, 0.011316132867918055, 0.014413541032468358, 0.00023766010124704655]
[0.0035197606072007743, 0.008741506771175734, 0.011769377882909127, 0.014990964291544066, 0.00025300297666867345]
[0.0022871177922857023, 0.005991951493690517, 0.009096542919342856, 0.011554011141772794, 0.0001881416150154345]
[0.0023241837968963662, 0.0061356852081967525, 0.009235915956266168, 0.011735312645215237, 0.00019331089596817208]
[0.0023642330336564182, 0.006292768059003028, 0.009396259206406007, 0.01194098145754712, 0.00019909397905222144]
[0.0024094806228036423, 0.006472397400002404, 0.009576557669216465, 0.012172513835249128, 0.0002056587613824119]
[0.0024730878154118428, 0.006728432429375152, 0.009833263761241044, 0.012501273442249982, 0.0002150088793240348]
[0.002550898750639587, 0.007047791657974095, 0.010153133400370341, 0.012909359695709508, 0.00022668283733225477]
[0.002615818810458954, 0.0073200103269235395, 0.010418881512332666, 0.013248793026797651, 0.0002365427134983708]
[0.0026771039670811002, 0.007581661321492326, 0.010662478971593505, 0.013562012192310426, 0.0002458273863532562]
[0.002764035996564163, 0.007959505672794227, 0.011016385304659421, 0.014014738723256339, 0.00025928094126068617]
[0.0028686344154559337, 0.008425248302371577, 0.011460196951965007, 0.014577575845158522, 0.00027604594431010374]
[0.004087108132746699, 0.00888483120898773, 0.012334441202439785, 0.015281986040338813, 0.00024726337830685287]
[0.0040808424668942606, 0.009035676038620452, 0.012569219102645237, 0.015513123378210373, 0.00025090495987319176]
[0.004086061556675538, 0.009213707443901075, 0.012838716465157857, 0.015784833984222767, 0.00025547594753577344]
[0.00408737549168377, 0.009413974146958713, 0.013143246427801252, 0.016089586618335785, 0.0002604922974736295]
[0.004088692220018572, 0.009701039318787078, 0.01357832574914828, 0.016524889969822997, 0.000267626168451079]
[0.004089766657158904, 0.010062286765115187, 0.014123242226337783, 0.017069907082362817, 0.0002765356691842621]
[0.004080318512601553, 0.01036330554572762, 0.014580000970308428, 0.01752140925406024, 0.000283654079342834]
[0.004053417704390529, 0.01063758372074236, 0.01500327854175709, 0.017930526132029515, 0.00028959631621841466]
[0.004017664974149788, 0.011040700173838227, 0.015620409911644652, 0.0185289389752244, 0.00029829814383478963]
[0.003984950764108617, 0.011555402527359407, 0.016397099491299773, 0.01928841867486741, 0.0003096040436669658]
[0.0030763313842777046, 0.006320755560726241, 0.010548208354599947, 0.015251373800319226, 0.0002467680705723213]
[0.0030724814350613274, 0.006312622632541176, 0.010671227369863845, 0.015524779594862573, 0.0002510934842921686]
[0.003074880213281306, 0.006317944448229469, 0.01082068456304356, 0.015839476657401052, 0.00025636033369530253]
[0.0030751540956579612, 0.006318690961414093, 0.010987221164475234, 0.016196028794508887, 0.00026221560881015734]
[0.00307542940439462, 0.006319440554575622, 0.011225852627635055, 0.016707191325614917, 0.00027057860041541427]
[0.0030755729649002243, 0.006319906422247438, 0.011525746544281136, 0.01734996507259102, 0.00028107266070767666]
[0.0030699976926082846, 0.006308056489121034, 0.011771621745571167, 0.017890837528183223, 0.00028963475335484496]
[0.0030549177416559136, 0.006275743817639664, 0.011989024735416067, 0.018393944125451044, 0.0002970809902751605]
[0.003034973597192633, 0.006232972479961896, 0.012309714833741926, 0.019130213244916223, 0.0003079780828115716]
[0.003016640891326739, 0.006193683917569446, 0.012723101727276198, 0.02006077488506674, 0.0003220013588569654]
[0.003377306460356991, 0.007604759254230693, 0.01081115713098914, 0.015063360538461714, 0.00022745834295127541]
[0.0033728127783003905, 0.007731417515623057, 0.010933626389151255, 0.015331696240430532, 0.00023141963602143863]
[0.003375917810361167, 0.00787865792517526, 0.011083678267145606, 0.015642953322831166, 0.00023628097234428715]
[0.003376438858342803, 0.00804496906140394, 0.011250420347697417, 0.01599624154898309, 0.00024169515991844616]
[0.0033769616200343324, 0.008283373693093767, 0.011489257521476996, 0.016504711106076354, 0.0002494582819347455]
[0.0033773240938293507, 0.008583164215863057, 0.011789332947283465, 0.017147443487974725, 0.0002592503672277153]
[0.0033707301143010696, 0.008834295370751201, 0.012034340645074353, 0.017690282864526695, 0.0002672728085042874]
[0.0033525807272298896, 0.009065861645006295, 0.012249137353579392, 0.01819608619643187, 0.0002742697972293258]
[0.003328531369518439, 0.009405273723298468, 0.012566341664078268, 0.01894074186093264, 0.0002845751577103045]
[0.003306454818251363, 0.00983587262795812, 0.012976547882251888, 0.019889592294491817, 0.00029794484851606494]
[0.003906219996131963, 0.007007555269882869, 0.010920475431616528, 0.014343076836299784, 0.00023207177552032518]
[0.0038998846001899595, 0.00707183151256376, 0.010978777618894037, 0.014483723372127123, 0.00023425572935249845]
[0.0039054858960556713, 0.007154291097858707, 0.011066190525713499, 0.014660833877473821, 0.00023728411906364546]
[0.003907028908858074, 0.007243338043242046, 0.011156475243603421, 0.01485332083143598, 0.00024047700915350714]
[0.003908575215073854, 0.007368937433771967, 0.011283315123285727, 0.015125172920156776, 0.00024495727857635677]
[0.003909869911180223, 0.007523864312013841, 0.011439252003780098, 0.01546092585893823, 0.0002504698741463759]
[0.0039002218420960653, 0.007644197533349048, 0.011550582889690797, 0.015724614291403188, 0.00025456576723790315]
[0.0038724443224897437, 0.007740547227782797, 0.011621325470211802, 0.01594102617754683, 0.00025746385932939447]
[0.0038355168842267077, 0.007881599124814856, 0.011728352014248935, 0.01625714323725747, 0.0002617244116468075]
[0.003801790842139969, 0.008065227817519754, 0.011880849882147087, 0.016665372079788677, 0.00026750075639119723]
[0.004087108132746699, 0.00888483120898773, 0.012334441202439785, 0.015281986040338813, 0.017931210447964925, 0.00027076318097749057]
[0.0040808424668942606, 0.009035676038620452, 0.012569219102645237, 0.015513123378210373, 0.01815938655498128, 0.00027410134932391307]
[0.004086061556675538, 0.009213707443901075, 0.012838716465157857, 0.015784833984222767, 0.018432537503635958, 0.00027841660038549547]
[0.00408737549168377, 0.009413974146958713, 0.013143246427801252, 0.016089586618335785, 0.018737233776755007, 0.0002831101731137593]
[0.004088692220018572, 0.009701039318787078, 0.01357832574914828, 0.016524889969822997, 0.019172481824154444, 0.0002897799510418511]
[0.004089766657158904, 0.010062286765115187, 0.014123242226337783, 0.017069907082362817, 0.019717350948531363, 0.0002981045237296909]
[0.004080318512601553, 0.01036330554572762, 0.014580000970308428, 0.01752140925406024, 0.02016467936887316, 0.00030465711197385]
[0.004053417704390529, 0.01063758372074236, 0.01500327854175709, 0.017930526132029515, 0.020562924341035006, 0.00030994517329575866]
[0.004017664974149788, 0.011040700173838227, 0.015620409911644652, 0.0185289389752244, 0.02114702112397813, 0.0003177233983570534]
[0.003984950764108617, 0.011555402527359407, 0.016397099491299773, 0.01928841867486741, 0.021893304171579617, 0.00032796032710654847]
[0.002389738209938326, 0.00546606949421603, 0.008710493670664565, 0.01293794646453827, 0.01764111191025755, 0.00028543416519982847]
[0.002387148913755933, 0.005459630248817259, 0.008699771446297109, 0.013058376183619777, 0.017911928408618508, 0.00028970256788703305]
[0.002388303636415104, 0.005463183749696409, 0.008706247984644575, 0.013208988099458668, 0.018227780193816157, 0.00029501478578384193]
[0.0023881853268109578, 0.005463339322468918, 0.00870687618822505, 0.0133754063912862, 0.018584214021319857, 0.0003008806081840765]
[0.002388067974395429, 0.005463497278790049, 0.008707508428971056, 0.013613920502030488, 0.01909525920001035, 0.00030925416535973005]
[0.002387871848010889, 0.005463444712911113, 0.008707778170258326, 0.013913618292292027, 0.019737836820601908, 0.00031975662709227766]
[0.002384251655050847, 0.005454249247659131, 0.008692308044171879, 0.014155873300622011, 0.020275089083234065, 0.00032823339972873453]
[0.0023749338684915873, 0.0054298515101475, 0.00865067758613125, 0.014363958503907653, 0.02076887789394263, 0.0003354385970488572]
[0.00236268528556819, 0.005397658782760824, 0.008595657665530087, 0.014672400019310116, 0.02149289843048442, 0.00034601504792130275]
[0.0023513878044729326, 0.00536802859579967, 0.008545071622042376, 0.015074489431749124, 0.022412162589539663, 0.000359744169908769]
[0.002951992730628764, 0.007039100763375459, 0.011836823839616489, 0.016064276633490193, 0.00024981197906198655]
[0.003017105066030837, 0.007097947432925096, 0.012052781004651285, 0.01641138574197396, 0.0002581706825311729]
[0.0030879415951273375, 0.007174003051802878, 0.012301648939028418, 0.016804389053842496, 0.000267572101868748]
[0.003168547179095472, 0.007255922570779242, 0.012582521226054185, 0.017251051429115333, 0.0002783444132948628]
[0.0032827552663415127, 0.007371447386360086, 0.01298379448512859, 0.017890206558188026, 0.00029384445231318016]
[0.0034240748259912563, 0.007513841383150157, 0.013486361491106444, 0.018692201613140134, 0.0003134544175792115]
[0.003543522255492768, 0.00762384066809432, 0.01390682770122038, 0.01937039295767052, 0.00033027194957022815]
[0.0036574985118656643, 0.007710916116256196, 0.01429508213260803, 0.020008363050384434, 0.0003463519940204759]
[0.0038208020929417974, 0.007838466967091584, 0.014861502166780022, 0.020938244520560065, 0.00036993536959292804]
[0.004020029126176186, 0.008004979790284803, 0.015575431553535591, 0.02210484936324233, 0.0003997455343546719]
[0.0037499274079835403, 0.007977380201857244, 0.012680545647576516, 0.016024360298118684, 0.0002435189637015109]
[0.003859801592191695, 0.008218406329514365, 0.013071958554513097, 0.01641136229224488, 0.00025229363983381793]
[0.003980446431532141, 0.008483186546346236, 0.013501978640703726, 0.016844389145940452, 0.0002621038308643534]
[0.004119090261847104, 0.008787620464908242, 0.013996428094941905, 0.01733932293273794, 0.0002734003549878401]
[0.004317821335374751, 0.009224233408434182, 0.014705572106414036, 0.018048952941289036, 0.0002897037744376627]
[0.004567616576132463, 0.009773456698166164, 0.015597675226476058, 0.01894138559141384, 0.0003104028379732272]
[0.0047822925195734525, 0.010245857776023583, 0.016365073558635642, 0.01970232311692102, 0.00032828474052017597]
[0.004990038412458665, 0.010703319330235068, 0.017108238720270043, 0.020427746815620512, 0.000345562494026693]
[0.005292057584200492, 0.011368799937980519, 0.018189298349154823, 0.021485302646488784, 0.00037095998441368384]
[0.00566762382077726, 0.01219704163048401, 0.019534714788274544, 0.022809138547041245, 0.00040309271039436163]
[0.002951992730628764, 0.007039100763375459, 0.011836823839616489, 0.015286433833068543, 0.00024170530405729135]
[0.003017105066030837, 0.007097947432925096, 0.012052781004651285, 0.015586324068676069, 0.000246350643914718]
[0.0030879415951273375, 0.007174003051802878, 0.012301648939028418, 0.015926657960285195, 0.0002519037619161828]
[0.003168547179095472, 0.007255922570779242, 0.012582521226054185, 0.016311793506896724, 0.0002580784341291661]
[0.0032827552663415127, 0.007371447386360086, 0.01298379448512859, 0.016861080915489792, 0.0002668550418156858]
[0.0034240748259912563, 0.007513841383150157, 0.013486361491106444, 0.017547316952329032, 0.000277799027262857]
[0.003543522255492768, 0.00762384066809432, 0.01390682770122038, 0.018123523125801188, 0.00028672306221954236]
[0.0036574985118656643, 0.007710916116256196, 0.01429508213260803, 0.018660776953622765, 0.00029453012513556715]
[0.0038208020929417974, 0.007838466967091584, 0.014861502166780022, 0.019441211904586454, 0.0003058604576318568]
[0.004020029126176186, 0.008004979790284803, 0.015575431553535591, 0.020417128517475954, 0.00032026144769791397]
[0.0032444242764485373, 0.007471877070322239, 0.012175042516041509, 0.015518857166583683, 0.0002358369348124248]
[0.003240141297479848, 0.007598746034802513, 0.012452298259801244, 0.015791701997533023, 0.00024276753539291928]
[0.0032430643349481616, 0.007745804449762255, 0.012764596544119744, 0.016107007049356463, 0.0002506299406181149]
[0.00324353696575613, 0.00791206716881727, 0.013120874798850933, 0.016463769636646967, 0.00025959493808138843]
[0.003244011250181002, 0.008150423323240438, 0.013631762021220292, 0.01697514285609529, 0.0002724680469291594]
[0.0032443335573472134, 0.008450173679380914, 0.014274392207690806, 0.017618102572628577, 0.00028871747591297127]
[0.003238058896512752, 0.008701624152962883, 0.01482083993557494, 0.018158089493860326, 0.0003025543567862078]
[0.003220826175983751, 0.008934107093760156, 0.015339026483795135, 0.0186585345791456, 0.00031563391705650485]
[0.0031979989827692593, 0.00927474133654929, 0.016095239747723592, 0.01939124404505755, 0.0003348044803963727]
[0.0031770431262427056, 0.00970646093594946, 0.01704413409374, 0.0203185578525067, 0.00035907811858742865]
[0.002951992730628764, 0.007039100763375459, 0.011836823839616489, 0.015286433833068543, 0.01823397867096756, 0.00029502678213797005]
[0.003017105066030837, 0.007097947432925096, 0.012052781004651285, 0.015586324068676069, 0.018530228344241194, 0.0002997027797563532]
[0.0030879415951273375, 0.007174003051802878, 0.012301648939028418, 0.015926657960285195, 0.01887277547935011, 0.00030545396948970755]
[0.003168547179095472, 0.007255922570779242, 0.012582521226054185, 0.016311793506896724, 0.019258133697431262, 0.00031179144690897484]
[0.0032827552663415127, 0.007371447386360086, 0.01298379448512859, 0.016861080915489792, 0.01980764513616451, 0.00032079149595010223]
[0.0034240748259912563, 0.007513841383150157, 0.013486361491106444, 0.017547316952329032, 0.020493981808354066, 0.00033200631651234593]
[0.003543522255492768, 0.00762384066809432, 0.01390682770122038, 0.018123523125801188, 0.021064931409552998, 0.00034102015647012406]
[0.0036574985118656643, 0.007710916116256196, 0.01429508213260803, 0.018660776953622765, 0.02158802454389519, 0.0003486686523479689]
[0.0038208020929417974, 0.007838466967091584, 0.014861502166780022, 0.019441211904586454, 0.022349740968166207, 0.00035980939086187433]
[0.004020029126176186, 0.008004979790284803, 0.015575431553535591, 0.020417128517475954, 0.02330844770104359, 0.0003741307041020404]
[0.0030763313842777046, 0.006320755560726241, 0.010548208354599947, 0.015251373800319226, 0.0185951884508614, 0.0002825873193777169]
[0.0030724814350613274, 0.006312622632541176, 0.010671227369863845, 0.015524779594862573, 0.018864183332594344, 0.0002900011218277511]
[0.003074880213281306, 0.006317944448229469, 0.01082068456304356, 0.015839476657401052, 0.019181887162637773, 0.00029847601269333065]
[0.0030751540956579612, 0.006318690961414093, 0.010987221164475234, 0.016196028794508887, 0.01953892363230492, 0.0003080828863892064]
[0.00307542940439462, 0.006319440554575622, 0.011225852627635055, 0.016707191325614917, 0.020050572160489902, 0.0003218317679382122]
[0.0030755729649002243, 0.006319906422247438, 0.011525746544281136, 0.01734996507259102, 0.0206936754375288, 0.0003391185693837272]
[0.0030699976926082846, 0.006308056489121034, 0.011771621745571167, 0.017890837528183223, 0.0212280870864686, 0.000353707378544409]
[0.0030549177416559136, 0.006275743817639664, 0.011989024735416067, 0.018393944125451044, 0.021713452220801514, 0.0003673119101717086]
[0.003034973597192633, 0.006232972479961896, 0.012309714833741926, 0.019130213244916223, 0.022426217542250187, 0.00038720559104111926]
[0.003016640891326739, 0.006193683917569446, 0.012723101727276198, 0.02006077488506674, 0.023335198643833432, 0.0004123894661578005]
[0.002951992730628764, 0.007039100763375459, 0.011836823839616489, 0.015286433833068543, 0.01823397867096756, 0.020883203078593673, 0.0003153385830235842]
[0.003017105066030837, 0.007097947432925096, 0.012052781004651285, 0.015586324068676069, 0.018530228344241194, 0.021176491521012097, 0.00031964212459939035]
[0.0030879415951273375, 0.007174003051802878, 0.012301648939028418, 0.015926657960285195, 0.01887277547935011, 0.021520478998763304, 0.00032505880431933095]
[0.003168547179095472, 0.007255922570779242, 0.012582521226054185, 0.016311793506896724, 0.019258133697431262, 0.021905780855850487, 0.0003309853249515229]
[0.0032827552663415127, 0.007371447386360086, 0.01298379448512859, 0.016861080915489792, 0.01980764513616451, 0.022455236990495946, 0.000339396721583595]
[0.0034240748259912563, 0.007513841383150157, 0.013486361491106444, 0.017547316952329032, 0.020493981808354066, 0.023141425674522608, 0.00034987274391661823]
[0.003543522255492768, 0.00762384066809432, 0.01390682770122038, 0.018123523125801188, 0.021064931409552998, 0.02370820152436591, 0.0003581942501727453]
[0.0036574985118656643, 0.007710916116256196, 0.01429508213260803, 0.018660776953622765, 0.02158802454389519, 0.02422042275290068, 0.0003650746850467905]
[0.0038208020929417974, 0.007838466967091584, 0.014861502166780022, 0.019441211904586454, 0.022349740968166207, 0.02496782311691994, 0.0003751290341924664]
[0.004020029126176186, 0.008004979790284803, 0.015575431553535591, 0.020417128517475954, 0.02330844770104359, 0.0259133331977558, 0.00038818011047364896]
[0.002389738209938326, 0.00546606949421603, 0.008710493670664565, 0.01293794646453827, 0.01764111191025755, 0.020984926560799724, 0.00031890368628557475]
[0.002387148913755933, 0.005459630248817259, 0.008699771446297109, 0.013058376183619777, 0.017911928408618508, 0.02125133214635028, 0.00032669901761011786]
[0.002388303636415104, 0.005463183749696409, 0.008706247984644575, 0.013208988099458668, 0.018227780193816157, 0.021570190699052878, 0.0003356387438994157]
[0.0023881853268109578, 0.005463339322468918, 0.00870687618822505, 0.0133754063912862, 0.018584214021319857, 0.021927108859115894, 0.0003457389523913024]
[0.002388067974395429, 0.005463497278790049, 0.008707508428971056, 0.013613920502030488, 0.01909525920001035, 0.022438640034885333, 0.00036016264946226107]
[0.002387871848010889, 0.005463444712911113, 0.008707778170258326, 0.013913618292292027, 0.019737836820601908, 0.023081547185539696, 0.00037824992879360376]
[0.002384251655050847, 0.005454249247659131, 0.008692308044171879, 0.014155873300622011, 0.020275089083234065, 0.023612338641519442, 0.0003934343385805314]
[0.0023749338684915873, 0.0054298515101475, 0.00865067758613125, 0.014363958503907653, 0.02076887789394263, 0.024088385989293096, 0.0004074870721019811]
[0.00236268528556819, 0.005397658782760824, 0.008595657665530087, 0.014672400019310116, 0.02149289843048442, 0.02478890272781838, 0.000427999136006894]
[0.0023513878044729326, 0.00536802859579967, 0.008545071622042376, 0.015074489431749124, 0.022412162589539663, 0.025686586348306364, 0.00045394418077489073]
[0.004342601793887348, 0.00857005458776105, 0.013367777664002087, 0.017595230457875782, 0.0002736195001504222]
[0.004335826805752886, 0.008694431543075552, 0.013649265114801749, 0.018007869852124422, 0.000283285282775658]
[0.004341579870738664, 0.008844319985552754, 0.013971965872778292, 0.018474705987592377, 0.000294168142422107]
[0.004343073007920749, 0.009011603210981888, 0.014338201866256828, 0.019006732069317973, 0.0003066721879663579]
[0.004344569175223746, 0.009250981248283184, 0.014863328347051688, 0.01976974042011113, 0.00032471556587268784]
[0.004345801009534983, 0.009551641131568684, 0.015524161239524964, 0.020730001361558656, 0.0003476268145233233]
[0.0043355538016496605, 0.009799119058099794, 0.01608210609122586, 0.021545671347675998, 0.00036736120409877924]
[0.004306269159847613, 0.010019550077624017, 0.016603716093975852, 0.022316997011752264, 0.00038631528207005853]
[0.004267332348959184, 0.010344074702739212, 0.01736710990242765, 0.0234438522562077, 0.000414204263426484]
[0.004231713488105798, 0.010761131297812553, 0.018331583061063337, 0.02486100087077008, 0.00044958795757295473]
[0.0037499274079835403, 0.007977380201857244, 0.012775103278098275, 0.01693082677391028, 0.0002803226346513598]
[0.003859801592191695, 0.008218406329514365, 0.01317323990124056, 0.017455014880167024, 0.0002888884796895358]
[0.003980446431532141, 0.008483186546346236, 0.013610832433571775, 0.018030998502159286, 0.00029862748539899475]
[0.004119090261847104, 0.008787620464908242, 0.014114219120183182, 0.0186933956929566, 0.00030969785614384413]
[0.004317821335374751, 0.009224233408434182, 0.014836580507202688, 0.019643612545283427, 0.0003255452473311446]
[0.004567616576132463, 0.009773456698166164, 0.015745976806122445, 0.02083931867549499, 0.0003454645716945833]
[0.0047822925195734525, 0.010245857776023583, 0.016528844809149647, 0.021868176867525378, 0.0003622701723866604]
[0.004990038412458665, 0.010703319330235068, 0.017287485346586896, 0.022864793793239704, 0.0003778916441680777]
[0.005292057584200492, 0.011368799937980519, 0.018391835137668955, 0.024314937625563745, 0.00040056514790889685]
[0.00566762382077726, 0.01219704163048401, 0.019767493393734795, 0.02612033057339282, 0.0004290309953878856]
[0.004342601793887348, 0.00857005458776105, 0.013367777664002087, 0.01681738765745414, 0.00026591236658487057]
[0.004335826805752886, 0.008694431543075552, 0.013649265114801749, 0.017182808178826538, 0.0002715839758281478]
[0.004341579870738664, 0.008844319985552754, 0.013971965872778292, 0.017596974894035076, 0.0002783223062368498]
[0.004343073007920749, 0.009011603210981888, 0.014338201866256828, 0.018067474147099367, 0.0002858560853275347]
[0.004344569175223746, 0.009250981248283184, 0.014863328347051688, 0.018740614777412887, 0.00029660183502730686]
[0.004345801009534983, 0.009551641131568684, 0.015524161239524964, 0.01958511670074755, 0.00031006030056207915]
[0.0043355538016496605, 0.009799119058099794, 0.01608210609122586, 0.020298801515806663, 0.0003211370377381568]
[0.004306269159847613, 0.010019550077624017, 0.016603716093975852, 0.020969410914990588, 0.00033096817116247065]
[0.004267332348959184, 0.010344074702739212, 0.01736710990242765, 0.021946819640234087, 0.00034528013642720547]
[0.004231713488105798, 0.010761131297812553, 0.018331583061063337, 0.023173280025003705, 0.0003634942201771631]
[0.0032444242764485373, 0.007471877070322239, 0.012269600146563269, 0.016425323642375277, 0.00027195305107764056]
[0.003240141297479848, 0.007598746034802513, 0.012553579606528706, 0.016835354585455164, 0.0002786328183972226]
[0.0032430643349481616, 0.007745804449762255, 0.012873450336987795, 0.017293616405575304, 0.0002864150412986449]
[0.00324353696575613, 0.00791206716881727, 0.013238665824092208, 0.017817842396865628, 0.0002951923600214238]
[0.003244011250181002, 0.008150423323240438, 0.013762770422008944, 0.018569802460089675, 0.0003077494488768011]
[0.0032443335573472134, 0.008450173679380914, 0.0144226937873372, 0.019516035656709743, 0.00032352779878785096]
[0.003238058896512752, 0.008701624152962883, 0.014984611186088943, 0.02032394324446467, 0.0003366882601760342]
[0.003220826175983751, 0.008934107093760156, 0.01551827311011199, 0.0210955815567648, 0.00034865147139549594]
[0.0031979989827692593, 0.00927474133654929, 0.016297776536237724, 0.022220879024132514, 0.00036606755197304255]
[0.0031770431262427056, 0.00970646093594946, 0.01727691269920025, 0.02362974987885828, 0.0003881227721375085]
[0.004342601793887348, 0.00857005458776105, 0.013367777664002087, 0.01681738765745414, 0.019764932495353157, 0.00031979769958614387]
[0.004335826805752886, 0.008694431543075552, 0.013649265114801749, 0.017182808178826538, 0.020126712454391668, 0.0003255238714752603]
[0.004341579870738664, 0.008844319985552754, 0.013971965872778292, 0.017596974894035076, 0.020543092413099998, 0.0003324878807593048]
[0.004343073007920749, 0.009011603210981888, 0.014338201866256828, 0.018067474147099367, 0.021013814337633906, 0.00034021612272228444]
[0.004344569175223746, 0.009250981248283184, 0.014863328347051688, 0.018740614777412887, 0.0216871789980876, 0.0003512311809863787]
[0.004345801009534983, 0.009551641131568684, 0.015524161239524964, 0.01958511670074755, 0.022531781556772587, 0.00036501905140149413]
[0.0043355538016496605, 0.009799119058099794, 0.01608210609122586, 0.020298801515806663, 0.02324020979955847, 0.0003762357364548436]
[0.004306269159847613, 0.010019550077624017, 0.016603716093975852, 0.020969410914990588, 0.023896658505263017, 0.00038595544949970276]
[0.004267332348959184, 0.010344074702739212, 0.01736710990242765, 0.021946819640234087, 0.024855348703813836, 0.0004001472719311128]
[0.004231713488105798, 0.010761131297812553, 0.018331583061063337, 0.023173280025003705, 0.026064599208571338, 0.00041837049721692415]
[0.0030763313842777046, 0.006320755560726241, 0.010548208354599947, 0.015345931430840988, 0.01950165492665299, 0.0003228876747782386]
[0.0030724814350613274, 0.006312622632541176, 0.010671227369863845, 0.015626060941590036, 0.019907835920516495, 0.00032948378975725676]
[0.003074880213281306, 0.006317944448229469, 0.01082068456304356, 0.015948330450269103, 0.02036849651885661, 0.0003373408797108997]
[0.0030751540956579612, 0.006318690961414093, 0.010987221164475234, 0.016313819819750164, 0.020892996392523587, 0.00034613915510404677]
[0.00307542940439462, 0.006319440554575622, 0.011225852627635055, 0.01683819972640357, 0.021645231764484307, 0.0003587172324879166]
[0.0030755729649002243, 0.006319906422247438, 0.011525746544281136, 0.017498266652237412, 0.022591608521609956, 0.0003745132210578041]
[0.0030699976926082846, 0.006308056489121034, 0.011771621745571167, 0.018054608778697225, 0.023393940837072958, 0.00038754611466652113]
[0.0030549177416559136, 0.006275743817639664, 0.011989024735416067, 0.018573190751767898, 0.024150499198420713, 0.0003991407896391944]
[0.003034973597192633, 0.006232972479961896, 0.012309714833741926, 0.01933275003343035, 0.02525585252132515, 0.0004160658133925745]
[0.003016640891326739, 0.006193683917569446, 0.012723101727276198, 0.020293553490526993, 0.02664639067018503, 0.0004376716244307092]
