[168.25854898868025, 97.2908868557181, 63.11567108850228, 48.18685237883517, 40.37675324655647, 40.37675324655646]
[163.46885439826957, 94.95443419030194, 61.52646023329564, 47.27033799335993, 39.62201184096627, 39.62201184096627]
[158.51421576281004, 92.52603435228544, 59.876447726341254, 46.27931058342356, 38.81003933473087, 38.81003933473087]
[153.1788099727769, 89.89699352380158, 58.09227252139561, 45.20405871478933, 37.928642261498325, 37.928642261498325]
[146.12863652113836, 86.39802966343812, 55.721713242234785, 43.75355424017138, 36.740522098676124, 36.740522098676124]
[138.13710804387256, 82.39753561028851, 53.01682682610787, 42.06684415402673, 35.36035717101497, 35.36035717101497]
[131.93616699475135, 79.26840612160868, 50.90504703107152, 40.74320151274812, 34.276582888693895, 34.276582888693895]
[126.44338426431298, 76.47649035371255, 49.02409474205895, 39.573796595379264, 33.316813333810835, 33.316813333810835]
[119.2272257890626, 72.77476107114883, 46.53585937128499, 37.990734156036964, 32.019192106571666, 32.019192106571666]
[111.32660960438685, 68.67649397867902, 43.78871749635145, 36.184967967589195, 30.542133087889344, 30.542133087889347]
[275.8744418885511, 105.3008097853574, 69.36232259604117, 54.60937649601245, 39.98091349782915, 39.98091349782915]
[271.4748056168155, 102.8340475546705, 68.31562212864401, 53.765703867928, 39.20470880289156, 39.20470880289156]
[266.8761224033752, 100.26705871949089, 67.14984448811617, 52.839655326774334, 38.37071442152812, 38.37071442152812]
[261.86446095840313, 97.48433315914114, 65.88561007765716, 51.83459661824897, 37.4654530351492, 37.46545303514921]
[255.12937330740115, 93.77479094915846, 64.1656076558411, 50.47144576069952, 36.2459066672183, 36.2459066672183]
[247.347074956226, 89.5255386510054, 62.14410070266374, 48.87595971858273, 34.83027241367731, 34.83027241367731]
[241.20835203012004, 86.19623693145424, 60.5590286954832, 47.623760383605386, 33.71875072769725, 33.718750727697255]
[235.6865300110622, 83.2215154073909, 59.175483127437936, 46.52387385685599, 32.733994802393475, 32.733994802393475]
[228.27392453083294, 79.27092088605703, 57.274444114924655, 45.02098518848375, 31.404222618577787, 31.404222618577787]
[219.95041999100832, 74.8888723318206, 55.05641370081401, 43.28273446711277, 29.89328346790659, 29.89328346790659]
[168.25854898868025, 79.09330237680004, 47.64304251087878, 38.48819717996513, 33.22259795484915, 33.22259795484915]
[163.46885439826957, 76.77368569795176, 46.13991874605267, 37.31657309618461, 32.350807534029045, 32.350807534029045]
[158.51421576281004, 74.3773982846046, 44.590730445597714, 36.10713049076219, 31.435656078978667, 31.43565607897867]
[153.1788099727769, 71.80070498035347, 42.92922515217583, 34.80776595694059, 30.446223299251166, 30.44622329925117]
[146.12863652113836, 68.40214428044254, 40.745192827932634, 33.09602789372889, 29.128525693558228, 29.128525693558224]
[138.13710804387256, 64.55825855335121, 38.2851105441584, 31.162872386585164, 27.620683920707375, 27.62068392070737]
[131.93616699475135, 61.58170045622747, 36.38744119136453, 29.668017538230025, 26.44446327967734, 26.44446327967734]
[126.44338426431298, 58.949688878089006, 34.71516984600667, 28.34793203000964, 25.401521151277016, 25.401521151277013]
[119.2272257890626, 55.49902785889577, 32.532017638811496, 26.620252343884744, 24.01837471710837, 24.018374717108365]
[111.32660960438685, 51.73035918015107, 30.15989987516043, 24.737416877771814, 22.485360989025146, 22.485360989025146]
[215.27740158609748, 92.69299391039944, 62.11952075190484, 42.19074975766643, 32.892638776629624, 32.89263877662963]
[211.3160914657105, 92.02951920401475, 61.2358748220352, 41.35105709476243, 32.163543538923136, 32.163543538923136]
[207.19268896735437, 91.17519560864088, 60.233173857636395, 40.43848590727166, 31.38211861658183, 31.382118616581835]
[202.71947227126174, 90.283066431399, 59.14922834952404, 39.450095251892584, 30.536586150304466, 30.536586150304462]
[196.74437928017738, 89.06330045365142, 57.67118350164518, 38.11752339373929, 29.402431934401374, 29.40243193440137]
[189.88679962587779, 87.61897379715174, 55.928149017759516, 36.5685660519653, 28.09257775062635, 28.09257775062635]
[184.5082993667734, 86.56080153708264, 54.56682166956541, 35.35565587795483, 27.068591818127267, 27.068591818127267]
[179.69468919573129, 85.77785563387404, 53.39235399059103, 34.2882927054498, 26.16471344227825, 26.164713442278245]
[173.27549892181852, 84.66405513245269, 51.76761320371421, 32.84303329934838, 24.950818719608517, 24.950818719608517]
[166.1213126650799, 83.25274727008002, 49.84970728741834, 31.192823752462925, 23.58096495088746, 23.58096495088746]
[194.474363004971, 84.4442887030771, 51.82383089413124, 40.65746193210772, 40.65746193210772]
[194.73142883334936, 83.03440351742081, 50.66995114605167, 39.95499310832748, 39.95499310832747]
[194.55591357865515, 81.4579490835919, 49.43026145004606, 39.17284834772593, 39.17284834772593]
[194.52756393454735, 79.74620677727532, 48.088054657411234, 38.32399009493763, 38.32399009493763]
[194.49912340624235, 77.41405807488019, 46.28582449561506, 37.16948657393092, 37.169486573930925]
[194.47980095983309, 74.66797351393838, 44.20204624476017, 35.81301345472051, 35.813013454720505]
[194.85666093340882, 72.51029616871624, 42.5723067803793, 34.74800279476179, 34.74800279476178]
[195.89922274755395, 70.6234364395377, 41.13411924457958, 33.81601817676539, 33.8160181767654]
[197.29754383280797, 68.02964326280004, 39.201487792030676, 32.5382602072409, 32.53826020724091]
[198.59892340409866, 65.00385141852679, 37.01903194436451, 31.053254323478082, 31.053254323478082]
[213.73946417063215, 89.63607223284447, 53.304615581795815, 41.2756403076346, 41.275640307634596]
[209.1267392654149, 88.89293002557119, 52.34952366899396, 40.48147219960812, 40.48147219960813]
[204.32942950599247, 87.95052635524446, 51.29046907511785, 39.6164308955182, 39.61643089551819]
[199.1314343188392, 86.95756305630371, 50.145541830972, 38.68105271277623, 38.68105271277623]
[192.20358914643296, 85.59477011905403, 48.5957587516408, 37.42093093809608, 37.42093093809608]
[184.2708984309458, 83.97267287211035, 46.78484592721891, 35.9574826279323, 35.9574826279323]
[178.0593711531385, 82.76108748189637, 45.37032873606568, 34.81427645720514, 34.81427645720514]
[172.5106223374364, 81.82650867515022, 44.13807060548031, 33.81195467092813, 33.81195467092813]
[165.13740547979873, 80.494993106325, 42.45582562243101, 32.45463027597275, 32.45463027597275]
[156.95342612613206, 78.82060430008217, 40.509782493761286, 30.90333412654615, 30.903334126546156]
[194.474363004971, 84.4442887030771, 51.424442275482406, 38.4136932834859, 38.4136932834859]
[194.73142883334936, 83.03440351742081, 50.26114974824017, 37.4781143621, 37.4781143621]
[194.55591357865515, 81.4579490835919, 49.01229491423419, 36.484985539333366, 36.484985539333366]
[194.52756393454735, 79.74620677727532, 47.660191205367084, 35.411545933933404, 35.411545933933404]
[194.49912340624235, 77.41405807488019, 45.8452277508886, 33.9776013146209, 33.97760131462089]
[194.47980095983309, 74.66797351393838, 43.74753799696972, 32.330200435110704, 32.330200435110704]
[194.85666093340882, 72.51029616871624, 42.10702143983198, 31.04502590323055, 31.04502590323055]
[195.89922274755395, 70.6234364395377, 40.65899214449641, 29.909454867711943, 29.90945486771194]
[197.29754383280797, 68.02964326280004, 38.71432051343166, 28.39479679426523, 28.394796794265226]
[198.59892340409866, 65.00385141852679, 36.52026004098523, 26.701820701230346, 26.701820701230343]
[145.29477360054742, 73.62349189482029, 47.19986824581097, 37.51815426580404, 37.51815426580404]
[145.52180535509927, 72.57028149042158, 46.22647000943374, 36.72026934792233, 36.72026934792233]
[145.32897315392333, 71.3404021463341, 45.158809449248174, 35.856012086149626, 35.856012086149626]
[145.27900943167998, 70.01610365082256, 44.00533277224062, 34.92227742202083, 34.92227742202082]
[145.2289787623646, 68.20436962806379, 42.450609294744595, 33.66791068352006, 33.66791068352006]
[145.1878130397204, 66.05748015331581, 40.64357067316188, 32.216164658141146, 32.21616465814114]
[145.53096867120334, 64.38919057307035, 39.2335021856642, 31.08347771117754, 31.083477711177537]
[146.52064723760117, 62.972622482247736, 38.00097164448125, 30.089416771795683, 30.08941677179568]
[147.85755898156978, 60.99698258299601, 36.33058971959378, 28.74937484443024, 28.749374844430232]
[149.10209451883821, 58.632993782767976, 34.41914112809819, 27.227796142772945, 27.227796142772945]
[194.474363004971, 84.4442887030771, 49.533750913296274, 39.71276122495724, 34.13106092335029, 34.1310609233503]
[194.73142883334936, 83.03440351742081, 48.32993165933584, 38.736193948835314, 33.41237131917258, 33.41237131917258]
[194.55591357865515, 81.4579490835919, 47.04218984967226, 37.697882654366985, 32.63458435627834, 32.634584356278346]
[194.52756393454735, 79.74620677727532, 45.64856020685604, 36.574354491066394, 31.789287617800227, 31.789287617800234]
[194.49912340624235, 77.41405807488019, 43.78111529944378, 35.07143633390155, 30.647833473057155, 30.647833473057155]
[194.47980095983309, 74.66797351393838, 41.62754955338412, 33.34199572545135, 29.31907388664378, 29.319073886643775]
[194.85666093340882, 72.51029616871624, 39.944773922171194, 31.9909043520677, 28.27442291753545, 28.274422917535446]
[195.89922274755395, 70.6234364395377, 38.458819302239704, 30.795829501614328, 27.34952324527919, 27.349523245279187]
[197.29754383280797, 68.02964326280004, 36.46961198609612, 29.200043160611127, 26.09880449463418, 26.09880449463418]
[198.59892340409866, 65.00385141852679, 34.23566640689285, 27.41431855815551, 24.675471013720184, 24.675471013720184]
[215.27740158609748, 92.69299391039944, 62.11952075190484, 42.19074975766643, 34.28280556087299, 34.28280556087299]
[211.3160914657105, 92.02951920401475, 61.2358748220352, 41.35105709476243, 33.57567475170507, 33.57567475170507]
[207.19268896735437, 91.17519560864088, 60.233173857636395, 40.43848590727166, 32.81467543525005, 32.81467543525006]
[202.71947227126174, 90.283066431399, 59.14922834952404, 39.450095251892584, 31.99080762751033, 31.990807627510335]
[196.74437928017738, 89.06330045365142, 57.67118350164518, 38.11752339373929, 30.883511275251603, 30.8835112752516]
[189.88679962587779, 87.61897379715174, 55.928149017759516, 36.5685660519653, 29.60150067567489, 29.601500675674888]
[184.5082993667734, 86.56080153708264, 54.56682166956541, 35.35565587795483, 28.59836850589332, 28.598368505893312]
[179.69468919573129, 85.77785563387404, 53.39235399059103, 34.2882927054498, 27.713395413650016, 27.71339541365002]
[173.27549892181852, 84.66405513245269, 51.76761320371421, 32.84303329934838, 26.520831545498787, 26.520831545498787]
[166.1213126650799, 83.25274727008002, 49.84970728741834, 31.192823752462925, 25.16848516715251, 25.16848516715251]
[194.474363004971, 105.51543415968732, 66.47717491169018, 50.12184567124417, 41.72654789005117, 41.726547890051165]
[194.73142883334936, 104.72002831977038, 65.48327762574677, 49.57165137943491, 41.226231485323005, 41.226231485323005]
[194.55591357865515, 103.74415699639165, 64.38161011498332, 48.9254601539665, 40.65394797264327, 40.65394797264327]
[194.52756393454735, 102.70964399704145, 63.18582281413915, 48.22938143966377, 40.03580690065108, 40.03580690065109]
[194.49912340624235, 101.29183831628187, 61.55948212251651, 47.27369793710414, 39.1910502982165, 39.191050298216496]
[194.47980095983309, 99.6112863830513, 59.64923676025553, 46.13731849708816, 38.1927276447157, 38.19272764471571]
[194.85666093340882, 98.34851980327959, 58.14977124702214, 45.25598131080173, 37.415359803599706, 37.41535980359971]
[195.89922274755395, 97.3529591386774, 56.837169070755834, 44.51322521772617, 36.75002891765275, 36.750028917652735]
[197.29754383280797, 95.94932305280095, 55.035937978730686, 43.47193172270291, 35.826358598789255, 35.826358598789255]
[198.59892340409866, 94.21768637939837, 52.93910376720988, 42.21461099719544, 34.72903403459529, 34.72903403459528]
[275.8744418885511, 105.3008097853574, 69.36232259604117, 54.60937649601245, 42.053670830094404, 42.0536708300944]
[271.4748056168155, 102.8340475546705, 68.31562212864401, 53.765703867928, 41.32315849303406, 41.32315849303406]
[266.8761224033752, 100.26705871949089, 67.14984448811617, 52.839655326774334, 40.53435246150017, 40.53435246150018]
[261.86446095840313, 97.48433315914114, 65.88561007765716, 51.83459661824897, 39.67839460761592, 39.67839460761592]
[255.12937330740115, 93.77479094915846, 64.1656076558411, 50.47144576069952, 38.52337137011068, 38.52337137011068]
[247.347074956226, 89.5255386510054, 62.14410070266374, 48.87595971858273, 37.18006051422428, 37.18006051422428]
[241.20835203012004, 86.19623693145424, 60.5590286954832, 47.623760383605386, 36.12594896711262, 36.12594896711263]
[235.6865300110622, 83.2215154073909, 59.175483127437936, 46.52387385685599, 35.194536814508425, 35.19453681450842]
[228.27392453083294, 79.27092088605703, 57.274444114924655, 45.02098518848375, 33.93256572258292, 33.93256572258292]
[219.95041999100832, 74.8888723318206, 55.05641370081401, 43.28273446711277, 32.49129618203615, 32.49129618203616]
[161.5263208690199, 90.03958159158974, 57.777461103339014, 43.990376101406085, 43.990376101406085]
[161.7887217610131, 89.22120717373419, 57.47063711303715, 43.56320044709118, 43.56320044709118]
[161.5566823880803, 88.19285319114844, 57.016671004723364, 43.03693430764883, 43.03693430764883]
[161.49287839915323, 87.1086425503597, 56.555258780496416, 42.47921065199222, 42.47921065199222]
[161.4289887647131, 85.62392477218016, 55.919500393821934, 41.71571114002531, 41.71571114002531]
[161.37553392146853, 83.86080853062472, 55.157220443407795, 40.80980338673741, 40.80980338673741]
[161.7747323165348, 82.54069073013089, 54.625584743722285, 40.12545762888087, 40.12545762888087]
[162.93516237685412, 81.5132736630721, 54.29306201753713, 39.58072318888141, 39.58072318888141]
[164.5038631103309, 80.0544831687332, 53.79761314408321, 38.81108355090276, 38.81108355090276]
[165.96319226363258, 78.23180680768759, 53.10708835975694, 37.86038148199533, 37.86038148199533]
[230.66876323233961, 101.00304726184659, 67.52507046826827, 53.12510523888528, 53.12510523888528]
[226.55219109599378, 98.66022761809617, 66.50022871570285, 52.29818295864049, 52.298182958640496]
[222.26239521739686, 96.22346691532152, 65.36227330931743, 51.3928843782317, 51.392884378231706]
[217.60301435566836, 93.58322723665701, 64.12891688863087, 50.41089617878702, 50.41089617878702]
[211.3694555283244, 90.0654238543231, 62.45315772481924, 49.08067376366511, 49.080673763665104]
[204.20244386227535, 86.03814426810747, 60.486896829233046, 47.52609321394595, 47.526093213945956]
[198.5725074494217, 82.88441157855534, 58.94645228449767, 46.30698535343859, 46.30698535343859]
[193.52705768914558, 80.06754400964792, 57.601801255185684, 45.23618295545924, 45.236182955459235]
[186.78734628616206, 76.32737722306243, 55.75732910215263, 43.7753181580349, 43.77531815803491]
[179.26143703903386, 72.1794721432595, 53.61008464146914, 42.089176667313964, 42.08917666731396]
[275.8744418885511, 105.3008097853574, 69.36232259604117, 54.60937649601245, 54.60937649601245]
[271.4748056168155, 102.8340475546705, 68.31562212864401, 53.765703867928, 53.76570386792799]
[266.8761224033752, 100.26705871949089, 67.14984448811617, 52.839655326774334, 52.839655326774334]
[261.86446095840313, 97.48433315914114, 65.88561007765716, 51.83459661824897, 51.83459661824897]
[255.12937330740115, 93.77479094915846, 64.1656076558411, 50.47144576069952, 50.47144576069952]
[247.347074956226, 89.5255386510054, 62.14410070266374, 48.87595971858273, 48.87595971858273]
[241.20835203012004, 86.19623693145424, 60.5590286954832, 47.623760383605386, 47.623760383605386]
[235.6865300110622, 83.2215154073909, 59.175483127437936, 46.52387385685599, 46.52387385685599]
[228.27392453083294, 79.27092088605703, 57.274444114924655, 45.02098518848375, 45.02098518848374]
[219.95041999100832, 74.8888723318206, 55.05641370081401, 43.28273446711277, 43.28273446711276]
[154.37745319847087, 71.01511887383168, 51.15410857488933, 41.28765350358902, 41.28765350358902]
[154.6144820827611, 69.82956690604486, 50.19861133198052, 40.67248929164269, 40.67248929164269]
[154.4169943914273, 68.4802885615659, 49.1448928086002, 39.972377606938835, 39.97237760693884]
[154.367355229278, 67.02348387944436, 48.0062021165152, 39.21526136421371, 39.21526136421372]
[154.31764254373917, 65.04018010299971, 46.46797816879382, 38.18224179600705, 38.18224179600704]
[154.27710120716506, 62.70516426421588, 44.6751060676103, 36.96313878193976, 36.96313878193976]
[154.63433615085697, 60.88379250193119, 43.27553515017673, 36.01065047515978, 36.01065047515978]
[155.6605784291022, 59.31397214292955, 42.05463110773517, 35.18900336968398, 35.18900336968399]
[157.04578369273196, 57.14830894287795, 40.39313616282434, 34.05253508168305, 34.05253508168305]
[158.33504146727657, 54.60280098302876, 38.47981436076401, 32.711719665351495, 32.711719665351495]
[205.1005778196865, 99.82308893585778, 59.81654165989623, 41.370525222258124, 41.370525222258124]
[205.3575775202688, 99.95169697419381, 59.126970367256234, 40.641951830928946, 40.641951830928946]
[205.19737378871025, 99.86750432049331, 58.3102982814169, 39.83448179049377, 39.83448179049377]
[205.1790982998507, 99.85570560947136, 57.42647162871857, 38.95753412676776, 38.95753412676776]
[205.1607309140603, 99.84386102395496, 56.205739145990975, 37.765614350320526, 37.76561435032052]
[205.1511544941228, 99.83650110056803, 54.743295113778366, 36.3664907589331, 36.366490758933104]
[205.52371944753122, 100.0240479089481, 53.5998656869499, 35.26706580875567, 35.26706580875567]
[206.5382435267091, 100.5390536667093, 52.6279124786789, 34.30244977243136, 34.302449772431366]
[207.89549703622862, 101.22896362989405, 51.25686118663677, 32.982243135625666, 32.982243135625666]
[209.15891788587868, 101.87109204755745, 49.59147211151558, 31.45229175319038, 31.45229175319038]
[186.82265050163653, 82.96874672648944, 58.36168477022824, 41.88689123314493, 41.88689123314493]
[187.07155894912788, 81.60952932695756, 57.70796641691107, 41.153785894630744, 41.15378589463075]
[186.89949812868556, 80.08436848921292, 56.92671054432226, 40.334924707555054, 40.334924707555054]
[186.87065602303687, 78.42880931727088, 56.08300178840243, 39.44409957477195, 39.444099574771954]
[186.84172800097696, 76.17154167585747, 54.9171557257497, 38.22892387664397, 38.22892387664397]
[186.82167507495188, 73.5110419201911, 53.519342213978305, 36.796000810422576, 36.79600081042257]
[187.18714435285602, 71.42135484502613, 52.42973945053181, 35.66688838794182, 35.66688838794182]
[188.2004926400473, 69.5970630467034, 51.51034936315883, 34.675442711626616, 34.675442711626616]
[189.56028182828214, 67.08548448911213, 50.2101058006267, 33.31217695235116, 33.312176952351166]
[190.8259387055162, 64.14858837097171, 48.622896490302935, 31.722990352845457, 31.72299035284546]
[161.5263208690199, 90.03958159158974, 57.777461103339014, 43.990376101406085, 43.990376101406085]
[161.7887217610131, 89.22120717373419, 57.47063711303715, 43.56320044709118, 43.56320044709118]
[161.5566823880803, 88.19285319114844, 57.016671004723364, 43.03693430764883, 43.03693430764883]
[161.49287839915323, 87.1086425503597, 56.555258780496416, 42.47921065199222, 42.47921065199222]
[161.4289887647131, 85.62392477218016, 55.919500393821934, 41.71571114002531, 41.71571114002531]
[161.37553392146853, 83.86080853062472, 55.157220443407795, 40.80980338673741, 40.80980338673741]
[161.7747323165348, 82.54069073013089, 54.625584743722285, 40.12545762888087, 40.12545762888087]
[162.93516237685412, 81.5132736630721, 54.29306201753713, 39.58072318888141, 39.58072318888141]
[164.5038631103309, 80.0544831687332, 53.79761314408321, 38.81108355090276, 38.81108355090276]
[165.96319226363258, 78.23180680768759, 53.10708835975694, 37.86038148199533, 37.86038148199533]
[154.37745319847087, 71.01511887383168, 51.15410857488933, 41.28765350358902, 35.187660437714776, 35.187660437714776]
[154.6144820827611, 69.82956690604486, 50.19861133198052, 40.67248929164269, 34.74552086711961, 34.74552086711961]
[154.4169943914273, 68.4802885615659, 49.1448928086002, 39.972377606938835, 34.23062854779121, 34.23062854779122]
[154.367355229278, 67.02348387944436, 48.0062021165152, 39.21526136421371, 33.67398581870419, 33.673985818704196]
[154.31764254373917, 65.04018010299971, 46.46797816879382, 38.18224179600705, 32.909528889748735, 32.90952888974874]
[154.27710120716506, 62.70516426421588, 44.6751060676103, 36.96313878193976, 32.00010722166457, 32.00010722166457]
[154.63433615085697, 60.88379250193119, 43.27553515017673, 36.01065047515978, 31.290224502858155, 31.29022450285816]
[155.6605784291022, 59.31397214292955, 42.05463110773517, 35.18900336968398, 30.684222439172526, 30.684222439172526]
[157.04578369273196, 57.14830894287795, 40.39313616282434, 34.05253508168305, 29.836700913149656, 29.836700913149652]
[158.33504146727657, 54.60280098302876, 38.47981436076401, 32.711719665351495, 28.81964912812287, 28.81964912812287]
[264.02780934589356, 115.4316360499709, 72.43646208080587, 48.76796686472537, 35.76630246947862, 35.76630246947861]
[264.3141954170957, 115.56777945115971, 72.52573798921443, 48.318208604807715, 35.225539656389074, 35.225539656389074]
[264.18640195485114, 115.49260895997791, 72.47178642200731, 47.76727329370909, 34.615149939883956, 34.615149939883956]
[264.19948962785753, 115.48932021946233, 72.46655756211203, 47.172947574232126, 33.95125259299949, 33.95125259299949]
[264.2124726956017, 115.48598128338882, 72.46129586058315, 46.34648368822833, 33.04261743039609, 33.04261743039609]
[264.2341736244281, 115.4870924179257, 72.45905122333579, 45.34818558517851, 31.96689435701557, 31.96689435701557]
[264.6353807256715, 115.6817952078353, 72.58801014343307, 44.57212431058343, 31.119830935882117, 31.11983093588212]
[265.67364794916955, 116.20158365307738, 72.93733215670214, 43.926424899413625, 30.37994386130104, 30.379943861301044]
[267.05094763751305, 116.8946333724096, 73.40419651778706, 43.003008618208355, 29.3565498632458, 29.356549863245803]
[268.33402098962716, 117.53986276710586, 73.83874265636486, 41.85596781482383, 28.152452578345894, 28.152452578345898]
[213.73946417063215, 89.63607223284447, 53.304615581795815, 39.27704675881871, 39.27704675881871]
[209.1267392654149, 88.89293002557119, 52.34952366899396, 38.446317355544764, 38.446317355544764]
[204.32942950599247, 87.95052635524446, 51.29046907511785, 37.547175470560674, 37.54717547056067]
[199.1314343188392, 86.95756305630371, 50.145541830972, 36.57500802619484, 36.575008026194844]
[192.20358914643296, 85.59477011905403, 48.5957587516408, 35.26830964349126, 35.26830964349126]
[184.2708984309458, 83.97267287211035, 46.78484592721891, 33.75511122438604, 33.755111224386035]
[178.0593711531385, 82.76108748189637, 45.37032873606568, 32.573285728327946, 32.57328572832794]
[172.5106223374364, 81.82650867515022, 44.13807060548031, 31.534680917741056, 31.534680917741053]
[165.13740547979873, 80.494993106325, 42.45582562243101, 30.134204606342816, 30.134204606342823]
[156.95342612613206, 78.82060430008217, 40.509782493761286, 28.543842761009643, 28.543842761009643]
[168.25854898868025, 79.09330237680004, 49.75790175092195, 39.374885033898664, 39.37488503389866]
[163.46885439826957, 76.77368569795176, 48.26800374625997, 38.44637229039478, 38.44637229039477]
[158.51421576281004, 74.3773982846046, 46.73073193717538, 37.458012814448416, 37.458012814448416]
[153.1788099727769, 71.80070498035347, 45.079883253085946, 36.38881096613632, 36.38881096613632]
[146.12863652113836, 68.40214428044254, 42.9060046024998, 34.95811344473099, 34.95811344473099]
[138.13710804387256, 64.55825855335121, 40.4520119388807, 33.311044824841495, 33.311044824841495]
[131.93616699475135, 61.58170045622747, 38.555118143495605, 32.02451511610354, 32.02451511610354]
[126.44338426431298, 58.949688878089006, 36.88032151039765, 30.887270641014517, 30.88727064101452]
[119.2272257890626, 55.49902785889577, 34.68838282646076, 29.366928400392204, 29.366928400392208]
[111.32660960438685, 51.73035918015107, 32.29928623574873, 27.662480245753944, 27.662480245753944]
[213.73946417063215, 89.63607223284447, 53.304615581795815, 41.2756403076346, 41.275640307634596]
[209.1267392654149, 88.89293002557119, 52.34952366899396, 40.48147219960812, 40.48147219960813]
[204.32942950599247, 87.95052635524446, 51.29046907511785, 39.6164308955182, 39.61643089551819]
[199.1314343188392, 86.95756305630371, 50.145541830972, 38.68105271277623, 38.68105271277623]
[192.20358914643296, 85.59477011905403, 48.5957587516408, 37.42093093809608, 37.42093093809608]
[184.2708984309458, 83.97267287211035, 46.78484592721891, 35.9574826279323, 35.9574826279323]
[178.0593711531385, 82.76108748189637, 45.37032873606568, 34.81427645720514, 34.81427645720514]
[172.5106223374364, 81.82650867515022, 44.13807060548031, 33.81195467092813, 33.81195467092813]
[165.13740547979873, 80.494993106325, 42.45582562243101, 32.45463027597275, 32.45463027597275]
[156.95342612613206, 78.82060430008217, 40.509782493761286, 30.90333412654615, 30.903334126546156]
[194.474363004971, 84.4442887030771, 51.82383089413124, 40.65746193210772, 40.65746193210772]
[194.73142883334936, 83.03440351742081, 50.66995114605167, 39.95499310832748, 39.95499310832747]
[194.55591357865515, 81.4579490835919, 49.43026145004606, 39.17284834772593, 39.17284834772593]
[194.52756393454735, 79.74620677727532, 48.088054657411234, 38.32399009493763, 38.32399009493763]
[194.49912340624235, 77.41405807488019, 46.28582449561506, 37.16948657393092, 37.169486573930925]
[194.47980095983309, 74.66797351393838, 44.20204624476017, 35.81301345472051, 35.813013454720505]
[194.85666093340882, 72.51029616871624, 42.5723067803793, 34.74800279476179, 34.74800279476178]
[195.89922274755395, 70.6234364395377, 41.13411924457958, 33.81601817676539, 33.8160181767654]
[197.29754383280797, 68.02964326280004, 39.201487792030676, 32.5382602072409, 32.53826020724091]
[198.59892340409866, 65.00385141852679, 37.01903194436451, 31.053254323478082, 31.053254323478082]
[213.73946417063215, 89.63607223284447, 53.304615581795815, 41.2756403076346, 34.60338283080334, 34.60338283080334]
[209.1267392654149, 88.89293002557119, 52.34952366899396, 40.48147219960812, 34.05016564063451, 34.05016564063452]
[204.32942950599247, 87.95052635524446, 51.29046907511785, 39.6164308955182, 33.432143839710456, 33.432143839710456]
[199.1314343188392, 86.95756305630371, 50.145541830972, 38.68105271277623, 32.763161498061116, 32.76316149806111]
[192.20358914643296, 85.59477011905403, 48.5957587516408, 37.42093093809608, 31.854233057124016, 31.854233057124013]
[184.2708984309458, 83.97267287211035, 46.78484592721891, 35.9574826279323, 30.787445328120324, 30.787445328120324]
[178.0593711531385, 82.76108748189637, 45.37032873606568, 34.81427645720514, 29.952974078712288, 29.952974078712288]
[172.5106223374364, 81.82650867515022, 44.13807060548031, 33.81195467092813, 29.22719228882013, 29.22719228882013]
[165.13740547979873, 80.494993106325, 42.45582562243101, 32.45463027597275, 28.231080860350716, 28.231080860350716]
[156.95342612613206, 78.82060430008217, 40.509782493761286, 30.90333412654615, 27.069899830864472, 27.069899830864472]
[205.1005778196865, 99.82308893585778, 59.81654165989623, 41.370525222258124, 33.9312153865784, 33.931215386578394]
[205.3575775202688, 99.95169697419381, 59.126970367256234, 40.641951830928946, 33.44737131503584, 33.44737131503584]
[205.19737378871025, 99.86750432049331, 58.3102982814169, 39.83448179049377, 32.893392559891794, 32.893392559891794]
[205.1790982998507, 99.85570560947136, 57.42647162871857, 38.95753412676776, 32.29232870520013, 32.29232870520012]
[205.1607309140603, 99.84386102395496, 56.205739145990975, 37.765614350320526, 31.468296237626014, 31.46829623762601]
[205.1511544941228, 99.83650110056803, 54.743295113778366, 36.3664907589331, 30.490346984756854, 30.49034698475685]
[205.52371944753122, 100.0240479089481, 53.5998656869499, 35.26706580875567, 29.72276031797438, 29.72276031797438]
[206.5382435267091, 100.5390536667093, 52.6279124786789, 34.30244977243136, 29.058361520041267, 29.05836152004126]
[207.89549703622862, 101.22896362989405, 51.25686118663677, 32.982243135625666, 28.13480888123431, 28.13480888123431]
[209.15891788587868, 101.87109204755745, 49.59147211151558, 31.45229175319038, 27.038867511287727, 27.038867511287734]
[213.73946417063215, 89.63607223284447, 53.304615581795815, 41.2756403076346, 34.60338283080334, 30.213628728581206, 30.2136287285812]
[209.1267392654149, 88.89293002557119, 52.34952366899396, 40.48147219960812, 34.05016564063451, 29.795178481484246, 29.795178481484253]
[204.32942950599247, 87.95052635524446, 51.29046907511785, 39.6164308955182, 33.432143839710456, 29.31892661480499, 29.318926614804994]
[199.1314343188392, 86.95756305630371, 50.145541830972, 38.68105271277623, 32.763161498061116, 28.803234572287813, 28.803234572287817]
[192.20358914643296, 85.59477011905403, 48.5957587516408, 37.42093093809608, 31.854233057124016, 28.098449584265907, 28.0984495842659]
[184.2708984309458, 83.97267287211035, 46.78484592721891, 35.9574826279323, 30.787445328120324, 27.265275413642357, 27.26527541364236]
[178.0593711531385, 82.76108748189637, 45.37032873606568, 34.81427645720514, 29.952974078712288, 26.613463017501854, 26.613463017501854]
[172.5106223374364, 81.82650867515022, 44.13807060548031, 33.81195467092813, 29.22719228882013, 26.050633009889502, 26.050633009889506]
[165.13740547979873, 80.494993106325, 42.45582562243101, 32.45463027597275, 28.231080860350716, 25.270819227031954, 25.270819227031954]
[156.95342612613206, 78.82060430008217, 40.509782493761286, 30.90333412654615, 27.069899830864472, 24.348752808644342, 24.34875280864434]
[264.02780934589356, 115.4316360499709, 72.43646208080587, 48.76796686472537, 35.76630246947862, 30.067169530096646, 30.067169530096642]
[264.3141954170957, 115.56777945115971, 72.52573798921443, 48.318208604807715, 35.225539656389074, 29.690249069329724, 29.69024906932972]
[264.18640195485114, 115.49260895997791, 72.47178642200731, 47.76727329370909, 34.615149939883956, 29.251356804550543, 29.251356804550547]
[264.19948962785753, 115.48932021946233, 72.46655756211203, 47.172947574232126, 33.95125259299949, 28.775218316931984, 28.77521831693198]
[264.2124726956017, 115.48598128338882, 72.46129586058315, 46.34648368822833, 33.04261743039609, 28.119232872368578, 28.11923287236857]
[264.2341736244281, 115.4870924179257, 72.45905122333579, 45.34818558517851, 31.96689435701557, 27.336007391890966, 27.336007391890963]
[264.6353807256715, 115.6817952078353, 72.58801014343307, 44.57212431058343, 31.119830935882117, 26.721510057065295, 26.721510057065295]
[265.67364794916955, 116.20158365307738, 72.93733215670214, 43.926424899413625, 30.37994386130104, 26.19342552716665, 26.19342552716665]
[267.05094763751305, 116.8946333724096, 73.40419651778706, 43.003008618208355, 29.3565498632458, 25.453217974514295, 25.453217974514295]
[268.33402098962716, 117.53986276710586, 73.83874265636486, 41.85596781482383, 28.152452578345894, 24.563690010206248, 24.56369001020625]
[145.29477360054742, 73.62349189482029, 47.19986824581097, 35.85956694291384, 35.85956694291384]
[145.52180535509927, 72.57028149042158, 46.22647000943374, 35.03786675833611, 35.0378667583361]
[145.32897315392333, 71.3404021463341, 45.158809449248174, 34.152497198274474, 34.152497198274474]
[145.27900943167998, 70.01610365082256, 44.00533277224062, 33.196519116441365, 33.19651911644137]
[145.2289787623646, 68.20436962806379, 42.450609294744595, 31.915307488728597, 31.915307488728597]
[145.1878130397204, 66.05748015331581, 40.64357067316188, 30.436917657431003, 30.436917657431]
[145.53096867120334, 64.38919057307035, 39.2335021856642, 29.284645360946286, 29.284645360946286]
[146.52064723760117, 62.972622482247736, 38.00097164448125, 28.272502082064506, 28.272502082064502]
[147.85755898156978, 60.99698258299601, 36.33058971959378, 26.913552328547972, 26.913552328547972]
[149.10209451883821, 58.632993782767976, 34.41914112809819, 25.37940237241338, 25.37940237241338]
[168.25854898868025, 79.09330237680004, 49.38960811079397, 37.26677692151886, 37.26677692151886]
[163.46885439826957, 76.77368569795176, 47.89689926020206, 36.14762570022832, 36.14762570022832]
[158.51421576281004, 74.3773982846046, 46.35699892417356, 34.99292312650537, 34.99292312650537]
[153.1788099727769, 71.80070498035347, 44.70366650167213, 33.75295504593255, 33.752955045932545]
[146.12863652113836, 68.40214428044254, 42.52714054791018, 32.120229567024865, 32.12022956702486]
[138.13710804387256, 64.55825855335121, 40.071019553062, 30.277253988257197, 30.277253988257197]
[131.93616699475135, 61.58170045622747, 38.17310597113978, 28.85276391820188, 28.852763918201877]
[126.44338426431298, 58.949688878089006, 36.49792504985489, 27.59514694012874, 27.595146940128735]
[119.2272257890626, 55.49902785889577, 34.30638322697378, 25.949371295809136, 25.949371295809133]
[111.32660960438685, 51.73035918015107, 31.91893539117974, 24.155794763291045, 24.15579476329105]
[145.29477360054742, 73.62349189482029, 47.19986824581097, 37.51815426580404, 37.51815426580404]
[145.52180535509927, 72.57028149042158, 46.22647000943374, 36.72026934792233, 36.72026934792233]
[145.32897315392333, 71.3404021463341, 45.158809449248174, 35.856012086149626, 35.856012086149626]
[145.27900943167998, 70.01610365082256, 44.00533277224062, 34.92227742202083, 34.92227742202082]
[145.2289787623646, 68.20436962806379, 42.450609294744595, 33.66791068352006, 33.66791068352006]
[145.1878130397204, 66.05748015331581, 40.64357067316188, 32.216164658141146, 32.21616465814114]
[145.53096867120334, 64.38919057307035, 39.2335021856642, 31.08347771117754, 31.083477711177537]
[146.52064723760117, 62.972622482247736, 38.00097164448125, 30.089416771795683, 30.08941677179568]
[147.85755898156978, 60.99698258299601, 36.33058971959378, 28.74937484443024, 28.749374844430232]
[149.10209451883821, 58.632993782767976, 34.41914112809819, 27.227796142772945, 27.227796142772945]
[194.474363004971, 84.4442887030771, 51.424442275482406, 38.4136932834859, 38.4136932834859]
[194.73142883334936, 83.03440351742081, 50.26114974824017, 37.4781143621, 37.4781143621]
[194.55591357865515, 81.4579490835919, 49.01229491423419, 36.484985539333366, 36.484985539333366]
[194.52756393454735, 79.74620677727532, 47.660191205367084, 35.411545933933404, 35.411545933933404]
[194.49912340624235, 77.41405807488019, 45.8452277508886, 33.9776013146209, 33.97760131462089]
[194.47980095983309, 74.66797351393838, 43.74753799696972, 32.330200435110704, 32.330200435110704]
[194.85666093340882, 72.51029616871624, 42.10702143983198, 31.04502590323055, 31.04502590323055]
[195.89922274755395, 70.6234364395377, 40.65899214449641, 29.909454867711943, 29.90945486771194]
[197.29754383280797, 68.02964326280004, 38.71432051343166, 28.39479679426523, 28.394796794265226]
[198.59892340409866, 65.00385141852679, 36.52026004098523, 26.701820701230346, 26.701820701230343]
[145.29477360054742, 73.62349189482029, 47.19986824581097, 37.51815426580404, 31.923071056707872, 31.92307105670788]
[145.52180535509927, 72.57028149042158, 46.22647000943374, 36.72026934792233, 31.349250202186784, 31.349250202186788]
[145.32897315392333, 71.3404021463341, 45.158809449248174, 35.856012086149626, 30.713844429665418, 30.713844429665414]
[145.27900943167998, 70.01610365082256, 44.00533277224062, 34.92227742202083, 30.025836068714273, 30.025836068714273]
[145.2289787623646, 68.20436962806379, 42.450609294744595, 33.66791068352006, 29.09356466029223, 29.093564660292227]
[145.1878130397204, 66.05748015331581, 40.64357067316188, 32.216164658141146, 28.002994032690705, 28.002994032690708]
[145.53096867120334, 64.38919057307035, 39.2335021856642, 31.08347771117754, 27.149382467802873, 27.149382467802877]
[146.52064723760117, 62.972622482247736, 38.00097164448125, 30.089416771795683, 26.403580414442914, 26.403580414442914]
[147.85755898156978, 60.99698258299601, 36.33058971959378, 28.74937484443024, 25.385173710452847, 25.385173710452847]
[149.10209451883821, 58.632993782767976, 34.41914112809819, 27.227796142772945, 24.207444719606624, 24.207444719606627]
[205.1005778196865, 99.82308893585778, 59.81654165989623, 41.11561082647269, 32.35404107257899, 32.35404107257899]
[205.3575775202688, 99.95169697419381, 59.126970367256234, 40.378528334088905, 31.693919268741066, 31.69391926874107]
[205.19737378871025, 99.86750432049331, 58.3102982814169, 39.562595373081635, 30.977119194638142, 30.97711919463814]
[205.1790982998507, 99.85570560947136, 57.42647162871857, 38.676248202541196, 30.199466492320695, 30.199466492320692]
[205.1607309140603, 99.84386102395496, 56.205739145990975, 37.47178170661584, 29.149946341321872, 29.14994634132187]
[205.1511544941228, 99.83650110056803, 54.743295113778366, 36.05827691507467, 27.928836668564454, 27.92883666856446]
[205.52371944753122, 100.0240479089481, 53.5998656869499, 34.94716236801901, 26.970972905954326, 26.970972905954323]
[206.5382435267091, 100.5390536667093, 52.6279124786789, 33.971402809188035, 26.1260580701145, 26.126058070114496]
[207.89549703622862, 101.22896362989405, 51.25686118663677, 32.636709386359236, 24.982619135403777, 24.982619135403773]
[209.15891788587868, 101.87109204755745, 49.59147211151558, 31.091516070594704, 23.678904670048954, 23.678904670048954]
