[0.6309573444801932, 0.6309573444801932, 0.6309573444801932, 0.6309573444801932, 0.6309573444801932, 0.009156976206186907]
[0.6309573444801932, 0.6309573444801932, 0.6309573444801934, 0.6309573444801932, 0.6309573444801932, 0.009263213405464564]
[0.6309573444801931, 0.6309573444801932, 0.6309573444801932, 0.6309573444801932, 0.6309573444801932, 0.009376010876131453]
[0.6309573444801932, 0.6309573444801932, 0.6309573444801932, 0.6309573444801931, 0.6309573444801934, 0.009500947953568243]
[0.6309573444801932, 0.6309573444801932, 0.6309573444801932, 0.6309573444801931, 0.6309573444801932, 0.009671684943562714]
[0.6309573444801932, 0.6309573444801934, 0.6309573444801932, 0.6309573444801932, 0.6309573444801932, 0.009874473261884153]
[0.6309573444801932, 0.6309573444801932, 0.6309573444801932, 0.6309573444801932, 0.6309573444801932, 0.010039989507251474]
[0.6309573444801932, 0.6309573444801932, 0.6309573444801932, 0.6309573444801932, 0.6309573444801932, 0.010193096440980239]
[0.6309573444801932, 0.6309573444801934, 0.6309573444801932, 0.6309573444801932, 0.6309573444801932, 0.010403646545560252]
[0.6309573444801934, 0.6309573444801932, 0.6309573444801932, 0.6309573444801932, 0.6309573444801932, 0.010648686982364108]
[0.6309573444801932, 0.6309573444801932, 0.6309573444801932, 0.6309573444801932, 0.6309573444801931, 0.009811876782530687]
[0.6309573444801932, 0.6309573444801932, 0.6309573444801932, 0.6309573444801932, 0.6309573444801932, 0.00992571199249107]
[0.6309573444801932, 0.6309573444801934, 0.6309573444801932, 0.6309573444801932, 0.6309573444801932, 0.010046576659892616]
[0.6309573444801932, 0.6309573444801932, 0.6309573444801932, 0.6309573444801932, 0.6309573444801932, 0.0101804491503061]
[0.6309573444801932, 0.6309573444801932, 0.6309573444801932, 0.6309573444801932, 0.6309573444801932, 0.010363397131203338]
[0.6309573444801932, 0.6309573444801932, 0.6309573444801932, 0.6309573444801932, 0.6309573444801934, 0.01058068872916143]
[0.6309573444801932, 0.6309573444801932, 0.6309573444801932, 0.6309573444801932, 0.6309573444801932, 0.010758042581402958]
[0.6309573444801934, 0.6309573444801932, 0.6309573444801932, 0.6309573444801932, 0.6309573444801932, 0.010922099616659065]
[0.6309573444801934, 0.6309573444801932, 0.6309573444801932, 0.6309573444801932, 0.6309573444801934, 0.011147708118436347]
[0.6309573444801932, 0.6309573444801932, 0.6309573444801932, 0.6309573444801932, 0.6309573444801932, 0.011410273677035534]
[0.6309573444801932, 0.6309573444801931, 0.6309573444801932, 0.6309573444801932, 0.6309573444801932, 0.010758508955288449]
[0.6309573444801932, 0.6309573444801932, 0.6309573444801932, 0.6309573444801932, 0.6309573444801932, 0.010883326780963388]
[0.6309573444801931, 0.6309573444801932, 0.6309573444801934, 0.6309573444801932, 0.6309573444801932, 0.01101585225345328]
[0.6309573444801932, 0.6309573444801932, 0.6309573444801932, 0.6309573444801932, 0.6309573444801932, 0.011162640520255054]
[0.6309573444801932, 0.6309573444801932, 0.6309573444801932, 0.6309573444801934, 0.6309573444801932, 0.011363238992337293]
[0.6309573444801932, 0.6309573444801934, 0.6309573444801932, 0.6309573444801932, 0.6309573444801932, 0.011601494491703453]
[0.6309573444801932, 0.6309573444801932, 0.6309573444801932, 0.6309573444801932, 0.6309573444801932, 0.011795959123688289]
[0.6309573444801932, 0.6309573444801932, 0.6309573444801932, 0.6309573444801932, 0.6309573444801932, 0.011975844085770505]
[0.6309573444801932, 0.6309573444801934, 0.6309573444801932, 0.6309573444801932, 0.6309573444801932, 0.012223218888833822]
[0.6309573444801934, 0.6309573444801932, 0.6309573444801932, 0.6309573444801932, 0.6309573444801932, 0.012511116298895989]
[0.6309573444801932, 0.6309573444801932, 0.6309573444801932, 0.6309573444801932, 0.6309573444801931, 0.009811876782530687]
[0.6309573444801932, 0.6309573444801932, 0.6309573444801932, 0.6309573444801932, 0.6309573444801932, 0.00992571199249107]
[0.6309573444801934, 0.6309573444801932, 0.6309573444801932, 0.6309573444801934, 0.6309573444801932, 0.010046576659892616]
[0.6309573444801932, 0.6309573444801932, 0.6309573444801932, 0.6309573444801932, 0.6309573444801932, 0.0101804491503061]
[0.6309573444801932, 0.6309573444801932, 0.6309573444801932, 0.6309573444801932, 0.6309573444801932, 0.010363397131203338]
[0.6309573444801932, 0.6309573444801932, 0.6309573444801932, 0.6309573444801932, 0.6309573444801934, 0.01058068872916143]
[0.6309573444801932, 0.6309573444801932, 0.6309573444801932, 0.6309573444801932, 0.6309573444801932, 0.010758042581402958]
[0.6309573444801932, 0.6309573444801932, 0.6309573444801932, 0.6309573444801932, 0.6309573444801932, 0.010922099616659065]
[0.6309573444801931, 0.6309573444801932, 0.6309573444801932, 0.6309573444801932, 0.6309573444801934, 0.011147708118436347]
[0.6309573444801932, 0.6309573444801932, 0.6309573444801932, 0.6309573444801932, 0.6309573444801932, 0.011410273677035534]
[0.6309573444801932, 0.6309573444801931, 0.6309573444801932, 0.6309573444801932, 0.009588531199321132]
[0.6309573444801932, 0.6309573444801932, 0.6309573444801932, 0.6309573444801932, 0.009699775203549735]
[0.6309573444801932, 0.6309573444801932, 0.6309573444801934, 0.6309573444801932, 0.00981788865523297]
[0.6309573444801932, 0.6309573444801932, 0.6309573444801932, 0.6309573444801932, 0.009948713835727077]
[0.6309573444801932, 0.6309573444801932, 0.6309573444801932, 0.6309573444801932, 0.01012749741215857]
[0.6309573444801932, 0.6309573444801934, 0.6309573444801932, 0.6309573444801932, 0.010339842849484183]
[0.6309573444801932, 0.6309573444801932, 0.6309573444801932, 0.6309573444801932, 0.010513159635174503]
[0.6309573444801932, 0.6309573444801932, 0.6309573444801932, 0.6309573444801932, 0.010673482276386429]
[0.6309573444801932, 0.6309573444801934, 0.6309573444801932, 0.6309573444801932, 0.010893955301687262]
[0.6309573444801932, 0.6309573444801932, 0.6309573444801932, 0.6309573444801932, 0.011150544138491444]
[0.6309573444801932, 0.6309573444801932, 0.6309573444801932, 0.6309573444801932, 0.00997654119071621]
[0.6309573444801932, 0.6309573444801932, 0.6309573444801932, 0.6309573444801932, 0.009972636742989217]
[0.6309573444801932, 0.6309573444801932, 0.6309573444801934, 0.6309573444801932, 0.009979527976273524]
[0.6309573444801932, 0.6309573444801932, 0.6309573444801932, 0.6309573444801932, 0.009982745514581023]
[0.6309573444801932, 0.6309573444801932, 0.6309573444801932, 0.6309573444801932, 0.00998596409026752]
[0.6309573444801932, 0.6309573444801932, 0.6309573444801932, 0.6309573444801931, 0.009988953696860673]
[0.6309573444801932, 0.6309573444801932, 0.6309573444801932, 0.6309573444801932, 0.009982055954767578]
[0.6309573444801932, 0.6309573444801932, 0.6309573444801932, 0.6309573444801932, 0.009958639240306587]
[0.6309573444801932, 0.6309573444801932, 0.6309573444801932, 0.6309573444801934, 0.00992658806848174]
[0.6309573444801932, 0.6309573444801932, 0.6309573444801932, 0.6309573444801932, 0.009897146526060021]
[0.6309573444801932, 0.6309573444801931, 0.6309573444801932, 0.6309573444801932, 0.010446721091604659]
[0.6309573444801932, 0.6309573444801932, 0.6309573444801932, 0.6309573444801932, 0.010442632632925351]
[0.6309573444801932, 0.6309573444801932, 0.6309573444801934, 0.6309573444801932, 0.010449848640028627]
[0.6309573444801932, 0.6309573444801932, 0.6309573444801932, 0.6309573444801932, 0.010453217816244855]
[0.6309573444801932, 0.6309573444801932, 0.6309573444801932, 0.6309573444801932, 0.01045658807873025]
[0.6309573444801932, 0.6309573444801934, 0.6309573444801932, 0.6309573444801934, 0.010459718581141387]
[0.6309573444801932, 0.6309573444801932, 0.6309573444801932, 0.6309573444801932, 0.010452495758478609]
[0.6309573444801932, 0.6309573444801932, 0.6309573444801932, 0.6309573444801932, 0.010427975448264947]
[0.6309573444801932, 0.6309573444801934, 0.6309573444801932, 0.6309573444801934, 0.010394413751248667]
[0.6309573444801932, 0.6309573444801932, 0.6309573444801932, 0.6309573444801932, 0.010363584671680233]
[0.6309573444801932, 0.6309573444801931, 0.6309573444801932, 0.6309573444801932, 0.00997654119071621]
[0.6309573444801934, 0.6309573444801932, 0.6309573444801932, 0.6309573444801932, 0.009972636742989217]
[0.6309573444801932, 0.6309573444801932, 0.6309573444801934, 0.6309573444801932, 0.009979527976273524]
[0.6309573444801932, 0.6309573444801932, 0.6309573444801932, 0.6309573444801932, 0.009982745514581023]
[0.6309573444801932, 0.6309573444801932, 0.6309573444801932, 0.6309573444801932, 0.00998596409026752]
[0.6309573444801932, 0.6309573444801934, 0.6309573444801932, 0.6309573444801931, 0.009988953696860673]
[0.6309573444801932, 0.6309573444801932, 0.6309573444801932, 0.6309573444801932, 0.009982055954767578]
[0.6309573444801932, 0.6309573444801932, 0.6309573444801932, 0.6309573444801932, 0.009958639240306587]
[0.6309573444801932, 0.6309573444801934, 0.6309573444801932, 0.6309573444801934, 0.00992658806848174]
[0.6309573444801932, 0.6309573444801932, 0.6309573444801932, 0.6309573444801932, 0.009897146526060021]
[0.6309573444801932, 0.6309573444801931, 0.6309573444801932, 0.6309573444801932, 0.6309573444801932, 0.010758508955288449]
[0.6309573444801932, 0.6309573444801932, 0.6309573444801932, 0.6309573444801932, 0.6309573444801932, 0.010883326780963388]
[0.6309573444801932, 0.6309573444801932, 0.6309573444801934, 0.6309573444801932, 0.6309573444801932, 0.01101585225345328]
[0.6309573444801932, 0.6309573444801932, 0.6309573444801932, 0.6309573444801932, 0.6309573444801932, 0.011162640520255054]
[0.6309573444801932, 0.6309573444801932, 0.6309573444801932, 0.6309573444801934, 0.6309573444801932, 0.011363238992337293]
[0.6309573444801932, 0.6309573444801934, 0.6309573444801932, 0.6309573444801932, 0.6309573444801932, 0.011601494491703453]
[0.6309573444801932, 0.6309573444801932, 0.6309573444801932, 0.6309573444801932, 0.6309573444801932, 0.011795959123688289]
[0.6309573444801932, 0.6309573444801932, 0.6309573444801932, 0.6309573444801932, 0.6309573444801932, 0.011975844085770505]
[0.6309573444801932, 0.6309573444801934, 0.6309573444801932, 0.6309573444801932, 0.6309573444801932, 0.012223218888833822]
[0.6309573444801932, 0.6309573444801932, 0.6309573444801932, 0.6309573444801932, 0.6309573444801932, 0.012511116298895989]
[0.6309573444801932, 0.6309573444801932, 0.6309573444801932, 0.6309573444801932, 0.6309573444801932, 0.00997654119071621]
[0.6309573444801932, 0.6309573444801932, 0.6309573444801932, 0.6309573444801932, 0.6309573444801932, 0.009972636742989217]
[0.6309573444801934, 0.6309573444801932, 0.6309573444801932, 0.6309573444801934, 0.6309573444801932, 0.009979527976273524]
[0.6309573444801932, 0.6309573444801932, 0.6309573444801932, 0.6309573444801932, 0.6309573444801932, 0.009982745514581023]
[0.6309573444801932, 0.6309573444801932, 0.6309573444801932, 0.6309573444801932, 0.6309573444801932, 0.00998596409026752]
[0.6309573444801932, 0.6309573444801932, 0.6309573444801932, 0.6309573444801932, 0.6309573444801931, 0.009988953696860673]
[0.6309573444801932, 0.6309573444801932, 0.6309573444801932, 0.6309573444801932, 0.6309573444801932, 0.009982055954767578]
[0.6309573444801932, 0.6309573444801932, 0.6309573444801932, 0.6309573444801932, 0.6309573444801932, 0.009958639240306587]
[0.6309573444801931, 0.6309573444801932, 0.6309573444801932, 0.6309573444801932, 0.6309573444801934, 0.00992658806848174]
[0.6309573444801932, 0.6309573444801932, 0.6309573444801932, 0.6309573444801932, 0.6309573444801932, 0.009897146526060021]
[0.6309573444801932, 0.6309573444801932, 0.6309573444801932, 0.6309573444801932, 0.6309573444801932, 0.009156976206186907]
[0.6309573444801932, 0.6309573444801932, 0.6309573444801934, 0.6309573444801932, 0.6309573444801932, 0.009263213405464564]
[0.6309573444801932, 0.6309573444801932, 0.6309573444801932, 0.6309573444801932, 0.6309573444801932, 0.009376010876131453]
[0.6309573444801932, 0.6309573444801932, 0.6309573444801932, 0.6309573444801931, 0.6309573444801934, 0.009500947953568243]
[0.6309573444801932, 0.6309573444801932, 0.6309573444801932, 0.6309573444801931, 0.6309573444801932, 0.009671684943562714]
[0.6309573444801932, 0.6309573444801934, 0.6309573444801932, 0.6309573444801932, 0.6309573444801932, 0.009874473261884153]
[0.6309573444801932, 0.6309573444801932, 0.6309573444801932, 0.6309573444801932, 0.6309573444801932, 0.010039989507251474]
[0.6309573444801932, 0.6309573444801932, 0.6309573444801932, 0.6309573444801932, 0.6309573444801932, 0.010193096440980239]
[0.6309573444801932, 0.6309573444801934, 0.6309573444801932, 0.6309573444801932, 0.6309573444801932, 0.010403646545560252]
[0.6309573444801932, 0.6309573444801932, 0.6309573444801932, 0.6309573444801932, 0.6309573444801932, 0.010648686982364108]
[0.6309573444801932, 0.6309573444801932, 0.6309573444801932, 0.6309573444801932, 0.6309573444801932, 0.00997654119071621]
[0.6309573444801932, 0.6309573444801932, 0.6309573444801932, 0.6309573444801932, 0.6309573444801932, 0.009972636742989217]
[0.6309573444801932, 0.6309573444801934, 0.6309573444801932, 0.6309573444801932, 0.6309573444801932, 0.009979527976273524]
[0.6309573444801932, 0.6309573444801932, 0.6309573444801932, 0.6309573444801932, 0.6309573444801932, 0.009982745514581023]
[0.6309573444801932, 0.6309573444801932, 0.6309573444801932, 0.6309573444801932, 0.6309573444801932, 0.00998596409026752]
[0.6309573444801932, 0.6309573444801932, 0.6309573444801932, 0.6309573444801932, 0.6309573444801931, 0.009988953696860673]
[0.6309573444801932, 0.6309573444801932, 0.6309573444801932, 0.6309573444801932, 0.6309573444801932, 0.009982055954767578]
[0.6309573444801934, 0.6309573444801932, 0.6309573444801932, 0.6309573444801932, 0.6309573444801932, 0.009958639240306587]
[0.6309573444801934, 0.6309573444801932, 0.6309573444801932, 0.6309573444801932, 0.6309573444801934, 0.00992658806848174]
[0.6309573444801932, 0.6309573444801932, 0.6309573444801932, 0.6309573444801932, 0.6309573444801932, 0.009897146526060021]
[0.6309573444801932, 0.6309573444801932, 0.6309573444801932, 0.6309573444801932, 0.01020892468766019]
[0.6309573444801932, 0.6309573444801932, 0.6309573444801932, 0.6309573444801932, 0.010204929293662431]
[0.6309573444801932, 0.6309573444801932, 0.6309573444801932, 0.6309573444801932, 0.010211981044390432]
[0.6309573444801932, 0.6309573444801932, 0.6309573444801932, 0.6309573444801932, 0.01021527352879289]
[0.6309573444801932, 0.6309573444801932, 0.6309573444801932, 0.6309573444801932, 0.01021856707473801]
[0.6309573444801932, 0.6309573444801932, 0.6309573444801932, 0.6309573444801934, 0.010221626318214464]
[0.6309573444801932, 0.6309573444801932, 0.6309573444801932, 0.6309573444801932, 0.010214567907068034]
[0.6309573444801932, 0.6309573444801932, 0.6309573444801932, 0.6309573444801932, 0.010190605747257863]
[0.6309573444801932, 0.6309573444801932, 0.6309573444801932, 0.6309573444801934, 0.010157808007735112]
[0.6309573444801932, 0.6309573444801932, 0.6309573444801932, 0.6309573444801932, 0.01012768068369303]
[0.6309573444801932, 0.6309573444801932, 0.6309573444801932, 0.6309573444801932, 0.009156976206186907]
[0.6309573444801932, 0.6309573444801934, 0.6309573444801932, 0.6309573444801932, 0.009263213405464564]
[0.6309573444801932, 0.6309573444801932, 0.6309573444801932, 0.6309573444801932, 0.009376010876131453]
[0.6309573444801932, 0.6309573444801932, 0.6309573444801931, 0.6309573444801934, 0.009500947953568243]
[0.6309573444801932, 0.6309573444801932, 0.6309573444801931, 0.6309573444801932, 0.009671684943562714]
[0.6309573444801934, 0.6309573444801932, 0.6309573444801932, 0.6309573444801932, 0.009874473261884153]
[0.6309573444801932, 0.6309573444801932, 0.6309573444801932, 0.6309573444801932, 0.010039989507251474]
[0.6309573444801932, 0.6309573444801932, 0.6309573444801932, 0.6309573444801932, 0.010193096440980239]
[0.6309573444801934, 0.6309573444801932, 0.6309573444801932, 0.6309573444801932, 0.010403646545560252]
[0.6309573444801932, 0.6309573444801932, 0.6309573444801932, 0.6309573444801932, 0.010648686982364108]
[0.6309573444801932, 0.6309573444801932, 0.6309573444801932, 0.6309573444801932, 0.010274296288945692]
[0.6309573444801932, 0.6309573444801932, 0.6309573444801932, 0.6309573444801932, 0.010393496387068575]
[0.6309573444801932, 0.6309573444801934, 0.6309573444801932, 0.6309573444801932, 0.01052005723075541]
[0.6309573444801932, 0.6309573444801932, 0.6309573444801932, 0.6309573444801932, 0.01066023893726604]
[0.6309573444801932, 0.6309573444801932, 0.6309573444801932, 0.6309573444801932, 0.01085180899087181]
[0.6309573444801932, 0.6309573444801932, 0.6309573444801932, 0.6309573444801932, 0.011079341226345326]
[0.6309573444801932, 0.6309573444801932, 0.6309573444801932, 0.6309573444801932, 0.011265053508134231]
[0.6309573444801934, 0.6309573444801932, 0.6309573444801932, 0.6309573444801932, 0.011436842313259494]
[0.6309573444801934, 0.6309573444801932, 0.6309573444801932, 0.6309573444801932, 0.011673083416153475]
[0.6309573444801932, 0.6309573444801932, 0.6309573444801932, 0.6309573444801932, 0.011948023308297617]
[0.6309573444801932, 0.6309573444801932, 0.6309573444801932, 0.6309573444801932, 0.01020892468766019]
[0.6309573444801932, 0.6309573444801932, 0.6309573444801932, 0.6309573444801932, 0.010204929293662431]
[0.6309573444801932, 0.6309573444801934, 0.6309573444801932, 0.6309573444801932, 0.010211981044390432]
[0.6309573444801932, 0.6309573444801932, 0.6309573444801932, 0.6309573444801932, 0.01021527352879289]
[0.6309573444801932, 0.6309573444801932, 0.6309573444801932, 0.6309573444801932, 0.01021856707473801]
[0.6309573444801932, 0.6309573444801932, 0.6309573444801931, 0.6309573444801932, 0.010221626318214463]
[0.6309573444801932, 0.6309573444801932, 0.6309573444801932, 0.6309573444801932, 0.010214567907068034]
[0.6309573444801932, 0.6309573444801932, 0.6309573444801932, 0.6309573444801932, 0.010190605747257863]
[0.6309573444801932, 0.6309573444801932, 0.6309573444801934, 0.6309573444801932, 0.01015780800773511]
[0.6309573444801932, 0.6309573444801932, 0.6309573444801932, 0.6309573444801932, 0.01012768068369303]
[0.6309573444801932, 0.6309573444801932, 0.6309573444801931, 0.6309573444801932, 0.01020892468766019]
[0.6309573444801932, 0.6309573444801932, 0.6309573444801932, 0.6309573444801932, 0.010204929293662431]
[0.6309573444801932, 0.6309573444801932, 0.6309573444801932, 0.6309573444801934, 0.010211981044390434]
[0.6309573444801932, 0.6309573444801932, 0.6309573444801932, 0.6309573444801932, 0.01021527352879289]
[0.6309573444801934, 0.6309573444801932, 0.6309573444801932, 0.6309573444801932, 0.01021856707473801]
[0.6309573444801932, 0.6309573444801932, 0.6309573444801934, 0.6309573444801932, 0.010221626318214463]
[0.6309573444801932, 0.6309573444801932, 0.6309573444801932, 0.6309573444801932, 0.010214567907068034]
[0.6309573444801932, 0.6309573444801932, 0.6309573444801932, 0.6309573444801932, 0.010190605747257863]
[0.6309573444801931, 0.6309573444801932, 0.6309573444801934, 0.6309573444801932, 0.01015780800773511]
[0.6309573444801932, 0.6309573444801932, 0.6309573444801932, 0.6309573444801932, 0.01012768068369303]
[0.6309573444801932, 0.6309573444801931, 0.6309573444801932, 0.6309573444801932, 0.009527522871271451]
[0.6309573444801932, 0.6309573444801932, 0.6309573444801932, 0.6309573444801932, 0.009523794152639663]
[0.6309573444801932, 0.6309573444801932, 0.6309573444801932, 0.6309573444801932, 0.00953037522933472]
[0.6309573444801932, 0.6309573444801932, 0.6309573444801932, 0.6309573444801932, 0.009533447954563621]
[0.6309573444801932, 0.6309573444801932, 0.6309573444801932, 0.6309573444801932, 0.009536521670481775]
[0.6309573444801932, 0.6309573444801934, 0.6309573444801932, 0.6309573444801932, 0.00953937672261336]
[0.6309573444801932, 0.6309573444801932, 0.6309573444801932, 0.6309573444801932, 0.009532789430054164]
[0.6309573444801932, 0.6309573444801932, 0.6309573444801932, 0.6309573444801932, 0.009510426641354935]
[0.6309573444801932, 0.6309573444801934, 0.6309573444801932, 0.6309573444801931, 0.009479818009888905]
[0.6309573444801932, 0.6309573444801932, 0.6309573444801932, 0.6309573444801932, 0.00945170155515513]
[0.6309573444801932, 0.6309573444801932, 0.6309573444801932, 0.6309573444801932, 0.01020892468766019]
[0.6309573444801932, 0.6309573444801932, 0.6309573444801932, 0.6309573444801932, 0.010204929293662431]
[0.6309573444801932, 0.6309573444801932, 0.6309573444801932, 0.6309573444801932, 0.010211981044390432]
[0.6309573444801932, 0.6309573444801932, 0.6309573444801932, 0.6309573444801932, 0.01021527352879289]
[0.6309573444801932, 0.6309573444801932, 0.6309573444801932, 0.6309573444801932, 0.01021856707473801]
[0.6309573444801932, 0.6309573444801932, 0.6309573444801932, 0.6309573444801934, 0.010221626318214464]
[0.6309573444801932, 0.6309573444801932, 0.6309573444801932, 0.6309573444801932, 0.010214567907068034]
[0.6309573444801932, 0.6309573444801932, 0.6309573444801932, 0.6309573444801932, 0.010190605747257863]
[0.6309573444801932, 0.6309573444801932, 0.6309573444801932, 0.6309573444801934, 0.010157808007735112]
[0.6309573444801932, 0.6309573444801932, 0.6309573444801932, 0.6309573444801932, 0.01012768068369303]
[0.6309573444801932, 0.6309573444801932, 0.6309573444801932, 0.6309573444801932, 0.6309573444801932, 0.009527522871271451]
[0.6309573444801932, 0.6309573444801932, 0.6309573444801932, 0.6309573444801932, 0.6309573444801932, 0.009523794152639663]
[0.6309573444801932, 0.6309573444801934, 0.6309573444801932, 0.6309573444801932, 0.6309573444801932, 0.00953037522933472]
[0.6309573444801932, 0.6309573444801932, 0.6309573444801932, 0.6309573444801932, 0.6309573444801932, 0.009533447954563621]
[0.6309573444801932, 0.6309573444801932, 0.6309573444801932, 0.6309573444801932, 0.6309573444801932, 0.009536521670481775]
[0.6309573444801932, 0.6309573444801932, 0.6309573444801931, 0.6309573444801932, 0.6309573444801932, 0.00953937672261336]
[0.6309573444801932, 0.6309573444801932, 0.6309573444801932, 0.6309573444801932, 0.6309573444801932, 0.009532789430054164]
[0.6309573444801932, 0.6309573444801932, 0.6309573444801932, 0.6309573444801932, 0.6309573444801932, 0.009510426641354935]
[0.6309573444801932, 0.6309573444801932, 0.6309573444801934, 0.6309573444801932, 0.6309573444801932, 0.009479818009888907]
[0.6309573444801932, 0.6309573444801932, 0.6309573444801932, 0.6309573444801932, 0.6309573444801932, 0.00945170155515513]
[0.6309573444801932, 0.6309573444801932, 0.6309573444801932, 0.6309573444801931, 0.6309573444801932, 0.01020892468766019]
[0.6309573444801932, 0.6309573444801932, 0.6309573444801932, 0.6309573444801932, 0.6309573444801932, 0.010204929293662431]
[0.6309573444801932, 0.6309573444801932, 0.6309573444801932, 0.6309573444801932, 0.6309573444801934, 0.010211981044390434]
[0.6309573444801932, 0.6309573444801932, 0.6309573444801932, 0.6309573444801932, 0.6309573444801932, 0.01021527352879289]
[0.6309573444801932, 0.6309573444801934, 0.6309573444801932, 0.6309573444801932, 0.6309573444801932, 0.01021856707473801]
[0.6309573444801932, 0.6309573444801932, 0.6309573444801932, 0.6309573444801934, 0.6309573444801932, 0.010221626318214463]
[0.6309573444801932, 0.6309573444801932, 0.6309573444801932, 0.6309573444801932, 0.6309573444801932, 0.010214567907068034]
[0.6309573444801932, 0.6309573444801932, 0.6309573444801932, 0.6309573444801932, 0.6309573444801932, 0.010190605747257863]
[0.6309573444801932, 0.6309573444801931, 0.6309573444801932, 0.6309573444801934, 0.6309573444801932, 0.01015780800773511]
[0.6309573444801932, 0.6309573444801932, 0.6309573444801932, 0.6309573444801932, 0.6309573444801932, 0.01012768068369303]
[0.6309573444801932, 0.6309573444801932, 0.6309573444801932, 0.6309573444801931, 0.009811876782530687]
[0.6309573444801932, 0.6309573444801932, 0.6309573444801932, 0.6309573444801932, 0.00992571199249107]
[0.6309573444801932, 0.6309573444801932, 0.6309573444801934, 0.6309573444801932, 0.010046576659892616]
[0.6309573444801932, 0.6309573444801932, 0.6309573444801932, 0.6309573444801932, 0.0101804491503061]
[0.6309573444801932, 0.6309573444801932, 0.6309573444801932, 0.6309573444801932, 0.010363397131203338]
[0.6309573444801932, 0.6309573444801932, 0.6309573444801932, 0.6309573444801934, 0.01058068872916143]
[0.6309573444801932, 0.6309573444801932, 0.6309573444801932, 0.6309573444801932, 0.010758042581402958]
[0.6309573444801932, 0.6309573444801932, 0.6309573444801932, 0.6309573444801932, 0.010922099616659065]
[0.6309573444801932, 0.6309573444801932, 0.6309573444801932, 0.6309573444801934, 0.011147708118436347]
[0.6309573444801932, 0.6309573444801932, 0.6309573444801932, 0.6309573444801932, 0.011410273677035534]
[0.6309573444801932, 0.6309573444801931, 0.6309573444801932, 0.6309573444801932, 0.009588531199321132]
[0.6309573444801932, 0.6309573444801932, 0.6309573444801932, 0.6309573444801932, 0.009699775203549735]
[0.6309573444801931, 0.6309573444801932, 0.6309573444801934, 0.6309573444801932, 0.00981788865523297]
[0.6309573444801932, 0.6309573444801932, 0.6309573444801932, 0.6309573444801932, 0.009948713835727077]
[0.6309573444801932, 0.6309573444801932, 0.6309573444801932, 0.6309573444801932, 0.01012749741215857]
[0.6309573444801932, 0.6309573444801934, 0.6309573444801932, 0.6309573444801932, 0.010339842849484183]
[0.6309573444801932, 0.6309573444801932, 0.6309573444801932, 0.6309573444801932, 0.010513159635174503]
[0.6309573444801932, 0.6309573444801932, 0.6309573444801932, 0.6309573444801932, 0.010673482276386429]
[0.6309573444801932, 0.6309573444801934, 0.6309573444801932, 0.6309573444801932, 0.010893955301687262]
[0.6309573444801934, 0.6309573444801932, 0.6309573444801932, 0.6309573444801932, 0.011150544138491444]
[0.6309573444801932, 0.6309573444801932, 0.6309573444801932, 0.6309573444801932, 0.00997654119071621]
[0.6309573444801932, 0.6309573444801932, 0.6309573444801932, 0.6309573444801932, 0.009972636742989217]
[0.6309573444801932, 0.6309573444801932, 0.6309573444801934, 0.6309573444801932, 0.009979527976273524]
[0.6309573444801932, 0.6309573444801932, 0.6309573444801932, 0.6309573444801932, 0.009982745514581023]
[0.6309573444801932, 0.6309573444801932, 0.6309573444801932, 0.6309573444801932, 0.00998596409026752]
[0.6309573444801932, 0.6309573444801932, 0.6309573444801932, 0.6309573444801931, 0.009988953696860673]
[0.6309573444801932, 0.6309573444801932, 0.6309573444801932, 0.6309573444801932, 0.009982055954767578]
[0.6309573444801932, 0.6309573444801932, 0.6309573444801932, 0.6309573444801932, 0.009958639240306587]
[0.6309573444801932, 0.6309573444801932, 0.6309573444801932, 0.6309573444801934, 0.00992658806848174]
[0.6309573444801932, 0.6309573444801932, 0.6309573444801932, 0.6309573444801932, 0.009897146526060021]
[0.6309573444801932, 0.6309573444801931, 0.6309573444801932, 0.6309573444801932, 0.009588531199321132]
[0.6309573444801932, 0.6309573444801932, 0.6309573444801932, 0.6309573444801932, 0.009699775203549735]
[0.6309573444801932, 0.6309573444801932, 0.6309573444801934, 0.6309573444801932, 0.00981788865523297]
[0.6309573444801932, 0.6309573444801932, 0.6309573444801932, 0.6309573444801932, 0.009948713835727077]
[0.6309573444801932, 0.6309573444801932, 0.6309573444801932, 0.6309573444801932, 0.01012749741215857]
[0.6309573444801932, 0.6309573444801934, 0.6309573444801932, 0.6309573444801932, 0.010339842849484183]
[0.6309573444801932, 0.6309573444801932, 0.6309573444801932, 0.6309573444801932, 0.010513159635174503]
[0.6309573444801932, 0.6309573444801932, 0.6309573444801932, 0.6309573444801932, 0.010673482276386429]
[0.6309573444801932, 0.6309573444801934, 0.6309573444801932, 0.6309573444801932, 0.010893955301687262]
[0.6309573444801932, 0.6309573444801932, 0.6309573444801932, 0.6309573444801932, 0.011150544138491444]
[0.6309573444801932, 0.6309573444801932, 0.6309573444801932, 0.6309573444801932, 0.6309573444801932, 0.01020892468766019]
[0.6309573444801932, 0.6309573444801932, 0.6309573444801932, 0.6309573444801932, 0.6309573444801932, 0.010204929293662431]
[0.6309573444801932, 0.6309573444801932, 0.6309573444801934, 0.6309573444801932, 0.6309573444801932, 0.010211981044390432]
[0.6309573444801932, 0.6309573444801932, 0.6309573444801932, 0.6309573444801932, 0.6309573444801932, 0.01021527352879289]
[0.6309573444801932, 0.6309573444801932, 0.6309573444801932, 0.6309573444801932, 0.6309573444801932, 0.01021856707473801]
[0.6309573444801932, 0.6309573444801932, 0.6309573444801932, 0.6309573444801931, 0.6309573444801932, 0.010221626318214463]
[0.6309573444801932, 0.6309573444801932, 0.6309573444801932, 0.6309573444801932, 0.6309573444801932, 0.010214567907068034]
[0.6309573444801932, 0.6309573444801932, 0.6309573444801932, 0.6309573444801932, 0.6309573444801932, 0.010190605747257863]
[0.6309573444801932, 0.6309573444801932, 0.6309573444801932, 0.6309573444801934, 0.6309573444801932, 0.01015780800773511]
[0.6309573444801932, 0.6309573444801932, 0.6309573444801932, 0.6309573444801932, 0.6309573444801932, 0.01012768068369303]
[0.6309573444801932, 0.6309573444801932, 0.6309573444801931, 0.6309573444801932, 0.6309573444801932, 0.009588531199321132]
[0.6309573444801932, 0.6309573444801932, 0.6309573444801932, 0.6309573444801932, 0.6309573444801932, 0.009699775203549735]
[0.6309573444801932, 0.6309573444801932, 0.6309573444801932, 0.6309573444801934, 0.6309573444801932, 0.00981788865523297]
[0.6309573444801932, 0.6309573444801932, 0.6309573444801932, 0.6309573444801932, 0.6309573444801932, 0.009948713835727077]
[0.6309573444801934, 0.6309573444801932, 0.6309573444801932, 0.6309573444801932, 0.6309573444801932, 0.01012749741215857]
[0.6309573444801932, 0.6309573444801932, 0.6309573444801934, 0.6309573444801932, 0.6309573444801932, 0.010339842849484183]
[0.6309573444801932, 0.6309573444801932, 0.6309573444801932, 0.6309573444801932, 0.6309573444801932, 0.010513159635174503]
[0.6309573444801932, 0.6309573444801932, 0.6309573444801932, 0.6309573444801932, 0.6309573444801932, 0.010673482276386429]
[0.6309573444801931, 0.6309573444801932, 0.6309573444801934, 0.6309573444801932, 0.6309573444801932, 0.010893955301687262]
[0.6309573444801932, 0.6309573444801932, 0.6309573444801932, 0.6309573444801932, 0.6309573444801932, 0.011150544138491444]
[0.6309573444801932, 0.6309573444801932, 0.6309573444801932, 0.6309573444801932, 0.6309573444801932, 0.6309573444801932, 0.009527522871271451]
[0.6309573444801932, 0.6309573444801932, 0.6309573444801932, 0.6309573444801932, 0.6309573444801932, 0.6309573444801932, 0.009523794152639663]
[0.6309573444801932, 0.6309573444801932, 0.6309573444801934, 0.6309573444801932, 0.6309573444801932, 0.6309573444801932, 0.00953037522933472]
[0.6309573444801932, 0.6309573444801932, 0.6309573444801932, 0.6309573444801932, 0.6309573444801932, 0.6309573444801932, 0.009533447954563621]
[0.6309573444801932, 0.6309573444801932, 0.6309573444801932, 0.6309573444801932, 0.6309573444801932, 0.6309573444801932, 0.009536521670481775]
[0.6309573444801932, 0.6309573444801932, 0.6309573444801932, 0.6309573444801931, 0.6309573444801932, 0.6309573444801932, 0.00953937672261336]
[0.6309573444801932, 0.6309573444801932, 0.6309573444801932, 0.6309573444801932, 0.6309573444801932, 0.6309573444801932, 0.009532789430054164]
[0.6309573444801932, 0.6309573444801932, 0.6309573444801932, 0.6309573444801932, 0.6309573444801932, 0.6309573444801932, 0.009510426641354935]
[0.6309573444801932, 0.6309573444801932, 0.6309573444801932, 0.6309573444801934, 0.6309573444801932, 0.6309573444801932, 0.009479818009888907]
[0.6309573444801932, 0.6309573444801932, 0.6309573444801932, 0.6309573444801932, 0.6309573444801932, 0.6309573444801932, 0.00945170155515513]
[0.6309573444801932, 0.6309573444801932, 0.6309573444801932, 0.6309573444801931, 0.6309573444801932, 0.6309573444801932, 0.009588531199321132]
[0.6309573444801932, 0.6309573444801932, 0.6309573444801932, 0.6309573444801932, 0.6309573444801932, 0.6309573444801932, 0.009699775203549735]
[0.6309573444801932, 0.6309573444801932, 0.6309573444801932, 0.6309573444801932, 0.6309573444801934, 0.6309573444801932, 0.00981788865523297]
[0.6309573444801932, 0.6309573444801932, 0.6309573444801932, 0.6309573444801932, 0.6309573444801932, 0.6309573444801932, 0.009948713835727077]
[0.6309573444801932, 0.6309573444801934, 0.6309573444801932, 0.6309573444801932, 0.6309573444801932, 0.6309573444801932, 0.01012749741215857]
[0.6309573444801932, 0.6309573444801932, 0.6309573444801932, 0.6309573444801934, 0.6309573444801932, 0.6309573444801932, 0.010339842849484183]
[0.6309573444801932, 0.6309573444801932, 0.6309573444801932, 0.6309573444801932, 0.6309573444801932, 0.6309573444801932, 0.010513159635174503]
[0.6309573444801932, 0.6309573444801932, 0.6309573444801932, 0.6309573444801932, 0.6309573444801932, 0.6309573444801932, 0.010673482276386429]
[0.6309573444801932, 0.6309573444801931, 0.6309573444801932, 0.6309573444801934, 0.6309573444801932, 0.6309573444801932, 0.010893955301687262]
[0.6309573444801932, 0.6309573444801932, 0.6309573444801932, 0.6309573444801932, 0.6309573444801932, 0.6309573444801932, 0.011150544138491444]
[0.6309573444801932, 0.6309573444801931, 0.6309573444801932, 0.6309573444801931, 0.009811876782530687]
[0.6309573444801934, 0.6309573444801932, 0.6309573444801932, 0.6309573444801932, 0.00992571199249107]
[0.6309573444801932, 0.6309573444801932, 0.6309573444801934, 0.6309573444801932, 0.010046576659892616]
[0.6309573444801932, 0.6309573444801932, 0.6309573444801932, 0.6309573444801932, 0.0101804491503061]
[0.6309573444801932, 0.6309573444801932, 0.6309573444801932, 0.6309573444801932, 0.010363397131203338]
[0.6309573444801932, 0.6309573444801934, 0.6309573444801932, 0.6309573444801934, 0.01058068872916143]
[0.6309573444801932, 0.6309573444801932, 0.6309573444801932, 0.6309573444801932, 0.010758042581402958]
[0.6309573444801932, 0.6309573444801932, 0.6309573444801932, 0.6309573444801932, 0.010922099616659065]
[0.6309573444801932, 0.6309573444801934, 0.6309573444801932, 0.6309573444801934, 0.011147708118436347]
[0.6309573444801932, 0.6309573444801932, 0.6309573444801932, 0.6309573444801932, 0.011410273677035534]
[0.6309573444801932, 0.6309573444801931, 0.6309573444801932, 0.6309573444801932, 0.010446721091604659]
[0.6309573444801932, 0.6309573444801932, 0.6309573444801932, 0.6309573444801932, 0.010442632632925351]
[0.6309573444801931, 0.6309573444801932, 0.6309573444801934, 0.6309573444801932, 0.010449848640028627]
[0.6309573444801932, 0.6309573444801932, 0.6309573444801932, 0.6309573444801932, 0.010453217816244855]
[0.6309573444801932, 0.6309573444801932, 0.6309573444801932, 0.6309573444801932, 0.01045658807873025]
[0.6309573444801932, 0.6309573444801934, 0.6309573444801932, 0.6309573444801934, 0.010459718581141387]
[0.6309573444801932, 0.6309573444801932, 0.6309573444801932, 0.6309573444801932, 0.010452495758478609]
[0.6309573444801932, 0.6309573444801932, 0.6309573444801932, 0.6309573444801932, 0.010427975448264947]
[0.6309573444801932, 0.6309573444801934, 0.6309573444801932, 0.6309573444801934, 0.010394413751248667]
[0.6309573444801934, 0.6309573444801932, 0.6309573444801932, 0.6309573444801932, 0.010363584671680233]
[0.6309573444801932, 0.6309573444801931, 0.6309573444801932, 0.6309573444801932, 0.00997654119071621]
[0.6309573444801934, 0.6309573444801932, 0.6309573444801932, 0.6309573444801932, 0.009972636742989217]
[0.6309573444801932, 0.6309573444801932, 0.6309573444801934, 0.6309573444801932, 0.009979527976273524]
[0.6309573444801932, 0.6309573444801932, 0.6309573444801932, 0.6309573444801932, 0.009982745514581023]
[0.6309573444801932, 0.6309573444801932, 0.6309573444801932, 0.6309573444801932, 0.00998596409026752]
[0.6309573444801932, 0.6309573444801934, 0.6309573444801932, 0.6309573444801931, 0.009988953696860673]
[0.6309573444801932, 0.6309573444801932, 0.6309573444801932, 0.6309573444801932, 0.009982055954767578]
[0.6309573444801932, 0.6309573444801932, 0.6309573444801932, 0.6309573444801932, 0.009958639240306587]
[0.6309573444801932, 0.6309573444801934, 0.6309573444801932, 0.6309573444801934, 0.00992658806848174]
[0.6309573444801932, 0.6309573444801932, 0.6309573444801932, 0.6309573444801932, 0.009897146526060021]
[0.6309573444801932, 0.6309573444801931, 0.6309573444801932, 0.6309573444801932, 0.010446721091604659]
[0.6309573444801932, 0.6309573444801932, 0.6309573444801932, 0.6309573444801932, 0.010442632632925351]
[0.6309573444801932, 0.6309573444801932, 0.6309573444801934, 0.6309573444801932, 0.010449848640028627]
[0.6309573444801932, 0.6309573444801932, 0.6309573444801932, 0.6309573444801932, 0.010453217816244855]
[0.6309573444801932, 0.6309573444801932, 0.6309573444801932, 0.6309573444801932, 0.01045658807873025]
[0.6309573444801932, 0.6309573444801934, 0.6309573444801932, 0.6309573444801934, 0.010459718581141387]
[0.6309573444801932, 0.6309573444801932, 0.6309573444801932, 0.6309573444801932, 0.010452495758478609]
[0.6309573444801932, 0.6309573444801932, 0.6309573444801932, 0.6309573444801932, 0.010427975448264947]
[0.6309573444801932, 0.6309573444801934, 0.6309573444801932, 0.6309573444801934, 0.010394413751248667]
[0.6309573444801932, 0.6309573444801932, 0.6309573444801932, 0.6309573444801932, 0.010363584671680233]
[0.6309573444801932, 0.6309573444801931, 0.6309573444801932, 0.6309573444801932, 0.6309573444801932, 0.01020892468766019]
[0.6309573444801934, 0.6309573444801932, 0.6309573444801932, 0.6309573444801932, 0.6309573444801932, 0.010204929293662431]
[0.6309573444801932, 0.6309573444801932, 0.6309573444801934, 0.6309573444801932, 0.6309573444801932, 0.010211981044390432]
[0.6309573444801932, 0.6309573444801932, 0.6309573444801932, 0.6309573444801932, 0.6309573444801932, 0.01021527352879289]
[0.6309573444801932, 0.6309573444801932, 0.6309573444801932, 0.6309573444801932, 0.6309573444801932, 0.01021856707473801]
[0.6309573444801932, 0.6309573444801934, 0.6309573444801932, 0.6309573444801931, 0.6309573444801932, 0.010221626318214463]
[0.6309573444801932, 0.6309573444801932, 0.6309573444801932, 0.6309573444801932, 0.6309573444801932, 0.010214567907068034]
[0.6309573444801932, 0.6309573444801932, 0.6309573444801932, 0.6309573444801932, 0.6309573444801932, 0.010190605747257863]
[0.6309573444801932, 0.6309573444801934, 0.6309573444801932, 0.6309573444801934, 0.6309573444801932, 0.01015780800773511]
[0.6309573444801932, 0.6309573444801932, 0.6309573444801932, 0.6309573444801932, 0.6309573444801932, 0.01012768068369303]
[0.6309573444801932, 0.6309573444801932, 0.6309573444801931, 0.6309573444801932, 0.6309573444801932, 0.010446721091604659]
[0.6309573444801932, 0.6309573444801932, 0.6309573444801932, 0.6309573444801932, 0.6309573444801932, 0.010442632632925351]
[0.6309573444801932, 0.6309573444801932, 0.6309573444801932, 0.6309573444801934, 0.6309573444801932, 0.010449848640028627]
[0.6309573444801932, 0.6309573444801932, 0.6309573444801932, 0.6309573444801932, 0.6309573444801932, 0.010453217816244855]
[0.6309573444801934, 0.6309573444801932, 0.6309573444801932, 0.6309573444801932, 0.6309573444801932, 0.01045658807873025]
[0.6309573444801932, 0.6309573444801932, 0.6309573444801934, 0.6309573444801932, 0.6309573444801934, 0.010459718581141387]
[0.6309573444801932, 0.6309573444801932, 0.6309573444801932, 0.6309573444801932, 0.6309573444801932, 0.010452495758478609]
[0.6309573444801932, 0.6309573444801932, 0.6309573444801932, 0.6309573444801932, 0.6309573444801932, 0.010427975448264947]
[0.6309573444801931, 0.6309573444801932, 0.6309573444801934, 0.6309573444801932, 0.6309573444801934, 0.010394413751248667]
[0.6309573444801932, 0.6309573444801932, 0.6309573444801932, 0.6309573444801932, 0.6309573444801932, 0.010363584671680233]
