[160.31465385041858, 96.241860059259, 60.353745375273576, 44.00122682380732, 37.232073258236994, 37.232073258236994]
[160.39756807321402, 96.29163603991091, 60.38496013855141, 44.02398411706661, 37.25132956702337, 37.25132956702336]
[160.48048229600735, 96.3414120205621, 60.41617490182892, 44.046741410325694, 37.27058587580959, 37.270585875809594]
[160.56339651879844, 96.39118800121243, 60.447389665106115, 44.069498703584635, 37.2898421845957, 37.289842184595706]
[160.64631074158734, 96.440963981862, 60.47860442838302, 44.09225599684343, 37.309098493381725, 37.309098493381725]
[160.72922496437417, 96.4907399625108, 60.5098191916596, 44.11501329010203, 37.328354802167624, 37.32835480216762]
[160.81213918715864, 96.54051594315875, 60.541033954935855, 44.13777058336048, 37.34761111095337, 37.347611110953366]
[160.8950534099411, 96.590291923806, 60.57224871821187, 44.16052787661879, 37.36686741973906, 37.36686741973906]
[160.97796763272126, 96.64006790445244, 60.60346348148748, 44.18328516987685, 37.38612372852454, 37.38612372852454]
[161.0608818554993, 96.68984388509811, 60.634678244762874, 44.20604246313485, 37.405380037309996, 37.405380037309996]
[242.01797489864057, 97.1856630106651, 60.72355356633168, 48.49465181778104, 37.232073258236994, 37.232073258236994]
[242.14314581439479, 97.23592712316211, 60.754959593216434, 48.51973309600442, 37.25132956702336, 37.251329567023355]
[242.268316730144, 97.28619123565832, 60.786365620100845, 48.54481437422756, 37.27058587580958, 37.27058587580959]
[242.39348764588829, 97.33645534815372, 60.817771646984944, 48.569895652450505, 37.28984218459569, 37.2898421845957]
[242.5186585616275, 97.38671946064834, 60.849177673868745, 48.594976930673305, 37.309098493381725, 37.309098493381725]
[242.6438294773619, 97.43698357314213, 60.88058370075224, 48.620058208895856, 37.32835480216761, 37.32835480216761]
[242.76900039309118, 97.4872476856351, 60.911989727635394, 48.645139487118215, 37.347611110953366, 37.34761111095336]
[242.89417130881563, 97.53751179812733, 60.943395754518264, 48.670220765340396, 37.36686741973905, 37.36686741973905]
[243.019342224535, 97.58777591061872, 60.974801781400764, 48.695302043562315, 37.38612372852454, 37.38612372852454]
[243.14451314024944, 97.63804002310931, 61.006207808283015, 48.72038332178411, 37.405380037309975, 37.40538003730997]
[160.31465385041858, 96.241860059259, 60.353745375273576, 43.84673972169172, 34.60211227544311, 34.60211227544311]
[160.39756807321402, 96.29163603991091, 60.38496013855141, 43.86941711471828, 34.62000837685797, 34.62000837685796]
[160.48048229600735, 96.3414120205621, 60.41617490182892, 43.892094507744645, 34.637904478272695, 34.637904478272695]
[160.56339651879844, 96.39118800121243, 60.447389665106115, 43.914771900770866, 34.65580057968732, 34.655800579687316]
[160.64631074158734, 96.440963981862, 60.47860442838302, 43.937449293796945, 34.673696681101866, 34.673696681101866]
[160.72922496437417, 96.4907399625108, 60.5098191916596, 43.96012668682283, 34.69159278251629, 34.69159278251628]
[160.81213918715864, 96.54051594315875, 60.541033954935855, 43.98280407984857, 34.70948888393061, 34.70948888393061]
[160.8950534099411, 96.590291923806, 60.57224871821187, 44.005481472874166, 34.727384985344855, 34.727384985344855]
[160.97796763272126, 96.64006790445244, 60.60346348148748, 44.02815886589952, 34.74528108675894, 34.74528108675894]
[161.0608818554993, 96.68984388509811, 60.634678244762874, 44.050836258924804, 34.76317718817298, 34.76317718817298]
[164.11583702215532, 81.09648963936344, 54.02636672902475, 44.12627048692541, 34.60211227544311, 34.60211227544311]
[164.20071720459708, 81.13843248321993, 54.0543089924156, 44.14909245236537, 34.62000837685796, 34.62000837685795]
[164.28559738703666, 81.18037532707588, 54.082251255806185, 44.17191441780516, 34.63790447827268, 34.63790447827268]
[164.37047756947388, 81.22231817093122, 54.110193519196514, 44.19473638324479, 34.655800579687316, 34.65580057968731]
[164.4553577519088, 81.26426101478606, 54.138135782586644, 44.217558348684285, 34.67369668110188, 34.67369668110188]
[164.5402379343415, 81.30620385864033, 54.16607804597647, 44.24038031412356, 34.691592782516295, 34.69159278251629]
[164.62511811677183, 81.34814670249396, 54.19402030936607, 44.263202279562705, 34.70948888393062, 34.70948888393062]
[164.70999829919998, 81.39008954634713, 54.22196257275544, 44.28602424500171, 34.72738498534486, 34.72738498534486]
[164.79487848162572, 81.4320323901997, 54.249904836144495, 44.30884621044046, 34.74528108675895, 34.74528108675895]
[164.87975866404926, 81.47397523405171, 54.277847099533396, 44.33166817587915, 34.76317718817299, 34.763177188172996]
[160.31465385041858, 80.15732794353438, 52.10573337780759, 39.41626579712145, 33.89582182306443, 33.89582182306444]
[160.39756807321402, 80.19878505598577, 52.13268229580466, 39.43665176327133, 33.9133526333261, 33.91335263332609]
[160.48048229600735, 80.2402421684366, 52.159631213801454, 39.45703772942103, 33.930883443587625, 33.930883443587625]
[160.56339651879844, 80.28169928088683, 52.18658013179803, 39.47742369557063, 33.948414253849066, 33.94841425384907]
[160.64631074158734, 80.32315639333656, 52.213529049794424, 39.49780966172013, 33.96594506411043, 33.96594506411043]
[160.72922496437417, 80.36461350578574, 52.240477967790525, 39.51819562786944, 33.98347587437167, 33.98347587437168]
[160.81213918715864, 80.40607061823432, 52.26742688578642, 39.53858159401864, 34.001006684632806, 34.001006684632806]
[160.8950534099411, 80.44752773068245, 52.2943758037821, 39.558967560167744, 34.0185374948939, 34.0185374948939]
[160.97796763272126, 80.48898484312998, 52.3213247217775, 39.57935352631664, 34.036068305154814, 34.036068305154814]
[161.0608818554993, 80.53044195557698, 52.348273639772735, 39.59973949246547, 34.05359911541568, 34.05359911541568]
[242.01797489864057, 96.9893028901135, 58.731301860796165, 42.98407775468965, 33.89582182306442, 33.89582182306443]
[242.14314581439479, 97.03946544578893, 58.761677501506725, 43.00630898171926, 33.9133526333261, 33.91335263332609]
[242.268316730144, 97.08962800146357, 58.79205314221694, 43.02854020874865, 33.93088344358761, 33.93088344358761]
[242.39348764588829, 97.13979055713742, 58.82242878292693, 43.050771435777946, 33.94841425384908, 33.94841425384908]
[242.5186585616275, 97.18995311281047, 58.852804423636584, 43.07300266280709, 33.96594506411043, 33.96594506411043]
[242.6438294773619, 97.24011566848272, 58.88318006434596, 43.09523388983604, 33.98347587437168, 33.98347587437168]
[242.76900039309118, 97.29027822415414, 58.913555705055025, 43.11746511686484, 34.00100668463282, 34.00100668463281]
[242.89417130881563, 97.34044077982482, 58.94393134576382, 43.139696343893505, 34.018537494893884, 34.018537494893884]
[243.019342224535, 97.39060333549466, 58.974306986472314, 43.161927570921975, 34.036068305154835, 34.03606830515483]
[243.14451314024944, 97.44076589116371, 59.00468262718053, 43.18415879795033, 34.05359911541568, 34.05359911541568]
[193.58746632353868, 87.69347883398035, 56.99802278847708, 44.1991726651035, 44.19917266510349]
[193.68758913728624, 87.73883361940297, 57.027501982825854, 44.22203233531573, 44.22203233531573]
[193.78771195103064, 87.78418840482487, 57.0569811771743, 44.24489200552774, 44.24489200552774]
[193.8878347647719, 87.82954319024616, 57.08646037152252, 44.26775167573964, 44.26775167573964]
[193.98795757850988, 87.87489797566678, 57.11593956587047, 44.29061134595139, 44.29061134595139]
[194.08808039224485, 87.92025276108677, 57.145418760218114, 44.313471016162936, 44.31347101616293]
[194.18820320597638, 87.96560754650604, 57.174897954565466, 44.3363306863743, 44.3363306863743]
[194.28832601970495, 88.01096233192473, 57.204377148912606, 44.35919035658557, 44.35919035658557]
[194.3884488334302, 88.05631711734273, 57.23385634325939, 44.382050026796584, 44.38205002679658]
[194.4885716471524, 88.1016719027601, 57.26333553760597, 44.404909697007504, 44.404909697007504]
[196.83528972691965, 89.1146335981095, 57.27628024003842, 44.1991726651035, 44.19917266510349]
[196.9370923044129, 89.1607234001984, 57.30590334824627, 44.22203233531572, 44.22203233531572]
[197.0388948819029, 89.20681320228664, 57.335526456453806, 44.24489200552776, 44.24489200552775]
[197.14069745938963, 89.25290300437413, 57.365149564661074, 44.267751675739646, 44.267751675739646]
[197.242500036873, 89.29899280646099, 57.39477267286808, 44.29061134595139, 44.29061134595139]
[197.34430261435318, 89.34508260854719, 57.424395781074786, 44.31347101616293, 44.31347101616292]
[197.44610519182993, 89.39117241063262, 57.45401888928121, 44.33633068637432, 44.33633068637432]
[197.54790776930352, 89.43726221271748, 57.483641997487396, 44.35919035658556, 44.35919035658556]
[197.64971034677376, 89.48335201480167, 57.51326510569325, 44.382050026796584, 44.38205002679658]
[197.75151292424073, 89.52944181688515, 57.54288821389888, 44.40490969700752, 44.40490969700752]
[193.58746632353868, 87.69347883398035, 56.685842026003684, 42.048252755966416, 42.048252755966416]
[193.68758913728624, 87.73883361940297, 56.71515976146605, 42.06999997731403, 42.06999997731403]
[193.78771195103064, 87.78418840482487, 56.74447749692811, 42.09174719866145, 42.09174719866146]
[193.8878347647719, 87.82954319024616, 56.77379523238994, 42.113494420008784, 42.113494420008784]
[193.98795757850988, 87.87489797566678, 56.803112967851504, 42.13524164135597, 42.13524164135597]
[194.08808039224485, 87.92025276108677, 56.83243070331277, 42.15698886270296, 42.15698886270295]
[194.18820320597638, 87.96560754650604, 56.861748438773745, 42.178736084049824, 42.178736084049824]
[194.28832601970495, 88.01096233192473, 56.891066174234496, 42.20048330539656, 42.20048330539655]
[194.3884488334302, 88.05631711734273, 56.9203839096949, 42.22223052674307, 42.22223052674307]
[194.4885716471524, 88.1016719027601, 56.949701645155116, 42.24397774808951, 42.24397774808951]
[162.8369609030498, 80.78298285890553, 53.71556611273335, 42.048252755966416, 42.048252755966416]
[162.92117965489794, 80.82476355806463, 53.743347631044806, 42.06999997731402, 42.06999997731402]
[163.0053984067439, 80.86654425722317, 53.771129149356, 42.09174719866146, 42.09174719866146]
[163.08961715858752, 80.90832495638114, 53.79891066766696, 42.11349442000877, 42.11349442000877]
[163.17383591042895, 80.9501056555386, 53.82669218597771, 42.13524164135597, 42.13524164135597]
[163.25805466226814, 80.99188635469545, 53.85447370428818, 42.15698886270297, 42.15698886270296]
[163.342273414105, 81.03366705385173, 53.8822552225984, 42.178736084049824, 42.178736084049824]
[163.42649216593975, 81.07544775300754, 53.910036740908424, 42.20048330539657, 42.20048330539656]
[163.51071091777212, 81.11722845216276, 53.937818259218126, 42.222230526743076, 42.22223052674307]
[163.59492966960227, 81.15900915131743, 53.96559977752767, 42.24397774808952, 42.24397774808951]
[193.58746632353868, 87.69347883398035, 55.188744429307036, 41.155434551762504, 35.174047595601394, 35.1740475956014]
[193.68758913728624, 87.73883361940297, 55.21728787070675, 41.17672001040393, 35.19223950012658, 35.19223950012659]
[193.78771195103064, 87.78418840482487, 55.24583131210618, 41.19800546904517, 35.21043140465162, 35.21043140465162]
[193.8878347647719, 87.82954319024616, 55.274374753505384, 41.219290927686316, 35.228623309176605, 35.228623309176605]
[193.98795757850988, 87.87489797566678, 55.30291819490435, 41.24057638632735, 35.24681521370148, 35.24681521370148]
[194.08808039224485, 87.92025276108677, 55.331461636303004, 41.26186184496815, 35.26500711822622, 35.26500711822622]
[194.18820320597638, 87.96560754650604, 55.360005077701395, 41.28314730360884, 35.28319902275084, 35.28319902275084]
[194.28832601970495, 88.01096233192473, 55.38854851909958, 41.30443276224943, 35.30139092727541, 35.301390927275406]
[194.3884488334302, 88.05631711734273, 55.417091960497444, 41.32571822088979, 35.319582831799806, 35.319582831799806]
[194.4885716471524, 88.1016719027601, 55.44563540189511, 41.34700367953009, 35.33777473632414, 35.33777473632414]
[242.01797489864057, 96.9893028901135, 58.731301860796165, 42.98407775468965, 35.17404759560138, 35.17404759560139]
[242.14314581439479, 97.03946544578893, 58.761677501506725, 43.00630898171926, 35.19223950012658, 35.19223950012659]
[242.268316730144, 97.08962800146357, 58.79205314221694, 43.02854020874865, 35.210431404651615, 35.210431404651615]
[242.39348764588829, 97.13979055713742, 58.82242878292693, 43.050771435777946, 35.2286233091766, 35.2286233091766]
[242.5186585616275, 97.18995311281047, 58.852804423636584, 43.07300266280709, 35.24681521370146, 35.24681521370146]
[242.6438294773619, 97.24011566848272, 58.88318006434596, 43.09523388983604, 35.265007118226215, 35.265007118226215]
[242.76900039309118, 97.29027822415414, 58.913555705055025, 43.11746511686484, 35.28319902275084, 35.28319902275084]
[242.89417130881563, 97.34044077982482, 58.94393134576382, 43.139696343893505, 35.301390927275406, 35.3013909272754]
[243.019342224535, 97.39060333549466, 58.974306986472314, 43.161927570921975, 35.31958283179982, 35.31958283179982]
[243.14451314024944, 97.44076589116371, 59.00468262718053, 43.18415879795033, 35.33777473632415, 35.33777473632415]
[193.58746632353868, 107.31479258148265, 64.52915676108242, 46.17971437632603, 38.78005077544193, 38.78005077544193]
[193.68758913728624, 107.37029544714355, 64.56253103369725, 46.20359837634578, 38.80010769322676, 38.80010769322676]
[193.78771195103064, 107.42579831280345, 64.59590530631176, 46.22748237636533, 38.82016461101144, 38.82016461101144]
[193.8878347647719, 107.48130117846239, 64.62927957892587, 46.251366376384716, 38.84022152879602, 38.84022152879602]
[193.98795757850988, 107.53680404412032, 64.66265385153966, 46.27525037640392, 38.86027844658047, 38.86027844658047]
[194.08808039224485, 107.59230690977732, 64.6960281241531, 46.29913437642293, 38.8803353643648, 38.88033536436479]
[194.18820320597638, 107.64780977543327, 64.72940239676615, 46.32301837644176, 38.90039228214899, 38.90039228214899]
[194.28832601970495, 107.70331264108835, 64.76277666937891, 46.346902376460434, 38.92044919993308, 38.92044919993308]
[194.3884488334302, 107.75881550674235, 64.79615094199123, 46.37078637647885, 38.940506117716964, 38.94050611771697]
[194.4885716471524, 107.81431837239542, 64.82952521460328, 46.39467037649718, 38.9605630355008, 38.9605630355008]
[242.01797489864057, 97.1856630106651, 60.72355356633168, 48.49465181778104, 38.78005077544191, 38.78005077544191]
[242.14314581439479, 97.23592712316211, 60.754959593216434, 48.51973309600442, 38.80010769322676, 38.80010769322676]
[242.268316730144, 97.28619123565832, 60.786365620100845, 48.54481437422756, 38.820164611011435, 38.820164611011435]
[242.39348764588829, 97.33645534815372, 60.817771646984944, 48.569895652450505, 38.840221528796, 38.84022152879599]
[242.5186585616275, 97.38671946064834, 60.849177673868745, 48.594976930673305, 38.860278446580466, 38.860278446580466]
[242.6438294773619, 97.43698357314213, 60.88058370075224, 48.620058208895856, 38.88033536436479, 38.88033536436478]
[242.76900039309118, 97.4872476856351, 60.911989727635394, 48.645139487118215, 38.90039228214898, 38.90039228214897]
[242.89417130881563, 97.53751179812733, 60.943395754518264, 48.670220765340396, 38.920449199933074, 38.920449199933074]
[243.019342224535, 97.58777591061872, 60.974801781400764, 48.695302043562315, 38.94050611771696, 38.940506117716964]
[243.14451314024944, 97.63804002310931, 61.006207808283015, 48.72038332178411, 38.9605630355008, 38.9605630355008]
[240.8039197223929, 96.79373464666001, 60.353745375273576, 44.12627048692541, 44.12627048692541]
[240.92846273275097, 96.84379605507016, 60.38496013855139, 44.14909245236537, 44.14909245236537]
[241.05300574310422, 96.89385746347955, 60.416174901828924, 44.17191441780517, 44.17191441780517]
[241.17754875345256, 96.94391887188809, 60.44738966510612, 44.194736383244795, 44.19473638324479]
[241.3020917637958, 96.99398028029584, 60.47860442838302, 44.21755834868428, 44.21755834868428]
[241.42663477413433, 97.04404168870282, 60.509819191659616, 44.24038031412357, 44.24038031412357]
[241.55117778446777, 97.09410309710894, 60.54103395493588, 44.263202279562705, 44.263202279562705]
[241.67572079479646, 97.14416450551435, 60.572248718211874, 44.28602424500171, 44.2860242450017]
[241.8002638051201, 97.19422591391893, 60.60346348148749, 44.30884621044046, 44.30884621044046]
[241.92480681543893, 97.24428732232272, 60.63467824476289, 44.33166817587916, 44.33166817587916]
[164.11583702215532, 81.09648963936344, 54.02636672902475, 44.12627048692541, 44.12627048692541]
[164.20071720459708, 81.13843248321993, 54.0543089924156, 44.14909245236537, 44.14909245236537]
[164.28559738703666, 81.18037532707588, 54.082251255806185, 44.17191441780516, 44.17191441780516]
[164.37047756947388, 81.22231817093122, 54.110193519196514, 44.19473638324479, 44.19473638324478]
[164.4553577519088, 81.26426101478606, 54.138135782586644, 44.217558348684285, 44.217558348684285]
[164.5402379343415, 81.30620385864033, 54.16607804597647, 44.24038031412356, 44.24038031412356]
[164.62511811677183, 81.34814670249396, 54.19402030936607, 44.263202279562705, 44.263202279562705]
[164.70999829919998, 81.39008954634713, 54.22196257275544, 44.28602424500171, 44.2860242450017]
[164.79487848162572, 81.4320323901997, 54.249904836144495, 44.30884621044046, 44.30884621044045]
[164.87975866404926, 81.47397523405171, 54.277847099533396, 44.33166817587915, 44.33166817587915]
[140.24469212005695, 81.73237059935703, 54.13368267266857, 42.37102926101684, 42.37102926101684]
[140.31722622349693, 81.7746423187985, 54.161680439520396, 42.392943421335616, 42.392943421335616]
[140.3897603269353, 81.81691403823943, 54.18967820637195, 42.41485758165421, 42.41485758165421]
[140.46229443037194, 81.85918575767977, 54.21767597322328, 42.436771741972684, 42.436771741972684]
[140.53482853380692, 81.90145747711952, 54.245673740074366, 42.458685902290995, 42.45868590229099]
[140.60736263724027, 81.94372919655876, 54.27367150692518, 42.480600062609156, 42.480600062609156]
[140.67989674067184, 81.98600091599735, 54.30166927377575, 42.50251422292716, 42.502514222927154]
[140.7524308441019, 82.02827263543546, 54.32966704062609, 42.524428383245024, 42.52442838324502]
[140.82496494753013, 82.07054435487294, 54.35766480747613, 42.54634254356269, 42.546342543562695]
[140.8974990509568, 82.1128160743099, 54.385662574326, 42.56825670388029, 42.56825670388029]
[240.8039197223929, 96.79373464666001, 60.64683639521654, 48.49465181778105, 48.49465181778105]
[240.92846273275097, 96.84379605507016, 60.67820274422716, 48.51973309600442, 48.51973309600442]
[241.05300574310422, 96.89385746347955, 60.70956909323745, 48.54481437422758, 48.54481437422758]
[241.17754875345256, 96.94391887188809, 60.740935442247405, 48.56989565245054, 48.56989565245054]
[241.3020917637958, 96.99398028029584, 60.772301791257064, 48.594976930673305, 48.5949769306733]
[241.42663477413433, 97.04404168870282, 60.80366814026643, 48.62005820889587, 48.62005820889587]
[241.55117778446777, 97.09410309710894, 60.835034489275436, 48.645139487118215, 48.64513948711821]
[241.67572079479646, 97.14416450551435, 60.86640083828419, 48.67022076534041, 48.6702207653404]
[241.8002638051201, 97.19422591391893, 60.897767187292565, 48.69530204356231, 48.6953020435623]
[241.92480681543893, 97.24428732232272, 60.92913353630071, 48.720383321784134, 48.72038332178413]
[242.01797489864057, 97.1856630106651, 60.72355356633168, 48.49465181778104, 48.49465181778104]
[242.14314581439479, 97.23592712316211, 60.754959593216434, 48.51973309600442, 48.51973309600442]
[242.268316730144, 97.28619123565832, 60.786365620100845, 48.54481437422756, 48.54481437422756]
[242.39348764588829, 97.33645534815372, 60.817771646984944, 48.569895652450505, 48.56989565245051]
[242.5186585616275, 97.38671946064834, 60.849177673868745, 48.594976930673305, 48.5949769306733]
[242.6438294773619, 97.43698357314213, 60.88058370075224, 48.620058208895856, 48.620058208895856]
[242.76900039309118, 97.4872476856351, 60.911989727635394, 48.645139487118215, 48.64513948711821]
[242.89417130881563, 97.53751179812733, 60.943395754518264, 48.670220765340396, 48.67022076534039]
[243.019342224535, 97.58777591061872, 60.974801781400764, 48.695302043562315, 48.69530204356231]
[243.14451314024944, 97.63804002310931, 61.006207808283015, 48.72038332178411, 48.720383321784105]
[193.58746632353868, 101.45929713954816, 71.82003422848274, 44.119516068028446, 44.11951606802845]
[193.68758913728624, 101.51177156184309, 71.85717931946313, 44.14233454010467, 44.14233454010466]
[193.78771195103064, 101.56424598413713, 71.89432441044306, 44.16515301218069, 44.165153012180696]
[193.8878347647719, 101.61672040643032, 71.93146950142257, 44.187971484256586, 44.187971484256586]
[193.98795757850988, 101.6691948287226, 71.96861459240161, 44.21078995633231, 44.21078995633231]
[194.08808039224485, 101.72166925101406, 72.00575968338028, 44.23360842840788, 44.23360842840787]
[194.18820320597638, 101.77414367330455, 72.04290477435843, 44.25642690048327, 44.25642690048327]
[194.28832601970495, 101.82661809559427, 72.0800498653362, 44.279245372558506, 44.279245372558506]
[194.3884488334302, 101.87909251788307, 72.1171949563135, 44.30206384463354, 44.30206384463354]
[194.4885716471524, 101.931566940171, 72.15434004729039, 44.324882316708454, 44.324882316708454]
[114.3901019594236, 78.06683163703103, 57.14258634763116, 44.11951606802844, 44.119516068028446]
[114.44926415227826, 78.10720755152322, 57.1721403097878, 44.14233454010466, 44.142334540104656]
[114.50842634513187, 78.1475834660149, 57.20169427194414, 44.165153012180696, 44.165153012180696]
[114.5675885379843, 78.18795938050604, 57.23124823410023, 44.187971484256586, 44.18797148425658]
[114.62675073083565, 78.22833529499668, 57.26080219625606, 44.210789956332334, 44.21078995633233]
[114.68591292368593, 78.26871120948681, 57.29035615841157, 44.23360842840788, 44.23360842840787]
[114.745075116535, 78.30908712397635, 57.3199101205668, 44.25642690048327, 44.25642690048328]
[114.80423730938307, 78.34946303846547, 57.3494640827218, 44.2792453725585, 44.2792453725585]
[114.86339950222992, 78.38983895295402, 57.379018044876474, 44.30206384463353, 44.30206384463353]
[114.92256169507576, 78.4302148674421, 57.40857200703093, 44.32488231670847, 44.32488231670847]
[148.89193731063204, 100.85310505026334, 61.90745309668468, 44.95776357113321, 44.95776357113321]
[148.96894374135107, 100.90526595196354, 61.939471432598275, 44.98101558212399, 44.981015582123995]
[149.0459501720683, 100.95742685366295, 61.97148976851155, 45.00426759311454, 45.004267593114534]
[149.1229566027836, 101.00958775536142, 62.0035081044245, 45.02751960410495, 45.02751960410495]
[149.19996303349703, 101.06174865705908, 62.03552644033715, 45.050771615095215, 45.050771615095215]
[149.27696946420858, 101.11390955875586, 62.067544776249456, 45.07402362608529, 45.074023626085285]
[149.35397589491816, 101.16607046045173, 62.09956311216142, 45.09727563707518, 45.09727563707518]
[149.43098232562602, 101.21823136214684, 62.13158144807311, 45.120527648064936, 45.120527648064936]
[149.5079887563319, 101.270392263841, 62.163599783984424, 45.14377965905445, 45.14377965905446]
[149.58499518703596, 101.32255316553434, 62.19561811989545, 45.167031670043876, 45.167031670043876]
[164.20481112551278, 81.1182090311564, 64.40469199004474, 44.95776357113321, 44.95776357113321]
[164.2897373250731, 81.1601631082124, 64.43800188988043, 44.98101558212397, 44.98101558212398]
[164.37466352463122, 81.20211718526785, 64.47131178971577, 45.00426759311455, 45.00426759311455]
[164.45958972418703, 81.24407126232269, 64.50462168955076, 45.027519604104974, 45.027519604104974]
[164.54451592374048, 81.286025339377, 64.53793158938538, 45.05077161509523, 45.05077161509522]
[164.62944212329174, 81.32797941643078, 64.57124148921967, 45.07402362608529, 45.074023626085285]
[164.71436832284056, 81.36993349348391, 64.60455138905358, 45.097275637075185, 45.097275637075185]
[164.79929452238727, 81.41188757053658, 64.6378612888872, 45.12052764806494, 45.12052764806494]
[164.88422072193157, 81.45384164758866, 64.67117118872038, 45.14377965905445, 45.14377965905446]
[164.96914692147362, 81.49579572464017, 64.70448108855327, 45.167031670043876, 45.167031670043876]
[162.8369609030498, 80.78298285890553, 56.99802278847707, 44.974112045744754, 44.97411204574475]
[162.92117965489794, 80.82476355806463, 57.02750198282585, 44.99737251211405, 44.99737251211405]
[163.0053984067439, 80.86654425722317, 57.0569811771743, 45.020632978483135, 45.020632978483135]
[163.08961715858752, 80.90832495638114, 57.0864603715225, 45.043893444852074, 45.04389344485208]
[163.17383591042895, 80.9501056555386, 57.11593956587046, 45.06715391122088, 45.06715391122088]
[163.25805466226814, 80.99188635469545, 57.14541876021809, 45.090414377589454, 45.090414377589454]
[163.342273414105, 81.03366705385173, 57.174897954565466, 45.11367484395787, 45.11367484395787]
[163.42649216593975, 81.07544775300754, 57.2043771489126, 45.13693531032616, 45.13693531032615]
[163.51071091777212, 81.11722845216276, 57.23385634325939, 45.160195776694195, 45.160195776694195]
[163.59492966960227, 81.15900915131743, 57.26333553760598, 45.18345624306216, 45.18345624306216]
[213.19481086535268, 101.45929713954814, 62.13533546596149, 44.97411204574477, 44.97411204574477]
[213.30507453416985, 101.51177156184306, 62.16747166190343, 44.99737251211406, 44.99737251211407]
[213.41533820298315, 101.56424598413714, 62.19960785784505, 45.02063297848314, 45.02063297848314]
[213.5256018717927, 101.6167204064303, 62.23174405378634, 45.04389344485209, 45.043893444852095]
[213.63586554059825, 101.6691948287226, 62.26388024972729, 45.067153911220856, 45.067153911220856]
[213.74612920940004, 101.72166925101405, 62.29601644566795, 45.09041437758946, 45.09041437758946]
[213.85639287819782, 101.77414367330454, 62.32815264160825, 45.113674843957874, 45.11367484395788]
[213.9666565469919, 101.82661809559426, 62.36028883754825, 45.13693531032615, 45.136935310326145]
[214.07692021578205, 101.87909251788308, 62.39242503348788, 45.1601957766942, 45.16019577669421]
[214.18718388456838, 101.93156694017101, 62.424561229427226, 45.18345624306214, 45.18345624306214]
[194.99850087999377, 87.98187511395814, 60.7141055392947, 42.37102926101684, 42.37102926101684]
[195.0993534762443, 88.02737905700778, 60.745506679690266, 42.392943421335616, 42.392943421335616]
[195.20020607249165, 88.07288300005676, 60.776907820085476, 42.41485758165421, 42.4148575816542]
[195.30105866873572, 88.11838694310511, 60.808308960480375, 42.43677174197267, 42.43677174197267]
[195.40191126497655, 88.16389088615279, 60.839710100875, 42.458685902290995, 42.458685902290995]
[195.50276386121428, 88.20939482919982, 60.87111124126929, 42.480600062609156, 42.480600062609156]
[195.60361645744862, 88.25489877224614, 60.902512381663236, 42.50251422292715, 42.50251422292715]
[195.7044690536799, 88.3004027152919, 60.933913522056926, 42.524428383245024, 42.52442838324502]
[195.8053216499078, 88.34590665833693, 60.96531466245026, 42.546342543562695, 42.546342543562695]
[195.9061742461326, 88.39141060138137, 60.99671580284331, 42.568256703880266, 42.568256703880266]
[140.24469212005695, 81.73237059935703, 54.13368267266857, 42.37102926101684, 42.37102926101684]
[140.31722622349693, 81.7746423187985, 54.161680439520396, 42.392943421335616, 42.392943421335616]
[140.3897603269353, 81.81691403823943, 54.18967820637195, 42.41485758165421, 42.41485758165421]
[140.46229443037194, 81.85918575767977, 54.21767597322328, 42.436771741972684, 42.436771741972684]
[140.53482853380692, 81.90145747711952, 54.245673740074366, 42.458685902290995, 42.45868590229099]
[140.60736263724027, 81.94372919655876, 54.27367150692518, 42.480600062609156, 42.480600062609156]
[140.67989674067184, 81.98600091599735, 54.30166927377575, 42.50251422292716, 42.502514222927154]
[140.7524308441019, 82.02827263543546, 54.32966704062609, 42.524428383245024, 42.52442838324502]
[140.82496494753013, 82.07054435487294, 54.35766480747613, 42.54634254356269, 42.546342543562695]
[140.8974990509568, 82.1128160743099, 54.385662574326, 42.56825670388029, 42.56825670388029]
[162.8369609030498, 80.78298285890553, 56.99802278847707, 44.974112045744754, 38.01914758764446, 38.01914758764447]
[162.92117965489794, 80.82476355806463, 57.02750198282585, 44.99737251211405, 38.038810968745295, 38.038810968745295]
[163.0053984067439, 80.86654425722317, 57.0569811771743, 45.020632978483135, 38.05847434984599, 38.05847434984598]
[163.08961715858752, 80.90832495638114, 57.0864603715225, 45.043893444852074, 38.07813773094656, 38.07813773094655]
[163.17383591042895, 80.9501056555386, 57.11593956587046, 45.06715391122088, 38.09780111204703, 38.09780111204703]
[163.25805466226814, 80.99188635469545, 57.14541876021809, 45.090414377589454, 38.11746449314735, 38.11746449314735]
[163.342273414105, 81.03366705385173, 57.174897954565466, 45.11367484395787, 38.137127874247554, 38.137127874247554]
[163.42649216593975, 81.07544775300754, 57.2043771489126, 45.13693531032616, 38.15679125534766, 38.156791255347656]
[163.51071091777212, 81.11722845216276, 57.23385634325939, 45.160195776694195, 38.176454636447595, 38.176454636447595]
[163.59492966960227, 81.15900915131743, 57.26333553760598, 45.18345624306216, 38.19611801754747, 38.196118017547455]
[245.84990292427926, 114.1804336902335, 71.82003422848275, 49.599670401095636, 38.01914758764449, 38.01914758764449]
[245.97705570076744, 114.23948744333559, 71.85717931946314, 49.62532319137803, 38.03881096874532, 38.03881096874531]
[246.1042084772505, 114.29854119643662, 71.89432441044308, 49.65097598166018, 38.05847434984599, 38.05847434984598]
[246.2313612537285, 114.35759494953648, 71.93146950142254, 49.67662877194214, 38.07813773094657, 38.07813773094657]
[246.35851403020123, 114.41664870263527, 71.96861459240162, 49.702281562223924, 38.097801112047016, 38.097801112047016]
[246.485666806669, 114.475702455733, 72.00575968338028, 49.72793435250548, 38.11746449314736, 38.11746449314736]
[246.61281958313143, 114.53475620882946, 72.04290477435843, 49.75358714278681, 38.13712787424757, 38.13712787424757]
[246.73997235958893, 114.593809961925, 72.0800498653362, 49.779239933067956, 38.15679125534768, 38.15679125534767]
[246.8671251360412, 114.65286371501936, 72.11719495631348, 49.80489272334883, 38.17645463644759, 38.17645463644759]
[246.99427791248837, 114.71191746811262, 72.1543400472904, 49.83054551362961, 38.19611801754748, 38.19611801754747]
[164.20481112551278, 81.1182090311564, 64.40469199004474, 44.95776357113321, 35.23085414378701, 35.23085414378701]
[164.2897373250731, 81.1601631082124, 64.43800188988043, 44.98101558212397, 35.249075428476424, 35.249075428476424]
[164.37466352463122, 81.20211718526785, 64.47131178971577, 45.00426759311455, 35.26729671316572, 35.26729671316572]
[164.45958972418703, 81.24407126232269, 64.50462168955076, 45.027519604104974, 35.28551799785493, 35.28551799785494]
[164.54451592374048, 81.286025339377, 64.53793158938538, 45.05077161509523, 35.303739282544015, 35.303739282544015]
[164.62944212329174, 81.32797941643078, 64.57124148921967, 45.07402362608529, 35.321960567233006, 35.321960567233006]
[164.71436832284056, 81.36993349348391, 64.60455138905358, 45.097275637075185, 35.340181851921876, 35.340181851921876]
[164.79929452238727, 81.41188757053658, 64.6378612888872, 45.12052764806494, 35.358403136610676, 35.35840313661067]
[164.88422072193157, 81.45384164758866, 64.67117118872038, 45.14377965905445, 35.376624421299304, 35.3766244212993]
[164.96914692147362, 81.49579572464017, 64.70448108855327, 45.167031670043876, 35.394845705987876, 35.394845705987876]
[162.8369609030498, 77.77626974087512, 62.2799847493362, 44.85460355507862, 35.23085414378701, 35.23085414378701]
[162.92117965489794, 77.81649537769007, 62.3121957574222, 44.87780221204062, 35.249075428476424, 35.249075428476424]
[163.0053984067439, 77.85672101450449, 62.34440676550785, 44.90100086900244, 35.267296713165706, 35.267296713165706]
[163.08961715858752, 77.89694665131837, 62.376617773593196, 44.92419952596412, 35.285517997854924, 35.28551799785493]
[163.17383591042895, 77.93717228813178, 62.40882878167823, 44.94739818292564, 35.303739282544015, 35.30373928254401]
[163.25805466226814, 77.97739792494465, 62.4410397897629, 44.97059683988694, 35.32196056723299, 35.32196056723299]
[163.342273414105, 78.01762356175698, 62.473250797847236, 44.993795496848094, 35.34018185192187, 35.34018185192187]
[163.42649216593975, 78.05784919856885, 62.505461805931276, 45.01699415380911, 35.35840313661066, 35.358403136610654]
[163.51071091777212, 78.0980748353802, 62.53767281401495, 45.040192810769874, 35.3766244212993, 35.37662442129929]
[163.59492966960227, 78.13830047219103, 62.56988382209836, 45.06339146773057, 35.39484570598787, 35.39484570598787]
[196.83528972691965, 89.1146335981095, 57.27628024003842, 42.19949300882352, 42.19949300882352]
[196.9370923044129, 89.1607234001984, 57.30590334824627, 42.22131845114389, 42.22131845114388]
[197.0388948819029, 89.20681320228664, 57.335526456453806, 42.243143893464094, 42.243143893464094]
[197.14069745938963, 89.25290300437413, 57.365149564661074, 42.26496933578416, 42.264969335784166]
[197.242500036873, 89.29899280646099, 57.39477267286808, 42.28679477810412, 42.28679477810412]
[197.34430261435318, 89.34508260854719, 57.424395781074786, 42.308620220423855, 42.308620220423855]
[197.44610519182993, 89.39117241063262, 57.45401888928121, 42.330445662743486, 42.330445662743486]
[197.54790776930352, 89.43726221271748, 57.483641997487396, 42.35227110506297, 42.352271105062975]
[197.64971034677376, 89.48335201480167, 57.51326510569325, 42.374096547382244, 42.37409654738224]
[197.75151292424073, 89.52944181688515, 57.54288821389888, 42.39592198970144, 42.395921989701435]
[160.31465385041858, 80.15732794353438, 53.71556611273334, 42.19949300882352, 42.19949300882352]
[160.39756807321402, 80.19878505598577, 53.74334763104482, 42.221318451143894, 42.221318451143894]
[160.48048229600735, 80.2402421684366, 53.771129149356014, 42.243143893464094, 42.243143893464094]
[160.56339651879844, 80.28169928088683, 53.798910667666966, 42.26496933578415, 42.26496933578416]
[160.64631074158734, 80.32315639333656, 53.82669218597772, 42.2867947781041, 42.2867947781041]
[160.72922496437417, 80.36461350578574, 53.854473704288175, 42.30862022042386, 42.30862022042386]
[160.81213918715864, 80.40607061823432, 53.88225522259841, 42.33044566274348, 42.33044566274348]
[160.8950534099411, 80.44752773068245, 53.910036740908424, 42.35227110506297, 42.352271105062975]
[160.97796763272126, 80.48898484312998, 53.937818259218126, 42.37409654738224, 42.37409654738224]
[161.0608818554993, 80.53044195557698, 53.96559977752765, 42.39592198970143, 42.39592198970142]
[196.83528972691965, 89.1146335981095, 57.27628024003842, 44.1991726651035, 44.19917266510349]
[196.9370923044129, 89.1607234001984, 57.30590334824627, 44.22203233531572, 44.22203233531572]
[197.0388948819029, 89.20681320228664, 57.335526456453806, 44.24489200552776, 44.24489200552775]
[197.14069745938963, 89.25290300437413, 57.365149564661074, 44.267751675739646, 44.267751675739646]
[197.242500036873, 89.29899280646099, 57.39477267286808, 44.29061134595139, 44.29061134595139]
[197.34430261435318, 89.34508260854719, 57.424395781074786, 44.31347101616293, 44.31347101616292]
[197.44610519182993, 89.39117241063262, 57.45401888928121, 44.33633068637432, 44.33633068637432]
[197.54790776930352, 89.43726221271748, 57.483641997487396, 44.35919035658556, 44.35919035658556]
[197.64971034677376, 89.48335201480167, 57.51326510569325, 44.382050026796584, 44.38205002679658]
[197.75151292424073, 89.52944181688515, 57.54288821389888, 44.40490969700752, 44.40490969700752]
[193.58746632353868, 87.69347883398035, 56.99802278847708, 44.1991726651035, 44.19917266510349]
[193.68758913728624, 87.73883361940297, 57.027501982825854, 44.22203233531573, 44.22203233531573]
[193.78771195103064, 87.78418840482487, 57.0569811771743, 44.24489200552774, 44.24489200552774]
[193.8878347647719, 87.82954319024616, 57.08646037152252, 44.26775167573964, 44.26775167573964]
[193.98795757850988, 87.87489797566678, 57.11593956587047, 44.29061134595139, 44.29061134595139]
[194.08808039224485, 87.92025276108677, 57.145418760218114, 44.313471016162936, 44.31347101616293]
[194.18820320597638, 87.96560754650604, 57.174897954565466, 44.3363306863743, 44.3363306863743]
[194.28832601970495, 88.01096233192473, 57.204377148912606, 44.35919035658557, 44.35919035658557]
[194.3884488334302, 88.05631711734273, 57.23385634325939, 44.382050026796584, 44.38205002679658]
[194.4885716471524, 88.1016719027601, 57.26333553760597, 44.404909697007504, 44.404909697007504]
[196.83528972691965, 89.1146335981095, 57.27628024003842, 44.1991726651035, 36.609380616315434, 36.60938061631543]
[196.9370923044129, 89.1607234001984, 57.30590334824627, 44.22203233531572, 36.628314870467904, 36.628314870467904]
[197.0388948819029, 89.20681320228664, 57.335526456453806, 44.24489200552776, 36.647249124620245, 36.647249124620245]
[197.14069745938963, 89.25290300437413, 57.365149564661074, 44.267751675739646, 36.66618337877249, 36.66618337877249]
[197.242500036873, 89.29899280646099, 57.39477267286808, 44.29061134595139, 36.68511763292462, 36.68511763292462]
[197.34430261435318, 89.34508260854719, 57.424395781074786, 44.31347101616293, 36.70405188707662, 36.70405188707662]
[197.44610519182993, 89.39117241063262, 57.45401888928121, 44.33633068637432, 36.722986141228525, 36.72298614122852]
[197.54790776930352, 89.43726221271748, 57.483641997487396, 44.35919035658556, 36.741920395380326, 36.741920395380326]
[197.64971034677376, 89.48335201480167, 57.51326510569325, 44.382050026796584, 36.76085464953195, 36.76085464953196]
[197.75151292424073, 89.52944181688515, 57.54288821389888, 44.40490969700752, 36.77978890368354, 36.77978890368354]
[213.19481086535268, 101.45929713954814, 62.13533546596149, 44.97411204574477, 36.60938061631544, 36.609380616315434]
[213.30507453416985, 101.51177156184306, 62.16747166190343, 44.99737251211406, 36.62831487046791, 36.62831487046791]
[213.41533820298315, 101.56424598413714, 62.19960785784505, 45.02063297848314, 36.64724912462025, 36.64724912462025]
[213.5256018717927, 101.6167204064303, 62.23174405378634, 45.04389344485209, 36.666183378772494, 36.666183378772494]
[213.63586554059825, 101.6691948287226, 62.26388024972729, 45.067153911220856, 36.68511763292461, 36.68511763292461]
[213.74612920940004, 101.72166925101405, 62.29601644566795, 45.09041437758946, 36.70405188707664, 36.70405188707664]
[213.85639287819782, 101.77414367330454, 62.32815264160825, 45.113674843957874, 36.722986141228525, 36.72298614122852]
[213.9666565469919, 101.82661809559426, 62.36028883754825, 45.13693531032615, 36.74192039538031, 36.74192039538031]
[214.07692021578205, 101.87909251788308, 62.39242503348788, 45.1601957766942, 36.760854649531964, 36.76085464953197]
[214.18718388456838, 101.93156694017101, 62.424561229427226, 45.18345624306214, 36.77978890368353, 36.77978890368353]
[196.83528972691965, 89.1146335981095, 57.27628024003842, 44.1991726651035, 36.609380616315434, 31.864460616318475, 31.864460616318475]
[196.9370923044129, 89.1607234001984, 57.30590334824627, 44.22203233531572, 36.628314870467904, 31.880940813088756, 31.880940813088753]
[197.0388948819029, 89.20681320228664, 57.335526456453806, 44.24489200552776, 36.647249124620245, 31.897421009858938, 31.89742100985893]
[197.14069745938963, 89.25290300437413, 57.365149564661074, 44.267751675739646, 36.66618337877249, 31.913901206629035, 31.913901206629035]
[197.242500036873, 89.29899280646099, 57.39477267286808, 44.29061134595139, 36.68511763292462, 31.930381403399053, 31.930381403399053]
[197.34430261435318, 89.34508260854719, 57.424395781074786, 44.31347101616293, 36.70405188707662, 31.946861600168972, 31.946861600168976]
[197.44610519182993, 89.39117241063262, 57.45401888928121, 44.33633068637432, 36.722986141228525, 31.963341796938806, 31.9633417969388]
[197.54790776930352, 89.43726221271748, 57.483641997487396, 44.35919035658556, 36.741920395380326, 31.979821993708576, 31.979821993708576]
[197.64971034677376, 89.48335201480167, 57.51326510569325, 44.382050026796584, 36.76085464953195, 31.99630219047821, 31.996302190478207]
[197.75151292424073, 89.52944181688515, 57.54288821389888, 44.40490969700752, 36.77978890368354, 32.012782387247796, 32.012782387247796]
[245.84990292427926, 114.1804336902335, 71.82003422848275, 49.599670401095636, 38.01914758764449, 31.864460616318482, 31.864460616318482]
[245.97705570076744, 114.23948744333559, 71.85717931946314, 49.62532319137803, 38.03881096874532, 31.880940813088767, 31.880940813088763]
[246.1042084772505, 114.29854119643662, 71.89432441044308, 49.65097598166018, 38.05847434984599, 31.897421009858938, 31.89742100985893]
[246.2313612537285, 114.35759494953648, 71.93146950142254, 49.67662877194214, 38.07813773094657, 31.913901206629042, 31.913901206629042]
[246.35851403020123, 114.41664870263527, 71.96861459240162, 49.702281562223924, 38.097801112047016, 31.930381403399036, 31.930381403399036]
[246.485666806669, 114.475702455733, 72.00575968338028, 49.72793435250548, 38.11746449314736, 31.946861600168983, 31.946861600168987]
[246.61281958313143, 114.53475620882946, 72.04290477435843, 49.75358714278681, 38.13712787424757, 31.963341796938806, 31.9633417969388]
[246.73997235958893, 114.593809961925, 72.0800498653362, 49.779239933067956, 38.15679125534768, 31.979821993708576, 31.979821993708576]
[246.8671251360412, 114.65286371501936, 72.11719495631348, 49.80489272334883, 38.17645463644759, 31.99630219047821, 31.996302190478207]
[246.99427791248837, 114.71191746811262, 72.1543400472904, 49.83054551362961, 38.19611801754748, 32.0127823872478, 32.012782387247796]
[160.31465385041858, 105.96740963659104, 61.90745309668468, 44.854603555078604, 36.530153650922934, 36.530153650922934]
[160.39756807321402, 106.02221564013692, 61.939471432598296, 44.877802212040635, 36.54904692914344, 36.549046929143444]
[160.48048229600735, 106.07702164368189, 61.97148976851157, 44.901000869002445, 36.5679402073638, 36.567940207363804]
[160.56339651879844, 106.13182764722586, 62.00350810442452, 44.92419952596412, 36.586833485584066, 36.586833485584066]
[160.64631074158734, 106.18663365076891, 62.03552644033715, 44.947398182925625, 36.60572676380422, 36.60572676380422]
[160.72922496437417, 106.24143965431102, 62.06754477624947, 44.97059683988696, 36.62462004202427, 36.62462004202427]
[160.81213918715864, 106.2962456578521, 62.09956311216142, 44.9937954968481, 36.64351332024418, 36.64351332024419]
[160.8950534099411, 106.35105166139235, 62.13158144807312, 45.01699415380911, 36.662406598464, 36.662406598464]
[160.97796763272126, 106.40585766493153, 62.16359978398441, 45.04019281076988, 36.681299876683674, 36.68129987668368]
[161.0608818554993, 106.46066366846985, 62.19561811989544, 45.06339146773055, 36.70019315490327, 36.700193154903275]
[196.83528972691965, 89.1146335981095, 55.748253107980766, 47.31059934240603, 36.530153650922934, 36.530153650922934]
[196.9370923044129, 89.1607234001984, 55.77708592546989, 47.33506823249526, 36.54904692914344, 36.549046929143444]
[197.0388948819029, 89.20681320228664, 55.80591874295872, 47.35953712258426, 36.5679402073638, 36.567940207363804]
[197.14069745938963, 89.25290300437413, 55.834751560447266, 47.384006012673076, 36.58683348558407, 36.58683348558407]
[197.242500036873, 89.29899280646099, 55.86358437793559, 47.40847490276173, 36.60572676380422, 36.60572676380422]
[197.34430261435318, 89.34508260854719, 55.89241719542362, 47.43294379285016, 36.62462004202426, 36.62462004202426]
[197.44610519182993, 89.39117241063262, 55.92125001291137, 47.45741268293842, 36.643513320244175, 36.64351332024418]
[197.54790776930352, 89.43726221271748, 55.95008283039891, 47.48188157302649, 36.662406598464, 36.662406598464]
[197.64971034677376, 89.48335201480167, 55.97891564788614, 47.506350463114345, 36.68129987668369, 36.68129987668369]
[197.75151292424073, 89.52944181688515, 56.00774846537315, 47.530819353202055, 36.70019315490326, 36.70019315490327]
[140.24469212005695, 81.83189873412859, 57.72061325016421, 42.54717308562981, 36.27019586209367, 36.27019586209367]
[140.31722622349693, 81.87422192920087, 57.750466165975894, 42.56917834696863, 36.28895469098093, 36.28895469098094]
[140.3897603269353, 81.91654512427263, 57.78031908178728, 42.591183608307254, 36.30771351986806, 36.30771351986806]
[140.46229443037194, 81.95886831934376, 57.81017199759837, 42.613188869645754, 36.326472348755075, 36.32647234875507]
[140.53482853380692, 82.00119151441433, 57.84002491340921, 42.63519413098411, 36.345231177641985, 36.34523117764198]
[140.60736263724027, 82.0435147094844, 57.86987782921976, 42.657199392322305, 36.363990006528816, 36.363990006528816]
[140.67989674067184, 82.0858379045538, 57.89973074502998, 42.679204653660335, 36.38274883541548, 36.382748835415484]
[140.7524308441019, 82.12816109962272, 57.929583660839974, 42.70120991499823, 36.40150766430207, 36.401507664302066]
[140.82496494753013, 82.17048429469102, 57.95943657664963, 42.72321517633591, 36.420266493188514, 36.420266493188514]
[140.8974990509568, 82.21280748975879, 57.98928949245908, 42.74522043767354, 36.43902532207488, 36.43902532207488]
[245.84990292427926, 97.59893607684569, 65.14372328325841, 48.92259732379416, 36.270195862093686, 36.270195862093686]
[245.97705570076744, 97.6494139328407, 65.17741540770133, 48.94789993405756, 36.28895469098094, 36.288954690980944]
[246.1042084772505, 97.69989178883493, 65.21110753214384, 48.97320254432073, 36.30771351986806, 36.30771351986806]
[246.2313612537285, 97.75036964482833, 65.24479965658601, 48.998505154583725, 36.32647234875508, 36.326472348755075]
[246.35851403020123, 97.80084750082092, 65.27849178102785, 49.02380776484653, 36.34523117764202, 36.34523117764201]
[246.485666806669, 97.85132535681274, 65.3121839054693, 49.04911037510908, 36.3639900065288, 36.3639900065288]
[246.61281958313143, 97.90180321280366, 65.34587602991036, 49.074412985371445, 36.38274883541548, 36.382748835415484]
[246.73997235958893, 97.95228106879387, 65.37956815435112, 49.09971559563365, 36.40150766430207, 36.401507664302066]
[246.8671251360412, 98.00275892478324, 65.41326027879148, 49.125018205895586, 36.420266493188514, 36.420266493188514]
[246.99427791248837, 98.05323678077178, 65.4469524032315, 49.15032081615738, 36.43902532207488, 36.43902532207488]
[162.8369609030498, 80.78298285890553, 53.71556611273335, 40.234469899331245, 40.23446989933124]
[162.92117965489794, 80.82476355806463, 53.743347631044806, 40.25527903801375, 40.255279038013754]
[163.0053984067439, 80.86654425722317, 53.771129149356, 40.2760881766961, 40.27608817669609]
[163.08961715858752, 80.90832495638114, 53.79891066766696, 40.29689731537834, 40.29689731537834]
[163.17383591042895, 80.9501056555386, 53.82669218597771, 40.31770645406046, 40.31770645406046]
[163.25805466226814, 80.99188635469545, 53.85447370428818, 40.338515592742425, 40.338515592742425]
[163.342273414105, 81.03366705385173, 53.8822552225984, 40.359324731424245, 40.35932473142423]
[163.42649216593975, 81.07544775300754, 53.910036740908424, 40.38013387010596, 40.38013387010595]
[163.51071091777212, 81.11722845216276, 53.937818259218126, 40.40094300878746, 40.40094300878746]
[163.59492966960227, 81.15900915131743, 53.96559977752767, 40.42175214746891, 40.42175214746891]
[160.31465385041858, 80.15732794353438, 53.43821885531743, 40.234469899331245, 40.23446989933124]
[160.39756807321402, 80.19878505598577, 53.465856930519145, 40.25527903801377, 40.255279038013775]
[160.48048229600735, 80.2402421684366, 53.49349500572059, 40.276088176696106, 40.2760881766961]
[160.56339651879844, 80.28169928088683, 53.52113308092181, 40.29689731537834, 40.29689731537834]
[160.64631074158734, 80.32315639333656, 53.54877115612281, 40.317706454060456, 40.317706454060456]
[160.72922496437417, 80.36461350578574, 53.576409231323524, 40.33851559274242, 40.33851559274242]
[160.81213918715864, 80.40607061823432, 53.60404730652403, 40.359324731424245, 40.35932473142423]
[160.8950534099411, 80.44752773068245, 53.6316853817243, 40.380133870105965, 40.38013387010596]
[160.97796763272126, 80.48898484312998, 53.65932345692426, 40.40094300878746, 40.40094300878745]
[161.0608818554993, 80.53044195557698, 53.68696153212407, 40.421752147468915, 40.42175214746891]
[162.8369609030498, 80.78298285890553, 53.71556611273335, 42.048252755966416, 42.048252755966416]
[162.92117965489794, 80.82476355806463, 53.743347631044806, 42.06999997731402, 42.06999997731402]
[163.0053984067439, 80.86654425722317, 53.771129149356, 42.09174719866146, 42.09174719866146]
[163.08961715858752, 80.90832495638114, 53.79891066766696, 42.11349442000877, 42.11349442000877]
[163.17383591042895, 80.9501056555386, 53.82669218597771, 42.13524164135597, 42.13524164135597]
[163.25805466226814, 80.99188635469545, 53.85447370428818, 42.15698886270297, 42.15698886270296]
[163.342273414105, 81.03366705385173, 53.8822552225984, 42.178736084049824, 42.178736084049824]
[163.42649216593975, 81.07544775300754, 53.910036740908424, 42.20048330539657, 42.20048330539656]
[163.51071091777212, 81.11722845216276, 53.937818259218126, 42.222230526743076, 42.22223052674307]
[163.59492966960227, 81.15900915131743, 53.96559977752767, 42.24397774808952, 42.24397774808951]
[193.58746632353868, 87.69347883398035, 56.685842026003684, 42.048252755966416, 42.048252755966416]
[193.68758913728624, 87.73883361940297, 56.71515976146605, 42.06999997731403, 42.06999997731403]
[193.78771195103064, 87.78418840482487, 56.74447749692811, 42.09174719866145, 42.09174719866146]
[193.8878347647719, 87.82954319024616, 56.77379523238994, 42.113494420008784, 42.113494420008784]
[193.98795757850988, 87.87489797566678, 56.803112967851504, 42.13524164135597, 42.13524164135597]
[194.08808039224485, 87.92025276108677, 56.83243070331277, 42.15698886270296, 42.15698886270295]
[194.18820320597638, 87.96560754650604, 56.861748438773745, 42.178736084049824, 42.178736084049824]
[194.28832601970495, 88.01096233192473, 56.891066174234496, 42.20048330539656, 42.20048330539655]
[194.3884488334302, 88.05631711734273, 56.9203839096949, 42.22223052674307, 42.22223052674307]
[194.4885716471524, 88.1016719027601, 56.949701645155116, 42.24397774808951, 42.24397774808951]
[162.8369609030498, 80.78298285890553, 53.71556611273335, 42.048252755966416, 35.121304439152006, 35.121304439152006]
[162.92117965489794, 80.82476355806463, 53.743347631044806, 42.06999997731402, 35.13946906508609, 35.1394690650861]
[163.0053984067439, 80.86654425722317, 53.771129149356, 42.09174719866146, 35.15763369102006, 35.15763369102006]
[163.08961715858752, 80.90832495638114, 53.79891066766696, 42.11349442000877, 35.17579831695394, 35.175798316953944]
[163.17383591042895, 80.9501056555386, 53.82669218597771, 42.13524164135597, 35.19396294288773, 35.19396294288773]
[163.25805466226814, 80.99188635469545, 53.85447370428818, 42.15698886270297, 35.2121275688214, 35.2121275688214]
[163.342273414105, 81.03366705385173, 53.8822552225984, 42.178736084049824, 35.23029219475495, 35.23029219475496]
[163.42649216593975, 81.07544775300754, 53.910036740908424, 42.20048330539657, 35.24845682068843, 35.24845682068843]
[163.51071091777212, 81.11722845216276, 53.937818259218126, 42.222230526743076, 35.266621446621755, 35.26662144662175]
[163.59492966960227, 81.15900915131743, 53.96559977752767, 42.24397774808952, 35.284786072555015, 35.284786072555015]
[213.19481086535268, 101.45929713954814, 62.13533546596149, 44.779525044765634, 35.12130443915201, 35.12130443915202]
[213.30507453416985, 101.51177156184306, 62.16747166190343, 44.80268487136341, 35.13946906508611, 35.13946906508611]
[213.41533820298315, 101.56424598413714, 62.19960785784505, 44.825844697960996, 35.15763369102008, 35.15763369102008]
[213.5256018717927, 101.6167204064303, 62.23174405378634, 44.84900452455844, 35.175798316953966, 35.175798316953966]
[213.63586554059825, 101.6691948287226, 62.26388024972729, 44.8721643511557, 35.19396294288773, 35.19396294288773]
[213.74612920940004, 101.72166925101405, 62.29601644566795, 44.895324177752805, 35.21212756882141, 35.21212756882141]
[213.85639287819782, 101.77414367330454, 62.32815264160825, 44.91848400434973, 35.23029219475495, 35.23029219475496]
[213.9666565469919, 101.82661809559426, 62.36028883754825, 44.941643830946504, 35.24845682068843, 35.24845682068843]
[214.07692021578205, 101.87909251788308, 62.39242503348788, 44.96480365754305, 35.266621446621755, 35.266621446621755]
[214.18718388456838, 101.93156694017101, 62.424561229427226, 44.9879634841395, 35.284786072555015, 35.284786072555015]
[196.4721839337473, 98.09269754058678, 61.07642436764196, 44.51133674073191, 35.01468766011042, 35.014687660110425]
[196.57379871410032, 98.14343076841962, 61.108012898170095, 44.53435786120079, 35.03279714418888, 35.03279714418888]
[196.6754134944502, 98.19416399625166, 61.139601428697894, 44.55737898166948, 35.050906628267235, 35.05090662826723]
[196.77702827479675, 98.24489722408288, 61.17118995922538, 44.580400102138015, 35.06901611234548, 35.06901611234548]
[196.87864305513997, 98.29563045191325, 61.20277848975257, 44.60342122260639, 35.08712559642365, 35.087125596423654]
[196.98025783548005, 98.34636367974286, 61.23436702027942, 44.62644234307461, 35.10523508050169, 35.105235080501686]
[197.08187261581665, 98.39709690757157, 61.265955550805934, 44.64946346354262, 35.1233445645796, 35.123344564579604]
[197.1834873961502, 98.44783013539954, 61.297544081332184, 44.672484584010505, 35.141454048657465, 35.14145404865746]
[197.2851021764803, 98.49856336322665, 61.32913261185805, 44.695505704478144, 35.15956353273515, 35.159563532735156]
[197.38671695680725, 98.54929659105298, 61.36072114238369, 44.71852682494573, 35.177673016812804, 35.1776730168128]
