1	14.0	17
1	14.0	17
1	14.0	17
1	14.0	17
1	14.0	16
1	14.0	16
1	14.0	16
1	14.0	16
1	14.0	16
1	14.0	16
3	14.0	17
3	14.0	17
3	14.0	17
3	14.0	17
3	14.0	17
3	14.0	17
3	14.0	17
3	14.0	17
3	14.0	17
3	14.0	17
5	14.0	16
5	14.0	16
5	14.0	16
5	14.0	16
5	14.0	16
5	14.0	16
5	14.0	15
5	14.0	15
5	14.0	15
5	14.0	15
7	14.0	17
7	14.0	17
7	14.0	17
7	14.0	17
7	14.0	17
7	14.0	17
7	14.0	17
7	14.0	17
7	14.0	16
7	14.0	16
9	14.0	15
9	14.0	15
9	14.0	15
9	14.0	15
9	14.0	15
9	14.0	14
9	14.0	14
9	14.0	14
9	14.0	14
9	14.0	13
11	14.0	14
11	14.0	14
11	14.0	14
11	14.0	14
11	14.0	14
11	14.0	14
11	14.0	14
11	14.0	14
11	14.0	14
11	14.0	13
13	15.0	14
13	15.0	14
13	15.0	14
13	15.0	14
13	15.0	14
13	15.0	14
13	15.0	14
13	15.0	13
13	15.0	13
13	15.0	13
15	15.0	13
15	15.0	13
15	15.0	13
15	15.0	13
15	15.0	13
15	15.0	13
15	15.0	13
15	15.0	12
15	15.0	12
15	15.0	12
17	15.0	16
17	15.0	16
17	15.0	16
17	15.0	16
17	15.0	16
17	15.0	16
17	15.0	15
17	15.0	15
17	15.0	15
17	15.0	15
19	15.0	17
19	15.0	16
19	15.0	16
19	15.0	16
19	15.0	16
19	15.0	16
19	15.0	16
19	15.0	15
19	15.0	15
19	15.0	15
21	14.0	16
21	14.0	15
21	14.0	15
21	14.0	15
21	14.0	15
21	14.0	15
21	14.0	15
21	14.0	15
21	14.0	14
21	14.0	14
23	14.0	14
23	14.0	14
23	14.0	14
23	14.0	14
23	14.0	14
23	14.0	14
23	14.0	14
23	14.0	14
23	14.0	14
23	14.0	13
25	15.0	17
25	15.0	17
25	15.0	17
25	15.0	17
25	15.0	17
25	15.0	17
25	15.0	17
25	15.0	17
25	15.0	17
25	15.0	17
27	15.0	17
27	15.0	17
27	15.0	17
27	15.0	17
27	15.0	17
27	15.0	17
27	15.0	17
27	15.0	17
27	15.0	17
27	15.0	17
29	15.0	18
29	15.0	18
29	15.0	18
29	15.0	18
29	15.0	18
29	15.0	18
29	15.0	17
29	15.0	17
29	15.0	17
29	15.0	17
31	15.0	18
31	15.0	18
31	15.0	18
31	15.0	18
31	15.0	18
31	15.0	18
31	15.0	18
31	15.0	17
31	15.0	17
31	15.0	17
33	15.0	19
33	15.0	19
33	15.0	19
33	15.0	19
33	15.0	19
33	15.0	19
33	15.0	19
33	15.0	19
33	15.0	19
33	15.0	19
35	16.0	19
35	16.0	19
35	16.0	19
35	16.0	19
35	16.0	19
35	16.0	19
35	16.0	19
35	16.0	19
35	16.0	18
35	16.0	18
37	16.0	18
37	16.0	18
37	16.0	18
37	16.0	18
37	16.0	18
37	16.0	18
37	16.0	18
37	16.0	18
37	16.0	18
37	16.0	18
39	15.0	18
39	15.0	18
39	15.0	18
39	15.0	18
39	15.0	18
39	15.0	18
39	15.0	18
39	15.0	18
39	15.0	18
39	15.0	18
41	15.0	18
41	15.0	18
41	15.0	18
41	15.0	18
41	15.0	18
41	15.0	18
41	15.0	18
41	15.0	18
41	15.0	18
41	15.0	18
43	15.0	16
43	15.0	16
43	15.0	16
43	15.0	16
43	15.0	16
43	15.0	15
43	15.0	15
43	15.0	15
43	15.0	15
43	15.0	14
45	15.0	18
45	15.0	18
45	15.0	18
45	15.0	18
45	15.0	18
45	15.0	18
45	15.0	18
45	15.0	17
45	15.0	17
45	15.0	17
47	15.0	13
47	15.0	13
47	15.0	13
47	15.0	13
47	15.0	13
47	15.0	13
47	15.0	13
47	15.0	13
47	15.0	13
47	15.0	13
49	15.0	16
49	15.0	16
49	15.0	16
49	15.0	16
49	15.0	16
49	15.0	16
49	15.0	15
49	15.0	15
49	15.0	15
49	15.0	15
51	15.0	15
51	15.0	15
51	15.0	15
51	15.0	15
51	15.0	15
51	15.0	15
51	15.0	15
51	15.0	15
51	15.0	15
51	15.0	15
53	15.0	19
53	15.0	19
53	15.0	19
53	15.0	19
53	15.0	19
53	15.0	19
53	15.0	19
53	15.0	19
53	15.0	19
53	15.0	19
55	15.0	13
55	15.0	13
55	15.0	13
55	15.0	13
55	15.0	13
55	15.0	13
55	15.0	12
55	15.0	12
55	15.0	12
55	15.0	12
57	15.0	16
57	15.0	16
57	15.0	16
57	15.0	15
57	15.0	15
57	15.0	15
57	15.0	15
57	15.0	15
57	15.0	15
57	15.0	15
59	14.0	16
59	14.0	16
59	14.0	16
59	14.0	16
59	14.0	15
59	14.0	15
59	14.0	15
59	14.0	15
59	14.0	15
59	14.0	14
61	14.0	13
61	14.0	13
61	14.0	13
61	14.0	13
61	14.0	13
61	14.0	12
61	14.0	12
61	14.0	12
61	14.0	12
61	14.0	12
63	15.0	13
63	15.0	13
63	15.0	13
63	15.0	13
63	15.0	13
63	15.0	13
63	15.0	12
63	15.0	12
63	15.0	12
63	15.0	12
65	15.0	14
65	15.0	14
65	15.0	14
65	15.0	14
65	15.0	14
65	15.0	13
65	15.0	13
65	15.0	13
65	15.0	13
65	15.0	13
67	15.0	13
67	15.0	13
67	15.0	13
67	15.0	13
67	15.0	13
67	15.0	13
67	15.0	13
67	15.0	12
67	15.0	12
67	15.0	12
69	15.0	14
69	15.0	14
69	15.0	14
69	15.0	14
69	15.0	14
69	15.0	14
69	15.0	14
69	15.0	13
69	15.0	13
69	15.0	13
71	14.0	13
71	14.0	12
71	14.0	12
71	14.0	12
71	14.0	12
71	14.0	12
71	14.0	12
71	14.0	12
71	14.0	12
71	14.0	12
73	14.0	14
73	14.0	14
73	14.0	14
73	14.0	13
73	14.0	13
73	14.0	13
73	14.0	13
73	14.0	13
73	14.0	13
73	14.0	13
75	14.0	12
75	14.0	12
75	14.0	12
75	14.0	12
75	14.0	12
75	14.0	12
75	14.0	12
75	14.0	12
75	14.0	12
75	14.0	12
77	14.0	13
77	14.0	13
77	14.0	13
77	14.0	13
77	14.0	13
77	14.0	13
77	14.0	13
77	14.0	13
77	14.0	13
77	14.0	13
79	14.0	14
79	14.0	14
79	14.0	14
79	14.0	14
79	14.0	14
79	14.0	13
79	14.0	13
79	14.0	13
79	14.0	13
79	14.0	13
81	14.0	13
81	14.0	13
81	14.0	13
81	14.0	12
81	14.0	12
81	14.0	12
81	14.0	12
81	14.0	12
81	14.0	12
81	14.0	12
83	14.0	14
83	14.0	14
83	14.0	14
83	14.0	14
83	14.0	14
83	14.0	13
83	14.0	13
83	14.0	13
83	14.0	13
83	14.0	13
85	14.0	15
85	14.0	15
85	14.0	15
85	14.0	15
85	14.0	15
85	14.0	15
85	14.0	14
85	14.0	14
85	14.0	14
85	14.0	14
87	15.0	17
87	15.0	16
87	15.0	16
87	15.0	16
87	15.0	16
87	15.0	16
87	15.0	16
87	15.0	15
87	15.0	15
87	15.0	15
89	15.0	16
89	15.0	16
89	15.0	16
89	15.0	16
89	15.0	15
89	15.0	15
89	15.0	15
89	15.0	15
89	15.0	14
89	15.0	14
91	15.0	17
91	15.0	16
91	15.0	16
91	15.0	16
91	15.0	16
91	15.0	16
91	15.0	16
91	15.0	15
91	15.0	15
91	15.0	15
93	15.0	16
93	15.0	16
93	15.0	16
93	15.0	16
93	15.0	16
93	15.0	16
93	15.0	15
93	15.0	15
93	15.0	15
93	15.0	15
95	14.0	15
95	14.0	15
95	14.0	15
95	14.0	15
95	14.0	15
95	14.0	15
95	14.0	15
95	14.0	15
95	14.0	14
95	14.0	14
97	14.0	16
97	14.0	16
97	14.0	15
97	14.0	15
97	14.0	15
97	14.0	15
97	14.0	15
97	14.0	15
97	14.0	15
97	14.0	14
99	14.0	14
99	14.0	14
99	14.0	14
99	14.0	14
99	14.0	14
99	14.0	14
99	14.0	14
99	14.0	14
99	14.0	14
99	14.0	14
1	18.0	19
1	18.0	18
1	18.0	18
1	18.0	18
1	18.0	18
1	18.0	18
1	18.0	17
1	18.0	17
1	18.0	17
1	18.0	16
3	16.0	18
3	16.0	18
3	16.0	18
3	16.0	18
3	16.0	18
3	16.0	18
3	16.0	18
3	16.0	18
3	16.0	18
3	16.0	18
5	15.0	17
5	15.0	17
5	15.0	16
5	15.0	16
5	15.0	16
5	15.0	16
5	15.0	16
5	15.0	15
5	15.0	15
5	15.0	15
7	16.0	20
7	16.0	20
7	16.0	20
7	16.0	20
7	16.0	20
7	16.0	20
7	16.0	20
7	16.0	20
7	16.0	20
7	16.0	20
9	19.0	22
9	19.0	22
9	19.0	22
9	19.0	22
9	19.0	22
9	19.0	21
9	19.0	21
9	19.0	21
9	19.0	21
9	19.0	21
11	15.0	16
11	15.0	16
11	15.0	16
11	15.0	16
11	15.0	16
11	15.0	16
11	15.0	15
11	15.0	15
11	15.0	15
11	15.0	15
13	17.0	19
13	17.0	19
13	17.0	19
13	17.0	19
13	17.0	19
13	17.0	19
13	17.0	19
13	17.0	19
13	17.0	19
13	17.0	19
15	15.0	19
15	15.0	19
15	15.0	19
15	15.0	19
15	15.0	19
15	15.0	19
15	15.0	19
15	15.0	18
15	15.0	18
15	15.0	18
17	17.0	20
17	17.0	20
17	17.0	20
17	17.0	20
17	17.0	20
17	17.0	20
17	17.0	20
17	17.0	20
17	17.0	20
17	17.0	20
19	19.0	20
19	19.0	20
19	19.0	20
19	19.0	20
19	19.0	20
19	19.0	20
19	19.0	20
19	19.0	20
19	19.0	20
19	19.0	20
21	16.0	15
21	16.0	15
21	16.0	15
21	16.0	15
21	16.0	15
21	16.0	15
21	16.0	15
21	16.0	15
21	16.0	15
21	16.0	15
23	19.0	22
23	19.0	22
23	19.0	22
23	19.0	22
23	19.0	22
23	19.0	22
23	19.0	22
23	19.0	22
23	19.0	22
23	19.0	21
25	18.0	22
25	18.0	22
25	18.0	22
25	18.0	22
25	18.0	22
25	18.0	22
25	18.0	22
25	18.0	22
25	18.0	21
25	18.0	21
27	18.0	22
27	18.0	22
27	18.0	22
27	18.0	22
27	18.0	22
27	18.0	22
27	18.0	22
27	18.0	22
27	18.0	22
27	18.0	22
29	19.0	20
29	19.0	20
29	19.0	20
29	19.0	20
29	19.0	20
29	19.0	20
29	19.0	20
29	19.0	20
29	19.0	20
29	19.0	20
31	22.0	21
31	22.0	21
31	22.0	21
31	22.0	21
31	22.0	21
31	22.0	20
31	22.0	20
31	22.0	20
31	22.0	20
31	22.0	20
33	17.0	19
33	17.0	19
33	17.0	19
33	17.0	19
33	17.0	19
33	17.0	19
33	17.0	19
33	17.0	19
33	17.0	19
33	17.0	19
35	18.0	19
35	18.0	18
35	18.0	18
35	18.0	18
35	18.0	18
35	18.0	17
35	18.0	17
35	18.0	17
35	18.0	17
35	18.0	16
37	15.0	16
37	15.0	16
37	15.0	16
37	15.0	15
37	15.0	15
37	15.0	15
37	15.0	15
37	15.0	15
37	15.0	15
37	15.0	15
39	14.0	14
39	14.0	14
39	14.0	14
39	14.0	14
39	14.0	14
39	14.0	14
39	14.0	14
39	14.0	14
39	14.0	14
39	14.0	13
41	15.0	18
41	15.0	18
41	15.0	18
41	15.0	18
41	15.0	18
41	15.0	18
41	15.0	17
41	15.0	17
41	15.0	17
41	15.0	17
43	18.0	19
43	18.0	19
43	18.0	18
43	18.0	18
43	18.0	18
43	18.0	18
43	18.0	17
43	18.0	17
43	18.0	17
43	18.0	17
45	15.0	14
45	15.0	14
45	15.0	14
45	15.0	14
45	15.0	14
45	15.0	14
45	15.0	14
45	15.0	14
45	15.0	14
45	15.0	14
47	16.0	18
47	16.0	17
47	16.0	17
47	16.0	17
47	16.0	17
47	16.0	17
47	16.0	16
47	16.0	16
47	16.0	16
49	16.0	18
49	16.0	18
49	16.0	17
49	16.0	17
49	16.0	17
49	16.0	17
49	16.0	17
49	16.0	16
49	16.0	16
49	16.0	16
51	19.0	16
51	19.0	16
51	19.0	16
51	19.0	16
51	19.0	16
51	19.0	16
51	19.0	16
51	19.0	17
51	19.0	17
51	19.0	17
53	16.0	19
53	16.0	19
53	16.0	19
53	16.0	19
53	16.0	19
53	16.0	19
53	16.0	19
53	16.0	19
53	16.0	18
53	16.0	18
55	18.0	20
55	18.0	20
55	18.0	20
55	18.0	20
55	18.0	20
55	18.0	20
55	18.0	20
55	18.0	20
55	18.0	20
55	18.0	20
57	17.0	19
57	17.0	19
57	17.0	19
57	17.0	19
57	17.0	19
57	17.0	19
57	17.0	19
57	17.0	18
57	17.0	18
57	17.0	18
59	15.0	17
59	15.0	16
59	15.0	16
59	15.0	16
59	15.0	16
59	15.0	16
59	15.0	16
59	15.0	15
59	15.0	15
59	15.0	15
61	16.0	17
61	16.0	17
61	16.0	17
61	16.0	17
61	16.0	16
61	16.0	16
61	16.0	16
61	16.0	16
61	16.0	15
61	16.0	15
63	16.0	18
63	16.0	18
63	16.0	18
63	16.0	18
63	16.0	18
63	16.0	18
63	16.0	18
63	16.0	18
63	16.0	18
63	16.0	17
65	16.0	14
65	16.0	14
65	16.0	14
65	16.0	14
65	16.0	13
65	16.0	13
65	16.0	13
65	16.0	13
65	16.0	13
65	16.0	13
67	19.0	22
67	19.0	22
67	19.0	22
67	19.0	22
67	19.0	22
67	19.0	22
67	19.0	22
67	19.0	22
67	19.0	22
67	19.0	21
69	15.0	18
69	15.0	18
69	15.0	18
69	15.0	18
69	15.0	18
69	15.0	18
69	15.0	17
69	15.0	17
69	15.0	17
69	15.0	17
71	15.0	14
71	15.0	14
71	15.0	14
71	15.0	14
71	15.0	14
71	15.0	14
71	15.0	14
71	15.0	14
71	15.0	14
71	15.0	14
73	17.0	17
73	17.0	17
73	17.0	17
73	17.0	17
73	17.0	17
73	17.0	17
73	17.0	17
73	17.0	17
73	17.0	17
73	17.0	17
75	17.0	16
75	17.0	16
75	17.0	16
75	17.0	16
75	17.0	16
75	17.0	16
75	17.0	16
75	17.0	16
75	17.0	16
75	17.0	16
77	15.0	18
77	15.0	18
77	15.0	18
77	15.0	18
77	15.0	18
77	15.0	18
77	15.0	18
77	15.0	18
77	15.0	18
77	15.0	18
79	17.0	19
79	17.0	19
79	17.0	19
79	17.0	19
79	17.0	19
79	17.0	19
79	17.0	19
79	17.0	18
79	17.0	18
79	17.0	18
81	19.0	20
81	19.0	20
81	19.0	20
81	19.0	20
81	19.0	20
81	19.0	20
81	19.0	20
81	19.0	20
81	19.0	20
81	19.0	20
83	18.0	20
83	18.0	20
83	18.0	20
83	18.0	20
83	18.0	20
83	18.0	20
83	18.0	20
83	18.0	20
83	18.0	19
83	18.0	19
85	18.0	22
85	18.0	22
85	18.0	22
85	18.0	22
85	18.0	22
85	18.0	22
85	18.0	21
85	18.0	21
85	18.0	21
85	18.0	21
87	18.0	22
87	18.0	22
87	18.0	22
87	18.0	22
87	18.0	21
87	18.0	21
87	18.0	21
87	18.0	21
87	18.0	21
87	18.0	21
89	15.0	16
89	15.0	16
89	15.0	16
89	15.0	16
89	15.0	16
89	15.0	16
89	15.0	15
89	15.0	15
89	15.0	15
89	15.0	15
91	18.0	22
91	18.0	22
91	18.0	22
91	18.0	22
91	18.0	22
91	18.0	22
91	18.0	22
91	18.0	22
91	18.0	22
91	18.0	22
93	19.0	20
93	19.0	20
93	19.0	20
93	19.0	20
93	19.0	20
93	19.0	20
93	19.0	20
93	19.0	20
93	19.0	20
93	19.0	20
95	18.0	20
95	18.0	20
95	18.0	20
95	18.0	20
95	18.0	20
95	18.0	20
95	18.0	20
95	18.0	20
95	18.0	20
95	18.0	19
97	17.0	19
97	17.0	18
97	17.0	18
97	17.0	18
97	17.0	18
97	17.0	18
97	17.0	18
97	17.0	17
97	17.0	17
97	17.0	17
99	16.0	20
99	16.0	20
99	16.0	20
99	16.0	20
99	16.0	20
99	16.0	20
99	16.0	20
99	16.0	20
99	16.0	20
99	16.0	20
