[146.10147776807736, 103.71189522874752, 80.08156226106085, 63.39865865697826, 54.39009716193907, 54.390097161939075]
[141.15254398895098, 100.76335110313354, 78.00194431318577, 62.10371313038843, 53.44170753692941, 53.441707536929414]
[136.05353491996834, 97.69917777625149, 75.83235144266224, 60.71163118188199, 52.405213538353486, 52.405213538353486]
[130.58784615298495, 94.38380984747373, 73.4748770392983, 59.19034946937694, 51.26863738705068, 51.268637387050674]
[123.41099305234755, 89.9787470605625, 70.32541409606974, 57.128520880668674, 49.715275083862736, 49.71527508386273]
[115.33930674263253, 84.953391870946, 66.70885476988482, 54.718399556599365, 47.88088698207043, 47.880886982070436]
[109.12301444761903, 81.03118255152218, 63.86888821312503, 52.809090935989666, 46.42023903450506, 46.420239034505066]
[103.65475780083766, 77.54104353468144, 61.328289996650994, 51.10090912044526, 45.113285698355504, 45.113285698355504]
[96.53513966920758, 72.93536852807492, 57.9543149815135, 48.785725516595186, 43.32104960177923, 43.32104960177924]
[88.8272870958985, 67.86816409900196, 54.21388844518699, 46.148070001557606, 41.246786003718235, 41.246786003718235]
[186.18422242605786, 122.1448213303835, 87.14532633678752, 70.86635830368654, 58.19908004142802, 58.199080041428026]
[186.43300803741997, 122.29900381616031, 87.25451950957988, 70.75149384134643, 57.91965597386686, 57.91965597386685]
[186.26025101390317, 122.20159618751896, 87.18644948590635, 70.50530297171905, 57.53622688896508, 57.53622688896508]
[186.23090801130988, 122.1897679171129, 87.1786723963881, 70.27319292449675, 57.134563612090055, 57.13456361209006]
[186.2014791497753, 122.17787772693511, 87.17084889796806, 69.94983163544, 56.57345508283436, 56.57345508283437]
[186.18093759492098, 122.1712842814564, 87.1667553839565, 69.55953910624767, 55.892735542546696, 55.89273554254669]
[186.54644157665172, 122.39520262592647, 87.32510188669883, 69.33763428598465, 55.392518354484, 55.392518354484]
[187.56071019210788, 123.00612747663769, 87.75607079222854, 69.30338653456575, 55.030968857349414, 55.030968857349414]
[188.92190728738575, 123.82313505224441, 88.33198573786953, 69.22595097128438, 54.4972249352786, 54.4972249352786]
[190.18885766810234, 124.5830220898671, 88.8674285696208, 69.02814214730607, 53.787478412261564, 53.787478412261564]
[146.10147776807736, 103.71189522874752, 80.08156226106085, 63.365515376033976, 48.30267503042478, 48.30267503042479]
[141.15254398895098, 100.76335110313354, 78.00194431318577, 62.07201298615096, 47.22999701725796, 47.22999701725796]
[136.05353491996834, 97.69917777625149, 75.83235144266224, 60.68120486116257, 46.08736561906096, 46.087365619060954]
[130.58784615298495, 94.38380984747373, 73.4748770392983, 59.16137815861074, 44.84138394267001, 44.84138394267]
[123.41099305234755, 89.9787470605625, 70.32541409606974, 57.10148533897002, 43.16087862076409, 43.16087862076409]
[115.33930674263253, 84.953391870946, 66.70885476988482, 54.693557354170075, 41.20823024134121, 41.20823024134121]
[109.12301444761903, 81.03118255152218, 63.86888821312503, 52.7860752159628, 39.66643084294101, 39.66643084294102]
[103.65475780083766, 77.54104353468144, 61.328289996650994, 51.079720156732925, 38.28791215859618, 38.28791215859617]
[96.53513966920758, 72.93536852807492, 57.9543149815135, 48.76685315382843, 36.43214290797563, 36.43214290797564]
[88.8272870958985, 67.86816409900196, 54.21388844518699, 46.13153871823404, 34.33683870881093, 34.33683870881093]
[377.09529432288093, 131.06678186489617, 91.59371125970438, 73.78024605642163, 60.15002276272301, 60.15002276272302]
[371.0503020609918, 127.89434581418479, 90.06577351212125, 72.58869614704622, 59.14511048035954, 59.14511048035955]
[364.66682100974407, 124.57644833792732, 88.38862849551792, 71.28940125657911, 58.057328214237906, 58.05732821423791]
[357.63459769296145, 120.96131353230848, 86.55153496043586, 69.86512932652455, 56.86452984934275, 56.864529849342745]
[348.0623443530159, 116.11431330401052, 84.03968811920213, 67.91921022156282, 55.23778673912798, 55.23778673912798]
[336.82732433340504, 110.52445119334693, 81.07140173996154, 65.62232823339815, 53.32208617649762, 53.32208617649761]
[327.8294913813431, 106.11730854260469, 78.71078326053997, 63.79397794242143, 51.79667636246354, 51.79667636246354]
[319.63390800617685, 102.16072233634347, 76.60461105097367, 62.15762515830937, 50.427606584599204, 50.4276065845992]
[308.48967217294046, 96.88333794507517, 73.71052029681042, 59.912144173748295, 48.55496719794109, 48.55496719794109]
[295.78052076424206, 91.00194933448302, 70.34962715035647, 57.310384406672725, 46.395773614998184, 46.39577361499819]
[146.10147776807736, 100.84821483379105, 50.23053158185407, 44.14061582332037, 38.93163609835935, 38.93163609835934]
[141.15254398895098, 97.88708042314181, 48.44899766041345, 42.67324557135183, 37.79055395074414, 37.79055395074414]
[136.05353491996834, 94.81304597706551, 46.61405653335858, 41.156139508115906, 36.59360325760051, 36.593603257600506]
[130.58784615298495, 91.49094533629672, 44.648179953024545, 39.52411602260324, 35.29771494972432, 35.29771494972433]
[123.41099305234755, 87.08388935134889, 42.069208094157695, 37.37218420320738, 33.57138171661467, 33.57138171661466]
[115.33930674263253, 82.06602563963355, 39.17246866119712, 34.9402478641878, 31.59601816265353, 31.59601816265353]
[109.12301444761903, 78.15695290156116, 36.94474007807982, 33.059215160298955, 30.0542413479808, 30.054241347980803]
[103.65475780083766, 74.6843418840021, 34.98799177422696, 31.398919926459723, 28.68618621522988, 28.686186215229878]
[96.53513966920758, 70.11132699203569, 32.44575835141699, 29.2297889329859, 26.876829173199784, 26.876829173199788]
[88.8272870958985, 65.09295970296726, 29.701398601734876, 26.87262600167242, 24.880348164164598, 24.880348164164598]
[72.27388799610988, 58.850917580431094, 50.595428822647825, 34.53229415548167, 31.220989289532298, 31.220989289532298]
[72.40605285871959, 58.951677338352646, 50.54407159505553, 34.078670693220246, 30.792740971634725, 30.79274097163473]
[72.2762178542399, 58.85804814142923, 50.338546579646504, 33.52340519654626, 30.27832219841431, 30.27832219841431]
[72.2355691355128, 58.83057651778, 50.1627920320683, 32.92695385110977, 29.72420248749756, 29.72420248749756]
[72.19490382330034, 58.8030827562818, 49.92187425376424, 32.102827468084655, 28.960258431313964, 28.960258431313967]
[72.15978797002354, 58.779699501675246, 49.63122842368858, 31.113034294145802, 28.04568451419136, 28.04568451419136]
[72.36423937515004, 58.93416048153886, 49.50853945054095, 30.344607058826792, 27.333171693721777, 27.333171693721777]
[72.97259405701465, 59.388112685000294, 49.60318823049462, 29.703116558289555, 26.7316939068847, 26.731693906884697]
[73.79994111975944, 60.00363778272534, 49.70266822537396, 28.790259005250853, 25.881204118109437, 25.881204118109434]
[74.57172780631522, 60.57712004590018, 49.68668188280111, 27.66570384706344, 24.84430148317528, 24.84430148317528]
[162.78339747937318, 108.52499870306367, 54.80351500032989, 28.33880410779118, 28.338804107791177]
[163.03023405271543, 107.93133031641035, 53.620439676544116, 28.044128370252817, 28.044128370252817]
[162.82745740218468, 107.08364533344586, 52.320793364239435, 27.660103336406657, 27.660103336406653]
[162.7776606084619, 106.20545720822555, 50.910063499619206, 27.253189999976676, 27.25318999997668]
[162.72778377996485, 104.98239622338092, 49.00021996123836, 26.68891991163808, 26.688919911638084]
[162.6873941734053, 103.49827255482525, 46.769231479047384, 26.007067673735012, 26.007067673735012]
[163.05864084918295, 102.42165492773874, 45.01739848538206, 25.488317050035164, 25.488317050035167]
[164.12206547524826, 101.67455006689885, 43.47525260260188, 25.078064712689073, 25.078064712689073]
[165.55656223998793, 100.5597142669426, 41.37993499977127, 24.482663299414256, 24.482663299414256]
[166.89145308291108, 99.04166086127229, 38.97889599826473, 23.721479543091153, 23.72147954309116]
[153.1376527298812, 31.167096024167943, 24.225458501811808, 22.606397851577775, 22.606397851577775]
[148.6801567654816, 31.032350969662687, 23.93284099545413, 22.32560445274747, 22.325604452747466]
[144.07824525438818, 30.766943078117773, 23.547790304432635, 21.96297593952204, 21.96297593952204]
[139.1330289911776, 30.514224970112537, 23.14452551030339, 21.581801501149396, 21.581801501149396]
[132.6150525336544, 30.168293791587615, 22.590707606124244, 21.058876257813886, 21.058876257813886]
[125.24900721739485, 29.752287778469555, 21.92832114960686, 20.434632602415757, 20.434632602415753]
[119.54927322971444, 29.496992748237446, 21.432547011730904, 19.965016724286134, 19.965016724286134]
[114.51206879306885, 29.41311414951469, 21.050439434183684, 19.59761454215421, 19.59761454215421]
[107.91115880536077, 29.265036550398438, 20.498190380589485, 19.069770331167675, 19.06977033116767]
[100.70536050315658, 28.98199802007245, 19.79261455574185, 18.40240774748192, 18.402407747481924]
[162.78339747937318, 108.52499870306367, 54.32351093944764, 46.88866485941358, 46.888664859413566]
[163.03023405271543, 107.93133031641035, 53.122814228284014, 45.998491461218805, 45.99849146121881]
[162.82745740218468, 107.08364533344586, 51.80566760926292, 45.00415164713105, 45.00415164713106]
[162.7776606084619, 106.20545720822555, 50.37561831382975, 43.921020689366934, 43.92102068936694]
[162.72778377996485, 104.98239622338092, 48.44019778684345, 42.44250746027746, 42.44250746027747]
[162.6873941734053, 103.49827255482525, 46.18028402547457, 40.69766480891732, 40.697664808917324]
[163.05864084918295, 102.42165492773874, 44.40534890458072, 39.32016852683027, 39.32016852683027]
[164.12206547524826, 101.67455006689885, 42.84158030694322, 38.10714248551979, 38.10714248551979]
[165.55656223998793, 100.5597142669426, 40.71882376623857, 36.440100555081834, 36.440100555081834]
[166.89145308291108, 99.04166086127229, 38.28999943591213, 34.500515268178845, 34.50051526817885]
[226.13838196858651, 136.10831653760033, 60.45635374310005, 51.28932344869445, 51.28932344869445]
[220.23210780184536, 134.0065514118064, 58.74931409870466, 49.92634271201959, 49.92634271201959]
[214.07840097447192, 131.67258168967035, 56.950823373805825, 48.488729053872774, 48.488729053872774]
[207.40096826385403, 129.11552616770945, 55.005007724223674, 46.929109257028465, 46.92910925702847]
[198.49471995737272, 125.60673187972247, 52.41100662199853, 44.84327459440477, 44.84327459440476]
[188.2870415223397, 121.44193952194905, 49.439716399558215, 42.44472023889219, 42.44472023889219]
[180.28526287006247, 118.12875388482975, 47.121825461086914, 40.565993244819396, 40.56599324481939]
[173.1369635852917, 115.18343184324733, 45.068775975368226, 38.89539788561024, 38.89539788561022]
[163.65749119907343, 111.11292364085432, 42.34743834216887, 36.67248340350656, 36.67248340350655]
[153.16542270020318, 106.3460898105138, 39.33449294233988, 34.19996201283027, 34.199962012830284]
[162.78339747937318, 108.52499870306367, 52.06493308802981, 45.550933599422336, 40.02461331627092, 40.02461331627092]
[163.03023405271543, 107.93133031641035, 50.78833795200552, 44.47768562828107, 39.19887430791956, 39.19887430791957]
[162.82745740218468, 107.08364533344586, 49.396915926227216, 43.31041638568964, 38.28688709551555, 38.28688709551555]
[162.7776606084619, 106.20545720822555, 47.88584428394532, 42.04034000345576, 37.291010296641154, 37.29101029664115]
[162.72778377996485, 104.98239622338092, 45.84510201312614, 40.32242619814763, 35.93309018995243, 35.93309018995244]
[162.6873941734053, 103.49827255482525, 43.469151596261604, 38.31861621537196, 34.33329718248041, 34.33329718248041]
[163.05864084918295, 102.42165492773874, 41.60383471623497, 36.74100622627383, 33.06663196114547, 33.06663196114547]
[164.12206547524826, 101.67455006689885, 39.957086115855894, 35.34337633794668, 31.943167047911643, 31.943167047911636]
[165.55656223998793, 100.5597142669426, 37.73303089493374, 33.45266657978881, 30.406153702860905, 30.40615370286091]
[166.89145308291108, 99.04166086127229, 35.20808785039283, 31.302131550219954, 28.631570979059788, 28.631570979059795]
[72.27388799610988, 58.850917580431094, 50.595428822647825, 34.53229415548167, 31.333447919829723, 31.33344791982972]
[72.40605285871959, 58.951677338352646, 50.54407159505553, 34.078670693220246, 30.91008695246567, 30.910086952465665]
[72.2762178542399, 58.85804814142923, 50.338546579646504, 33.52340519654626, 30.40045366154169, 30.400453661541693]
[72.2355691355128, 58.83057651778, 50.1627920320683, 32.92695385110977, 29.85179012171586, 29.85179012171586]
[72.19490382330034, 58.8030827562818, 49.92187425376424, 32.102827468084655, 29.095284638343824, 29.09528463834383]
[72.15978797002354, 58.779699501675246, 49.63122842368858, 31.113034294145802, 28.189442777007983, 28.189442777007976]
[72.36423937515004, 58.93416048153886, 49.50853945054095, 30.344607058826792, 27.484316999028202, 27.484316999028206]
[72.97259405701465, 59.388112685000294, 49.60318823049462, 29.703116558289555, 26.890269794989248, 26.890269794989248]
[73.79994111975944, 60.00363778272534, 49.70266822537396, 28.790259005250853, 26.049676627975984, 26.04967662797598]
[74.57172780631522, 60.57712004590018, 49.68668188280111, 27.66570384706344, 25.023362142646654, 25.023362142646658]
[162.78339747937318, 111.84843581318586, 84.84755269873031, 66.34916704765473, 56.547413791714355, 56.547413791714355]
[163.03023405271543, 111.43873168357524, 84.24961231010226, 66.00052615771912, 56.30226583169301, 56.30226583169301]
[162.82745740218468, 110.77971846915277, 83.48355948830792, 65.51907466172001, 55.9487718426695, 55.9487718426695]
[162.7776606084619, 110.12359484330632, 82.67357830565982, 65.01817572754965, 55.58405589978063, 55.58405589978063]
[162.72778377996485, 109.21845495563888, 81.55385018324853, 64.32267208711085, 55.07587994077359, 55.07587994077359]
[162.6873941734053, 108.13327765669489, 80.21047074785474, 63.483700268536204, 54.46075264892444, 54.46075264892444]
[163.05864084918295, 107.41459981908898, 79.2024709789024, 62.87359940320264, 54.021579903504865, 54.02157990350487]
[164.12206547524826, 107.04332939790892, 78.4233516556434, 62.44247922020371, 53.72867735472251, 53.728677354722514]
[165.55656223998793, 106.47270256791555, 77.30197479701401, 61.808102216744594, 53.29133661554693, 53.29133661554693]
[166.89145308291108, 105.61261708353429, 75.87498274143059, 60.96261693687948, 52.69139770423809, 52.69139770423809]
[186.18422242605786, 122.1448213303835, 87.14532633678752, 70.86635830368654, 58.59107958589152, 58.591079585891514]
[186.43300803741997, 122.29900381616031, 87.25451950957988, 70.75149384134643, 58.336222067484044, 58.336222067484044]
[186.26025101390317, 122.20159618751896, 87.18644948590635, 70.50530297171905, 57.97884237775768, 57.97884237775769]
[186.23090801130988, 122.1897679171129, 87.1786723963881, 70.27319292449675, 57.60783303649966, 57.60783303649965]
[186.2014791497753, 122.17787772693511, 87.17084889796806, 69.94983163544, 57.0910304630311, 57.091030463031096]
[186.18093759492098, 122.1712842814564, 87.1667553839565, 69.55953910624767, 56.46662397250504, 56.46662397250504]
[186.54644157665172, 122.39520262592647, 87.32510188669883, 69.33763428598465, 56.01681239037091, 56.01681239037091]
[187.56071019210788, 123.00612747663769, 87.75607079222854, 69.30338653456575, 55.70726121456325, 55.70726121456325]
[188.92190728738575, 123.82313505224441, 88.33198573786953, 69.22595097128438, 55.24961995913941, 55.24961995913941]
[190.18885766810234, 124.5830220898671, 88.8674285696208, 69.02814214730607, 54.633869087849064, 54.633869087849064]
[357.45717199632037, 177.21977027446775, 111.8956618637759, 72.15928951930829, 72.15928951930829]
[352.148719471985, 174.34787045862078, 110.79367169840418, 70.98012534294713, 70.98012534294713]
[346.56604242690463, 171.32275719577606, 109.53478915670497, 69.6967425320348, 69.69674253203479]
[340.44208967895605, 167.99906977945903, 108.1637806498089, 68.29132693370315, 68.29132693370313]
[332.14537684749337, 163.48939083209578, 106.27361195642295, 66.37407152993634, 66.37407152993633]
[322.4673294989037, 158.21676660807532, 104.01911012942506, 64.11519816182683, 64.11519816182683]
[314.76645937019754, 154.00950191814005, 102.24509236110016, 62.319800925470524, 62.319800925470524]
[307.78837561035044, 150.18897688402092, 100.70665042056864, 60.71463575021936, 60.71463575021935]
[298.3429632710113, 145.0105799417737, 98.5531458279163, 58.51591702531375, 58.51591702531375]
[287.6334388210815, 139.1274106283135, 95.97534947326996, 55.97399715319722, 55.973997153197224]
[377.09529432288093, 131.06678186489617, 91.59371125970438, 73.78024605642163, 73.78024605642163]
[371.0503020609918, 127.89434581418479, 90.06577351212125, 72.58869614704622, 72.5886961470462]
[364.66682100974407, 124.57644833792732, 88.38862849551792, 71.28940125657911, 71.28940125657911]
[357.63459769296145, 120.96131353230848, 86.55153496043586, 69.86512932652455, 69.86512932652455]
[348.0623443530159, 116.11431330401052, 84.03968811920213, 67.91921022156282, 67.91921022156282]
[336.82732433340504, 110.52445119334693, 81.07140173996154, 65.62232823339815, 65.62232823339815]
[327.8294913813431, 106.11730854260469, 78.71078326053997, 63.79397794242143, 63.79397794242143]
[319.63390800617685, 102.16072233634347, 76.60461105097367, 62.15762515830937, 62.15762515830937]
[308.48967217294046, 96.88333794507517, 73.71052029681042, 59.912144173748295, 59.912144173748295]
[295.78052076424206, 91.00194933448302, 70.34962715035647, 57.310384406672725, 57.310384406672725]
[371.23285922608596, 184.31230448293846, 116.46050894267319, 87.62673658787376, 87.62673658787376]
[364.9047461603041, 182.8362024251648, 115.92052035338834, 87.34411053354201, 87.34411053354202]
[358.2148435299418, 181.1006701916066, 115.19129413861945, 86.9190019078247, 86.9190019078247]
[350.8368789306656, 179.20110229734613, 114.41777583223075, 86.47883831954938, 86.47883831954937]
[340.7832401628634, 176.54623250222, 113.32760439203133, 85.85556883196581, 85.85556883196581]
[328.9641679010072, 173.32805176318402, 111.99241558624456, 85.0886703014769, 85.0886703014769]
[319.48038210775013, 170.7769929363148, 110.98907000277353, 84.53896334910547, 84.53896334910547]
[310.8296969809638, 168.56745934771251, 110.22846801640127, 84.17537323388194, 84.17537323388194]
[299.05581925522915, 165.4144236363408, 109.09971140412544, 83.61706097856366, 83.61706097856366]
[285.61147159366027, 161.54266550209607, 107.60579402070974, 82.82841380186302, 82.82841380186302]
[357.45717199632037, 177.21977027446775, 111.99905460825411, 86.6465362277121, 86.64653622771209]
[352.148719471985, 174.34787045862078, 110.89470710995528, 86.00343100428276, 86.00343100428277]
[346.56604242690463, 171.32275719577606, 109.63396834572013, 85.23679060195688, 85.23679060195688]
[340.44208967895605, 167.99906977945903, 108.26066006034559, 84.40655102557317, 84.40655102557315]
[332.14537684749337, 163.48939083209578, 106.36729656642495, 83.25329552578083, 83.25329552578081]
[322.4673294989037, 158.21676660807532, 104.10900231864333, 81.86595918910871, 81.86595918910871]
[314.76645937019754, 154.00950191814005, 102.33147932805188, 80.78615845299937, 80.78615845299937]
[307.78837561035044, 150.18897688402092, 100.78904602940621, 79.87852842642276, 79.87852842642278]
[298.3429632710113, 145.0105799417737, 98.63025204743279, 78.58827458172867, 78.58827458172867]
[287.6334388210815, 139.1274106283135, 96.04693055847288, 77.00297334664813, 77.00297334664815]
[186.18422242605786, 122.1448213303835, 87.14532633678752, 70.86635830368654, 70.86635830368652]
[186.43300803741997, 122.29900381616031, 87.25451950957988, 70.75149384134643, 70.75149384134643]
[186.26025101390317, 122.20159618751896, 87.18644948590635, 70.50530297171905, 70.50530297171906]
[186.23090801130988, 122.1897679171129, 87.1786723963881, 70.27319292449675, 70.27319292449675]
[186.2014791497753, 122.17787772693511, 87.17084889796806, 69.94983163544, 69.94983163544]
[186.18093759492098, 122.1712842814564, 87.1667553839565, 69.55953910624767, 69.55953910624767]
[186.54644157665172, 122.39520262592647, 87.32510188669883, 69.33763428598465, 69.33763428598465]
[187.56071019210788, 123.00612747663769, 87.75607079222854, 69.30338653456575, 69.30338653456573]
[188.92190728738575, 123.82313505224441, 88.33198573786953, 69.22595097128438, 69.22595097128438]
[190.18885766810234, 124.5830220898671, 88.8674285696208, 69.02814214730607, 69.02814214730606]
[338.251889199161, 115.87363463422977, 85.74026582163279, 69.61391028582042, 69.61391028582042]
[332.4433579906153, 115.29180341903779, 85.44505300838372, 69.43397758644369, 69.4339775864437]
[326.3344506380349, 114.46695522414794, 84.98095162405005, 69.11975126991064, 69.11975126991062]
[319.63451458587775, 113.6142864421993, 84.51133130464802, 68.80882342076521, 68.80882342076521]
[310.5661032216245, 112.43031312428784, 83.85569723901872, 68.37362617441626, 68.37362617441626]
[299.99370740139034, 111.00123181819535, 83.06001306665452, 67.844207567321, 67.844207567321]
[291.57908591043065, 109.9741206747127, 82.51448820631086, 67.49962252543351, 67.49962252543352]
[283.956023655362, 109.27371273132773, 82.19816819015952, 67.3393801439061, 67.33938014390608]
[273.6560341384603, 108.23631641271072, 81.71172345578037, 67.07975977836317, 67.07975977836315]
[261.9982481419944, 106.8312870586858, 81.00072400211508, 66.66077987086507, 66.66077987086507]
[314.7799883560738, 177.22663780085128, 113.46335583740738, 66.86033600968253, 66.86033600968251]
[315.1828537036186, 177.42937220577733, 113.59281473112084, 66.94692814005904, 66.94692814005904]
[314.92201864964494, 177.3250290634056, 113.5266080352412, 66.88973111570215, 66.88973111570215]
[314.886858824586, 177.32509399469424, 113.52693457260557, 66.88143933890338, 66.88143933890336]
[314.851473905125, 177.3250502551649, 113.52719611373111, 66.87310840604569, 66.87310840604567]
[314.8300186101224, 177.33144821089522, 113.53156519650818, 66.8678020369206, 66.8678020369206]
[315.4172801035154, 177.6195296109935, 113.71537636569694, 66.99427604263778, 66.99427604263778]
[317.0243355997562, 178.37936175755738, 114.19985872498421, 67.34186300566937, 67.34186300566937]
[319.1694181946293, 179.38772686363066, 114.8430874583834, 67.80688556999056, 67.80688556999054]
[321.1588112514779, 180.3237177622703, 115.44054017655853, 68.23895329992274, 68.23895329992273]
[100.07687105358562, 79.60956412506988, 63.06963525248931, 48.13354583827738, 48.133545838277385]
[95.92869693314692, 76.75266735403176, 61.278302026319245, 46.77212667364362, 46.772126673643626]
[91.69529635486522, 73.80840521075856, 59.378276876290016, 45.33501198826109, 45.33501198826109]
[87.20458968565944, 70.65236414146608, 57.31764943025657, 43.77733098853591, 43.77733098853591]
[81.38567492200077, 66.50997383092397, 54.56011327165952, 41.6962566838471, 41.6962566838471]
[74.9466587941943, 61.85499846788735, 51.387414834287036, 39.306412840446725, 39.306412840446725]
[70.06389806212835, 58.27400436753725, 48.90543521077998, 37.437736970200326, 37.43773697020032]
[65.82607985403324, 55.12832046055549, 46.70485680196472, 35.77947251291723, 35.77947251291722]
[60.395083191525856, 51.04201080690591, 43.77811119116279, 33.577463428490404, 33.57746342849042]
[54.627483654527424, 46.632534520321016, 40.52530242468573, 31.13485877630025, 31.13485877630025]
[330.3307223722153, 124.92008506777366, 91.15563117213728, 72.765416709598, 72.765416709598]
[330.71703562601004, 122.73500943005192, 90.01232506607671, 71.78102686381415, 71.78102686381415]
[330.5076768656204, 120.32798601489625, 88.70011599734285, 70.67435196080444, 70.67435196080446]
[330.50088020486163, 117.69321550280341, 87.26145228110718, 69.45918167904614, 69.45918167904613]
[330.493894782865, 114.09105968370001, 85.26674991804964, 67.7814958299828, 67.7814958299828]
[330.49942051339923, 109.83440427969377, 82.86846121352636, 65.7754294349049, 65.7754294349049]
[331.05113688984056, 106.45264233466241, 80.95775267613412, 64.17426831094885, 64.17426831094885]
[332.51836442100245, 103.44180652730981, 79.27572168275071, 62.751751036742796, 62.751751036742796]
[334.4696833586633, 99.30584957190574, 76.91155102203193, 60.76834476634803, 60.76834476634802]
[336.28235224358565, 94.50382815046196, 74.074539593257, 58.417528028142705, 58.4175280281427]
[39.13121352280954, 28.77795895544762, 26.521546064537432, 23.052678722398074, 23.052678722398078]
[39.21785661094488, 28.524369546521722, 26.270318681376622, 22.86687199718217, 22.866871997182173]
[39.12096196861459, 28.148274168167596, 25.913115032122086, 22.5925889129161, 22.5925889129161]
[39.08657031692556, 27.76281983131182, 25.54410928664676, 22.310917651752742, 22.310917651752742]
[39.05218564632957, 27.229136106223894, 25.03423892231372, 21.920323515735543, 21.920323515735543]
[39.02170153642292, 26.582290022343344, 24.41857279405888, 21.44636877719906, 21.44636877719906]
[39.15885311037597, 26.11425703724499, 23.96767635867057, 21.103142771151553, 21.103142771151553]
[39.57929382196756, 25.791647067288014, 23.644063424617535, 20.866557095183055, 20.866557095183055]
[40.15485946400159, 25.304980580938167, 23.1630892129924, 20.509894358816272, 20.509894358816275]
[40.693052289314934, 24.63421989966012, 22.51706697843662, 20.01821988752354, 20.018219887523536]
[315.36532381000427, 107.3645864660818, 80.74027638216813, 46.6898522237669, 46.689852223766906]
[315.72349126618235, 107.51347265205673, 80.43448374224205, 45.83595701079489, 45.8359570107949]
[315.5424184193069, 107.40427682682832, 79.95113351456234, 44.87926289001378, 44.87926289001378]
[315.5447354532506, 107.38287638517542, 79.46071846233119, 43.837337309841146, 43.83733730984114]
[315.54689448939587, 107.36141808392796, 78.7742263131766, 42.413906815045934, 42.413906815045934]
[315.560388449457, 107.34539717685844, 77.9364765219199, 40.732294950654385, 40.732294950654385]
[316.06819935929593, 107.56577915644526, 77.35487040765143, 39.40497281781998, 39.40497281781999]
[317.40502691432084, 108.18325765239402, 77.00688715690907, 38.23778851128959, 38.23778851128959]
[319.18126048627863, 109.01264694658153, 76.4680569051572, 36.630952121571525, 36.630952121571525]
[320.83302793122357, 109.78389079167054, 75.67933284564843, 34.75626144029054, 34.75626144029054]
[57.42109957604674, 49.16367742284582, 42.796464664412426, 38.118110289973494, 38.118110289973494]
[57.529745072757365, 49.25145151388795, 42.86923090125674, 38.18067008567256, 38.18067008567256]
[57.420172357975964, 49.16688665862341, 42.80203631700182, 38.12479156804141, 38.12479156804142]
[57.384889809970076, 49.140981741366296, 42.782474240002074, 38.109216596253894, 38.109216596253894]
[57.34959881055666, 49.115062110231634, 42.762895348214066, 38.09362430597048, 38.09362430597047]
[57.31893367980867, 49.0927901602128, 42.74627542550951, 38.08053380558572, 38.08053380558572]
[57.487748670224384, 49.22813965955547, 42.85771288056545, 38.17583974521355, 38.17583974521355]
[57.993071899060034, 49.62909925568817, 43.18476898264265, 38.45355039562863, 38.45355039562863]
[58.681288900077504, 50.17375636409693, 43.62807721549523, 38.829352433723216, 38.829352433723216]
[59.32367951561826, 50.68154729188022, 44.041040981602, 39.1792205581623, 39.1792205581623]
[371.23285922608596, 184.31230448293846, 116.46050894267319, 87.62673658787376, 87.62673658787376]
[364.9047461603041, 182.8362024251648, 115.92052035338834, 87.34411053354201, 87.34411053354202]
[358.2148435299418, 181.1006701916066, 115.19129413861945, 86.9190019078247, 86.9190019078247]
[350.8368789306656, 179.20110229734613, 114.41777583223075, 86.47883831954938, 86.47883831954937]
[340.7832401628634, 176.54623250222, 113.32760439203133, 85.85556883196581, 85.85556883196581]
[328.9641679010072, 173.32805176318402, 111.99241558624456, 85.0886703014769, 85.0886703014769]
[319.48038210775013, 170.7769929363148, 110.98907000277353, 84.53896334910547, 84.53896334910547]
[310.8296969809638, 168.56745934771251, 110.22846801640127, 84.17537323388194, 84.17537323388194]
[299.05581925522915, 165.4144236363408, 109.09971140412544, 83.61706097856366, 83.61706097856366]
[285.61147159366027, 161.54266550209607, 107.60579402070974, 82.82841380186302, 82.82841380186302]
[39.13121352280954, 28.77795895544762, 26.521546064537432, 23.052678722398074, 21.54617628655229, 21.54617628655229]
[39.21785661094488, 28.524369546521722, 26.270318681376622, 22.86687199718217, 21.38526476274653, 21.385264762746527]
[39.12096196861459, 28.148274168167596, 25.913115032122086, 22.5925889129161, 21.144554969334585, 21.144554969334585]
[39.08657031692556, 27.76281983131182, 25.54410928664676, 22.310917651752742, 20.897711973301845, 20.89771197330185]
[39.05218564632957, 27.229136106223894, 25.03423892231372, 21.920323515735543, 20.55472499783615, 20.554724997836153]
[39.02170153642292, 26.582290022343344, 24.41857279405888, 21.44636877719906, 20.137531786905477, 20.137531786905477]
[39.15885311037597, 26.11425703724499, 23.96767635867057, 21.103142771151553, 19.83641214173514, 19.836412141735146]
[39.57929382196756, 25.791647067288014, 23.644063424617535, 20.866557095183055, 19.631723094259627, 19.631723094259623]
[40.15485946400159, 25.304980580938167, 23.1630892129924, 20.509894358816272, 19.321409682977038, 19.32140968297704]
[40.693052289314934, 24.63421989966012, 22.51706697843662, 20.01821988752354, 18.889484666446716, 18.889484666446712]
[405.56914951350456, 177.41203187356777, 84.89159817810575, 67.335247539056, 41.86973329490961, 41.86973329490961]
[405.9620973385839, 177.60057333142308, 85.00189296012373, 67.13318583205432, 41.18579348439531, 41.18579348439532]
[405.84865036416807, 177.5215604861215, 84.92865616725243, 66.79307206848259, 40.41060660832565, 40.41060660832565]
[405.90739960107925, 177.53353328125823, 84.91784617985527, 66.45202422825474, 39.564442324924336, 39.564442324924336]
[405.965983548022, 177.5454227927413, 84.90698944865642, 65.97277458579099, 38.40181924113281, 38.40181924113281]
[406.03520011559056, 177.5629329070551, 84.89999552095745, 65.38596098986058, 37.01868603049967, 37.018686030499666]
[406.56879457680657, 177.82575693960206, 85.06117268358712, 64.9897473834752, 35.92326177317621, 35.92326177317621]
[407.88059908009825, 178.49982345080033, 85.50463661426862, 64.77712145775439, 34.96034372424383, 34.96034372424383]
[409.60351926112537, 179.39146772492055, 86.09828877704642, 64.43821666415964, 33.623953201884014, 33.623953201884014]
[411.2082125832689, 180.22096627897642, 86.65013889924475, 63.916121487117856, 32.04753079675972, 32.04753079675972]
[330.3307223722153, 124.92008506777366, 91.15563117213728, 72.765416709598, 43.90715717198626, 43.90715717198626]
[330.71703562601004, 122.73500943005192, 90.01232506607671, 71.78102686381415, 42.88953259218684, 42.889532592186846]
[330.5076768656204, 120.32798601489625, 88.70011599734285, 70.67435196080444, 41.79943137342709, 41.79943137342709]
[330.50088020486163, 117.69321550280341, 87.26145228110718, 69.45918167904614, 40.61125692295114, 40.611256922951135]
[330.493894782865, 114.09105968370001, 85.26674991804964, 67.7814958299828, 39.00771519669405, 39.00771519669404]
[330.49942051339923, 109.83440427969377, 82.86846121352636, 65.7754294349049, 37.1432018155215, 37.1432018155215]
[331.05113688984056, 106.45264233466241, 80.95775267613412, 64.17426831094885, 35.67269772181646, 35.67269772181647]
[332.51836442100245, 103.44180652730981, 79.27572168275071, 62.751751036742796, 34.36178281369235, 34.36178281369235]
[334.4696833586633, 99.30584957190574, 76.91155102203193, 60.76834476634803, 32.59675757861558, 32.59675757861558]
[336.28235224358565, 94.50382815046196, 74.074539593257, 58.417528028142705, 30.6032229786183, 30.603222978618305]
[39.13121352280954, 28.13147985815179, 26.235459518609158, 24.148443020690838, 21.584017191373817, 21.584017191373817]
[39.21785661094488, 27.83732029518387, 25.955518801393712, 23.91338837151763, 21.331584138197183, 21.331584138197183]
[39.12096196861459, 27.42173077691414, 25.568688615148854, 23.583281935602553, 20.999690165763983, 20.999690165763987]
[39.08657031692556, 26.989445193293935, 25.164802480687293, 23.23913153369673, 20.649591735526478, 20.649591735526474]
[39.05218564632957, 26.389446676492724, 24.605027676287676, 22.76080925992846, 20.165465920947437, 20.165465920947437]
[39.02170153642292, 25.66103569472551, 23.927104056732905, 22.179448842509817, 19.58176993394375, 19.581769933943747]
[39.15885311037597, 25.119509205045137, 23.420673936094847, 21.746394558193916, 19.13947926018385, 19.139479260183844]
[39.57929382196756, 24.7174282964532, 23.038696707933735, 21.42392598394343, 18.791791963636012, 18.791791963636005]
[40.15485946400159, 24.118920638782402, 22.47428855752826, 20.944140241837612, 18.28639429958357, 18.28639429958357]
[40.693052289314934, 23.320882903064355, 21.73040275458862, 20.304502125436883, 17.638998836942026, 17.638998836942022]
[153.1376527298812, 31.167096024167943, 24.225458501811808, 22.54780110495518, 22.54780110495518]
[148.6801567654816, 31.032350969662687, 23.93284099545413, 22.26432253400179, 22.26432253400179]
[144.07824525438818, 30.766943078117773, 23.547790304432635, 21.89915924335343, 21.899159243353434]
[139.1330289911776, 30.514224970112537, 23.14452551030339, 21.515035133843348, 21.515035133843348]
[132.6150525336544, 30.168293791587615, 22.590707606124244, 20.988049022862292, 20.988049022862292]
[125.24900721739485, 29.752287778469555, 21.92832114960686, 20.358983599728376, 20.358983599728376]
[119.54927322971444, 29.496992748237446, 21.432547011730904, 19.88514040872638, 19.885140408726382]
[114.51206879306885, 29.41311414951469, 21.050439434183684, 19.513252247636277, 19.513252247636274]
[107.91115880536077, 29.265036550398438, 20.498190380589485, 18.979328667881372, 18.97932866788137]
[100.70536050315658, 28.98199802007245, 19.79261455574185, 18.30538329425616, 18.305383294256163]
[146.10147776807736, 100.84821483379105, 52.774821234550416, 27.786477053815428, 27.78647705381543]
[141.15254398895098, 97.88708042314181, 51.01960887806188, 27.315843699148115, 27.31584369914811]
[136.05353491996834, 94.81304597706551, 49.20911698483703, 26.765354128793344, 26.76535412879334]
[130.58784615298495, 91.49094533629672, 47.26609764830483, 26.173020043993173, 26.173020043993173]
[123.41099305234755, 87.08388935134889, 44.71103065212617, 25.36364734305438, 25.36364734305438]
[115.33930674263253, 82.06602563963355, 41.832441547575584, 24.405482682219464, 24.40548268221946]
[109.12301444761903, 78.15695290156116, 39.61205472597201, 23.660312816224003, 23.660312816224003]
[103.65475780083766, 74.6843418840021, 37.65630746938712, 23.025627370578643, 23.025627370578643]
[96.53513966920758, 70.11132699203569, 35.106205716258, 22.141567916510027, 22.14156791651003]
[88.8272870958985, 65.09295970296726, 32.34069861925566, 21.087361429871645, 21.087361429871645]
[153.1376527298812, 31.167096024167943, 24.225458501811808, 22.606397851577775, 22.606397851577775]
[148.6801567654816, 31.032350969662687, 23.93284099545413, 22.32560445274747, 22.325604452747466]
[144.07824525438818, 30.766943078117773, 23.547790304432635, 21.96297593952204, 21.96297593952204]
[139.1330289911776, 30.514224970112537, 23.14452551030339, 21.581801501149396, 21.581801501149396]
[132.6150525336544, 30.168293791587615, 22.590707606124244, 21.058876257813886, 21.058876257813886]
[125.24900721739485, 29.752287778469555, 21.92832114960686, 20.434632602415757, 20.434632602415753]
[119.54927322971444, 29.496992748237446, 21.432547011730904, 19.965016724286134, 19.965016724286134]
[114.51206879306885, 29.41311414951469, 21.050439434183684, 19.59761454215421, 19.59761454215421]
[107.91115880536077, 29.265036550398438, 20.498190380589485, 19.069770331167675, 19.06977033116767]
[100.70536050315658, 28.98199802007245, 19.79261455574185, 18.40240774748192, 18.402407747481924]
[162.78339747937318, 108.52499870306367, 54.80351500032989, 28.33880410779118, 28.338804107791177]
[163.03023405271543, 107.93133031641035, 53.620439676544116, 28.044128370252817, 28.044128370252817]
[162.82745740218468, 107.08364533344586, 52.320793364239435, 27.660103336406657, 27.660103336406653]
[162.7776606084619, 106.20545720822555, 50.910063499619206, 27.253189999976676, 27.25318999997668]
[162.72778377996485, 104.98239622338092, 49.00021996123836, 26.68891991163808, 26.688919911638084]
[162.6873941734053, 103.49827255482525, 46.769231479047384, 26.007067673735012, 26.007067673735012]
[163.05864084918295, 102.42165492773874, 45.01739848538206, 25.488317050035164, 25.488317050035167]
[164.12206547524826, 101.67455006689885, 43.47525260260188, 25.078064712689073, 25.078064712689073]
[165.55656223998793, 100.5597142669426, 41.37993499977127, 24.482663299414256, 24.482663299414256]
[166.89145308291108, 99.04166086127229, 38.97889599826473, 23.721479543091153, 23.72147954309116]
[153.1376527298812, 31.167096024167943, 24.225458501811808, 22.606397851577775, 20.03647470775527, 20.036474707755275]
[148.6801567654816, 31.032350969662687, 23.93284099545413, 22.32560445274747, 19.818764268194336, 19.818764268194336]
[144.07824525438818, 30.766943078117773, 23.547790304432635, 21.96297593952204, 19.53011510781056, 19.53011510781056]
[139.1330289911776, 30.514224970112537, 23.14452551030339, 21.581801501149396, 19.227636752378917, 19.22763675237892]
[132.6150525336544, 30.168293791587615, 22.590707606124244, 21.058876257813886, 18.810999381342654, 18.810999381342654]
[125.24900721739485, 29.752287778469555, 21.92832114960686, 20.434632602415757, 18.31098211068856, 18.310982110688563]
[119.54927322971444, 29.496992748237446, 21.432547011730904, 19.965016724286134, 17.93687915258099, 17.936879152580993]
[114.51206879306885, 29.41311414951469, 21.050439434183684, 19.59761454215421, 17.650294590925736, 17.650294590925736]
[107.91115880536077, 29.265036550398438, 20.498190380589485, 19.069770331167675, 17.2342962368584, 17.234296236858395]
[100.70536050315658, 28.98199802007245, 19.79261455574185, 18.40240774748192, 16.69882593952218, 16.69882593952218]
[315.36532381000427, 107.3645864660818, 80.74027638216813, 46.6898522237669, 26.002236937956482, 26.002236937956486]
[315.72349126618235, 107.51347265205673, 80.43448374224205, 45.83595701079489, 25.75632389135724, 25.756323891357237]
[315.5424184193069, 107.40427682682832, 79.95113351456234, 44.87926289001378, 25.430861903422237, 25.430861903422237]
[315.5447354532506, 107.38287638517542, 79.46071846233119, 43.837337309841146, 25.08650147640609, 25.086501476406088]
[315.54689448939587, 107.36141808392796, 78.7742263131766, 42.413906815045934, 24.607611108665978, 24.607611108665978]
[315.560388449457, 107.34539717685844, 77.9364765219199, 40.732294950654385, 24.026880376585833, 24.02688037658583]
[316.06819935929593, 107.56577915644526, 77.35487040765143, 39.40497281781998, 23.586276700292117, 23.586276700292117]
[317.40502691432084, 108.18325765239402, 77.00688715690907, 38.23778851128959, 23.24174252397821, 23.241742523978214]
[319.18126048627863, 109.01264694658153, 76.4680569051572, 36.630952121571525, 22.73851521582135, 22.73851521582135]
[320.83302793122357, 109.78389079167054, 75.67933284564843, 34.75626144029054, 22.088331368089555, 22.088331368089555]
[153.1376527298812, 31.167096024167943, 24.225458501811808, 22.606397851577775, 20.03647470775527, 18.888587972238955, 18.88858797223896]
[148.6801567654816, 31.032350969662687, 23.93284099545413, 22.32560445274747, 19.818764268194336, 18.69612586877462, 18.69612586877462]
[144.07824525438818, 30.766943078117773, 23.547790304432635, 21.96297593952204, 19.53011510781056, 18.43855921485594, 18.43855921485594]
[139.1330289911776, 30.514224970112537, 23.14452551030339, 21.581801501149396, 19.227636752378917, 18.168771554013734, 18.168771554013734]
[132.6150525336544, 30.168293791587615, 22.590707606124244, 21.058876257813886, 18.810999381342654, 17.79636940799789, 17.796369407997894]
[125.24900721739485, 29.752287778469555, 21.92832114960686, 20.434632602415757, 18.31098211068856, 17.348276452050953, 17.348276452050953]
[119.54927322971444, 29.496992748237446, 21.432547011730904, 19.965016724286134, 17.93687915258099, 17.01343043300551, 17.01343043300551]
[114.51206879306885, 29.41311414951469, 21.050439434183684, 19.59761454215421, 17.650294590925736, 16.758652784734036, 16.758652784734036]
[107.91115880536077, 29.265036550398438, 20.498190380589485, 19.069770331167675, 17.2342962368584, 16.387279914493334, 16.38727991449334]
[100.70536050315658, 28.98199802007245, 19.79261455574185, 18.40240774748192, 16.69882593952218, 15.905972913390615, 15.905972913390618]
[405.56914951350456, 177.41203187356777, 84.89159817810575, 67.335247539056, 41.86973329490961, 24.435598587588323, 24.435598587588323]
[405.9620973385839, 177.60057333142308, 85.00189296012373, 67.13318583205432, 41.18579348439531, 24.21970152910044, 24.21970152910044]
[405.84865036416807, 177.5215604861215, 84.92865616725243, 66.79307206848259, 40.41060660832565, 23.9313037755525, 23.931303775552504]
[405.90739960107925, 177.53353328125823, 84.91784617985527, 66.45202422825474, 39.564442324924336, 23.626312558134334, 23.62631255813433]
[405.965983548022, 177.5454227927413, 84.90698944865642, 65.97277458579099, 38.40181924113281, 23.20126734942096, 23.201267349420963]
[406.03520011559056, 177.5629329070551, 84.89999552095745, 65.38596098986058, 37.01868603049967, 22.68453709234269, 22.68453709234269]
[406.56879457680657, 177.82575693960206, 85.06117268358712, 64.9897473834752, 35.92326177317621, 22.292993296589234, 22.292993296589234]
[407.88059908009825, 178.49982345080033, 85.50463661426862, 64.77712145775439, 34.96034372424383, 21.988783652712385, 21.98878365271239]
[409.60351926112537, 179.39146772492055, 86.09828877704642, 64.43821666415964, 33.623953201884014, 21.542610119418033, 21.542610119418033]
[411.2082125832689, 180.22096627897642, 86.65013889924475, 63.916121487117856, 32.04753079675972, 20.96232572770039, 20.96232572770039]
[200.88998878984984, 125.89732794278186, 93.32255463538638, 50.63788246400612, 27.182510589435218, 27.182510589435218]
[195.16377435649892, 123.67273022169137, 91.679825402176, 49.280554561252984, 26.809318760117158, 26.809318760117158]
[189.21581702828666, 121.23718798296849, 89.89768943725335, 47.85118911034707, 26.358506130607285, 26.358506130607285]
[182.7834079446318, 118.56624763134396, 87.94120055499353, 46.300574366249414, 25.87424239586716, 25.874242395867153]
[174.24169889554608, 114.91443893044824, 85.26955841295515, 44.22786579408989, 25.207431535756225, 25.20743153575623]
[164.50367457434248, 110.59997508897946, 82.11851498900418, 41.84607590429047, 24.410122747231853, 24.410122747231856]
[156.9078522241479, 107.16459250827783, 79.60586591299925, 39.98087028683198, 23.791402995717043, 23.79140299571704]
[150.1519833235473, 104.09239373087516, 77.34874639128549, 38.32189009146443, 23.27278680060585, 23.272786800605854]
[141.24108619770576, 99.87873990376514, 74.26039235887218, 36.1166113034426, 22.539265527138763, 22.53926552713876]
[131.44248060747086, 95.00083078737401, 70.69906589618222, 33.667080180835114, 21.643342755157548, 21.643342755157548]
[153.1376527298812, 31.167096024167943, 23.76570543487125, 22.39821037205401, 20.859142268541238, 20.859142268541238]
[148.6801567654816, 31.032350969662687, 23.447293886808804, 22.097836569242876, 20.600111902545677, 20.600111902545677]
[144.07824525438818, 30.766943078117773, 23.037174453482997, 21.71505088702639, 20.266055943081454, 20.266055943081458]
[139.1330289911776, 30.514224970112537, 22.60454699114039, 21.310416416102807, 19.913085846491057, 19.913085846491057]
[132.6150525336544, 30.168293791587615, 22.009678260233805, 20.754327591353533, 19.42660777654991, 19.42660777654991]
[125.24900721739485, 29.752287778469555, 21.297583605186926, 20.08931599462223, 18.84272569008377, 18.84272569008377]
[119.54927322971444, 29.496992748237446, 20.757892813428267, 19.58400777090312, 18.3994719235292, 18.3994719235292]
[114.51206879306885, 29.41311414951469, 20.329340533140854, 19.17989202555165, 18.047450177802734, 18.04745017780274]
[107.91115880536077, 29.265036550398438, 19.71293734242002, 18.600438758848107, 17.53987974630103, 17.53987974630103]
[100.70536050315658, 28.98199802007245, 18.93581440954497, 17.87360156257573, 16.897566590346173, 16.897566590346173]
[111.39066236752741, 76.65003398921425, 37.48850659070152, 29.117043109340727, 27.15317237517165, 27.15317237517165]
[106.79563846953232, 73.93262560585278, 36.859971749222424, 28.747512224634505, 26.80815093246072, 26.80815093246072]
[102.09776076944118, 71.13058982339987, 36.118583782455076, 28.284408548854078, 26.380459916971613, 26.380459916971613]
[97.10526165302005, 68.12508428507917, 35.31784157891395, 27.788042220126673, 25.921326884120766, 25.921326884120766]
[90.62275784476533, 64.17685107166473, 34.21743784294577, 27.09947390212128, 25.285102838288903, 25.2851028382889]
[83.43277903718683, 59.73501398827607, 32.90556474931257, 26.26775615205535, 24.5178735270149, 24.517873527014903]
[77.96960220200647, 56.31404003521462, 31.878835760552416, 25.622865855228145, 23.921946182433995, 23.92194618243399]
[73.22094954149466, 53.305780201187815, 30.999377521274052, 25.089451775710653, 23.426238440914982, 23.426238440914975]
[67.12674128480616, 49.3930757921244, 29.76618318619415, 24.322776667737916, 22.71609827450745, 22.71609827450745]
[60.645737509282064, 45.16427073569377, 28.28516452916026, 23.36465564573529, 21.833061087612943, 21.833061087612943]
[362.23957399580786, 184.6399947001509, 84.2682359135221, 39.34161327496911, 33.2017295161367, 33.2017295161367]
[362.61178112176344, 183.26411972960847, 84.05003909457945, 39.33176276858615, 33.03900766709108, 33.03900766709108]
[362.47297117340014, 181.64740920168384, 83.65110587492302, 39.20759569146591, 32.78156546767287, 32.78156546767286]
[362.50794224561713, 179.88126380614634, 83.2604037347238, 39.110257306363515, 32.51958917952302, 32.51958917952302]
[362.54275599351973, 177.41654897246042, 82.71442221867284, 38.97813089076522, 32.15267808103522, 32.15267808103522]
[362.5883060680517, 174.43684864751305, 82.04966949457565, 38.82027371916028, 31.7027590136795, 31.702759013679504]
[363.10237748023707, 172.0862293903155, 81.62468027158539, 38.781681442267924, 31.38467754884686, 31.38467754884686]
[364.4019364312982, 170.0631483092025, 81.44597580714922, 38.9087263489344, 31.184880181135654, 31.184880181135657]
[366.11722052114095, 167.1832237954255, 81.14759908563539, 39.06522950641814, 30.87434430299323, 30.874344302993233]
[367.7139547445903, 163.6558039613126, 80.64016889058368, 39.15347573488651, 30.421914349727, 30.421914349726997]
[226.13838196858651, 136.10831653760033, 60.45635374310005, 50.988688989739614, 50.98868898973961]
[220.23210780184536, 134.0065514118064, 58.74931409870466, 49.620910997053116, 49.62091099705311]
[214.07840097447192, 131.67258168967035, 56.950823373805825, 48.17876441762034, 48.17876441762035]
[207.40096826385403, 129.11552616770945, 55.005007724223674, 46.61455767586286, 46.61455767586286]
[198.49471995737272, 125.60673187972247, 52.41100662199853, 44.52332765548763, 44.52332765548763]
[188.2870415223397, 121.44193952194905, 49.439716399558215, 42.119641458633055, 42.119641458633055]
[180.28526287006247, 118.12875388482975, 47.121825461086914, 40.23758526010133, 40.23758526010133]
[173.1369635852917, 115.18343184324733, 45.068775975368226, 38.56449437602013, 38.56449437602012]
[163.65749119907343, 111.11292364085432, 42.34743834216887, 36.33947043511818, 36.33947043511819]
[153.16542270020318, 106.3460898105138, 39.33449294233988, 33.866365165018024, 33.866365165018024]
[146.10147776807736, 100.84821483379105, 52.32955223872994, 45.395652380389016, 45.395652380389016]
[141.15254398895098, 97.88708042314181, 50.56888389582184, 44.07121840467289, 44.07121840467289]
[136.05353491996834, 94.81304597706551, 48.75317441854451, 42.68260189369746, 42.68260189369746]
[130.58784615298495, 91.49094533629672, 46.80507544878906, 41.1819677263339, 41.18196772633391]
[123.41099305234755, 87.08388935134889, 44.24429258552052, 39.18639878317345, 39.186398783173466]
[115.33930674263253, 82.06602563963355, 41.36063912223684, 36.90752196033161, 36.907521960331614]
[109.12301444761903, 78.15695290156116, 39.13738654923189, 35.13277842926302, 35.13277842926302]
[103.65475780083766, 74.6843418840021, 37.17998175514385, 33.56134431951283, 33.561344319512834]
[96.53513966920758, 70.11132699203569, 34.629208367248914, 31.485168873503365, 31.485168873503365]
[88.8272870958985, 65.09295970296726, 31.865031779505273, 29.19626395544281, 29.196263955442806]
[226.13838196858651, 136.10831653760033, 60.45635374310005, 51.28932344869445, 51.28932344869445]
[220.23210780184536, 134.0065514118064, 58.74931409870466, 49.92634271201959, 49.92634271201959]
[214.07840097447192, 131.67258168967035, 56.950823373805825, 48.488729053872774, 48.488729053872774]
[207.40096826385403, 129.11552616770945, 55.005007724223674, 46.929109257028465, 46.92910925702847]
[198.49471995737272, 125.60673187972247, 52.41100662199853, 44.84327459440477, 44.84327459440476]
[188.2870415223397, 121.44193952194905, 49.439716399558215, 42.44472023889219, 42.44472023889219]
[180.28526287006247, 118.12875388482975, 47.121825461086914, 40.565993244819396, 40.56599324481939]
[173.1369635852917, 115.18343184324733, 45.068775975368226, 38.89539788561024, 38.89539788561022]
[163.65749119907343, 111.11292364085432, 42.34743834216887, 36.67248340350656, 36.67248340350655]
[153.16542270020318, 106.3460898105138, 39.33449294233988, 34.19996201283027, 34.199962012830284]
[162.78339747937318, 108.52499870306367, 54.32351093944764, 46.88866485941358, 46.888664859413566]
[163.03023405271543, 107.93133031641035, 53.122814228284014, 45.998491461218805, 45.99849146121881]
[162.82745740218468, 107.08364533344586, 51.80566760926292, 45.00415164713105, 45.00415164713106]
[162.7776606084619, 106.20545720822555, 50.37561831382975, 43.921020689366934, 43.92102068936694]
[162.72778377996485, 104.98239622338092, 48.44019778684345, 42.44250746027746, 42.44250746027747]
[162.6873941734053, 103.49827255482525, 46.18028402547457, 40.69766480891732, 40.697664808917324]
[163.05864084918295, 102.42165492773874, 44.40534890458072, 39.32016852683027, 39.32016852683027]
[164.12206547524826, 101.67455006689885, 42.84158030694322, 38.10714248551979, 38.10714248551979]
[165.55656223998793, 100.5597142669426, 40.71882376623857, 36.440100555081834, 36.440100555081834]
[166.89145308291108, 99.04166086127229, 38.28999943591213, 34.500515268178845, 34.50051526817885]
[226.13838196858651, 136.10831653760033, 60.45635374310005, 51.28932344869445, 39.728338630999154, 39.728338630999154]
[220.23210780184536, 134.0065514118064, 58.74931409870466, 49.92634271201959, 38.91789773849819, 38.91789773849818]
[214.07840097447192, 131.67258168967035, 56.950823373805825, 48.488729053872774, 38.02982072057744, 38.02982072057744]
[207.40096826385403, 129.11552616770945, 55.005007724223674, 46.929109257028465, 37.06191969867682, 37.06191969867682]
[198.49471995737272, 125.60673187972247, 52.41100662199853, 44.84327459440477, 35.74701978924031, 35.74701978924031]
[188.2870415223397, 121.44193952194905, 49.439716399558215, 42.44472023889219, 34.20491783304175, 34.20491783304174]
[180.28526287006247, 118.12875388482975, 47.121825461086914, 40.565993244819396, 32.98736520090623, 32.98736520090623]
[173.1369635852917, 115.18343184324733, 45.068775975368226, 38.89539788561024, 31.90846892037266, 31.908468920372663]
[163.65749119907343, 111.11292364085432, 42.34743834216887, 36.67248340350656, 30.43841459022937, 30.438414590229367]
[153.16542270020318, 106.3460898105138, 39.33449294233988, 34.19996201283027, 28.749236147806755, 28.74923614780675]
[315.36532381000427, 107.3645864660818, 80.74027638216813, 46.3410039292935, 40.81958938916303, 40.81958938916303]
[315.72349126618235, 107.51347265205673, 80.43448374224205, 45.47184083199016, 40.1490788589141, 40.149078858914116]
[315.5424184193069, 107.40427682682832, 79.95113351456234, 44.499716705404026, 39.386642717677866, 39.38664271767787]
[315.5447354532506, 107.38287638517542, 79.46071846233119, 43.44049490531887, 38.55456800021309, 38.55456800021308]
[315.54689448939587, 107.36141808392796, 78.7742263131766, 41.99367067176476, 37.410608889263976, 37.410608889263976]
[315.560388449457, 107.34539717685844, 77.9364765219199, 40.28484925160653, 36.04850717619355, 36.04850717619355]
[316.06819935929593, 107.56577915644526, 77.35487040765143, 38.93522513481675, 34.9697853297236, 34.96978532972359]
[317.40502691432084, 108.18325765239402, 77.00688715690907, 37.74673448451262, 34.02246024906527, 34.02246024906527]
[319.18126048627863, 109.01264694658153, 76.4680569051572, 36.111926999418046, 32.70612668949076, 32.70612668949075]
[320.83302793122357, 109.78389079167054, 75.67933284564843, 34.20748765450646, 31.150745673097198, 31.1507456730972]
[245.7669340635996, 56.50538200159137, 39.42170925641249, 35.69059848961752, 30.35830474888944, 30.35830474888945]
[240.26043161048412, 56.28721890295317, 39.336100057893255, 35.5656810637382, 30.138948996115786, 30.138948996115786]
[234.51524473796792, 55.890762238731, 39.122661046342515, 35.33211524098134, 29.831853527454577, 29.831853527454577]
[228.26995885208083, 55.50560637193061, 38.92777459971469, 35.10650545341719, 29.51362313551814, 29.513623135518138]
[219.9161889625098, 54.9749306730604, 38.66029735368223, 34.795464121596225, 29.073292882851263, 29.073292882851256]
[210.30920200533458, 54.33512866035755, 38.337986602830625, 34.42024393454975, 28.542088756921768, 28.542088756921764]
[202.7554456919496, 53.927940747663044, 38.16483672809348, 34.185117418729824, 28.154469313368015, 28.154469313368015]
[195.98626827865138, 53.75933981985652, 38.167801889726796, 34.096325999935395, 27.878966349610142, 27.878966349610142]
[186.96620408672894, 53.481718757127396, 38.14386684596841, 33.94648156474964, 27.47200542927613, 27.47200542927613]
[176.92254042135184, 53.00816676159482, 38.00766216862375, 33.67982074888544, 26.92698545231365, 26.92698545231365]
[325.59138284826895, 81.5321299106044, 81.53212991060438]
[319.35425134238125, 78.79927254092176, 78.79927254092178]
[312.7908944067382, 75.97954464609386, 75.97954464609384]
[305.5895650484184, 72.95263536693899, 72.95263536693898]
[295.84270874602544, 68.97132244988157, 68.97132244988155]
[284.4756442364564, 64.4849055475608, 64.4849055475608]
[275.42159068834536, 61.02380852750542, 61.02380852750542]
[267.2169796895003, 57.97510270374967, 57.97510270374967]
[256.1404196850811, 54.00024468495978, 54.00024468495978]
[243.6146894111345, 49.69052380712551, 49.6905238071255]
[186.18422242605786, 122.1448213303835, 87.14532633678752, 70.82815086615133, 70.82815086615133]
[186.43300803741997, 122.29900381616031, 87.25451950957988, 70.71117121235648, 70.71117121235646]
[186.26025101390317, 122.20159618751896, 87.18644948590635, 70.46278579156969, 70.46278579156967]
[186.23090801130988, 122.1897679171129, 87.1786723963881, 70.22809015558346, 70.22809015558346]
[186.2014791497753, 122.17787772693511, 87.17084889796806, 69.90100862917434, 69.90100862917433]
[186.18093759492098, 122.1712842814564, 87.1667553839565, 69.50601267275623, 69.50601267275621]
[186.54644157665172, 122.39520262592647, 87.32510188669883, 69.27987286011701, 69.279872860117]
[187.56071019210788, 123.00612747663769, 87.75607079222854, 69.2411821231427, 69.2411821231427]
[188.92190728738575, 123.82313505224441, 88.33198573786953, 69.15724691886058, 69.15724691886057]
[190.18885766810234, 124.5830220898671, 88.8674285696208, 68.95144592719892, 68.95144592719892]
[325.59138284826895, 76.54826718717793, 63.24984914531796, 53.07434843081351, 53.0743484308135]
[319.35425134238125, 73.76955320878552, 61.164500672299475, 51.60729571187338, 51.60729571187338]
[312.7908944067382, 70.90836408544281, 59.005183304271824, 50.05723366126712, 50.05723366126711]
[305.5895650484184, 67.84421966984553, 56.67864833494307, 48.37282177978652, 48.37282177978652]
[295.84270874602544, 63.82700721375517, 53.60532517315336, 46.1163785540266, 46.11637855402661]
[284.4756442364564, 59.31879870702572, 50.12476501931369, 43.51707303795675, 43.51707303795674]
[275.42159068834536, 55.855053405328626, 47.42757027979199, 41.47793449552608, 41.47793449552608]
[267.2169796895003, 52.815532065860886, 45.04338352022066, 39.6627493733479, 39.66274937334791]
[256.1404196850811, 48.87168085358614, 41.92388432023926, 37.24693327054879, 37.24693327054879]
[243.6146894111345, 44.6216489811952, 38.52853696778115, 34.56074448970732, 34.56074448970732]
[366.0527324466443, 169.6964623941283, 113.48477048960207, 113.48477048960208]
[366.44327895065993, 169.8900674461535, 113.61443143383309, 113.61443143383309]
[366.2775442933343, 169.7910774442582, 113.54790084449652, 113.54790084449654]
[366.3009718266716, 169.79158520125293, 113.54808528271015, 113.54808528271016]
[366.3242195811145, 169.7919994571858, 113.54820670180179, 113.54820670180179]
[366.3591486756852, 169.79855866055595, 113.55244821810548, 113.55244821810547]
[366.90418483284486, 170.07341543627408, 113.73659252953763, 113.73659252953762]
[368.30412710444887, 170.79795852496255, 114.22225559750402, 114.22225559750403]
[370.15584015736005, 171.7602190073797, 114.86728391595938, 114.86728391595935]
[371.87780839792697, 172.65431507755142, 115.4665801208282, 115.4665801208282]
[379.3650516914168, 175.2136574158641, 175.2136574158641]
[374.0760850655844, 172.27799979429187, 172.27799979429187]
[368.50624576594237, 169.1852122982865, 169.1852122982865]
[362.38684164723526, 165.7867540200254, 165.78675402002543]
[354.07814583737286, 161.17568733085344, 161.17568733085338]
[344.36329419376995, 155.78388423340996, 155.78388423341]
[336.6185718846482, 151.48029560638986, 151.48029560638986]
[329.5885028029387, 147.57177824747882, 147.5717782474788]
[320.04889964964707, 142.2752185326497, 142.2752185326497]
[309.20231002129043, 136.25888209858317, 136.25888209858317]
[162.78339747937318, 108.52499870306367, 54.32351093944764, 46.88866485941358, 46.888664859413566]
[163.03023405271543, 107.93133031641035, 53.122814228284014, 45.998491461218805, 45.99849146121881]
[162.82745740218468, 107.08364533344586, 51.80566760926292, 45.00415164713105, 45.00415164713106]
[162.7776606084619, 106.20545720822555, 50.37561831382975, 43.921020689366934, 43.92102068936694]
[162.72778377996485, 104.98239622338092, 48.44019778684345, 42.44250746027746, 42.44250746027747]
[162.6873941734053, 103.49827255482525, 46.18028402547457, 40.69766480891732, 40.697664808917324]
[163.05864084918295, 102.42165492773874, 44.40534890458072, 39.32016852683027, 39.32016852683027]
[164.12206547524826, 101.67455006689885, 42.84158030694322, 38.10714248551979, 38.10714248551979]
[165.55656223998793, 100.5597142669426, 40.71882376623857, 36.440100555081834, 36.440100555081834]
[166.89145308291108, 99.04166086127229, 38.28999943591213, 34.500515268178845, 34.50051526817885]
[176.2513821561648, 114.85335201114452, 88.225221018561, 88.225221018561]
[176.50342536507782, 115.00337959846532, 88.33566153240369, 88.3356615324037]
[176.3107164338608, 114.90287802414232, 88.26693479384443, 88.26693479384443]
[176.26932369534487, 114.8875984483306, 88.25914879187779, 88.25914879187779]
[176.22784474527595, 114.8722597776025, 88.25131600808075, 88.25131600808075]
[176.1957455004863, 114.86219731553803, 88.24725336285914, 88.24725336285913]
[176.57090289991044, 115.0816487867889, 88.40737430940361, 88.40737430940361]
[177.63062510202462, 115.68652189160998, 88.8430482772316, 88.8430482772316]
[179.05676944633802, 116.49684062599577, 89.42523606096928, 89.42523606096927]
[180.3838205022928, 117.25048446529128, 89.96652602937056, 89.96652602937056]
[355.1163332844841, 163.82537610453267, 114.4159031915249, 85.49624378836457, 85.49624378836455]
[355.5145223438979, 164.0186531941072, 114.02352115875233, 84.90296715005357, 84.90296715005357]
[355.3196482206465, 163.91184444250945, 113.44945002620211, 84.18331000186603, 84.18331000186603]
[355.3264372548291, 163.90708192556508, 112.8604533410736, 83.4092865158836, 83.4092865158836]
[355.333029779179, 163.90222439899588, 112.03937461539448, 82.33597116119549, 82.33597116119549]
[355.352072636066, 163.90366976257363, 111.04874533636672, 81.04740768687938, 81.04740768687938]
[355.91500026229363, 164.18027255328138, 110.35594522420173, 80.05643586400139, 80.0564358640014]
[357.3892719961346, 164.91809028331025, 109.9178619020467, 79.24323122420117, 79.24323122420115]
[359.3447419192031, 165.89978920588408, 109.26265905143528, 78.08547051174916, 78.08547051174914]
[361.16148953836114, 166.81164514850968, 108.35511510526463, 76.6534167012255, 76.6534167012255]
[366.0527324466443, 169.6964623941283, 114.70106171969671, 114.70106171969672]
[366.44327895065993, 169.8900674461535, 114.82997158734217, 114.82997158734219]
[366.2775442933343, 169.7910774442582, 114.7665069825263, 114.76650698252631]
[366.3009718266716, 169.79158520125293, 114.76845987953462, 114.7684598795346]
[366.3242195811145, 169.7919994571858, 114.77035132213618, 114.77035132213618]
[366.3591486756852, 169.79855866055595, 114.77628293889353, 114.77628293889354]
[366.90418483284486, 170.07341543627408, 114.95861378713882, 114.95861378713883]
[368.30412710444887, 170.79795852496255, 115.43660338929463, 115.43660338929462]
[370.15584015736005, 171.7602190073797, 116.07088907620147, 116.07088907620147]
[371.87780839792697, 172.65431507755142, 116.6603609587947, 116.66036095879468]
[174.255715160262, 118.43041199089446, 118.43041199089446]
[174.49526949710375, 117.9630192768048, 117.9630192768048]
[174.32174617053738, 117.26261477810974, 117.26261477810975]
[174.28876228450278, 116.54944070290514, 116.54944070290516]
[174.25569811711733, 115.55921551827251, 115.55921551827251]
[174.2313454935735, 114.36535686259423, 114.36535686259424]
[174.58524746596575, 113.5365367157868, 113.5365367157868]
[175.5749572830678, 113.02839111041084, 113.02839111041085]
[176.90497992714614, 112.2643300941224, 112.26433009412239]
[178.14296083223704, 111.18673978890159, 111.1867397889016]
[72.27388799610988, 58.850917580431094, 51.04940192045651, 39.48268113516078, 39.48268113516078]
[72.40605285871959, 58.951677338352646, 51.028405836379264, 39.4823978944931, 39.482397894493104]
[72.2762178542399, 58.85804814142923, 50.853872638458, 39.368986660598914, 39.368986660598914]
[72.2355691355128, 58.83057651778, 50.715456908331205, 39.284304534327184, 39.28430453432718]
[72.19490382330034, 58.8030827562818, 50.529208039907815, 39.170790545923886, 39.170790545923886]
[72.15978797002354, 58.779699501675246, 50.30910203966719, 39.0371654170615, 39.0371654170615]
[72.36423937515004, 58.93416048153886, 50.25222531920621, 39.020618487866415, 39.020618487866415]
[72.97259405701465, 59.388112685000294, 50.419319284687575, 39.17077024715347, 39.17077024715348]
[73.79994111975944, 60.00363778272534, 50.627476796654456, 39.36252854343354, 39.36252854343355]
[74.57172780631522, 60.57712004590018, 50.748099710867464, 39.496591846985375, 39.49659184698538]
[389.2586171638097, 170.55614793462692, 170.5561479346269]
[383.95763246973814, 169.64734518651815, 169.64734518651818]
[378.371128269284, 168.47805390710008, 168.47805390710005]
[372.2284985395088, 167.2423448205336, 167.2423448205336]
[363.87923930191863, 165.52911673653367, 165.52911673653364]
[354.10521577629356, 163.4736221872013, 163.47362218720133]
[346.3053852181224, 161.94490891984665, 161.94490891984665]
[339.2187930464956, 160.78456627495785, 160.78456627495788]
[329.5907698721399, 159.11338122402984, 159.11338122402984]
[318.628404743231, 156.9824699199975, 156.98246991999753]
[337.25315466292216, 174.28663781052927, 174.28663781052927]
[337.61481337472975, 172.90198575064656, 172.90198575064653]
[337.45888485338907, 171.26847542014843, 171.2684754201484]
[337.4789782726759, 169.48352792309672, 169.48352792309672]
[337.4989171525122, 166.99061355763547, 166.99061355763547]
[337.52973377304727, 163.97124413194732, 163.97124413194732]
[338.03504716286966, 161.58427125913929, 161.5842712591393]
[339.3360354537585, 159.5267995488406, 159.52679954884061]
[341.0585281906955, 156.59166271350665, 156.59166271350665]
[342.6613296037643, 152.9854786214103, 152.98547862141027]
[330.44780396560543, 169.66321469318473, 169.66321469318473]
[330.82086386824363, 169.85732968015932, 169.85732968015935]
[330.6350731167182, 169.75739115632106, 169.75739115632103]
[330.6393323994865, 169.75744515181515, 169.75744515181512]
[330.64342131828585, 169.75740431345855, 169.75740431345855]
[330.6592527304075, 169.76353844335702, 169.763538443357]
[331.18744436225995, 170.03931620718836, 170.0393162071884]
[332.5746791981981, 170.7670058593732, 170.76700585937323]
[334.4166970500637, 171.73351969094924, 171.73351969094924]
[336.1291862533408, 172.6314606790381, 172.63146067903813]
[186.18422242605786, 122.1448213303835, 122.14482133038346]
[186.43300803741997, 122.29900381616031, 122.29900381616031]
[186.26025101390317, 122.20159618751896, 122.20159618751894]
[186.23090801130988, 122.1897679171129, 122.1897679171129]
[186.2014791497753, 122.17787772693511, 122.1778777269351]
[186.18093759492098, 122.1712842814564, 122.17128428145641]
[186.54644157665172, 122.39520262592647, 122.39520262592649]
[187.56071019210788, 123.00612747663769, 123.0061274766377]
[188.92190728738575, 123.82313505224441, 123.82313505224444]
[190.18885766810234, 124.5830220898671, 124.58302208986711]
[153.1376527298812, 153.13765272988124]
[148.6801567654816, 148.6801567654816]
[144.07824525438818, 144.07824525438818]
[139.1330289911776, 139.1330289911776]
[132.6150525336544, 132.61505253365442]
[125.24900721739485, 125.24900721739488]
[119.54927322971444, 119.54927322971446]
[114.51206879306885, 114.51206879306885]
[107.91115880536077, 107.91115880536077]
[100.70536050315658, 100.7053605031566]
[405.56914951350456, 177.41203187356777, 81.23391065868336, 81.23391065868336]
[405.9620973385839, 177.60057333142308, 81.34494257407512, 81.34494257407512]
[405.84865036416807, 177.5215604861215, 81.2651735611533, 81.2651735611533]
[405.90739960107925, 177.53353328125823, 81.25030498236075, 81.25030498236073]
[405.965983548022, 177.5454227927413, 81.23538855046056, 81.23538855046056]
[406.03520011559056, 177.5629329070551, 81.22448844493073, 81.22448844493071]
[406.56879457680657, 177.82575693960206, 81.38841293390192, 81.38841293390192]
[407.88059908009825, 178.49982345080033, 81.84581853939952, 81.84581853939952]
[409.60351926112537, 179.39146772492055, 82.45942602352737, 82.45942602352736]
[411.2082125832689, 180.22096627897642, 83.02963076142575, 83.02963076142575]
[100.07687105358562, 79.4338061202868, 79.4338061202868]
[95.92869693314692, 76.5796957106297, 76.57969571062968]
[91.69529635486522, 73.63856652873818, 73.63856652873818]
[87.20458968565944, 70.48618520769844, 70.48618520769845]
[81.38567492200077, 66.34908765219299, 66.34908765219299]
[74.9466587941943, 61.70072299287014, 61.70072299287014]
[70.06389806212835, 58.12529291250757, 58.12529291250756]
[65.82607985403324, 54.984849943743946, 54.984849943743946]
[60.395083191525856, 50.90586198078603, 50.90586198078602]
[54.627483654527424, 46.50493909578185, 46.50493909578185]
[341.87815658234695, 82.51650455282386, 66.33426907296547, 48.1953761011656, 42.048751241541986, 42.048751241541986]
[342.2714205778042, 80.1229952421711, 64.56260345617724, 47.27136710883194, 41.34924396863667, 41.34924396863667]
[342.06630619968877, 77.5926240210847, 62.687421006442875, 46.24498043548506, 40.55945158701056, 40.55945158701056]
[342.0646671500362, 74.85822908704905, 60.653267596845275, 45.12575384796088, 39.69621691562572, 39.69621691562571]
[342.0628333300151, 71.21470099007065, 57.93081301536558, 43.59873980409837, 38.509983271059525, 38.50998327105953]
[342.0735638867266, 67.0438398970318, 54.79747347880563, 41.79811770131429, 37.098729584081404, 37.098729584081404]
[342.6330184534779, 63.79657036173294, 52.34389440104915, 40.3748856072492, 35.97910803362736, 35.97910803362736]
[344.1120490432337, 60.929033940082284, 50.16502153200821, 39.11771063187988, 34.991636339598365, 34.991636339598365]
[346.0769051967097, 57.13026490236255, 47.26326901961879, 37.393102138205755, 33.62248327567636, 33.62248327567636]
[347.90207153502746, 52.926600885104385, 44.03170106016001, 35.39241158410152, 32.01059243156302, 32.010592431563026]
[72.27388799610988, 58.850917580431094, 50.595428822647825, 34.53229415548167, 31.220989289532298, 31.220989289532298]
[72.40605285871959, 58.951677338352646, 50.54407159505553, 34.078670693220246, 30.792740971634725, 30.79274097163473]
[72.2762178542399, 58.85804814142923, 50.338546579646504, 33.52340519654626, 30.27832219841431, 30.27832219841431]
[72.2355691355128, 58.83057651778, 50.1627920320683, 32.92695385110977, 29.72420248749756, 29.72420248749756]
[72.19490382330034, 58.8030827562818, 49.92187425376424, 32.102827468084655, 28.960258431313964, 28.960258431313967]
[72.15978797002354, 58.779699501675246, 49.63122842368858, 31.113034294145802, 28.04568451419136, 28.04568451419136]
[72.36423937515004, 58.93416048153886, 49.50853945054095, 30.344607058826792, 27.333171693721777, 27.333171693721777]
[72.97259405701465, 59.388112685000294, 49.60318823049462, 29.703116558289555, 26.7316939068847, 26.731693906884697]
[73.79994111975944, 60.00363778272534, 49.70266822537396, 28.790259005250853, 25.881204118109437, 25.881204118109434]
[74.57172780631522, 60.57712004590018, 49.68668188280111, 27.66570384706344, 24.84430148317528, 24.84430148317528]
[162.78339747937318, 111.84843581318586, 84.84755269873031, 66.34916704765473, 66.34916704765475]
[163.03023405271543, 111.43873168357524, 84.24961231010226, 66.00052615771912, 66.00052615771914]
[162.82745740218468, 110.77971846915277, 83.48355948830792, 65.51907466172001, 65.51907466172001]
[162.7776606084619, 110.12359484330632, 82.67357830565982, 65.01817572754965, 65.01817572754965]
[162.72778377996485, 109.21845495563888, 81.55385018324853, 64.32267208711085, 64.32267208711085]
[162.6873941734053, 108.13327765669489, 80.21047074785474, 63.483700268536204, 63.4837002685362]
[163.05864084918295, 107.41459981908898, 79.2024709789024, 62.87359940320264, 62.87359940320265]
[164.12206547524826, 107.04332939790892, 78.4233516556434, 62.44247922020371, 62.4424792202037]
[165.55656223998793, 106.47270256791555, 77.30197479701401, 61.808102216744594, 61.808102216744594]
[166.89145308291108, 105.61261708353429, 75.87498274143059, 60.96261693687948, 60.96261693687948]
[360.6797039812443, 83.56793617709461, 83.56793617709461]
[354.4002565832053, 80.77008146911407, 80.77008146911407]
[347.77016157147665, 77.88237540431571, 77.88237540431571]
[340.46829620756944, 74.78149600938991, 74.78149600938991]
[330.5360918479851, 70.70139138324754, 70.70139138324753]
[318.8848191500362, 66.10174278387782, 66.10174278387782]
[309.554570085249, 62.55200625149379, 62.55200625149379]
[301.05900207044857, 59.424364049636445, 59.424364049636445]
[289.5203939375364, 55.3455064952905, 55.3455064952905]
[276.37785699514785, 50.92180292234269, 50.92180292234269]
[379.3650516914168, 175.2136574158641, 67.84326974891643, 31.46617756912931, 31.466177569129307]
[374.0760850655844, 172.27799979429187, 65.83700630033243, 31.058302855466675, 31.058302855466675]
[368.50624576594237, 169.1852122982865, 63.75498541406299, 30.55735756397487, 30.55735756397487]
[362.38684164723526, 165.7867540200254, 61.50585456268999, 30.021839175318345, 30.021839175318345]
[354.07814583737286, 161.17568733085344, 58.52376771106124, 29.28451858548784, 29.284518585487845]
[344.36329419376995, 155.78388423340996, 55.13064882362032, 28.40244346206362, 28.402443462063616]
[336.6185718846482, 151.48029560638986, 52.48905153284007, 27.722625324494516, 27.722625324494512]
[329.5885028029387, 147.57177824747882, 50.143782342901666, 27.161700788420383, 27.16170078842038]
[320.04889964964707, 142.2752185326497, 47.057511088163785, 26.36468885375771, 26.36468885375771]
[309.20231002129043, 136.25888209858317, 43.673618399171566, 25.381936959305687, 25.381936959305687]
[341.87815658234695, 77.41533520986094, 64.57310609728651, 64.57310609728651]
[342.2714205778042, 74.928441256241, 62.69387728779654, 62.693877287796546]
[342.06630619968877, 72.31131454407713, 60.70907436095526, 60.70907436095526]
[342.0646671500362, 69.48927461795995, 58.557500212871005, 58.557500212871005]
[342.0628333300151, 65.74356575557847, 55.68307507339158, 55.68307507339157]
[342.0735638867266, 61.47728462690216, 52.38292588778867, 52.382925887788666]
[342.6330184534779, 58.16909247019666, 49.803563008018266, 49.803563008018266]
[344.1120490432337, 55.25601504392429, 47.51603521566001, 47.51603521566001]
[344.1120490432337, 55.25601504392429, 47.51603521566001, 47.51603521566001]
[346.0769051967097, 51.42136296584831, 44.481540787248655, 44.481540787248655]
[325.59138284826895, 81.5321299106044, 65.85886965585001, 65.85886965585003]
[319.35425134238125, 78.79927254092176, 64.07786970250974, 64.07786970250974]
[312.7908944067382, 75.97954464609386, 62.194074984171436, 62.19407498417144]
[305.5895650484184, 72.95263536693899, 60.151127745664446, 60.15112774566445]
[295.84270874602544, 68.97132244988157, 57.41829196009458, 57.41829196009458]
[284.4756442364564, 64.4849055475608, 54.27503622021285, 54.275036220212854]
[275.42159068834536, 61.02380852750542, 51.81487265004575, 51.81487265004574]
[267.2169796895003, 57.97510270374967, 49.63081146665024, 49.63081146665024]
[256.1404196850811, 54.00024468495978, 46.72446605318091, 46.72446605318091]
[243.6146894111345, 49.69052380712551, 43.49120249895709, 43.491202498957094]
[155.0165747645406, 49.993916916201435, 49.99391691620142]
[155.25372961479633, 50.079780364739186, 50.07978036473919]
[155.0569334738445, 49.999771457391965, 49.99977145739197]
[155.00779303558494, 49.97621762645695, 49.97621762645696]
[154.95857889269482, 49.95264688163981, 49.95264688163981]
[154.91852396637674, 49.932585019140014, 49.932585019140014]
[155.2757303438804, 50.06425796112374, 50.06425796112374]
[156.30106816420215, 50.45152384336918, 50.45152384336918]
[157.6848767601923, 50.97684357821163, 50.97684357821162]
[158.97284081016426, 51.46645519232733, 51.46645519232733]
[380.5359736888823, 131.47997168131707, 91.81339748387202, 91.81339748387201]
[380.94369292408425, 129.0495518135049, 90.65472220155054, 90.65472220155056]
[380.7683528395372, 126.40245156477314, 89.32109643477182, 89.32109643477182]
[380.79126515651336, 123.50151602844811, 87.86096749359164, 87.86096749359166]
[380.8139776752048, 119.54417996481594, 85.83772599723346, 85.83772599723346]
[380.84892587077434, 114.88172762542726, 83.40645918833462, 83.40645918833462]
[381.4186509189738, 111.1733901619163, 81.47292373135507, 81.47292373135507]
[382.8842262887688, 107.85538750757348, 79.77593220587657, 79.77593220587654]
[384.8222890864037, 103.3197168769385, 77.39025663065426, 77.39025663065426]
[386.6234491231779, 98.09320221125792, 74.52505018840907, 74.52505018840905]
[376.59947898483944, 109.8145210150446, 109.81452101504462]
[370.53020068691995, 109.41033621183121, 109.4103362118312]
[364.12037989340735, 108.74779972283454, 108.74779972283454]
[357.0583644074821, 108.08531123434882, 108.08531123434882]
[347.444492686537, 107.16396612781644, 107.16396612781645]
[336.15874659871895, 106.04689086263663, 106.04689086263663]
[327.1184997108236, 105.29471878940181, 105.29471878940183]
[318.8830085146897, 104.88936419580985, 104.88936419580983]
[307.6832277859871, 104.25508792354032, 104.25508792354033]
[294.90868092152914, 103.29231155809859, 103.2923115580986]
[377.09529432288093, 131.06678186489617, 94.38566003491263, 94.38566003491262]
[371.0503020609918, 127.89434581418479, 92.75655586185283, 92.75655586185283]
[364.66682100974407, 124.57644833792732, 90.98747849211958, 90.98747849211958]
[357.63459769296145, 120.96131353230848, 89.04518605200863, 89.04518605200863]
[348.0623443530159, 116.11431330401052, 86.39178249529104, 86.39178249529104]
[336.82732433340504, 110.52445119334693, 83.26066429170488, 83.26066429170488]
[327.8294913813431, 106.11730854260469, 80.76366002872908, 80.76366002872908]
[319.63390800617685, 102.16072233634347, 78.52110874301943, 78.52110874301941]
[308.48967217294046, 96.88333794507517, 75.45040014656817, 75.45040014656817]
[295.78052076424206, 91.00194933448302, 71.90567157819518, 71.90567157819518]
[226.13838196858651, 136.10831653760033, 60.45635374310005, 50.988688989739614, 50.98868898973961]
[220.23210780184536, 134.0065514118064, 58.74931409870466, 49.620910997053116, 49.62091099705311]
[214.07840097447192, 131.67258168967035, 56.950823373805825, 48.17876441762034, 48.17876441762035]
[207.40096826385403, 129.11552616770945, 55.005007724223674, 46.61455767586286, 46.61455767586286]
[198.49471995737272, 125.60673187972247, 52.41100662199853, 44.52332765548763, 44.52332765548763]
[188.2870415223397, 121.44193952194905, 49.439716399558215, 42.119641458633055, 42.119641458633055]
[180.28526287006247, 118.12875388482975, 47.121825461086914, 40.23758526010133, 40.23758526010133]
[173.1369635852917, 115.18343184324733, 45.068775975368226, 38.56449437602013, 38.56449437602012]
[163.65749119907343, 111.11292364085432, 42.34743834216887, 36.33947043511818, 36.33947043511819]
[153.16542270020318, 106.3460898105138, 39.33449294233988, 33.866365165018024, 33.866365165018024]
[226.13838196858651, 136.10831653760033, 57.672094964462545, 57.67209496446254]
[220.23210780184536, 134.0065514118064, 55.90736550343574, 55.90736550343574]
[214.07840097447192, 131.67258168967035, 54.05323544718197, 54.053235447181976]
[207.40096826385403, 129.11552616770945, 52.05002100691742, 52.05002100691742]
[198.49471995737272, 125.60673187972247, 49.38629820650578, 49.38629820650578]
[188.2870415223397, 121.44193952194905, 46.34519391425518, 46.345193914255184]
[180.28526287006247, 118.12875388482975, 43.97919335562184, 43.97919335562184]
[173.1369635852917, 115.18343184324733, 41.887709444744225, 41.887709444744225]
[163.65749119907343, 111.11292364085432, 39.12746951293306, 39.12746951293306]
[153.16542270020318, 106.3460898105138, 36.08927348150655, 36.08927348150655]
[377.09529432288093, 132.04488857240378, 99.61297549457943, 75.7014974086048, 75.7014974086048]
[371.0503020609918, 128.9039052601139, 97.83777673608417, 74.69191920152585, 74.69191920152583]
[364.66682100974407, 125.61894844231043, 95.9273558257854, 73.56348411807446, 73.56348411807446]
[357.63459769296145, 122.03963906761237, 93.82909581946221, 72.32332722757523, 72.32332722757522]
[348.0623443530159, 117.24017970748238, 90.96896958621204, 70.61219181285396, 70.61219181285396]
[336.82732433340504, 111.70453328728392, 87.60380985007794, 68.56832199625143, 68.56832199625143]
[327.8294913813431, 107.3397870142482, 84.91978917487822, 66.93578338176842, 66.93578338176843]
[319.63390800617685, 103.42072656638221, 82.50185623405906, 65.48150400427961, 65.48150400427961]
[308.48967217294046, 98.19172680966267, 79.20451733185094, 63.45758141994801, 63.45758141994801]
[295.78052076424206, 92.36184553630956, 75.42138229920681, 61.065997155549574, 61.06599715554958]
[39.13121352280954, 28.77795895544762, 26.440931496580223, 26.440931496580223]
[39.21785661094488, 28.524369546521722, 26.18550888833448, 26.18550888833448]
[39.12096196861459, 28.148274168167596, 25.82432498414653, 25.824324984146532]
[39.08657031692556, 27.76281983131182, 25.45062959141794, 25.450629591417943]
[39.05218564632957, 27.229136106223894, 24.93421058711406, 24.93421058711406]
[39.02170153642292, 26.582290022343344, 24.31062922905905, 24.31062922905905]
[39.15885311037597, 26.11425703724499, 23.852653985531834, 23.852653985531834]
[39.57929382196756, 25.791647067288014, 23.521375914817007, 23.521375914817007]
[40.15485946400159, 25.304980580938167, 23.029789663130916, 23.029789663130916]
[40.693052289314934, 24.63421989966012, 22.371974843957236, 22.371974843957236]
[389.2586171638097, 170.55614793462692, 170.5561479346269]
[383.95763246973814, 169.64734518651815, 169.64734518651818]
[378.371128269284, 168.47805390710008, 168.47805390710005]
[372.2284985395088, 167.2423448205336, 167.2423448205336]
[363.87923930191863, 165.52911673653367, 165.52911673653364]
[354.10521577629356, 163.4736221872013, 163.47362218720133]
[346.3053852181224, 161.94490891984665, 161.94490891984665]
[339.2187930464956, 160.78456627495785, 160.78456627495788]
[329.5907698721399, 159.11338122402984, 159.11338122402984]
[318.628404743231, 156.9824699199975, 156.98246991999753]
[200.88998878984984, 120.97851252791678, 91.7270124130056, 71.56532157212376, 71.56532157212375]
[195.16377435649892, 118.93513144540232, 90.24295491499593, 70.3605180575152, 70.36051805751521]
[189.21581702828666, 116.66646316727471, 88.61240576965365, 69.0506379677832, 69.0506379677832]
[182.7834079446318, 114.1857499804306, 86.82709537414362, 67.61551501297568, 67.61551501297568]
[174.24169889554608, 110.78992526286002, 84.38585972648059, 65.65772183142975, 65.65772183142975]
[164.50367457434248, 106.77001177153683, 81.50068497161483, 63.35098268778642, 63.350982687786434]
[156.9078522241479, 103.57999932471954, 79.20732634459023, 61.516156694758514, 61.516156694758514]
[150.1519833235473, 100.7509428587414, 77.16316306500322, 59.87368321605274, 59.87368321605274]
[141.24108619770576, 96.85244073550707, 74.35216548457272, 57.62487843976797, 57.62487843976797]
[131.44248060747086, 92.30344925722173, 71.08351348704879, 55.02728662555418, 55.02728662555419]
[337.25315466292216, 174.28663781052927, 67.7038331117914, 31.436149306620933, 31.436149306620923]
[337.61481337472975, 172.90198575064656, 65.92793155758125, 31.07852294638986, 31.078522946389857]
[337.45888485338907, 171.26847542014843, 64.04856635449076, 30.624638350279724, 30.624638350279724]
[337.4789782726759, 169.48352792309672, 62.0076273872664, 30.140891795386935, 30.140891795386935]
[337.4989171525122, 166.99061355763547, 59.27321899722876, 29.47097840568971, 29.470978405689713]
[337.52973377304727, 163.97124413194732, 56.12235414831345, 28.663381134371946, 28.663381134371942]
[338.03504716286966, 161.58427125913929, 53.65153816061847, 28.043550969866573, 28.04355096986657]
[339.3360354537585, 159.5267995488406, 51.45401911697001, 27.541592129263922, 27.541592129263925]
[341.0585281906955, 156.59166271350665, 48.52484995695036, 26.819052257464673, 26.819052257464673]
[342.6613296037643, 152.9854786214103, 45.25969193403282, 25.909626471931322, 25.909626471931325]
[72.27388799610988, 58.850917580431094, 51.04940192045651, 51.04940192045651]
[72.40605285871959, 58.951677338352646, 51.028405836379264, 51.02840583637926]
[72.2762178542399, 58.85804814142923, 50.853872638458, 50.853872638458]
[72.2355691355128, 58.83057651778, 50.715456908331205, 50.7154569083312]
[72.19490382330034, 58.8030827562818, 50.529208039907815, 50.52920803990781]
[72.15978797002354, 58.779699501675246, 50.30910203966719, 50.30910203966719]
[72.36423937515004, 58.93416048153886, 50.25222531920621, 50.252225319206204]
[72.97259405701465, 59.388112685000294, 50.419319284687575, 50.419319284687575]
[73.79994111975944, 60.00363778272534, 50.627476796654456, 50.62747679665445]
[74.57172780631522, 60.57712004590018, 50.748099710867464, 50.74809971086746]
[57.42109957604674, 49.16367742284582, 42.796464664412426, 42.79646466441243]
[57.529745072757365, 49.25145151388795, 42.86923090125674, 42.86923090125674]
[57.420172357975964, 49.16688665862341, 42.80203631700182, 42.80203631700183]
[57.384889809970076, 49.140981741366296, 42.782474240002074, 42.782474240002074]
[57.34959881055666, 49.115062110231634, 42.762895348214066, 42.762895348214066]
[57.31893367980867, 49.0927901602128, 42.74627542550951, 42.7462754255095]
[57.487748670224384, 49.22813965955547, 42.85771288056545, 42.85771288056546]
[57.993071899060034, 49.62909925568817, 43.18476898264265, 43.18476898264265]
[58.681288900077504, 50.17375636409693, 43.62807721549523, 43.628077215495225]
[59.32367951561826, 50.68154729188022, 44.041040981602, 44.041040981601995]
[186.18422242605786, 122.1448213303835, 89.66893425198407, 71.81495020682354, 71.81495020682355]
[186.43300803741997, 122.29900381616031, 89.77759396099368, 71.63167334308363, 71.63167334308363]
[186.26025101390317, 122.20159618751896, 89.71407520113993, 71.31657819434047, 71.31657819434047]
[186.23090801130988, 122.1897679171129, 89.70911979583347, 71.00119713078121, 71.00119713078122]
[186.2014791497753, 122.17787772693511, 89.7041192385821, 70.55595477330675, 70.55595477330674]
[186.18093759492098, 122.1712842814564, 89.7027416188963, 70.0090888767207, 70.0090888767207]
[186.54644157665172, 122.39520262592647, 89.85914522422773, 69.64284977942626, 69.64284977942626]
[187.56071019210788, 123.00612747663769, 90.28034987578494, 69.45305194631058, 69.45305194631058]
[188.92190728738575, 123.82313505224441, 90.84233718813849, 69.14638944596001, 69.14638944596001]
[190.18885766810234, 124.5830220898671, 91.3650094619541, 68.6655489405265, 68.6655489405265]
[389.2586171638097, 170.55614793462692, 92.73673892539871, 92.73673892539871]
[383.95763246973814, 169.64734518651815, 91.27547092894585, 91.27547092894585]
[378.371128269284, 168.47805390710008, 89.66742454739753, 89.66742454739753]
[372.2284985395088, 167.2423448205336, 87.90755501804902, 87.90755501804901]
[363.87923930191863, 165.52911673653367, 85.50082355928328, 85.50082355928326]
[354.10521577629356, 163.4736221872013, 82.65611513479242, 82.65611513479243]
[346.3053852181224, 161.94490891984665, 80.39664077987779, 80.39664077987777]
[339.2187930464956, 160.78456627495785, 78.3856346499384, 78.38563464993837]
[329.5907698721399, 159.11338122402984, 75.61870481940569, 75.61870481940569]
[318.628404743231, 156.9824699199975, 72.39799631538615, 72.39799631538615]
[315.36532381000427, 107.3645864660818, 107.3645864660818]
[315.72349126618235, 107.51347265205673, 107.51347265205672]
[315.5424184193069, 107.40427682682832, 107.40427682682834]
[315.5447354532506, 107.38287638517542, 107.38287638517542]
[315.54689448939587, 107.36141808392796, 107.36141808392796]
[315.560388449457, 107.34539717685844, 107.34539717685844]
[316.06819935929593, 107.56577915644526, 107.56577915644526]
[317.40502691432084, 108.18325765239402, 108.18325765239403]
[319.18126048627863, 109.01264694658153, 109.01264694658153]
[320.83302793122357, 109.78389079167054, 109.78389079167054]
[303.56514644597297, 121.7400020272845, 121.74000202728449]
[303.93963211278214, 119.74051602891038, 119.7405160289104]
[303.7128712829951, 117.51689890260629, 117.51689890260631]
[303.6905799686622, 115.08718356279383, 115.08718356279381]
[303.66810669183695, 111.7614453058629, 111.76144530586292]
[303.65826766999226, 107.82485893556546, 107.82485893556549]
[304.1996445756592, 104.70430091464588, 104.70430091464587]
[305.66525748392536, 101.94210012250115, 101.94210012250113]
[307.62026374087776, 98.1337327211651, 98.1337327211651]
[309.43600013763705, 93.68484533388579, 93.6848453338858]
[304.12866825828837, 166.85670539429805, 166.85670539429805]
[304.5027059360034, 165.8247829254012, 165.8247829254012]
[304.2775422331048, 164.53263892591428, 164.5326389259143]
[304.2561529518749, 163.15477488940718, 163.1547748894072]
[304.2345826178343, 161.24309080859675, 161.24309080859672]
[304.2256037673815, 158.9459830552639, 158.94598305526392]
[304.76596297697955, 157.205938018696, 157.20593801869597]
[306.2274198155418, 155.82856999154293, 155.82856999154296]
[308.17663210483715, 153.8535138317225, 153.85351383172252]
[309.98707235118707, 151.3695120779206, 151.3695120779206]
[351.47241233041547, 162.8834494230594, 162.8834494230594]
[345.3098019794053, 161.65333592357732, 161.6533359235773]
[338.8126778859748, 160.15203437873188, 160.15203437873186]
[331.668695008468, 158.53181788990813, 158.53181788990813]
[321.97044315138317, 156.27578787886077, 156.27578787886074]
[310.621375052809, 153.55018201020755, 153.55018201020755]
[301.55474499898634, 151.43571392835284, 151.43571392835284]
[293.31596093863874, 149.68165627543934, 149.68165627543934]
[282.1509928398862, 147.16784497064012, 147.16784497064012]
[269.46848105235716, 144.03628500524695, 144.03628500524695]
[315.36532381000427, 107.3645864660818, 80.74027638216813, 46.6898522237669, 46.689852223766906]
[315.72349126618235, 107.51347265205673, 80.43448374224205, 45.83595701079489, 45.8359570107949]
[315.5424184193069, 107.40427682682832, 79.95113351456234, 44.87926289001378, 44.87926289001378]
[315.5447354532506, 107.38287638517542, 79.46071846233119, 43.837337309841146, 43.83733730984114]
[315.54689448939587, 107.36141808392796, 78.7742263131766, 42.413906815045934, 42.413906815045934]
[315.560388449457, 107.34539717685844, 77.9364765219199, 40.732294950654385, 40.732294950654385]
[316.06819935929593, 107.56577915644526, 77.35487040765143, 39.40497281781998, 39.40497281781999]
[317.40502691432084, 108.18325765239402, 77.00688715690907, 38.23778851128959, 38.23778851128959]
[319.18126048627863, 109.01264694658153, 76.4680569051572, 36.630952121571525, 36.630952121571525]
[320.83302793122357, 109.78389079167054, 75.67933284564843, 34.75626144029054, 34.75626144029054]
[330.44780396560543, 169.66321469318473, 169.66321469318473]
[330.82086386824363, 169.85732968015932, 169.85732968015935]
[330.6350731167182, 169.75739115632106, 169.75739115632103]
[330.6393323994865, 169.75744515181515, 169.75744515181512]
[330.64342131828585, 169.75740431345855, 169.75740431345855]
[330.6592527304075, 169.76353844335702, 169.763538443357]
[331.18744436225995, 170.03931620718836, 170.0393162071884]
[332.5746791981981, 170.7670058593732, 170.76700585937323]
[334.4166970500637, 171.73351969094924, 171.73351969094924]
[336.1291862533408, 172.6314606790381, 172.63146067903813]
[174.255715160262, 119.40760462488771, 119.40760462488771]
[174.49526949710375, 118.99000551890863, 118.99000551890865]
[174.32174617053738, 118.34071638853281, 118.3407163885328]
[174.28876228450278, 117.68739777668773, 117.68739777668772]
[174.25569811711733, 116.78247823589088, 116.78247823589088]
[174.2313454935735, 115.69514336345398, 115.69514336345398]
[174.58524746596575, 114.96126499905239, 114.96126499905239]
[175.5749572830678, 114.55200726783333, 114.55200726783335]
[176.90497992714614, 113.93058293213335, 113.93058293213333]
[178.14296083223704, 113.02503437366302, 113.02503437366302]
[162.78339747937318, 108.52499870306367, 108.52499870306369]
[163.03023405271543, 107.93133031641035, 107.93133031641034]
[162.82745740218468, 107.08364533344586, 107.08364533344586]
[162.7776606084619, 106.20545720822555, 106.20545720822555]
[162.72778377996485, 104.98239622338092, 104.9823962233809]
[162.6873941734053, 103.49827255482525, 103.49827255482525]
[163.05864084918295, 102.42165492773874, 102.42165492773873]
[164.12206547524826, 101.67455006689885, 101.67455006689883]
[165.55656223998793, 100.5597142669426, 100.5597142669426]
[166.89145308291108, 99.04166086127229, 99.0416608612723]
[146.10147776807736, 103.71189522874752, 80.08156226106085, 80.08156226106085]
[141.15254398895098, 100.76335110313354, 78.00194431318577, 78.00194431318577]
[136.05353491996834, 97.69917777625149, 75.83235144266224, 75.83235144266223]
[130.58784615298495, 94.38380984747373, 73.4748770392983, 73.47487703929829]
[123.41099305234755, 89.9787470605625, 70.32541409606974, 70.32541409606974]
[115.33930674263253, 84.953391870946, 66.70885476988482, 66.70885476988482]
[109.12301444761903, 81.03118255152218, 63.86888821312503, 63.868888213125025]
[103.65475780083766, 77.54104353468144, 61.328289996650994, 61.328289996651]
[96.53513966920758, 72.93536852807492, 57.9543149815135, 57.95431498151349]
[88.8272870958985, 67.86816409900196, 54.21388844518699, 54.21388844518699]
[341.87815658234695, 168.03291216510593, 113.39092276527761, 113.39092276527761]
[342.2714205778042, 168.224376758492, 113.52088813973823, 113.52088813973822]
[342.06630619968877, 168.12678649433295, 113.45368549179364, 113.45368549179364]
[342.0646671500362, 168.12749184394352, 113.4535293035195, 113.45352930351949]
[342.0628333300151, 168.1281060645636, 113.45330932924722, 113.45330932924722]
[342.0735638867266, 168.13479175356812, 113.45722964045683, 113.45722964045683]
[342.6330184534779, 168.40651631487364, 113.64195272159428, 113.64195272159431]
[344.1120490432337, 169.12250914650443, 114.12968695975958, 114.12968695975957]
[346.0769051967097, 170.07345594236625, 114.77753872418229, 114.77753872418228]
[347.90207153502746, 170.95716319673974, 115.37939472440436, 115.37939472440436]
