[0.6309573444801932, 0.6309573444801932, 0.6309573444801932, 0.6309573444801932, 0.6309573444801932, 0.01020892468766019]
[0.6309573444801932, 0.6309573444801932, 0.6309573444801932, 0.6309573444801932, 0.6309573444801932, 0.010204929293662431]
[0.6309573444801931, 0.6309573444801932, 0.6309573444801932, 0.6309573444801932, 0.6309573444801932, 0.010211981044390432]
[0.6309573444801932, 0.6309573444801932, 0.6309573444801932, 0.6309573444801932, 0.6309573444801932, 0.01021527352879289]
[0.6309573444801932, 0.6309573444801932, 0.6309573444801932, 0.6309573444801932, 0.6309573444801932, 0.01021856707473801]
[0.6309573444801932, 0.6309573444801932, 0.6309573444801932, 0.6309573444801932, 0.6309573444801932, 0.010221626318214463]
[0.6309573444801932, 0.6309573444801932, 0.6309573444801932, 0.6309573444801932, 0.6309573444801932, 0.010214567907068034]
[0.6309573444801932, 0.6309573444801932, 0.6309573444801932, 0.6309573444801932, 0.6309573444801932, 0.010190605747257863]
[0.6309573444801932, 0.6309573444801932, 0.6309573444801932, 0.6309573444801932, 0.6309573444801932, 0.01015780800773511]
[0.6309573444801932, 0.6309573444801932, 0.6309573444801932, 0.6309573444801932, 0.6309573444801932, 0.01012768068369303]
[0.6309573444801932, 0.6309573444801932, 0.6309573444801932, 0.6309573444801932, 0.6309573444801932, 0.009811876782530688]
[0.6309573444801931, 0.6309573444801932, 0.6309573444801932, 0.6309573444801932, 0.6309573444801932, 0.00992571199249107]
[0.6309573444801932, 0.6309573444801932, 0.6309573444801932, 0.6309573444801932, 0.6309573444801932, 0.010046576659892616]
[0.6309573444801932, 0.6309573444801932, 0.6309573444801932, 0.6309573444801932, 0.6309573444801932, 0.0101804491503061]
[0.6309573444801932, 0.6309573444801932, 0.6309573444801932, 0.6309573444801932, 0.6309573444801932, 0.010363397131203338]
[0.6309573444801932, 0.6309573444801932, 0.6309573444801931, 0.6309573444801932, 0.6309573444801931, 0.010580688729161427]
[0.6309573444801934, 0.6309573444801932, 0.6309573444801931, 0.6309573444801932, 0.6309573444801932, 0.010758042581402958]
[0.6309573444801932, 0.6309573444801932, 0.6309573444801932, 0.6309573444801931, 0.6309573444801932, 0.010922099616659065]
[0.6309573444801932, 0.6309573444801932, 0.6309573444801932, 0.6309573444801932, 0.6309573444801932, 0.011147708118436345]
[0.6309573444801932, 0.6309573444801932, 0.6309573444801932, 0.6309573444801932, 0.6309573444801932, 0.011410273677035534]
[0.6309573444801932, 0.6309573444801932, 0.6309573444801932, 0.6309573444801932, 0.6309573444801932, 0.006335079739407889]
[0.6309573444801932, 0.6309573444801932, 0.6309573444801932, 0.6309573444801932, 0.6309573444801932, 0.006408577924131857]
[0.6309573444801931, 0.6309573444801932, 0.6309573444801932, 0.6309573444801932, 0.6309573444801932, 0.006486614707780531]
[0.6309573444801932, 0.6309573444801932, 0.6309573444801932, 0.6309573444801932, 0.6309573444801932, 0.006573050047367399]
[0.6309573444801932, 0.6309573444801932, 0.6309573444801932, 0.6309573444801932, 0.6309573444801932, 0.006691171184927051]
[0.6309573444801932, 0.6309573444801932, 0.6309573444801932, 0.6309573444801932, 0.6309573444801934, 0.006831466424082393]
[0.6309573444801932, 0.6309573444801932, 0.6309573444801932, 0.6309573444801932, 0.6309573444801932, 0.006945975688817722]
[0.6309573444801932, 0.6309573444801932, 0.6309573444801932, 0.6309573444801932, 0.6309573444801932, 0.007051899807433715]
[0.6309573444801932, 0.6309573444801932, 0.6309573444801932, 0.6309573444801932, 0.6309573444801932, 0.0071975648907123884]
[0.6309573444801932, 0.6309573444801932, 0.6309573444801932, 0.6309573444801932, 0.6309573444801932, 0.007367091454020802]
[0.6309573444801932, 0.6309573444801932, 0.6309573444801932, 0.6309573444801932, 0.6309573444801932, 0.009811876782530688]
[0.6309573444801932, 0.6309573444801932, 0.6309573444801932, 0.6309573444801932, 0.6309573444801932, 0.00992571199249107]
[0.6309573444801932, 0.6309573444801932, 0.6309573444801932, 0.6309573444801932, 0.6309573444801932, 0.010046576659892616]
[0.6309573444801932, 0.6309573444801932, 0.6309573444801932, 0.6309573444801932, 0.6309573444801932, 0.0101804491503061]
[0.6309573444801932, 0.6309573444801932, 0.6309573444801932, 0.6309573444801932, 0.6309573444801932, 0.010363397131203338]
[0.6309573444801932, 0.6309573444801932, 0.6309573444801931, 0.6309573444801932, 0.6309573444801931, 0.010580688729161427]
[0.6309573444801932, 0.6309573444801932, 0.6309573444801931, 0.6309573444801932, 0.6309573444801932, 0.010758042581402958]
[0.6309573444801932, 0.6309573444801932, 0.6309573444801932, 0.6309573444801931, 0.6309573444801932, 0.010922099616659065]
[0.6309573444801932, 0.6309573444801932, 0.6309573444801932, 0.6309573444801932, 0.6309573444801932, 0.011147708118436345]
[0.6309573444801932, 0.6309573444801932, 0.6309573444801932, 0.6309573444801932, 0.6309573444801932, 0.011410273677035534]
[0.6309573444801932, 0.6309573444801932, 0.6309573444801932, 0.6309573444801932, 0.6309573444801932, 0.013151642652147208]
[0.6309573444801932, 0.6309573444801932, 0.6309573444801932, 0.6309573444801932, 0.6309573444801932, 0.013146495587620755]
[0.6309573444801931, 0.6309573444801932, 0.6309573444801934, 0.6309573444801932, 0.6309573444801932, 0.013155580002334756]
[0.6309573444801932, 0.6309573444801932, 0.6309573444801931, 0.6309573444801932, 0.6309573444801932, 0.01315982154389018]
[0.6309573444801932, 0.6309573444801932, 0.6309573444801932, 0.6309573444801932, 0.6309573444801932, 0.01316406445297746]
[0.6309573444801932, 0.6309573444801931, 0.6309573444801932, 0.6309573444801932, 0.6309573444801932, 0.01316800552201452]
[0.6309573444801932, 0.6309573444801932, 0.6309573444801932, 0.6309573444801932, 0.6309573444801932, 0.01315891252701947]
[0.6309573444801932, 0.6309573444801932, 0.6309573444801932, 0.6309573444801932, 0.6309573444801932, 0.013128043285386415]
[0.6309573444801932, 0.6309573444801932, 0.6309573444801935, 0.6309573444801932, 0.6309573444801932, 0.013085791612149683]
[0.6309573444801932, 0.6309573444801932, 0.6309573444801932, 0.6309573444801932, 0.6309573444801932, 0.013046980100458757]
[0.6309573444801932, 0.6309573444801932, 0.6309573444801932, 0.6309573444801932, 0.6309573444801932, 0.009811876782530688]
[0.6309573444801932, 0.6309573444801932, 0.6309573444801932, 0.6309573444801932, 0.6309573444801932, 0.00992571199249107]
[0.6309573444801932, 0.6309573444801932, 0.6309573444801932, 0.6309573444801934, 0.6309573444801932, 0.010046576659892616]
[0.6309573444801932, 0.6309573444801932, 0.6309573444801932, 0.6309573444801932, 0.6309573444801932, 0.0101804491503061]
[0.6309573444801932, 0.6309573444801932, 0.6309573444801932, 0.6309573444801932, 0.6309573444801932, 0.010363397131203338]
[0.6309573444801932, 0.6309573444801932, 0.6309573444801932, 0.6309573444801932, 0.6309573444801931, 0.010580688729161427]
[0.6309573444801932, 0.6309573444801932, 0.6309573444801932, 0.6309573444801932, 0.6309573444801932, 0.010758042581402958]
[0.6309573444801932, 0.6309573444801932, 0.6309573444801932, 0.6309573444801932, 0.6309573444801932, 0.010922099616659065]
[0.6309573444801932, 0.6309573444801932, 0.6309573444801932, 0.6309573444801932, 0.6309573444801932, 0.011147708118436345]
[0.6309573444801932, 0.6309573444801932, 0.6309573444801932, 0.6309573444801932, 0.6309573444801932, 0.011410273677035534]
[0.6309573444801932, 0.6309573444801932, 0.6309573444801932, 0.6309573444801932, 0.010274296288945692]
[0.6309573444801932, 0.6309573444801932, 0.6309573444801932, 0.6309573444801932, 0.010393496387068575]
[0.6309573444801932, 0.6309573444801932, 0.6309573444801934, 0.6309573444801932, 0.01052005723075541]
[0.6309573444801932, 0.6309573444801932, 0.6309573444801932, 0.6309573444801932, 0.01066023893726604]
[0.6309573444801932, 0.6309573444801932, 0.6309573444801932, 0.6309573444801932, 0.01085180899087181]
[0.6309573444801932, 0.6309573444801931, 0.6309573444801932, 0.6309573444801932, 0.011079341226345326]
[0.6309573444801932, 0.6309573444801932, 0.6309573444801932, 0.6309573444801932, 0.011265053508134231]
[0.6309573444801932, 0.6309573444801932, 0.6309573444801932, 0.6309573444801932, 0.011436842313259494]
[0.6309573444801932, 0.6309573444801932, 0.6309573444801932, 0.6309573444801932, 0.011673083416153475]
[0.6309573444801932, 0.6309573444801932, 0.6309573444801932, 0.6309573444801932, 0.011948023308297617]
[0.6309573444801932, 0.6309573444801932, 0.6309573444801932, 0.6309573444801931, 0.009976541190716209]
[0.6309573444801932, 0.6309573444801934, 0.6309573444801932, 0.6309573444801932, 0.009972636742989217]
[0.6309573444801932, 0.6309573444801932, 0.6309573444801934, 0.6309573444801932, 0.009979527976273524]
[0.6309573444801932, 0.6309573444801932, 0.6309573444801932, 0.6309573444801932, 0.009982745514581023]
[0.6309573444801932, 0.6309573444801932, 0.6309573444801932, 0.6309573444801932, 0.00998596409026752]
[0.6309573444801934, 0.6309573444801932, 0.6309573444801932, 0.6309573444801932, 0.009988953696860675]
[0.6309573444801932, 0.6309573444801932, 0.6309573444801932, 0.6309573444801932, 0.009982055954767578]
[0.6309573444801932, 0.6309573444801932, 0.6309573444801932, 0.6309573444801932, 0.009958639240306587]
[0.6309573444801934, 0.6309573444801931, 0.6309573444801932, 0.6309573444801932, 0.009926588068481738]
[0.6309573444801932, 0.6309573444801932, 0.6309573444801932, 0.6309573444801932, 0.009897146526060021]
[0.6309573444801932, 0.6309573444801932, 0.6309573444801932, 0.6309573444801932, 0.008351261555766615]
[0.6309573444801932, 0.6309573444801932, 0.6309573444801932, 0.6309573444801932, 0.008448151033050652]
[0.6309573444801932, 0.6309573444801932, 0.6309573444801934, 0.6309573444801932, 0.008551023548950785]
[0.6309573444801932, 0.6309573444801932, 0.6309573444801932, 0.6309573444801932, 0.008664967517810585]
[0.6309573444801932, 0.6309573444801932, 0.6309573444801932, 0.6309573444801932, 0.008820681503364547]
[0.6309573444801932, 0.6309573444801931, 0.6309573444801932, 0.6309573444801932, 0.009005626647768456]
[0.6309573444801932, 0.6309573444801932, 0.6309573444801932, 0.6309573444801932, 0.009156579257632943]
[0.6309573444801932, 0.6309573444801932, 0.6309573444801932, 0.6309573444801932, 0.009296214440774126]
[0.6309573444801932, 0.6309573444801932, 0.6309573444801932, 0.6309573444801932, 0.009488238418378614]
[0.6309573444801932, 0.6309573444801932, 0.6309573444801932, 0.6309573444801932, 0.00971171795282424]
[0.6309573444801932, 0.6309573444801932, 0.6309573444801932, 0.6309573444801931, 0.009976541190716209]
[0.6309573444801932, 0.6309573444801932, 0.6309573444801932, 0.6309573444801932, 0.009972636742989217]
[0.6309573444801931, 0.6309573444801932, 0.6309573444801934, 0.6309573444801932, 0.009979527976273524]
[0.6309573444801932, 0.6309573444801932, 0.6309573444801932, 0.6309573444801932, 0.009982745514581023]
[0.6309573444801932, 0.6309573444801932, 0.6309573444801932, 0.6309573444801932, 0.00998596409026752]
[0.6309573444801932, 0.6309573444801932, 0.6309573444801932, 0.6309573444801932, 0.009988953696860675]
[0.6309573444801932, 0.6309573444801931, 0.6309573444801932, 0.6309573444801932, 0.009982055954767578]
[0.6309573444801932, 0.6309573444801932, 0.6309573444801932, 0.6309573444801932, 0.009958639240306587]
[0.6309573444801932, 0.6309573444801932, 0.6309573444801932, 0.6309573444801932, 0.009926588068481738]
[0.6309573444801932, 0.6309573444801932, 0.6309573444801932, 0.6309573444801932, 0.009897146526060021]
[0.6309573444801932, 0.6309573444801932, 0.6309573444801932, 0.6309573444801932, 0.6309573444801932, 0.013151642652147208]
[0.6309573444801932, 0.6309573444801932, 0.6309573444801932, 0.6309573444801932, 0.6309573444801932, 0.013146495587620755]
[0.6309573444801932, 0.6309573444801932, 0.6309573444801934, 0.6309573444801932, 0.6309573444801932, 0.013155580002334756]
[0.6309573444801932, 0.6309573444801932, 0.6309573444801931, 0.6309573444801932, 0.6309573444801932, 0.01315982154389018]
[0.6309573444801932, 0.6309573444801932, 0.6309573444801932, 0.6309573444801932, 0.6309573444801932, 0.01316406445297746]
[0.6309573444801932, 0.6309573444801931, 0.6309573444801932, 0.6309573444801932, 0.6309573444801932, 0.01316800552201452]
[0.6309573444801932, 0.6309573444801932, 0.6309573444801932, 0.6309573444801932, 0.6309573444801932, 0.01315891252701947]
[0.6309573444801932, 0.6309573444801932, 0.6309573444801932, 0.6309573444801932, 0.6309573444801932, 0.013128043285386415]
[0.6309573444801932, 0.6309573444801932, 0.6309573444801935, 0.6309573444801932, 0.6309573444801932, 0.013085791612149683]
[0.6309573444801932, 0.6309573444801932, 0.6309573444801932, 0.6309573444801932, 0.6309573444801932, 0.013046980100458757]
[0.6309573444801932, 0.6309573444801932, 0.6309573444801932, 0.6309573444801932, 0.6309573444801931, 0.009976541190716209]
[0.6309573444801932, 0.6309573444801932, 0.6309573444801932, 0.6309573444801932, 0.6309573444801932, 0.009972636742989217]
[0.6309573444801932, 0.6309573444801932, 0.6309573444801932, 0.6309573444801934, 0.6309573444801932, 0.009979527976273524]
[0.6309573444801932, 0.6309573444801932, 0.6309573444801932, 0.6309573444801932, 0.6309573444801932, 0.009982745514581023]
[0.6309573444801932, 0.6309573444801932, 0.6309573444801932, 0.6309573444801932, 0.6309573444801932, 0.00998596409026752]
[0.6309573444801932, 0.6309573444801932, 0.6309573444801932, 0.6309573444801932, 0.6309573444801932, 0.009988953696860675]
[0.6309573444801932, 0.6309573444801932, 0.6309573444801932, 0.6309573444801932, 0.6309573444801932, 0.009982055954767578]
[0.6309573444801932, 0.6309573444801932, 0.6309573444801932, 0.6309573444801932, 0.6309573444801932, 0.009958639240306587]
[0.6309573444801932, 0.6309573444801932, 0.6309573444801932, 0.6309573444801932, 0.6309573444801932, 0.009926588068481738]
[0.6309573444801932, 0.6309573444801932, 0.6309573444801932, 0.6309573444801932, 0.6309573444801932, 0.009897146526060021]
[0.6309573444801932, 0.6309573444801932, 0.6309573444801932, 0.6309573444801932, 0.6309573444801932, 0.01020892468766019]
[0.6309573444801932, 0.6309573444801932, 0.6309573444801932, 0.6309573444801932, 0.6309573444801932, 0.010204929293662431]
[0.6309573444801932, 0.6309573444801932, 0.6309573444801932, 0.6309573444801932, 0.6309573444801932, 0.010211981044390432]
[0.6309573444801932, 0.6309573444801932, 0.6309573444801932, 0.6309573444801932, 0.6309573444801932, 0.01021527352879289]
[0.6309573444801932, 0.6309573444801932, 0.6309573444801932, 0.6309573444801932, 0.6309573444801932, 0.01021856707473801]
[0.6309573444801932, 0.6309573444801932, 0.6309573444801932, 0.6309573444801932, 0.6309573444801932, 0.010221626318214463]
[0.6309573444801932, 0.6309573444801932, 0.6309573444801932, 0.6309573444801932, 0.6309573444801932, 0.010214567907068034]
[0.6309573444801932, 0.6309573444801932, 0.6309573444801932, 0.6309573444801932, 0.6309573444801932, 0.010190605747257863]
[0.6309573444801932, 0.6309573444801932, 0.6309573444801932, 0.6309573444801932, 0.6309573444801932, 0.01015780800773511]
[0.6309573444801932, 0.6309573444801932, 0.6309573444801932, 0.6309573444801932, 0.6309573444801932, 0.01012768068369303]
[0.6309573444801932, 0.6309573444801932, 0.6309573444801932, 0.6309573444801932, 0.6309573444801931, 0.009976541190716209]
[0.6309573444801931, 0.6309573444801932, 0.6309573444801932, 0.6309573444801932, 0.6309573444801932, 0.009972636742989217]
[0.6309573444801932, 0.6309573444801932, 0.6309573444801932, 0.6309573444801932, 0.6309573444801932, 0.009979527976273524]
[0.6309573444801932, 0.6309573444801932, 0.6309573444801932, 0.6309573444801932, 0.6309573444801932, 0.009982745514581023]
[0.6309573444801932, 0.6309573444801932, 0.6309573444801932, 0.6309573444801932, 0.6309573444801932, 0.00998596409026752]
[0.6309573444801932, 0.6309573444801932, 0.6309573444801931, 0.6309573444801932, 0.6309573444801932, 0.009988953696860675]
[0.6309573444801934, 0.6309573444801932, 0.6309573444801931, 0.6309573444801932, 0.6309573444801932, 0.009982055954767578]
[0.6309573444801932, 0.6309573444801932, 0.6309573444801932, 0.6309573444801931, 0.6309573444801932, 0.009958639240306587]
[0.6309573444801932, 0.6309573444801932, 0.6309573444801932, 0.6309573444801932, 0.6309573444801932, 0.009926588068481738]
[0.6309573444801932, 0.6309573444801932, 0.6309573444801932, 0.6309573444801932, 0.6309573444801932, 0.009897146526060021]
[0.6309573444801932, 0.6309573444801932, 0.6309573444801932, 0.6309573444801932, 0.006335079739407889]
[0.6309573444801932, 0.6309573444801932, 0.6309573444801932, 0.6309573444801932, 0.006408577924131857]
[0.6309573444801932, 0.6309573444801932, 0.6309573444801932, 0.6309573444801932, 0.006486614707780531]
[0.6309573444801932, 0.6309573444801932, 0.6309573444801932, 0.6309573444801932, 0.006573050047367399]
[0.6309573444801932, 0.6309573444801932, 0.6309573444801932, 0.6309573444801932, 0.006691171184927051]
[0.6309573444801932, 0.6309573444801932, 0.6309573444801932, 0.6309573444801934, 0.006831466424082393]
[0.6309573444801932, 0.6309573444801932, 0.6309573444801932, 0.6309573444801932, 0.006945975688817722]
[0.6309573444801932, 0.6309573444801932, 0.6309573444801932, 0.6309573444801932, 0.007051899807433715]
[0.6309573444801932, 0.6309573444801932, 0.6309573444801932, 0.6309573444801932, 0.0071975648907123884]
[0.6309573444801932, 0.6309573444801932, 0.6309573444801932, 0.6309573444801932, 0.007367091454020802]
[0.6309573444801932, 0.6309573444801932, 0.6309573444801932, 0.6309573444801932, 0.0069462768050892]
[0.6309573444801932, 0.6309573444801932, 0.6309573444801932, 0.6309573444801932, 0.0070268659620951355]
[0.6309573444801932, 0.6309573444801932, 0.6309573444801932, 0.6309573444801932, 0.00711243159386305]
[0.6309573444801932, 0.6309573444801932, 0.6309573444801932, 0.6309573444801932, 0.007207206059096282]
[0.6309573444801932, 0.6309573444801932, 0.6309573444801932, 0.6309573444801932, 0.007336723310934071]
[0.6309573444801932, 0.6309573444801932, 0.6309573444801931, 0.6309573444801932, 0.007490553981690596]
[0.6309573444801932, 0.6309573444801932, 0.6309573444801931, 0.6309573444801932, 0.0076161108937292735]
[0.6309573444801932, 0.6309573444801932, 0.6309573444801932, 0.6309573444801931, 0.007732254380237393]
[0.6309573444801932, 0.6309573444801932, 0.6309573444801932, 0.6309573444801932, 0.00789197296799184]
[0.6309573444801932, 0.6309573444801932, 0.6309573444801932, 0.6309573444801932, 0.008077855148326603]
[0.6309573444801932, 0.6309573444801932, 0.6309573444801932, 0.6309573444801932, 0.014092238997362049]
[0.6309573444801932, 0.6309573444801932, 0.6309573444801932, 0.6309573444801932, 0.014086723818356652]
[0.6309573444801932, 0.6309573444801932, 0.6309573444801932, 0.6309573444801932, 0.01409645794409949]
[0.6309573444801932, 0.6309573444801932, 0.6309573444801932, 0.6309573444801932, 0.01410100283776009]
[0.6309573444801932, 0.6309573444801932, 0.6309573444801932, 0.6309573444801932, 0.01410554919675748]
[0.6309573444801932, 0.6309573444801932, 0.6309573444801932, 0.6309573444801932, 0.014109772128313965]
[0.6309573444801932, 0.6309573444801932, 0.6309573444801932, 0.6309573444801932, 0.014100028808634337]
[0.6309573444801932, 0.6309573444801932, 0.6309573444801932, 0.6309573444801932, 0.014066951820286475]
[0.6309573444801932, 0.6309573444801932, 0.6309573444801932, 0.6309573444801932, 0.014021678336734724]
[0.6309573444801932, 0.6309573444801932, 0.6309573444801932, 0.6309573444801932, 0.013980091052692444]
[0.6309573444801932, 0.6309573444801932, 0.6309573444801932, 0.6309573444801932, 0.01020892468766019]
[0.6309573444801932, 0.6309573444801932, 0.6309573444801932, 0.6309573444801932, 0.010204929293662431]
[0.6309573444801932, 0.6309573444801932, 0.6309573444801932, 0.6309573444801932, 0.010211981044390432]
[0.6309573444801932, 0.6309573444801932, 0.6309573444801932, 0.6309573444801932, 0.01021527352879289]
[0.6309573444801932, 0.6309573444801932, 0.6309573444801932, 0.6309573444801932, 0.01021856707473801]
[0.6309573444801932, 0.6309573444801932, 0.6309573444801932, 0.6309573444801932, 0.010221626318214463]
[0.6309573444801932, 0.6309573444801932, 0.6309573444801932, 0.6309573444801932, 0.010214567907068034]
[0.6309573444801932, 0.6309573444801932, 0.6309573444801932, 0.6309573444801932, 0.010190605747257863]
[0.6309573444801932, 0.6309573444801932, 0.6309573444801932, 0.6309573444801932, 0.01015780800773511]
[0.6309573444801932, 0.6309573444801932, 0.6309573444801932, 0.6309573444801932, 0.01012768068369303]
[0.6309573444801932, 0.6309573444801932, 0.6309573444801932, 0.6309573444801932, 0.0069462768050892]
[0.6309573444801931, 0.6309573444801932, 0.6309573444801932, 0.6309573444801932, 0.0070268659620951355]
[0.6309573444801932, 0.6309573444801932, 0.6309573444801932, 0.6309573444801932, 0.00711243159386305]
[0.6309573444801932, 0.6309573444801932, 0.6309573444801932, 0.6309573444801932, 0.007207206059096282]
[0.6309573444801932, 0.6309573444801932, 0.6309573444801932, 0.6309573444801932, 0.007336723310934071]
[0.6309573444801932, 0.6309573444801932, 0.6309573444801931, 0.6309573444801932, 0.007490553981690596]
[0.6309573444801934, 0.6309573444801932, 0.6309573444801931, 0.6309573444801932, 0.0076161108937292735]
[0.6309573444801932, 0.6309573444801932, 0.6309573444801932, 0.6309573444801931, 0.007732254380237393]
[0.6309573444801932, 0.6309573444801932, 0.6309573444801932, 0.6309573444801932, 0.00789197296799184]
[0.6309573444801932, 0.6309573444801932, 0.6309573444801932, 0.6309573444801932, 0.008077855148326603]
[0.6309573444801931, 0.6309573444801932, 0.6309573444801932, 0.6309573444801932, 0.006902080178385959]
[0.6309573444801932, 0.6309573444801932, 0.6309573444801932, 0.6309573444801932, 0.006899378960524091]
[0.6309573444801932, 0.6309573444801932, 0.6309573444801932, 0.6309573444801934, 0.006904146529138002]
[0.6309573444801932, 0.6309573444801932, 0.6309573444801932, 0.6309573444801932, 0.006906372521789246]
[0.6309573444801932, 0.6309573444801932, 0.6309573444801932, 0.6309573444801932, 0.0069085992321314136]
[0.6309573444801932, 0.6309573444801932, 0.6309573444801932, 0.6309573444801931, 0.00691066753456342]
[0.6309573444801932, 0.6309573444801932, 0.6309573444801932, 0.6309573444801932, 0.0069058954629540046]
[0.6309573444801932, 0.6309573444801932, 0.6309573444801932, 0.6309573444801932, 0.0068896950546527246]
[0.6309573444801932, 0.6309573444801932, 0.6309573444801932, 0.6309573444801931, 0.006867521061330051]
[0.6309573444801932, 0.6309573444801932, 0.6309573444801932, 0.6309573444801932, 0.006847152490451083]
[0.6309573444801932, 0.6309573444801932, 0.6309573444801932, 0.6309573444801932, 0.0069462768050892]
[0.6309573444801932, 0.6309573444801932, 0.6309573444801932, 0.6309573444801932, 0.0070268659620951355]
[0.6309573444801932, 0.6309573444801934, 0.6309573444801932, 0.6309573444801932, 0.00711243159386305]
[0.6309573444801932, 0.6309573444801932, 0.6309573444801932, 0.6309573444801932, 0.007207206059096282]
[0.6309573444801932, 0.6309573444801932, 0.6309573444801932, 0.6309573444801932, 0.007336723310934071]
[0.6309573444801931, 0.6309573444801931, 0.6309573444801932, 0.6309573444801932, 0.007490553981690596]
[0.6309573444801931, 0.6309573444801932, 0.6309573444801932, 0.6309573444801932, 0.0076161108937292735]
[0.6309573444801934, 0.6309573444801932, 0.6309573444801932, 0.6309573444801932, 0.0077322543802373946]
[0.6309573444801932, 0.6309573444801931, 0.6309573444801932, 0.6309573444801932, 0.00789197296799184]
[0.6309573444801932, 0.6309573444801932, 0.6309573444801932, 0.6309573444801932, 0.008077855148326603]
[0.6309573444801932, 0.6309573444801932, 0.6309573444801932, 0.6309573444801932, 0.006902080178385959]
[0.6309573444801932, 0.6309573444801932, 0.6309573444801932, 0.6309573444801932, 0.006899378960524091]
[0.6309573444801934, 0.6309573444801931, 0.6309573444801932, 0.6309573444801932, 0.0069041465291380015]
[0.6309573444801931, 0.6309573444801932, 0.6309573444801932, 0.6309573444801932, 0.006906372521789246]
[0.6309573444801932, 0.6309573444801932, 0.6309573444801932, 0.6309573444801932, 0.0069085992321314136]
[0.6309573444801932, 0.6309573444801932, 0.6309573444801932, 0.6309573444801932, 0.006910667534563422]
[0.6309573444801932, 0.6309573444801932, 0.6309573444801932, 0.6309573444801932, 0.0069058954629540046]
[0.6309573444801932, 0.6309573444801932, 0.6309573444801932, 0.6309573444801932, 0.0068896950546527246]
[0.6309573444801935, 0.6309573444801932, 0.6309573444801932, 0.6309573444801932, 0.006867521061330053]
[0.6309573444801932, 0.6309573444801932, 0.6309573444801932, 0.6309573444801932, 0.006847152490451083]
[0.6309573444801932, 0.6309573444801932, 0.6309573444801932, 0.6309573444801932, 0.010758508955288449]
[0.6309573444801932, 0.6309573444801932, 0.6309573444801932, 0.6309573444801932, 0.010883326780963388]
[0.6309573444801932, 0.6309573444801932, 0.6309573444801932, 0.6309573444801932, 0.01101585225345328]
[0.6309573444801932, 0.6309573444801932, 0.6309573444801932, 0.6309573444801932, 0.011162640520255054]
[0.6309573444801932, 0.6309573444801932, 0.6309573444801932, 0.6309573444801932, 0.011363238992337293]
[0.6309573444801932, 0.6309573444801932, 0.6309573444801932, 0.6309573444801932, 0.011601494491703453]
[0.6309573444801932, 0.6309573444801932, 0.6309573444801932, 0.6309573444801932, 0.011795959123688289]
[0.6309573444801932, 0.6309573444801932, 0.6309573444801932, 0.6309573444801932, 0.011975844085770505]
[0.6309573444801932, 0.6309573444801932, 0.6309573444801932, 0.6309573444801932, 0.012223218888833822]
[0.6309573444801932, 0.6309573444801932, 0.6309573444801932, 0.6309573444801932, 0.012511116298895989]
[0.6309573444801932, 0.6309573444801932, 0.6309573444801931, 0.6309573444801932, 0.007395712157438377]
[0.6309573444801934, 0.6309573444801932, 0.6309573444801932, 0.6309573444801932, 0.007392817750351733]
[0.6309573444801932, 0.6309573444801934, 0.6309573444801932, 0.6309573444801932, 0.007397926292160582]
[0.6309573444801932, 0.6309573444801932, 0.6309573444801932, 0.6309573444801932, 0.007400311486259709]
[0.6309573444801932, 0.6309573444801932, 0.6309573444801932, 0.6309573444801932, 0.007402697449378513]
[0.6309573444801932, 0.6309573444801932, 0.6309573444801932, 0.6309573444801932, 0.0074049136753634795]
[0.6309573444801932, 0.6309573444801932, 0.6309573444801932, 0.6309573444801932, 0.007399800308508013]
[0.6309573444801932, 0.6309573444801932, 0.6309573444801932, 0.6309573444801932, 0.007382441258260462]
[0.6309573444801932, 0.6309573444801932, 0.6309573444801932, 0.6309573444801932, 0.007358681396341007]
[0.6309573444801932, 0.6309573444801932, 0.6309573444801932, 0.6309573444801932, 0.0073368560794240915]
[0.6309573444801932, 0.6309573444801932, 0.6309573444801932, 0.6309573444801932, 0.014092238997362049]
[0.6309573444801932, 0.6309573444801932, 0.6309573444801932, 0.6309573444801932, 0.014086723818356652]
[0.6309573444801932, 0.6309573444801932, 0.6309573444801932, 0.6309573444801934, 0.014096457944099491]
[0.6309573444801932, 0.6309573444801932, 0.6309573444801932, 0.6309573444801932, 0.01410100283776009]
[0.6309573444801932, 0.6309573444801932, 0.6309573444801932, 0.6309573444801932, 0.01410554919675748]
[0.6309573444801932, 0.6309573444801932, 0.6309573444801931, 0.6309573444801932, 0.014109772128313965]
[0.6309573444801932, 0.6309573444801932, 0.6309573444801932, 0.6309573444801932, 0.014100028808634337]
[0.6309573444801932, 0.6309573444801932, 0.6309573444801932, 0.6309573444801932, 0.014066951820286475]
[0.6309573444801932, 0.6309573444801932, 0.6309573444801932, 0.6309573444801932, 0.014021678336734724]
[0.6309573444801932, 0.6309573444801932, 0.6309573444801932, 0.6309573444801932, 0.013980091052692444]
[0.6309573444801932, 0.6309573444801932, 0.6309573444801932, 0.6309573444801932, 0.006335079739407889]
[0.6309573444801932, 0.6309573444801932, 0.6309573444801932, 0.6309573444801932, 0.006408577924131857]
[0.6309573444801932, 0.6309573444801932, 0.6309573444801932, 0.6309573444801932, 0.006486614707780531]
[0.6309573444801932, 0.6309573444801932, 0.6309573444801932, 0.6309573444801932, 0.006573050047367399]
[0.6309573444801932, 0.6309573444801932, 0.6309573444801932, 0.6309573444801932, 0.006691171184927051]
[0.6309573444801932, 0.6309573444801932, 0.6309573444801932, 0.6309573444801932, 0.006831466424082392]
[0.6309573444801932, 0.6309573444801931, 0.6309573444801932, 0.6309573444801932, 0.006945975688817722]
[0.6309573444801932, 0.6309573444801932, 0.6309573444801932, 0.6309573444801932, 0.007051899807433715]
[0.6309573444801932, 0.6309573444801932, 0.6309573444801932, 0.6309573444801934, 0.007197564890712389]
[0.6309573444801932, 0.6309573444801932, 0.6309573444801932, 0.6309573444801932, 0.007367091454020802]
[0.6309573444801932, 0.6309573444801932, 0.6309573444801932, 0.6309573444801932, 0.014092238997362049]
[0.6309573444801932, 0.6309573444801932, 0.6309573444801932, 0.6309573444801932, 0.014086723818356652]
[0.6309573444801932, 0.6309573444801932, 0.6309573444801932, 0.6309573444801932, 0.01409645794409949]
[0.6309573444801932, 0.6309573444801932, 0.6309573444801932, 0.6309573444801932, 0.01410100283776009]
[0.6309573444801932, 0.6309573444801932, 0.6309573444801932, 0.6309573444801932, 0.01410554919675748]
[0.6309573444801932, 0.6309573444801932, 0.6309573444801932, 0.6309573444801932, 0.014109772128313965]
[0.6309573444801932, 0.6309573444801932, 0.6309573444801932, 0.6309573444801932, 0.014100028808634337]
[0.6309573444801932, 0.6309573444801932, 0.6309573444801932, 0.6309573444801932, 0.014066951820286475]
[0.6309573444801932, 0.6309573444801932, 0.6309573444801932, 0.6309573444801932, 0.014021678336734724]
[0.6309573444801932, 0.6309573444801932, 0.6309573444801932, 0.6309573444801932, 0.013980091052692444]
[0.6309573444801932, 0.6309573444801932, 0.6309573444801931, 0.6309573444801932, 0.6309573444801932, 0.0062947719367915655]
[0.6309573444801934, 0.6309573444801932, 0.6309573444801932, 0.6309573444801932, 0.6309573444801932, 0.00629230839682208]
[0.6309573444801932, 0.6309573444801934, 0.6309573444801932, 0.6309573444801932, 0.6309573444801932, 0.006296656471075339]
[0.6309573444801932, 0.6309573444801932, 0.6309573444801932, 0.6309573444801932, 0.6309573444801932, 0.006298686600501602]
[0.6309573444801932, 0.6309573444801932, 0.6309573444801932, 0.6309573444801932, 0.6309573444801932, 0.006300717384469764]
[0.6309573444801932, 0.6309573444801932, 0.6309573444801932, 0.6309573444801932, 0.6309573444801932, 0.006302603698706822]
[0.6309573444801932, 0.6309573444801932, 0.6309573444801932, 0.6309573444801932, 0.6309573444801932, 0.00629825151767285]
[0.6309573444801932, 0.6309573444801932, 0.6309573444801932, 0.6309573444801932, 0.6309573444801932, 0.006283476569700093]
[0.6309573444801932, 0.6309573444801932, 0.6309573444801932, 0.6309573444801932, 0.6309573444801932, 0.006263253647438009]
[0.6309573444801932, 0.6309573444801932, 0.6309573444801932, 0.6309573444801932, 0.6309573444801932, 0.006244677290014201]
[0.6309573444801932, 0.6309573444801932, 0.6309573444801932, 0.6309573444801932, 0.6309573444801932, 0.014092238997362049]
[0.6309573444801932, 0.6309573444801932, 0.6309573444801932, 0.6309573444801932, 0.6309573444801932, 0.014086723818356652]
[0.6309573444801934, 0.6309573444801932, 0.6309573444801932, 0.6309573444801932, 0.6309573444801934, 0.014096457944099491]
[0.6309573444801932, 0.6309573444801932, 0.6309573444801932, 0.6309573444801932, 0.6309573444801932, 0.01410100283776009]
[0.6309573444801932, 0.6309573444801932, 0.6309573444801932, 0.6309573444801932, 0.6309573444801932, 0.01410554919675748]
[0.6309573444801931, 0.6309573444801932, 0.6309573444801932, 0.6309573444801931, 0.6309573444801932, 0.014109772128313965]
[0.6309573444801932, 0.6309573444801932, 0.6309573444801932, 0.6309573444801932, 0.6309573444801932, 0.014100028808634337]
[0.6309573444801932, 0.6309573444801932, 0.6309573444801932, 0.6309573444801932, 0.6309573444801932, 0.014066951820286475]
[0.6309573444801931, 0.6309573444801932, 0.6309573444801932, 0.6309573444801932, 0.6309573444801932, 0.014021678336734724]
[0.6309573444801932, 0.6309573444801932, 0.6309573444801932, 0.6309573444801932, 0.6309573444801932, 0.013980091052692444]
[0.6309573444801932, 0.6309573444801932, 0.6309573444801932, 0.6309573444801932, 0.6309573444801932, 0.014092238997362049]
[0.6309573444801932, 0.6309573444801932, 0.6309573444801932, 0.6309573444801932, 0.6309573444801932, 0.014086723818356652]
[0.6309573444801932, 0.6309573444801932, 0.6309573444801932, 0.6309573444801932, 0.6309573444801934, 0.014096457944099491]
[0.6309573444801932, 0.6309573444801932, 0.6309573444801932, 0.6309573444801932, 0.6309573444801932, 0.01410100283776009]
[0.6309573444801932, 0.6309573444801932, 0.6309573444801932, 0.6309573444801932, 0.6309573444801932, 0.01410554919675748]
[0.6309573444801932, 0.6309573444801932, 0.6309573444801932, 0.6309573444801932, 0.6309573444801932, 0.014109772128313965]
[0.6309573444801932, 0.6309573444801932, 0.6309573444801932, 0.6309573444801932, 0.6309573444801932, 0.014100028808634337]
[0.6309573444801932, 0.6309573444801932, 0.6309573444801932, 0.6309573444801932, 0.6309573444801932, 0.014066951820286475]
[0.6309573444801932, 0.6309573444801932, 0.6309573444801932, 0.6309573444801932, 0.6309573444801932, 0.014021678336734724]
[0.6309573444801932, 0.6309573444801932, 0.6309573444801932, 0.6309573444801932, 0.6309573444801932, 0.013980091052692444]
[0.6309573444801932, 0.6309573444801932, 0.6309573444801932, 0.6309573444801932, 0.6309573444801932, 0.006902080178385959]
[0.6309573444801934, 0.6309573444801932, 0.6309573444801932, 0.6309573444801932, 0.6309573444801932, 0.006899378960524091]
[0.6309573444801932, 0.6309573444801934, 0.6309573444801931, 0.6309573444801932, 0.6309573444801932, 0.0069041465291380015]
[0.6309573444801932, 0.6309573444801931, 0.6309573444801932, 0.6309573444801932, 0.6309573444801932, 0.006906372521789246]
[0.6309573444801932, 0.6309573444801932, 0.6309573444801932, 0.6309573444801932, 0.6309573444801932, 0.0069085992321314136]
[0.6309573444801932, 0.6309573444801932, 0.6309573444801932, 0.6309573444801932, 0.6309573444801932, 0.006910667534563422]
[0.6309573444801932, 0.6309573444801932, 0.6309573444801932, 0.6309573444801932, 0.6309573444801932, 0.0069058954629540046]
[0.6309573444801932, 0.6309573444801932, 0.6309573444801932, 0.6309573444801932, 0.6309573444801932, 0.0068896950546527246]
[0.6309573444801932, 0.6309573444801935, 0.6309573444801932, 0.6309573444801932, 0.6309573444801932, 0.006867521061330053]
[0.6309573444801932, 0.6309573444801932, 0.6309573444801932, 0.6309573444801932, 0.6309573444801932, 0.006847152490451083]
[0.6309573444801932, 0.6309573444801932, 0.6309573444801932, 0.6309573444801932, 0.009811876782530688]
[0.6309573444801932, 0.6309573444801934, 0.6309573444801932, 0.6309573444801932, 0.00992571199249107]
[0.6309573444801932, 0.6309573444801932, 0.6309573444801934, 0.6309573444801932, 0.010046576659892616]
[0.6309573444801932, 0.6309573444801932, 0.6309573444801932, 0.6309573444801932, 0.0101804491503061]
[0.6309573444801932, 0.6309573444801932, 0.6309573444801932, 0.6309573444801932, 0.010363397131203338]
[0.6309573444801934, 0.6309573444801932, 0.6309573444801932, 0.6309573444801931, 0.010580688729161427]
[0.6309573444801932, 0.6309573444801932, 0.6309573444801932, 0.6309573444801932, 0.010758042581402958]
[0.6309573444801932, 0.6309573444801932, 0.6309573444801932, 0.6309573444801932, 0.010922099616659065]
[0.6309573444801934, 0.6309573444801931, 0.6309573444801932, 0.6309573444801932, 0.011147708118436345]
[0.6309573444801932, 0.6309573444801932, 0.6309573444801932, 0.6309573444801932, 0.011410273677035534]
[0.6309573444801932, 0.6309573444801932, 0.6309573444801932, 0.6309573444801932, 0.010274296288945692]
[0.6309573444801932, 0.6309573444801932, 0.6309573444801932, 0.6309573444801932, 0.010393496387068575]
[0.6309573444801931, 0.6309573444801932, 0.6309573444801934, 0.6309573444801932, 0.01052005723075541]
[0.6309573444801932, 0.6309573444801932, 0.6309573444801932, 0.6309573444801932, 0.01066023893726604]
[0.6309573444801932, 0.6309573444801932, 0.6309573444801932, 0.6309573444801932, 0.01085180899087181]
[0.6309573444801932, 0.6309573444801931, 0.6309573444801932, 0.6309573444801932, 0.011079341226345326]
[0.6309573444801932, 0.6309573444801932, 0.6309573444801932, 0.6309573444801932, 0.011265053508134231]
[0.6309573444801932, 0.6309573444801932, 0.6309573444801932, 0.6309573444801932, 0.011436842313259494]
[0.6309573444801932, 0.6309573444801932, 0.6309573444801932, 0.6309573444801932, 0.011673083416153475]
[0.6309573444801932, 0.6309573444801932, 0.6309573444801932, 0.6309573444801932, 0.011948023308297617]
[0.6309573444801932, 0.6309573444801932, 0.6309573444801932, 0.6309573444801931, 0.009976541190716209]
[0.6309573444801932, 0.6309573444801934, 0.6309573444801932, 0.6309573444801932, 0.009972636742989217]
[0.6309573444801932, 0.6309573444801932, 0.6309573444801934, 0.6309573444801932, 0.009979527976273524]
[0.6309573444801932, 0.6309573444801932, 0.6309573444801932, 0.6309573444801932, 0.009982745514581023]
[0.6309573444801932, 0.6309573444801932, 0.6309573444801932, 0.6309573444801932, 0.00998596409026752]
[0.6309573444801934, 0.6309573444801932, 0.6309573444801932, 0.6309573444801932, 0.009988953696860675]
[0.6309573444801932, 0.6309573444801932, 0.6309573444801932, 0.6309573444801932, 0.009982055954767578]
[0.6309573444801932, 0.6309573444801932, 0.6309573444801932, 0.6309573444801932, 0.009958639240306587]
[0.6309573444801934, 0.6309573444801931, 0.6309573444801932, 0.6309573444801932, 0.009926588068481738]
[0.6309573444801932, 0.6309573444801932, 0.6309573444801932, 0.6309573444801932, 0.009897146526060021]
[0.6309573444801932, 0.6309573444801932, 0.6309573444801932, 0.6309573444801932, 0.010274296288945692]
[0.6309573444801932, 0.6309573444801932, 0.6309573444801932, 0.6309573444801932, 0.010393496387068575]
[0.6309573444801932, 0.6309573444801932, 0.6309573444801934, 0.6309573444801932, 0.01052005723075541]
[0.6309573444801932, 0.6309573444801932, 0.6309573444801932, 0.6309573444801932, 0.01066023893726604]
[0.6309573444801932, 0.6309573444801932, 0.6309573444801932, 0.6309573444801932, 0.01085180899087181]
[0.6309573444801932, 0.6309573444801931, 0.6309573444801932, 0.6309573444801932, 0.011079341226345326]
[0.6309573444801932, 0.6309573444801932, 0.6309573444801932, 0.6309573444801932, 0.011265053508134231]
[0.6309573444801932, 0.6309573444801932, 0.6309573444801932, 0.6309573444801932, 0.011436842313259494]
[0.6309573444801932, 0.6309573444801932, 0.6309573444801932, 0.6309573444801932, 0.011673083416153475]
[0.6309573444801932, 0.6309573444801932, 0.6309573444801932, 0.6309573444801932, 0.011948023308297617]
[0.6309573444801932, 0.6309573444801932, 0.6309573444801932, 0.6309573444801931, 0.6309573444801932, 0.007395712157438377]
[0.6309573444801932, 0.6309573444801934, 0.6309573444801932, 0.6309573444801932, 0.6309573444801932, 0.007392817750351733]
[0.6309573444801932, 0.6309573444801932, 0.6309573444801934, 0.6309573444801932, 0.6309573444801932, 0.007397926292160582]
[0.6309573444801932, 0.6309573444801932, 0.6309573444801932, 0.6309573444801932, 0.6309573444801932, 0.007400311486259709]
[0.6309573444801932, 0.6309573444801932, 0.6309573444801932, 0.6309573444801932, 0.6309573444801932, 0.007402697449378513]
[0.6309573444801934, 0.6309573444801932, 0.6309573444801932, 0.6309573444801932, 0.6309573444801932, 0.0074049136753634795]
[0.6309573444801932, 0.6309573444801932, 0.6309573444801932, 0.6309573444801932, 0.6309573444801932, 0.007399800308508013]
[0.6309573444801932, 0.6309573444801932, 0.6309573444801932, 0.6309573444801932, 0.6309573444801932, 0.007382441258260462]
[0.6309573444801934, 0.6309573444801931, 0.6309573444801932, 0.6309573444801932, 0.6309573444801932, 0.007358681396341007]
[0.6309573444801932, 0.6309573444801932, 0.6309573444801932, 0.6309573444801932, 0.6309573444801932, 0.0073368560794240915]
[0.6309573444801932, 0.6309573444801932, 0.6309573444801932, 0.6309573444801932, 0.6309573444801932, 0.010274296288945692]
[0.6309573444801932, 0.6309573444801932, 0.6309573444801932, 0.6309573444801932, 0.6309573444801932, 0.010393496387068575]
[0.6309573444801932, 0.6309573444801932, 0.6309573444801932, 0.6309573444801934, 0.6309573444801932, 0.01052005723075541]
[0.6309573444801932, 0.6309573444801932, 0.6309573444801932, 0.6309573444801932, 0.6309573444801932, 0.01066023893726604]
[0.6309573444801932, 0.6309573444801932, 0.6309573444801932, 0.6309573444801932, 0.6309573444801932, 0.01085180899087181]
[0.6309573444801932, 0.6309573444801932, 0.6309573444801931, 0.6309573444801932, 0.6309573444801932, 0.011079341226345326]
[0.6309573444801932, 0.6309573444801932, 0.6309573444801932, 0.6309573444801932, 0.6309573444801932, 0.011265053508134231]
[0.6309573444801932, 0.6309573444801932, 0.6309573444801932, 0.6309573444801932, 0.6309573444801932, 0.011436842313259494]
[0.6309573444801932, 0.6309573444801932, 0.6309573444801932, 0.6309573444801932, 0.6309573444801932, 0.011673083416153475]
[0.6309573444801932, 0.6309573444801932, 0.6309573444801932, 0.6309573444801932, 0.6309573444801932, 0.011948023308297617]
[0.6309573444801932, 0.6309573444801932, 0.6309573444801932, 0.6309573444801931, 0.6309573444801932, 0.6309573444801932, 0.0062947719367915655]
[0.6309573444801932, 0.6309573444801934, 0.6309573444801932, 0.6309573444801932, 0.6309573444801932, 0.6309573444801932, 0.00629230839682208]
[0.6309573444801932, 0.6309573444801932, 0.6309573444801934, 0.6309573444801932, 0.6309573444801932, 0.6309573444801932, 0.006296656471075339]
[0.6309573444801932, 0.6309573444801932, 0.6309573444801932, 0.6309573444801932, 0.6309573444801932, 0.6309573444801932, 0.006298686600501602]
[0.6309573444801932, 0.6309573444801932, 0.6309573444801932, 0.6309573444801932, 0.6309573444801932, 0.6309573444801932, 0.006300717384469764]
[0.6309573444801934, 0.6309573444801932, 0.6309573444801932, 0.6309573444801932, 0.6309573444801932, 0.6309573444801932, 0.006302603698706822]
[0.6309573444801932, 0.6309573444801932, 0.6309573444801932, 0.6309573444801932, 0.6309573444801932, 0.6309573444801932, 0.00629825151767285]
[0.6309573444801932, 0.6309573444801932, 0.6309573444801932, 0.6309573444801932, 0.6309573444801932, 0.6309573444801932, 0.006283476569700093]
[0.6309573444801934, 0.6309573444801931, 0.6309573444801932, 0.6309573444801932, 0.6309573444801932, 0.6309573444801932, 0.006263253647438009]
[0.6309573444801932, 0.6309573444801932, 0.6309573444801932, 0.6309573444801932, 0.6309573444801932, 0.6309573444801932, 0.006244677290014201]
[0.6309573444801932, 0.6309573444801932, 0.6309573444801932, 0.6309573444801932, 0.6309573444801932, 0.6309573444801932, 0.010274296288945692]
[0.6309573444801932, 0.6309573444801932, 0.6309573444801932, 0.6309573444801932, 0.6309573444801932, 0.6309573444801932, 0.010393496387068575]
[0.6309573444801934, 0.6309573444801932, 0.6309573444801932, 0.6309573444801932, 0.6309573444801934, 0.6309573444801932, 0.01052005723075541]
[0.6309573444801932, 0.6309573444801932, 0.6309573444801932, 0.6309573444801932, 0.6309573444801932, 0.6309573444801932, 0.01066023893726604]
[0.6309573444801932, 0.6309573444801932, 0.6309573444801932, 0.6309573444801932, 0.6309573444801932, 0.6309573444801932, 0.01085180899087181]
[0.6309573444801931, 0.6309573444801932, 0.6309573444801932, 0.6309573444801931, 0.6309573444801932, 0.6309573444801932, 0.011079341226345326]
[0.6309573444801932, 0.6309573444801932, 0.6309573444801932, 0.6309573444801932, 0.6309573444801932, 0.6309573444801932, 0.011265053508134231]
[0.6309573444801932, 0.6309573444801932, 0.6309573444801932, 0.6309573444801932, 0.6309573444801932, 0.6309573444801932, 0.011436842313259494]
[0.6309573444801931, 0.6309573444801932, 0.6309573444801932, 0.6309573444801932, 0.6309573444801932, 0.6309573444801932, 0.011673083416153475]
[0.6309573444801932, 0.6309573444801932, 0.6309573444801932, 0.6309573444801932, 0.6309573444801932, 0.6309573444801932, 0.011948023308297617]
[0.6309573444801932, 0.6309573444801932, 0.6309573444801932, 0.6309573444801932, 0.6309573444801932, 0.010274296288945692]
[0.6309573444801932, 0.6309573444801932, 0.6309573444801932, 0.6309573444801932, 0.6309573444801932, 0.010393496387068575]
[0.6309573444801932, 0.6309573444801932, 0.6309573444801932, 0.6309573444801934, 0.6309573444801932, 0.01052005723075541]
[0.6309573444801932, 0.6309573444801932, 0.6309573444801932, 0.6309573444801932, 0.6309573444801932, 0.01066023893726604]
[0.6309573444801932, 0.6309573444801932, 0.6309573444801932, 0.6309573444801932, 0.6309573444801932, 0.01085180899087181]
[0.6309573444801932, 0.6309573444801932, 0.6309573444801932, 0.6309573444801932, 0.6309573444801932, 0.011079341226345326]
[0.6309573444801932, 0.6309573444801932, 0.6309573444801932, 0.6309573444801932, 0.6309573444801932, 0.011265053508134231]
[0.6309573444801932, 0.6309573444801932, 0.6309573444801932, 0.6309573444801932, 0.6309573444801932, 0.011436842313259494]
[0.6309573444801932, 0.6309573444801932, 0.6309573444801932, 0.6309573444801932, 0.6309573444801932, 0.011673083416153475]
[0.6309573444801932, 0.6309573444801932, 0.6309573444801932, 0.6309573444801932, 0.6309573444801932, 0.011948023308297617]
[0.6309573444801932, 0.6309573444801932, 0.6309573444801932, 0.6309573444801932, 0.6309573444801932, 0.008744844387283193]
[0.6309573444801932, 0.6309573444801934, 0.6309573444801932, 0.6309573444801932, 0.6309573444801932, 0.008846300124953035]
[0.6309573444801932, 0.6309573444801932, 0.6309573444801934, 0.6309573444801931, 0.6309573444801932, 0.008954020873161885]
[0.6309573444801932, 0.6309573444801932, 0.6309573444801931, 0.6309573444801932, 0.6309573444801932, 0.009073334855833204]
[0.6309573444801932, 0.6309573444801932, 0.6309573444801932, 0.6309573444801932, 0.6309573444801932, 0.00923638741543754]
[0.6309573444801934, 0.6309573444801932, 0.6309573444801932, 0.6309573444801932, 0.6309573444801932, 0.009430048755966272]
[0.6309573444801932, 0.6309573444801932, 0.6309573444801932, 0.6309573444801932, 0.6309573444801932, 0.009588115543158167]
[0.6309573444801932, 0.6309573444801932, 0.6309573444801932, 0.6309573444801932, 0.6309573444801932, 0.009734331529737615]
[0.6309573444801934, 0.6309573444801931, 0.6309573444801932, 0.6309573444801932, 0.6309573444801932, 0.009935405318597565]
[0.6309573444801932, 0.6309573444801932, 0.6309573444801932, 0.6309573444801932, 0.6309573444801932, 0.010169417119020701]
[0.6309573444801932, 0.6309573444801932, 0.6309573444801932, 0.6309573444801932, 0.6309573444801932, 0.006902080178385959]
[0.6309573444801932, 0.6309573444801932, 0.6309573444801932, 0.6309573444801932, 0.6309573444801932, 0.006899378960524091]
[0.6309573444801932, 0.6309573444801932, 0.6309573444801932, 0.6309573444801932, 0.6309573444801932, 0.0069041465291380015]
[0.6309573444801932, 0.6309573444801932, 0.6309573444801932, 0.6309573444801932, 0.6309573444801932, 0.006906372521789246]
[0.6309573444801932, 0.6309573444801932, 0.6309573444801932, 0.6309573444801932, 0.6309573444801932, 0.0069085992321314136]
[0.6309573444801934, 0.6309573444801932, 0.6309573444801932, 0.6309573444801932, 0.6309573444801932, 0.006910667534563422]
[0.6309573444801932, 0.6309573444801932, 0.6309573444801932, 0.6309573444801932, 0.6309573444801932, 0.0069058954629540046]
[0.6309573444801932, 0.6309573444801932, 0.6309573444801932, 0.6309573444801932, 0.6309573444801932, 0.0068896950546527246]
[0.6309573444801934, 0.6309573444801932, 0.6309573444801932, 0.6309573444801932, 0.6309573444801932, 0.006867521061330053]
[0.6309573444801932, 0.6309573444801932, 0.6309573444801932, 0.6309573444801932, 0.6309573444801932, 0.006847152490451083]
[0.6309573444801932, 0.6309573444801932, 0.6309573444801932, 0.6309573444801932, 0.6309573444801932, 0.010274296288945692]
[0.6309573444801932, 0.6309573444801932, 0.6309573444801932, 0.6309573444801932, 0.6309573444801932, 0.010393496387068575]
[0.6309573444801932, 0.6309573444801932, 0.6309573444801932, 0.6309573444801932, 0.6309573444801932, 0.01052005723075541]
[0.6309573444801932, 0.6309573444801931, 0.6309573444801931, 0.6309573444801932, 0.6309573444801932, 0.01066023893726604]
[0.6309573444801932, 0.6309573444801932, 0.6309573444801931, 0.6309573444801932, 0.6309573444801932, 0.01085180899087181]
[0.6309573444801932, 0.6309573444801932, 0.6309573444801932, 0.6309573444801932, 0.6309573444801932, 0.011079341226345326]
[0.6309573444801932, 0.6309573444801932, 0.6309573444801932, 0.6309573444801932, 0.6309573444801932, 0.011265053508134231]
[0.6309573444801932, 0.6309573444801932, 0.6309573444801932, 0.6309573444801932, 0.6309573444801932, 0.011436842313259494]
[0.6309573444801932, 0.6309573444801932, 0.6309573444801932, 0.6309573444801932, 0.6309573444801932, 0.011673083416153475]
[0.6309573444801932, 0.6309573444801932, 0.6309573444801932, 0.6309573444801932, 0.6309573444801932, 0.011948023308297617]
[0.6309573444801932, 0.6309573444801932, 0.6309573444801932, 0.6309573444801932, 0.009811876782530688]
[0.6309573444801932, 0.6309573444801932, 0.6309573444801932, 0.6309573444801932, 0.00992571199249107]
[0.6309573444801931, 0.6309573444801932, 0.6309573444801934, 0.6309573444801932, 0.010046576659892616]
[0.6309573444801932, 0.6309573444801932, 0.6309573444801932, 0.6309573444801932, 0.0101804491503061]
[0.6309573444801932, 0.6309573444801932, 0.6309573444801932, 0.6309573444801932, 0.010363397131203338]
[0.6309573444801932, 0.6309573444801932, 0.6309573444801932, 0.6309573444801931, 0.010580688729161427]
[0.6309573444801932, 0.6309573444801931, 0.6309573444801932, 0.6309573444801932, 0.010758042581402958]
[0.6309573444801932, 0.6309573444801932, 0.6309573444801932, 0.6309573444801932, 0.010922099616659065]
[0.6309573444801932, 0.6309573444801932, 0.6309573444801932, 0.6309573444801932, 0.011147708118436345]
[0.6309573444801932, 0.6309573444801932, 0.6309573444801932, 0.6309573444801932, 0.011410273677035534]
[0.6309573444801932, 0.6309573444801932, 0.6309573444801932, 0.6309573444801932, 0.008351261555766615]
[0.6309573444801932, 0.6309573444801932, 0.6309573444801932, 0.6309573444801932, 0.008448151033050652]
[0.6309573444801931, 0.6309573444801932, 0.6309573444801934, 0.6309573444801932, 0.008551023548950785]
[0.6309573444801932, 0.6309573444801932, 0.6309573444801932, 0.6309573444801932, 0.008664967517810585]
[0.6309573444801932, 0.6309573444801932, 0.6309573444801932, 0.6309573444801932, 0.008820681503364547]
[0.6309573444801932, 0.6309573444801931, 0.6309573444801932, 0.6309573444801932, 0.009005626647768456]
[0.6309573444801932, 0.6309573444801932, 0.6309573444801932, 0.6309573444801932, 0.009156579257632943]
[0.6309573444801932, 0.6309573444801932, 0.6309573444801932, 0.6309573444801932, 0.009296214440774126]
[0.6309573444801932, 0.6309573444801932, 0.6309573444801932, 0.6309573444801932, 0.009488238418378614]
[0.6309573444801932, 0.6309573444801932, 0.6309573444801932, 0.6309573444801932, 0.00971171795282424]
[0.6309573444801932, 0.6309573444801932, 0.6309573444801932, 0.6309573444801931, 0.009976541190716209]
[0.6309573444801932, 0.6309573444801932, 0.6309573444801932, 0.6309573444801932, 0.009972636742989217]
[0.6309573444801931, 0.6309573444801932, 0.6309573444801934, 0.6309573444801932, 0.009979527976273524]
[0.6309573444801932, 0.6309573444801932, 0.6309573444801932, 0.6309573444801932, 0.009982745514581023]
[0.6309573444801932, 0.6309573444801932, 0.6309573444801932, 0.6309573444801932, 0.00998596409026752]
[0.6309573444801932, 0.6309573444801932, 0.6309573444801932, 0.6309573444801932, 0.009988953696860675]
[0.6309573444801932, 0.6309573444801931, 0.6309573444801932, 0.6309573444801932, 0.009982055954767578]
[0.6309573444801932, 0.6309573444801932, 0.6309573444801932, 0.6309573444801932, 0.009958639240306587]
[0.6309573444801932, 0.6309573444801932, 0.6309573444801932, 0.6309573444801932, 0.009926588068481738]
[0.6309573444801932, 0.6309573444801932, 0.6309573444801932, 0.6309573444801932, 0.009897146526060021]
[0.6309573444801932, 0.6309573444801932, 0.6309573444801932, 0.6309573444801932, 0.008351261555766615]
[0.6309573444801932, 0.6309573444801932, 0.6309573444801932, 0.6309573444801932, 0.008448151033050652]
[0.6309573444801932, 0.6309573444801932, 0.6309573444801934, 0.6309573444801932, 0.008551023548950785]
[0.6309573444801932, 0.6309573444801932, 0.6309573444801932, 0.6309573444801932, 0.008664967517810585]
[0.6309573444801932, 0.6309573444801932, 0.6309573444801932, 0.6309573444801932, 0.008820681503364547]
[0.6309573444801932, 0.6309573444801931, 0.6309573444801932, 0.6309573444801932, 0.009005626647768456]
[0.6309573444801932, 0.6309573444801932, 0.6309573444801932, 0.6309573444801932, 0.009156579257632943]
[0.6309573444801932, 0.6309573444801932, 0.6309573444801932, 0.6309573444801932, 0.009296214440774126]
[0.6309573444801932, 0.6309573444801932, 0.6309573444801932, 0.6309573444801932, 0.009488238418378614]
[0.6309573444801932, 0.6309573444801932, 0.6309573444801932, 0.6309573444801932, 0.00971171795282424]
[0.6309573444801932, 0.6309573444801932, 0.6309573444801932, 0.6309573444801931, 0.6309573444801932, 0.007395712157438377]
[0.6309573444801932, 0.6309573444801932, 0.6309573444801932, 0.6309573444801932, 0.6309573444801932, 0.007392817750351733]
[0.6309573444801931, 0.6309573444801932, 0.6309573444801934, 0.6309573444801932, 0.6309573444801932, 0.007397926292160582]
[0.6309573444801932, 0.6309573444801932, 0.6309573444801932, 0.6309573444801932, 0.6309573444801932, 0.007400311486259709]
[0.6309573444801932, 0.6309573444801932, 0.6309573444801932, 0.6309573444801932, 0.6309573444801932, 0.007402697449378513]
[0.6309573444801932, 0.6309573444801932, 0.6309573444801932, 0.6309573444801932, 0.6309573444801932, 0.0074049136753634795]
[0.6309573444801932, 0.6309573444801931, 0.6309573444801932, 0.6309573444801932, 0.6309573444801932, 0.007399800308508013]
[0.6309573444801932, 0.6309573444801932, 0.6309573444801932, 0.6309573444801932, 0.6309573444801932, 0.007382441258260462]
[0.6309573444801932, 0.6309573444801932, 0.6309573444801932, 0.6309573444801932, 0.6309573444801932, 0.007358681396341007]
[0.6309573444801932, 0.6309573444801932, 0.6309573444801932, 0.6309573444801932, 0.6309573444801932, 0.0073368560794240915]
[0.6309573444801932, 0.6309573444801932, 0.6309573444801932, 0.6309573444801932, 0.6309573444801932, 0.008351261555766615]
[0.6309573444801932, 0.6309573444801932, 0.6309573444801932, 0.6309573444801932, 0.6309573444801932, 0.008448151033050652]
[0.6309573444801932, 0.6309573444801932, 0.6309573444801932, 0.6309573444801934, 0.6309573444801932, 0.008551023548950785]
[0.6309573444801932, 0.6309573444801932, 0.6309573444801932, 0.6309573444801932, 0.6309573444801932, 0.008664967517810585]
[0.6309573444801932, 0.6309573444801932, 0.6309573444801932, 0.6309573444801932, 0.6309573444801932, 0.008820681503364547]
[0.6309573444801932, 0.6309573444801932, 0.6309573444801931, 0.6309573444801932, 0.6309573444801932, 0.009005626647768456]
[0.6309573444801932, 0.6309573444801932, 0.6309573444801932, 0.6309573444801932, 0.6309573444801932, 0.009156579257632943]
[0.6309573444801932, 0.6309573444801932, 0.6309573444801932, 0.6309573444801932, 0.6309573444801932, 0.009296214440774126]
[0.6309573444801932, 0.6309573444801932, 0.6309573444801932, 0.6309573444801932, 0.6309573444801932, 0.009488238418378614]
[0.6309573444801932, 0.6309573444801932, 0.6309573444801932, 0.6309573444801932, 0.6309573444801932, 0.00971171795282424]
[0.6309573444801932, 0.6309573444801932, 0.6309573444801932, 0.6309573444801932, 0.6309573444801932, 0.0062947719367915655]
[0.6309573444801932, 0.6309573444801932, 0.6309573444801932, 0.6309573444801932, 0.6309573444801932, 0.00629230839682208]
[0.6309573444801932, 0.6309573444801932, 0.6309573444801932, 0.6309573444801932, 0.6309573444801932, 0.006296656471075339]
[0.6309573444801932, 0.6309573444801932, 0.6309573444801932, 0.6309573444801932, 0.6309573444801932, 0.006298686600501602]
[0.6309573444801932, 0.6309573444801932, 0.6309573444801932, 0.6309573444801932, 0.6309573444801932, 0.006300717384469764]
[0.6309573444801932, 0.6309573444801932, 0.6309573444801932, 0.6309573444801932, 0.6309573444801934, 0.006302603698706823]
[0.6309573444801932, 0.6309573444801932, 0.6309573444801932, 0.6309573444801932, 0.6309573444801932, 0.00629825151767285]
[0.6309573444801932, 0.6309573444801932, 0.6309573444801932, 0.6309573444801932, 0.6309573444801932, 0.006283476569700093]
[0.6309573444801932, 0.6309573444801932, 0.6309573444801932, 0.6309573444801932, 0.6309573444801932, 0.006263253647438009]
[0.6309573444801932, 0.6309573444801932, 0.6309573444801932, 0.6309573444801932, 0.6309573444801932, 0.006244677290014201]
[0.6309573444801932, 0.6309573444801932, 0.00674496965234008]
[0.6309573444801932, 0.6309573444801932, 0.006742329921703552]
[0.6309573444801932, 0.6309573444801934, 0.0067469889672065264]
[0.6309573444801932, 0.6309573444801932, 0.006749164290078897]
[0.6309573444801932, 0.6309573444801932, 0.00675134031430555]
[0.6309573444801931, 0.6309573444801932, 0.006753361536426301]
[0.6309573444801932, 0.6309573444801932, 0.006748698090428513]
[0.6309573444801932, 0.6309573444801932, 0.0067328664484418215]
[0.6309573444801932, 0.6309573444801932, 0.006711197196829679]
[0.6309573444801932, 0.6309573444801932, 0.0066912922712290745]
[0.6309573444801932, 0.6309573444801932, 0.6309573444801932, 0.6309573444801932, 0.010446721091604659]
[0.6309573444801931, 0.6309573444801932, 0.6309573444801932, 0.6309573444801932, 0.010442632632925351]
[0.6309573444801932, 0.6309573444801932, 0.6309573444801932, 0.6309573444801934, 0.010449848640028628]
[0.6309573444801932, 0.6309573444801932, 0.6309573444801932, 0.6309573444801932, 0.010453217816244855]
[0.6309573444801932, 0.6309573444801932, 0.6309573444801932, 0.6309573444801932, 0.01045658807873025]
[0.6309573444801932, 0.6309573444801932, 0.6309573444801931, 0.6309573444801932, 0.010459718581141385]
[0.6309573444801934, 0.6309573444801932, 0.6309573444801931, 0.6309573444801932, 0.010452495758478609]
[0.6309573444801932, 0.6309573444801932, 0.6309573444801932, 0.6309573444801932, 0.010427975448264947]
[0.6309573444801932, 0.6309573444801932, 0.6309573444801932, 0.6309573444801932, 0.010394413751248666]
[0.6309573444801932, 0.6309573444801932, 0.6309573444801932, 0.6309573444801932, 0.010363584671680233]
[0.6309573444801932, 0.6309573444801932, 0.6309573444801932, 0.6309573444801932, 0.013151642652147208]
[0.6309573444801932, 0.6309573444801932, 0.6309573444801932, 0.6309573444801932, 0.013146495587620755]
[0.6309573444801932, 0.6309573444801934, 0.6309573444801932, 0.6309573444801932, 0.013155580002334756]
[0.6309573444801932, 0.6309573444801931, 0.6309573444801932, 0.6309573444801932, 0.01315982154389018]
[0.6309573444801932, 0.6309573444801932, 0.6309573444801932, 0.6309573444801932, 0.01316406445297746]
[0.6309573444801931, 0.6309573444801932, 0.6309573444801932, 0.6309573444801932, 0.01316800552201452]
[0.6309573444801932, 0.6309573444801932, 0.6309573444801932, 0.6309573444801932, 0.01315891252701947]
[0.6309573444801932, 0.6309573444801932, 0.6309573444801932, 0.6309573444801932, 0.013128043285386415]
[0.6309573444801932, 0.6309573444801935, 0.6309573444801932, 0.6309573444801932, 0.013085791612149683]
[0.6309573444801932, 0.6309573444801932, 0.6309573444801932, 0.6309573444801932, 0.013046980100458757]
[0.6309573444801932, 0.6309573444801932, 0.6309573444801932, 0.008351261555766615]
[0.6309573444801932, 0.6309573444801932, 0.6309573444801932, 0.008448151033050652]
[0.6309573444801932, 0.6309573444801932, 0.6309573444801932, 0.008551023548950785]
[0.6309573444801932, 0.6309573444801932, 0.6309573444801932, 0.008664967517810585]
[0.6309573444801932, 0.6309573444801932, 0.6309573444801932, 0.008820681503364547]
[0.6309573444801932, 0.6309573444801932, 0.6309573444801932, 0.009005626647768456]
[0.6309573444801932, 0.6309573444801932, 0.6309573444801932, 0.009156579257632943]
[0.6309573444801932, 0.6309573444801932, 0.6309573444801932, 0.009296214440774126]
[0.6309573444801932, 0.6309573444801932, 0.6309573444801932, 0.009488238418378614]
[0.6309573444801932, 0.6309573444801932, 0.6309573444801932, 0.00971171795282424]
[0.6309573444801932, 0.6309573444801932, 0.010758508955288449]
[0.6309573444801932, 0.6309573444801932, 0.010883326780963388]
[0.6309573444801932, 0.6309573444801932, 0.01101585225345328]
[0.6309573444801932, 0.6309573444801932, 0.011162640520255054]
[0.6309573444801932, 0.6309573444801932, 0.011363238992337293]
[0.6309573444801932, 0.6309573444801931, 0.011601494491703451]
[0.6309573444801932, 0.6309573444801932, 0.011795959123688289]
[0.6309573444801931, 0.6309573444801932, 0.011975844085770505]
[0.6309573444801932, 0.6309573444801932, 0.012223218888833822]
[0.6309573444801932, 0.6309573444801932, 0.012511116298895989]
[0.6309573444801932, 0.6309573444801932, 0.6309573444801932, 0.6309573444801932, 0.008351261555766615]
[0.6309573444801932, 0.6309573444801932, 0.6309573444801932, 0.6309573444801932, 0.008448151033050652]
[0.6309573444801932, 0.6309573444801932, 0.6309573444801934, 0.6309573444801932, 0.008551023548950785]
[0.6309573444801932, 0.6309573444801932, 0.6309573444801932, 0.6309573444801932, 0.008664967517810585]
[0.6309573444801932, 0.6309573444801932, 0.6309573444801932, 0.6309573444801932, 0.008820681503364547]
[0.6309573444801932, 0.6309573444801931, 0.6309573444801932, 0.6309573444801932, 0.009005626647768456]
[0.6309573444801932, 0.6309573444801932, 0.6309573444801932, 0.6309573444801932, 0.009156579257632943]
[0.6309573444801932, 0.6309573444801932, 0.6309573444801932, 0.6309573444801932, 0.009296214440774126]
[0.6309573444801932, 0.6309573444801932, 0.6309573444801932, 0.6309573444801932, 0.009488238418378614]
[0.6309573444801932, 0.6309573444801932, 0.6309573444801932, 0.6309573444801932, 0.00971171795282424]
[0.6309573444801932, 0.6309573444801932, 0.6309573444801932, 0.008744844387283193]
[0.6309573444801932, 0.6309573444801932, 0.6309573444801932, 0.008846300124953035]
[0.6309573444801932, 0.6309573444801932, 0.6309573444801934, 0.008954020873161887]
[0.6309573444801932, 0.6309573444801932, 0.6309573444801932, 0.009073334855833204]
[0.6309573444801932, 0.6309573444801932, 0.6309573444801932, 0.00923638741543754]
[0.6309573444801932, 0.6309573444801932, 0.6309573444801934, 0.009430048755966274]
[0.6309573444801932, 0.6309573444801932, 0.6309573444801932, 0.009588115543158167]
[0.6309573444801932, 0.6309573444801932, 0.6309573444801932, 0.009734331529737615]
[0.6309573444801932, 0.6309573444801932, 0.6309573444801931, 0.009935405318597563]
[0.6309573444801932, 0.6309573444801932, 0.6309573444801932, 0.010169417119020701]
[0.6309573444801932, 0.6309573444801932, 0.6309573444801932, 0.6309573444801931, 0.009976541190716209]
[0.6309573444801932, 0.6309573444801932, 0.6309573444801932, 0.6309573444801932, 0.009972636742989217]
[0.6309573444801932, 0.6309573444801932, 0.6309573444801932, 0.6309573444801932, 0.009979527976273524]
[0.6309573444801932, 0.6309573444801932, 0.6309573444801932, 0.6309573444801932, 0.009982745514581023]
[0.6309573444801932, 0.6309573444801932, 0.6309573444801932, 0.6309573444801932, 0.00998596409026752]
[0.6309573444801932, 0.6309573444801931, 0.6309573444801932, 0.6309573444801932, 0.009988953696860675]
[0.6309573444801932, 0.6309573444801931, 0.6309573444801932, 0.6309573444801932, 0.009982055954767578]
[0.6309573444801932, 0.6309573444801932, 0.6309573444801931, 0.6309573444801932, 0.009958639240306587]
[0.6309573444801932, 0.6309573444801932, 0.6309573444801932, 0.6309573444801932, 0.009926588068481738]
[0.6309573444801932, 0.6309573444801932, 0.6309573444801932, 0.6309573444801932, 0.009897146526060021]
[0.6309573444801932, 0.6309573444801932, 0.6309573444801932, 0.014092238997362049]
[0.6309573444801932, 0.6309573444801932, 0.6309573444801932, 0.014086723818356652]
[0.6309573444801932, 0.6309573444801932, 0.6309573444801932, 0.01409645794409949]
[0.6309573444801932, 0.6309573444801932, 0.6309573444801932, 0.01410100283776009]
[0.6309573444801932, 0.6309573444801932, 0.6309573444801932, 0.01410554919675748]
[0.6309573444801932, 0.6309573444801932, 0.6309573444801932, 0.014109772128313965]
[0.6309573444801932, 0.6309573444801932, 0.6309573444801932, 0.014100028808634337]
[0.6309573444801932, 0.6309573444801932, 0.6309573444801932, 0.014066951820286475]
[0.6309573444801932, 0.6309573444801932, 0.6309573444801932, 0.014021678336734724]
[0.6309573444801932, 0.6309573444801932, 0.6309573444801932, 0.013980091052692444]
[0.6309573444801932, 0.6309573444801932, 0.007395712157438377]
[0.6309573444801932, 0.6309573444801932, 0.007392817750351733]
[0.6309573444801932, 0.6309573444801932, 0.007397926292160582]
[0.6309573444801932, 0.6309573444801932, 0.007400311486259709]
[0.6309573444801932, 0.6309573444801932, 0.007402697449378513]
[0.6309573444801932, 0.6309573444801932, 0.0074049136753634795]
[0.6309573444801932, 0.6309573444801932, 0.007399800308508013]
[0.6309573444801932, 0.6309573444801932, 0.007382441258260462]
[0.6309573444801932, 0.6309573444801932, 0.007358681396341007]
[0.6309573444801932, 0.6309573444801932, 0.0073368560794240915]
[0.6309573444801932, 0.6309573444801932, 0.6309573444801932, 0.6309573444801932, 0.006633642849312854]
[0.6309573444801932, 0.6309573444801932, 0.6309573444801932, 0.6309573444801932, 0.00671060489676724]
[0.6309573444801932, 0.6309573444801932, 0.6309573444801932, 0.6309573444801932, 0.006792319440723838]
[0.6309573444801932, 0.6309573444801932, 0.6309573444801932, 0.6309573444801932, 0.0068828283523657205]
[0.6309573444801932, 0.6309573444801932, 0.6309573444801932, 0.6309573444801932, 0.00700651636763268]
[0.6309573444801932, 0.6309573444801932, 0.6309573444801932, 0.6309573444801932, 0.007153423517707866]
[0.6309573444801932, 0.6309573444801932, 0.6309573444801932, 0.6309573444801932, 0.007273329437828548]
[0.6309573444801932, 0.6309573444801932, 0.6309573444801932, 0.6309573444801932, 0.007384245606358484]
[0.6309573444801932, 0.6309573444801932, 0.6309573444801932, 0.6309573444801932, 0.007536775673513794]
[0.6309573444801932, 0.6309573444801932, 0.6309573444801932, 0.6309573444801932, 0.0077142917776069925]
[0.6309573444801932, 0.6309573444801932, 0.008744844387283193]
[0.6309573444801932, 0.6309573444801932, 0.008846300124953035]
[0.6309573444801931, 0.6309573444801932, 0.008954020873161885]
[0.6309573444801932, 0.6309573444801932, 0.009073334855833204]
[0.6309573444801932, 0.6309573444801932, 0.00923638741543754]
[0.6309573444801932, 0.6309573444801932, 0.009430048755966272]
[0.6309573444801932, 0.6309573444801932, 0.009588115543158167]
[0.6309573444801932, 0.6309573444801932, 0.009734331529737615]
[0.6309573444801932, 0.6309573444801932, 0.009935405318597565]
[0.6309573444801932, 0.6309573444801932, 0.010169417119020701]
[0.6309573444801932, 0.6309573444801932, 0.010758508955288449]
[0.6309573444801932, 0.6309573444801932, 0.010883326780963388]
[0.6309573444801932, 0.6309573444801932, 0.01101585225345328]
[0.6309573444801932, 0.6309573444801932, 0.011162640520255054]
[0.6309573444801932, 0.6309573444801932, 0.011363238992337293]
[0.6309573444801932, 0.6309573444801932, 0.011601494491703453]
[0.6309573444801932, 0.6309573444801932, 0.011795959123688289]
[0.6309573444801932, 0.6309573444801932, 0.011975844085770505]
[0.6309573444801932, 0.6309573444801932, 0.012223218888833822]
[0.6309573444801932, 0.6309573444801932, 0.012511116298895989]
[0.6309573444801932, 0.6309573444801932, 0.006335079739407889]
[0.6309573444801932, 0.6309573444801932, 0.006408577924131857]
[0.6309573444801932, 0.6309573444801932, 0.006486614707780531]
[0.6309573444801932, 0.6309573444801932, 0.006573050047367399]
[0.6309573444801932, 0.6309573444801932, 0.006691171184927051]
[0.6309573444801932, 0.6309573444801932, 0.006831466424082392]
[0.6309573444801932, 0.6309573444801932, 0.006945975688817722]
[0.6309573444801932, 0.6309573444801932, 0.007051899807433715]
[0.6309573444801932, 0.6309573444801934, 0.007197564890712389]
[0.6309573444801932, 0.6309573444801932, 0.007367091454020802]
[0.6309573444801932, 0.6309573444801932, 0.007227365195724184]
[0.6309573444801931, 0.6309573444801932, 0.007224536673386516]
[0.6309573444801932, 0.6309573444801932, 0.007229528930586932]
[0.6309573444801932, 0.6309573444801932, 0.007231859831039804]
[0.6309573444801932, 0.6309573444801932, 0.007234191483007327]
[0.6309573444801932, 0.6309573444801932, 0.007236357261529885]
[0.6309573444801934, 0.6309573444801932, 0.007231360289114322]
[0.6309573444801932, 0.6309573444801932, 0.007214396379091971]
[0.6309573444801932, 0.6309573444801932, 0.00719117735765951]
[0.6309573444801932, 0.6309573444801932, 0.007169848845609144]
[0.6309573444801932, 0.014092238997362049]
[0.6309573444801932, 0.014086723818356652]
[0.6309573444801932, 0.01409645794409949]
[0.6309573444801932, 0.01410100283776009]
[0.6309573444801932, 0.01410554919675748]
[0.6309573444801934, 0.014109772128313967]
[0.6309573444801932, 0.014100028808634337]
[0.6309573444801932, 0.014066951820286475]
[0.6309573444801934, 0.014021678336734726]
[0.6309573444801932, 0.013980091052692444]
[0.6309573444801932, 0.6309573444801932, 0.6309573444801932, 0.009811876782530688]
[0.6309573444801932, 0.6309573444801932, 0.6309573444801932, 0.00992571199249107]
[0.6309573444801934, 0.6309573444801932, 0.6309573444801932, 0.010046576659892616]
[0.6309573444801932, 0.6309573444801932, 0.6309573444801932, 0.0101804491503061]
[0.6309573444801932, 0.6309573444801932, 0.6309573444801932, 0.010363397131203338]
[0.6309573444801931, 0.6309573444801932, 0.6309573444801932, 0.010580688729161429]
[0.6309573444801932, 0.6309573444801932, 0.6309573444801932, 0.010758042581402958]
[0.6309573444801932, 0.6309573444801932, 0.6309573444801932, 0.010922099616659065]
[0.6309573444801931, 0.6309573444801932, 0.6309573444801932, 0.011147708118436345]
[0.6309573444801932, 0.6309573444801932, 0.6309573444801932, 0.011410273677035534]
[0.6309573444801932, 0.6309573444801932, 0.010446721091604659]
[0.6309573444801932, 0.6309573444801932, 0.010442632632925351]
[0.6309573444801934, 0.6309573444801932, 0.010449848640028627]
[0.6309573444801931, 0.6309573444801932, 0.010453217816244855]
[0.6309573444801932, 0.6309573444801932, 0.01045658807873025]
[0.6309573444801932, 0.6309573444801932, 0.010459718581141385]
[0.6309573444801932, 0.6309573444801932, 0.010452495758478609]
[0.6309573444801932, 0.6309573444801932, 0.010427975448264947]
[0.6309573444801935, 0.6309573444801932, 0.010394413751248666]
[0.6309573444801932, 0.6309573444801932, 0.010363584671680233]
[0.6309573444801932, 0.6309573444801932, 0.6309573444801931, 0.6309573444801932, 0.6309573444801932, 0.0062947719367915655]
[0.6309573444801932, 0.6309573444801932, 0.6309573444801932, 0.6309573444801932, 0.6309573444801932, 0.00629230839682208]
[0.6309573444801932, 0.6309573444801934, 0.6309573444801932, 0.6309573444801932, 0.6309573444801932, 0.006296656471075339]
[0.6309573444801932, 0.6309573444801932, 0.6309573444801932, 0.6309573444801932, 0.6309573444801932, 0.006298686600501602]
[0.6309573444801932, 0.6309573444801932, 0.6309573444801932, 0.6309573444801932, 0.6309573444801932, 0.006300717384469764]
[0.6309573444801932, 0.6309573444801932, 0.6309573444801932, 0.6309573444801932, 0.6309573444801932, 0.006302603698706822]
[0.6309573444801931, 0.6309573444801932, 0.6309573444801932, 0.6309573444801932, 0.6309573444801932, 0.00629825151767285]
[0.6309573444801932, 0.6309573444801932, 0.6309573444801932, 0.6309573444801932, 0.6309573444801932, 0.006283476569700093]
[0.6309573444801932, 0.6309573444801932, 0.6309573444801932, 0.6309573444801932, 0.6309573444801932, 0.006263253647438009]
[0.6309573444801932, 0.6309573444801932, 0.6309573444801932, 0.6309573444801932, 0.6309573444801932, 0.006244677290014201]
[0.6309573444801932, 0.6309573444801932, 0.6309573444801932, 0.6309573444801932, 0.6309573444801932, 0.009811876782530688]
[0.6309573444801932, 0.6309573444801932, 0.6309573444801932, 0.6309573444801932, 0.6309573444801932, 0.00992571199249107]
[0.6309573444801932, 0.6309573444801932, 0.6309573444801932, 0.6309573444801934, 0.6309573444801932, 0.010046576659892616]
[0.6309573444801932, 0.6309573444801932, 0.6309573444801932, 0.6309573444801932, 0.6309573444801932, 0.0101804491503061]
[0.6309573444801932, 0.6309573444801932, 0.6309573444801932, 0.6309573444801932, 0.6309573444801932, 0.010363397131203338]
[0.6309573444801932, 0.6309573444801932, 0.6309573444801932, 0.6309573444801932, 0.6309573444801931, 0.010580688729161427]
[0.6309573444801932, 0.6309573444801932, 0.6309573444801932, 0.6309573444801932, 0.6309573444801932, 0.010758042581402958]
[0.6309573444801932, 0.6309573444801932, 0.6309573444801932, 0.6309573444801932, 0.6309573444801932, 0.010922099616659065]
[0.6309573444801932, 0.6309573444801932, 0.6309573444801932, 0.6309573444801932, 0.6309573444801932, 0.011147708118436345]
[0.6309573444801932, 0.6309573444801932, 0.6309573444801932, 0.6309573444801932, 0.6309573444801932, 0.011410273677035534]
[0.6309573444801932, 0.6309573444801932, 0.6309573444801932, 0.6309573444801932, 0.006591435398484101]
[0.6309573444801932, 0.6309573444801932, 0.6309573444801932, 0.6309573444801932, 0.006588855755452788]
[0.6309573444801932, 0.6309573444801932, 0.6309573444801932, 0.6309573444801932, 0.006593408748132421]
[0.6309573444801932, 0.6309573444801932, 0.6309573444801932, 0.6309573444801932, 0.006595534554610898]
[0.6309573444801932, 0.6309573444801932, 0.6309573444801932, 0.6309573444801932, 0.006597661046478885]
[0.6309573444801932, 0.6309573444801932, 0.6309573444801932, 0.6309573444801932, 0.006599636259967102]
[0.6309573444801932, 0.6309573444801932, 0.6309573444801932, 0.6309573444801932, 0.006595078966960147]
[0.6309573444801932, 0.6309573444801932, 0.6309573444801932, 0.6309573444801932, 0.006579607697141904]
[0.6309573444801932, 0.6309573444801932, 0.6309573444801932, 0.6309573444801932, 0.006558431697916263]
[0.6309573444801932, 0.6309573444801932, 0.6309573444801932, 0.6309573444801932, 0.006538979863738996]
[0.6309573444801932, 0.6309573444801932, 0.00674496965234008]
[0.6309573444801932, 0.6309573444801932, 0.006742329921703552]
[0.6309573444801932, 0.6309573444801934, 0.0067469889672065264]
[0.6309573444801932, 0.6309573444801932, 0.006749164290078897]
[0.6309573444801932, 0.6309573444801932, 0.00675134031430555]
[0.6309573444801932, 0.6309573444801932, 0.006753361536426301]
[0.6309573444801932, 0.6309573444801932, 0.006748698090428513]
[0.6309573444801932, 0.6309573444801932, 0.0067328664484418215]
[0.6309573444801932, 0.6309573444801932, 0.006711197196829679]
[0.6309573444801932, 0.6309573444801932, 0.0066912922712290745]
[0.6309573444801932, 0.6309573444801932, 0.6309573444801932, 0.6309573444801932, 0.010274296288945692]
[0.6309573444801932, 0.6309573444801932, 0.6309573444801932, 0.6309573444801932, 0.010393496387068575]
[0.6309573444801932, 0.6309573444801932, 0.6309573444801934, 0.6309573444801932, 0.01052005723075541]
[0.6309573444801932, 0.6309573444801932, 0.6309573444801932, 0.6309573444801932, 0.01066023893726604]
[0.6309573444801932, 0.6309573444801932, 0.6309573444801932, 0.6309573444801932, 0.01085180899087181]
[0.6309573444801932, 0.6309573444801931, 0.6309573444801932, 0.6309573444801932, 0.011079341226345326]
[0.6309573444801932, 0.6309573444801932, 0.6309573444801932, 0.6309573444801932, 0.011265053508134231]
[0.6309573444801931, 0.6309573444801932, 0.6309573444801932, 0.6309573444801932, 0.011436842313259494]
[0.6309573444801932, 0.6309573444801932, 0.6309573444801932, 0.6309573444801932, 0.011673083416153475]
[0.6309573444801932, 0.6309573444801932, 0.6309573444801932, 0.6309573444801932, 0.011948023308297617]
[0.6309573444801932, 0.6309573444801932, 0.6309573444801932, 0.007227365195724184]
[0.6309573444801932, 0.6309573444801932, 0.6309573444801932, 0.007224536673386516]
[0.6309573444801932, 0.6309573444801934, 0.6309573444801931, 0.007229528930586931]
[0.6309573444801932, 0.6309573444801931, 0.6309573444801932, 0.007231859831039804]
[0.6309573444801932, 0.6309573444801932, 0.6309573444801932, 0.007234191483007327]
[0.6309573444801932, 0.6309573444801932, 0.6309573444801932, 0.007236357261529885]
[0.6309573444801931, 0.6309573444801932, 0.6309573444801932, 0.007231360289114322]
[0.6309573444801932, 0.6309573444801932, 0.6309573444801932, 0.007214396379091971]
[0.6309573444801932, 0.6309573444801935, 0.6309573444801932, 0.00719117735765951]
[0.6309573444801932, 0.6309573444801932, 0.6309573444801932, 0.008351261555766615]
[0.6309573444801932, 0.6309573444801932, 0.6309573444801932, 0.008448151033050652]
[0.6309573444801932, 0.6309573444801934, 0.6309573444801932, 0.008551023548950785]
[0.6309573444801932, 0.6309573444801932, 0.6309573444801932, 0.008664967517810585]
[0.6309573444801932, 0.6309573444801932, 0.6309573444801932, 0.008820681503364547]
[0.6309573444801931, 0.6309573444801932, 0.6309573444801932, 0.009005626647768456]
[0.6309573444801932, 0.6309573444801932, 0.6309573444801932, 0.009156579257632943]
[0.6309573444801932, 0.6309573444801932, 0.6309573444801932, 0.009296214440774126]
[0.6309573444801932, 0.6309573444801932, 0.6309573444801932, 0.009488238418378614]
[0.6309573444801932, 0.6309573444801932, 0.6309573444801932, 0.00971171795282424]
[0.6309573444801932, 0.6309573444801932, 0.008351261555766615]
[0.6309573444801932, 0.6309573444801932, 0.008448151033050652]
[0.6309573444801932, 0.6309573444801932, 0.008551023548950785]
[0.6309573444801931, 0.6309573444801932, 0.008664967517810585]
[0.6309573444801931, 0.6309573444801932, 0.008820681503364547]
[0.6309573444801932, 0.6309573444801932, 0.009005626647768456]
[0.6309573444801932, 0.6309573444801932, 0.009156579257632943]
[0.6309573444801932, 0.6309573444801932, 0.009296214440774126]
[0.6309573444801932, 0.6309573444801932, 0.009488238418378614]
[0.6309573444801932, 0.6309573444801932, 0.00971171795282424]
[0.6309573444801932, 0.6309573444801932, 0.6309573444801932, 0.006591435398484101]
[0.6309573444801932, 0.6309573444801932, 0.6309573444801932, 0.006588855755452788]
[0.6309573444801934, 0.6309573444801932, 0.6309573444801932, 0.006593408748132421]
[0.6309573444801932, 0.6309573444801932, 0.6309573444801932, 0.006595534554610898]
[0.6309573444801932, 0.6309573444801932, 0.6309573444801932, 0.006597661046478885]
[0.6309573444801934, 0.6309573444801932, 0.6309573444801932, 0.006599636259967102]
[0.6309573444801932, 0.6309573444801932, 0.6309573444801932, 0.006595078966960147]
[0.6309573444801932, 0.6309573444801932, 0.6309573444801932, 0.006579607697141904]
[0.6309573444801931, 0.6309573444801932, 0.6309573444801932, 0.006558431697916263]
[0.6309573444801932, 0.6309573444801932, 0.6309573444801932, 0.006538979863738996]
[0.6309573444801932, 0.6309573444801932, 0.013151642652147208]
[0.6309573444801932, 0.6309573444801932, 0.013146495587620755]
[0.6309573444801932, 0.6309573444801932, 0.013155580002334756]
[0.6309573444801931, 0.6309573444801931, 0.013159821543890178]
[0.6309573444801932, 0.6309573444801931, 0.013164064452977459]
[0.6309573444801932, 0.6309573444801932, 0.01316800552201452]
[0.6309573444801932, 0.6309573444801932, 0.01315891252701947]
[0.6309573444801932, 0.6309573444801932, 0.013128043285386415]
[0.6309573444801932, 0.6309573444801932, 0.013085791612149683]
[0.6309573444801932, 0.6309573444801932, 0.013046980100458757]
[0.6309573444801932, 0.6309573444801932, 0.6309573444801932, 0.006482642702875878]
[0.6309573444801932, 0.6309573444801932, 0.6309573444801932, 0.006557852880249272]
[0.6309573444801932, 0.6309573444801932, 0.6309573444801932, 0.00663770737409709]
[0.6309573444801932, 0.6309573444801932, 0.6309573444801932, 0.006726156051381738]
[0.6309573444801932, 0.6309573444801932, 0.6309573444801932, 0.006847028583686762]
[0.6309573444801932, 0.6309573444801932, 0.6309573444801932, 0.006990591718764774]
[0.6309573444801932, 0.6309573444801932, 0.6309573444801932, 0.007107768246919659]
[0.6309573444801932, 0.6309573444801932, 0.6309573444801932, 0.00721615965521292]
[0.6309573444801932, 0.6309573444801932, 0.6309573444801932, 0.007365217714151979]
[0.6309573444801932, 0.6309573444801932, 0.6309573444801932, 0.007538693058390918]
[0.6309573444801932, 0.6309573444801932, 0.6309573444801932, 0.6309573444801932, 0.009811876782530688]
[0.6309573444801932, 0.6309573444801932, 0.6309573444801932, 0.6309573444801932, 0.00992571199249107]
[0.6309573444801931, 0.6309573444801932, 0.6309573444801934, 0.6309573444801932, 0.010046576659892616]
[0.6309573444801932, 0.6309573444801932, 0.6309573444801932, 0.6309573444801932, 0.0101804491503061]
[0.6309573444801932, 0.6309573444801932, 0.6309573444801932, 0.6309573444801932, 0.010363397131203338]
[0.6309573444801932, 0.6309573444801932, 0.6309573444801932, 0.6309573444801931, 0.010580688729161427]
[0.6309573444801932, 0.6309573444801931, 0.6309573444801932, 0.6309573444801932, 0.010758042581402958]
[0.6309573444801932, 0.6309573444801932, 0.6309573444801932, 0.6309573444801932, 0.010922099616659065]
[0.6309573444801932, 0.6309573444801932, 0.6309573444801932, 0.6309573444801932, 0.011147708118436345]
[0.6309573444801932, 0.6309573444801932, 0.6309573444801932, 0.6309573444801932, 0.011410273677035534]
[0.6309573444801932, 0.6309573444801932, 0.6309573444801932, 0.006482642702875878]
[0.6309573444801932, 0.6309573444801932, 0.6309573444801932, 0.006557852880249272]
[0.6309573444801931, 0.6309573444801932, 0.6309573444801934, 0.006637707374097091]
[0.6309573444801932, 0.6309573444801932, 0.6309573444801931, 0.006726156051381737]
[0.6309573444801932, 0.6309573444801932, 0.6309573444801932, 0.006847028583686762]
[0.6309573444801932, 0.6309573444801932, 0.6309573444801932, 0.006990591718764774]
[0.6309573444801932, 0.6309573444801931, 0.6309573444801932, 0.007107768246919659]
[0.6309573444801932, 0.6309573444801932, 0.6309573444801932, 0.00721615965521292]
[0.6309573444801932, 0.6309573444801932, 0.6309573444801935, 0.007365217714151982]
[0.6309573444801932, 0.6309573444801932, 0.6309573444801932, 0.007538693058390918]
[0.6309573444801932, 0.6309573444801932, 0.6309573444801932, 0.6309573444801932, 0.00997654119071621]
[0.6309573444801932, 0.6309573444801932, 0.6309573444801932, 0.6309573444801932, 0.009972636742989217]
[0.6309573444801932, 0.6309573444801932, 0.6309573444801934, 0.6309573444801932, 0.009979527976273524]
[0.6309573444801932, 0.6309573444801932, 0.6309573444801932, 0.6309573444801932, 0.009982745514581023]
[0.6309573444801932, 0.6309573444801932, 0.6309573444801932, 0.6309573444801932, 0.00998596409026752]
[0.6309573444801932, 0.6309573444801934, 0.6309573444801931, 0.6309573444801932, 0.009988953696860675]
[0.6309573444801932, 0.6309573444801932, 0.6309573444801932, 0.6309573444801932, 0.009982055954767578]
[0.6309573444801932, 0.6309573444801932, 0.6309573444801932, 0.6309573444801932, 0.009958639240306587]
[0.6309573444801932, 0.6309573444801932, 0.6309573444801931, 0.6309573444801932, 0.009926588068481738]
[0.6309573444801932, 0.6309573444801932, 0.6309573444801932, 0.6309573444801932, 0.009897146526060021]
[0.6309573444801932, 0.6309573444801932, 0.6309573444801932, 0.009811876782530688]
[0.6309573444801934, 0.6309573444801932, 0.6309573444801932, 0.00992571199249107]
[0.6309573444801932, 0.6309573444801934, 0.6309573444801932, 0.010046576659892616]
[0.6309573444801932, 0.6309573444801932, 0.6309573444801932, 0.0101804491503061]
[0.6309573444801932, 0.6309573444801932, 0.6309573444801932, 0.010363397131203338]
[0.6309573444801932, 0.6309573444801932, 0.6309573444801931, 0.010580688729161427]
[0.6309573444801932, 0.6309573444801932, 0.6309573444801932, 0.010758042581402958]
[0.6309573444801932, 0.6309573444801932, 0.6309573444801932, 0.010922099616659065]
[0.6309573444801932, 0.6309573444801932, 0.6309573444801932, 0.011147708118436345]
[0.6309573444801932, 0.6309573444801932, 0.6309573444801932, 0.011410273677035534]
[0.6309573444801932, 0.6309573444801932, 0.008744844387283193]
[0.6309573444801932, 0.6309573444801932, 0.008846300124953035]
[0.6309573444801931, 0.6309573444801932, 0.008954020873161885]
[0.6309573444801932, 0.6309573444801932, 0.009073334855833204]
[0.6309573444801932, 0.6309573444801932, 0.00923638741543754]
[0.6309573444801932, 0.6309573444801932, 0.009430048755966272]
[0.6309573444801932, 0.6309573444801932, 0.009588115543158167]
[0.6309573444801932, 0.6309573444801932, 0.009734331529737615]
[0.6309573444801932, 0.6309573444801932, 0.009935405318597565]
[0.6309573444801932, 0.6309573444801932, 0.010169417119020701]
[0.6309573444801932, 0.6309573444801932, 0.6309573444801932, 0.6309573444801932, 0.009811876782530688]
[0.6309573444801932, 0.6309573444801932, 0.6309573444801932, 0.6309573444801932, 0.00992571199249107]
[0.6309573444801932, 0.6309573444801932, 0.6309573444801932, 0.6309573444801932, 0.010046576659892616]
[0.6309573444801932, 0.6309573444801932, 0.6309573444801932, 0.6309573444801932, 0.0101804491503061]
[0.6309573444801932, 0.6309573444801932, 0.6309573444801932, 0.6309573444801932, 0.010363397131203338]
[0.6309573444801932, 0.6309573444801931, 0.6309573444801932, 0.6309573444801931, 0.010580688729161427]
[0.6309573444801932, 0.6309573444801931, 0.6309573444801932, 0.6309573444801932, 0.010758042581402958]
[0.6309573444801932, 0.6309573444801932, 0.6309573444801931, 0.6309573444801932, 0.010922099616659065]
[0.6309573444801932, 0.6309573444801932, 0.6309573444801932, 0.6309573444801932, 0.011147708118436345]
[0.6309573444801932, 0.6309573444801932, 0.6309573444801932, 0.6309573444801932, 0.011410273677035534]
[0.6309573444801932, 0.6309573444801932, 0.6309573444801932, 0.6309573444801932, 0.010274296288945692]
[0.6309573444801932, 0.6309573444801932, 0.6309573444801932, 0.6309573444801932, 0.010393496387068575]
[0.6309573444801932, 0.6309573444801932, 0.6309573444801934, 0.6309573444801932, 0.01052005723075541]
[0.6309573444801932, 0.6309573444801932, 0.6309573444801932, 0.6309573444801932, 0.01066023893726604]
[0.6309573444801932, 0.6309573444801932, 0.6309573444801932, 0.6309573444801932, 0.01085180899087181]
[0.6309573444801932, 0.6309573444801932, 0.6309573444801932, 0.6309573444801932, 0.011079341226345326]
[0.6309573444801932, 0.6309573444801932, 0.6309573444801932, 0.6309573444801932, 0.011265053508134231]
[0.6309573444801932, 0.6309573444801932, 0.6309573444801932, 0.6309573444801932, 0.011436842313259494]
[0.6309573444801932, 0.6309573444801932, 0.6309573444801932, 0.6309573444801932, 0.011673083416153475]
[0.6309573444801932, 0.6309573444801932, 0.6309573444801932, 0.6309573444801932, 0.011948023308297617]
[0.6309573444801932, 0.6309573444801932, 0.6309573444801932, 0.010446721091604659]
[0.6309573444801932, 0.6309573444801932, 0.6309573444801932, 0.010442632632925351]
[0.6309573444801932, 0.6309573444801932, 0.6309573444801932, 0.010449848640028627]
[0.6309573444801932, 0.6309573444801932, 0.6309573444801932, 0.010453217816244855]
[0.6309573444801932, 0.6309573444801932, 0.6309573444801932, 0.01045658807873025]
[0.6309573444801932, 0.6309573444801932, 0.6309573444801932, 0.010459718581141385]
[0.6309573444801932, 0.6309573444801932, 0.6309573444801932, 0.010452495758478609]
[0.6309573444801932, 0.6309573444801932, 0.6309573444801932, 0.010427975448264947]
[0.6309573444801932, 0.6309573444801932, 0.6309573444801932, 0.010394413751248666]
[0.6309573444801932, 0.6309573444801932, 0.6309573444801932, 0.010363584671680233]
[0.6309573444801932, 0.6309573444801932, 0.6309573444801932, 0.006591435398484101]
[0.6309573444801932, 0.6309573444801932, 0.6309573444801932, 0.006588855755452788]
[0.6309573444801932, 0.6309573444801932, 0.6309573444801932, 0.006593408748132421]
[0.6309573444801932, 0.6309573444801932, 0.6309573444801932, 0.006595534554610898]
[0.6309573444801932, 0.6309573444801932, 0.6309573444801932, 0.006597661046478885]
[0.6309573444801932, 0.6309573444801932, 0.6309573444801932, 0.006599636259967102]
[0.6309573444801932, 0.6309573444801931, 0.6309573444801932, 0.006595078966960147]
[0.6309573444801932, 0.6309573444801932, 0.6309573444801932, 0.006579607697141904]
[0.6309573444801932, 0.6309573444801932, 0.6309573444801932, 0.006558431697916263]
[0.6309573444801932, 0.6309573444801932, 0.6309573444801932, 0.006538979863738996]
[0.6309573444801932, 0.6309573444801932, 0.6309573444801932, 0.6309573444801932, 0.010758508955288449]
[0.6309573444801931, 0.6309573444801932, 0.6309573444801932, 0.6309573444801932, 0.010883326780963388]
[0.6309573444801932, 0.6309573444801932, 0.6309573444801932, 0.6309573444801932, 0.01101585225345328]
[0.6309573444801932, 0.6309573444801932, 0.6309573444801932, 0.6309573444801932, 0.011162640520255054]
[0.6309573444801932, 0.6309573444801932, 0.6309573444801932, 0.6309573444801932, 0.011363238992337293]
[0.6309573444801932, 0.6309573444801932, 0.6309573444801932, 0.6309573444801932, 0.011601494491703453]
[0.6309573444801934, 0.6309573444801932, 0.6309573444801932, 0.6309573444801932, 0.011795959123688289]
[0.6309573444801932, 0.6309573444801932, 0.6309573444801932, 0.6309573444801932, 0.011975844085770505]
[0.6309573444801932, 0.6309573444801932, 0.6309573444801932, 0.6309573444801932, 0.012223218888833822]
[0.6309573444801932, 0.6309573444801932, 0.6309573444801932, 0.6309573444801932, 0.012511116298895989]
[0.6309573444801932, 0.6309573444801932, 0.6309573444801932, 0.006902080178385959]
[0.6309573444801932, 0.6309573444801932, 0.6309573444801932, 0.006899378960524091]
[0.6309573444801931, 0.6309573444801932, 0.6309573444801932, 0.0069041465291380015]
[0.6309573444801932, 0.6309573444801932, 0.6309573444801932, 0.006906372521789246]
[0.6309573444801932, 0.6309573444801932, 0.6309573444801932, 0.0069085992321314136]
[0.6309573444801932, 0.6309573444801932, 0.6309573444801932, 0.006910667534563422]
[0.6309573444801932, 0.6309573444801932, 0.6309573444801932, 0.0069058954629540046]
[0.6309573444801932, 0.6309573444801932, 0.6309573444801932, 0.0068896950546527246]
[0.6309573444801932, 0.6309573444801932, 0.6309573444801932, 0.006867521061330053]
[0.6309573444801932, 0.6309573444801932, 0.6309573444801932, 0.006847152490451083]
[0.6309573444801932, 0.6309573444801932, 0.0069462768050892]
[0.6309573444801932, 0.6309573444801932, 0.0070268659620951355]
[0.6309573444801932, 0.6309573444801932, 0.00711243159386305]
[0.6309573444801932, 0.6309573444801932, 0.007207206059096282]
[0.6309573444801932, 0.6309573444801932, 0.007336723310934071]
[0.6309573444801932, 0.6309573444801932, 0.007490553981690596]
[0.6309573444801932, 0.6309573444801932, 0.0076161108937292735]
[0.6309573444801932, 0.6309573444801932, 0.0077322543802373946]
[0.6309573444801932, 0.6309573444801932, 0.00789197296799184]
[0.6309573444801932, 0.6309573444801932, 0.008077855148326603]
[0.6309573444801932, 0.6309573444801932, 0.006902080178385959]
[0.6309573444801932, 0.6309573444801932, 0.006899378960524091]
[0.6309573444801932, 0.6309573444801932, 0.0069041465291380015]
[0.6309573444801932, 0.6309573444801932, 0.006906372521789246]
[0.6309573444801932, 0.6309573444801932, 0.0069085992321314136]
[0.6309573444801932, 0.6309573444801932, 0.006910667534563422]
[0.6309573444801932, 0.6309573444801932, 0.0069058954629540046]
[0.6309573444801932, 0.6309573444801932, 0.0068896950546527246]
[0.6309573444801932, 0.6309573444801932, 0.006867521061330053]
[0.6309573444801932, 0.6309573444801932, 0.006847152490451083]
[0.6309573444801932, 0.6309573444801932, 0.007395712157438377]
[0.6309573444801932, 0.6309573444801932, 0.007392817750351733]
[0.6309573444801932, 0.6309573444801932, 0.007397926292160582]
[0.6309573444801932, 0.6309573444801932, 0.007400311486259709]
[0.6309573444801932, 0.6309573444801932, 0.007402697449378513]
[0.6309573444801931, 0.6309573444801932, 0.0074049136753634795]
[0.6309573444801931, 0.6309573444801932, 0.007399800308508013]
[0.6309573444801932, 0.6309573444801932, 0.007382441258260462]
[0.6309573444801932, 0.6309573444801932, 0.007358681396341007]
[0.6309573444801932, 0.6309573444801932, 0.0073368560794240915]
[0.6309573444801932, 0.6309573444801932, 0.008744844387283193]
[0.6309573444801932, 0.6309573444801932, 0.008846300124953035]
[0.6309573444801932, 0.6309573444801932, 0.008954020873161885]
[0.6309573444801932, 0.6309573444801932, 0.009073334855833204]
[0.6309573444801932, 0.6309573444801932, 0.00923638741543754]
[0.6309573444801932, 0.6309573444801932, 0.009430048755966272]
[0.6309573444801932, 0.6309573444801932, 0.009588115543158167]
[0.6309573444801932, 0.6309573444801932, 0.009734331529737615]
[0.6309573444801932, 0.6309573444801932, 0.009935405318597565]
[0.6309573444801932, 0.6309573444801932, 0.010169417119020701]
[0.6309573444801932, 0.6309573444801932, 0.6309573444801932, 0.6309573444801932, 0.014092238997362049]
[0.6309573444801932, 0.6309573444801932, 0.6309573444801932, 0.6309573444801932, 0.014086723818356652]
[0.6309573444801932, 0.6309573444801932, 0.6309573444801932, 0.6309573444801934, 0.014096457944099491]
[0.6309573444801932, 0.6309573444801932, 0.6309573444801932, 0.6309573444801932, 0.01410100283776009]
[0.6309573444801932, 0.6309573444801932, 0.6309573444801932, 0.6309573444801932, 0.01410554919675748]
[0.6309573444801932, 0.6309573444801932, 0.6309573444801931, 0.6309573444801932, 0.014109772128313965]
[0.6309573444801932, 0.6309573444801932, 0.6309573444801932, 0.6309573444801932, 0.014100028808634337]
[0.6309573444801932, 0.6309573444801932, 0.6309573444801932, 0.6309573444801932, 0.014066951820286475]
[0.6309573444801932, 0.6309573444801932, 0.6309573444801932, 0.6309573444801932, 0.014021678336734724]
[0.6309573444801932, 0.6309573444801932, 0.6309573444801932, 0.6309573444801932, 0.013980091052692444]
[0.6309573444801932, 0.6309573444801932, 0.006335079739407889]
[0.6309573444801932, 0.6309573444801932, 0.006408577924131857]
[0.6309573444801932, 0.6309573444801932, 0.006486614707780531]
[0.6309573444801932, 0.6309573444801932, 0.006573050047367399]
[0.6309573444801932, 0.6309573444801932, 0.006691171184927051]
[0.6309573444801932, 0.6309573444801932, 0.006831466424082392]
[0.6309573444801932, 0.6309573444801932, 0.006945975688817722]
[0.6309573444801932, 0.6309573444801932, 0.007051899807433715]
[0.6309573444801932, 0.6309573444801934, 0.007197564890712389]
[0.6309573444801932, 0.6309573444801932, 0.007367091454020802]
[0.6309573444801932, 0.6309573444801932, 0.0069462768050892]
[0.6309573444801932, 0.6309573444801932, 0.0070268659620951355]
[0.6309573444801932, 0.6309573444801932, 0.00711243159386305]
[0.6309573444801932, 0.6309573444801932, 0.007207206059096282]
[0.6309573444801932, 0.6309573444801932, 0.007336723310934071]
[0.6309573444801932, 0.6309573444801932, 0.007490553981690596]
[0.6309573444801932, 0.6309573444801932, 0.0076161108937292735]
[0.6309573444801932, 0.6309573444801931, 0.007732254380237393]
[0.6309573444801932, 0.6309573444801932, 0.00789197296799184]
[0.6309573444801932, 0.6309573444801932, 0.008077855148326603]
[0.6309573444801932, 0.6309573444801932, 0.010758508955288449]
[0.6309573444801932, 0.6309573444801932, 0.010883326780963388]
[0.6309573444801932, 0.6309573444801932, 0.01101585225345328]
[0.6309573444801932, 0.6309573444801932, 0.011162640520255054]
[0.6309573444801932, 0.6309573444801932, 0.011363238992337293]
[0.6309573444801932, 0.6309573444801931, 0.011601494491703451]
[0.6309573444801932, 0.6309573444801932, 0.011795959123688289]
[0.6309573444801932, 0.6309573444801932, 0.011975844085770505]
[0.6309573444801932, 0.6309573444801932, 0.012223218888833822]
[0.6309573444801932, 0.6309573444801932, 0.012511116298895989]
[0.6309573444801932, 0.6309573444801932, 0.6309573444801932, 0.007227365195724184]
[0.6309573444801932, 0.6309573444801932, 0.6309573444801932, 0.007224536673386516]
[0.6309573444801931, 0.6309573444801932, 0.6309573444801932, 0.007229528930586932]
[0.6309573444801932, 0.6309573444801932, 0.6309573444801932, 0.007231859831039804]
[0.6309573444801932, 0.6309573444801932, 0.6309573444801932, 0.007234191483007327]
[0.6309573444801932, 0.6309573444801932, 0.6309573444801932, 0.007236357261529885]
[0.6309573444801932, 0.6309573444801932, 0.6309573444801932, 0.007231360289114322]
[0.6309573444801932, 0.6309573444801932, 0.6309573444801932, 0.007214396379091971]
[0.6309573444801932, 0.6309573444801932, 0.6309573444801932, 0.00719117735765951]
[0.6309573444801932, 0.6309573444801932, 0.6309573444801932, 0.007169848845609144]
[0.6309573444801932, 0.6309573444801932, 0.6309573444801932, 0.006335079739407889]
[0.6309573444801932, 0.6309573444801932, 0.6309573444801932, 0.006408577924131857]
[0.6309573444801932, 0.6309573444801932, 0.6309573444801932, 0.006486614707780531]
[0.6309573444801932, 0.6309573444801932, 0.6309573444801932, 0.006573050047367399]
[0.6309573444801932, 0.6309573444801932, 0.6309573444801932, 0.006691171184927051]
[0.6309573444801932, 0.6309573444801932, 0.6309573444801932, 0.006831466424082392]
[0.6309573444801931, 0.6309573444801932, 0.6309573444801932, 0.006945975688817722]
[0.6309573444801932, 0.6309573444801932, 0.6309573444801932, 0.007051899807433715]
[0.6309573444801932, 0.6309573444801932, 0.6309573444801934, 0.007197564890712389]
[0.6309573444801932, 0.6309573444801932, 0.6309573444801932, 0.007367091454020802]
