1	16.0	14
3	16.0	14
5	15.0	14
7	15.0	14
9	15.0	15
11	15.0	13
13	16.0	15
15	16.0	15
17	16.0	14
19      16.0    14
21      15.0    15
23      15.0    14
25      16.0    15
27      16.0    15
29      16.0    16
31      16.0    15
33      16.0    15
35      17.0    17
37      17.0    16
39      16.0    14
41      16.0    15
43      16.0    15
45      16.0    15
47      16.0    15
49      16.0    16
51      16.0    14
53      16.0    15
55      15.0    15
57      15.0    15
59      15.0    15
61      15.0    14
63      16.0    15
65      16.0    15
67      16.0    15
69      16.0    15
71      15.0    15
73      15.0    15
75      15.0    14
77      15.0    13
79      15.0    15
81      15.0    14
83      15.0    14
85      15.0    14
87      16.0    14
89      16.0    14
91      16.0    14
93      16.0    14
95      15.0    14
97      15.0    14
99      15.0    14
