[182.16078616178515, 110.9863671625148, 71.69444724348794, 48.640754744399096, 40.222151814724214, 40.222151814724214]
[310.3408764981114, 112.4951166094159, 72.37928049403666, 56.26672858024552, 40.247039348939865, 40.247039348939865]
[182.16078616178515, 110.9863671625148, 71.69444724348794, 48.38760993731278, 35.95807290830542, 35.95807290830542]
[187.5020217069319, 88.65947581856834, 61.05409663945137, 48.83133179748059, 35.946742187098074, 35.94674218709808]
[181.9628110108528, 87.25644675907897, 53.81716604257432, 38.97190337722615, 33.046976879996684, 33.04697687999669]
[310.42378565042645, 112.22472897149932, 63.4293778120162, 44.15411699825075, 33.12105011717664, 33.12105011717664]
[231.04995369411122, 98.16660849511541, 60.828102399642745, 45.87539840770911, 45.87539840770911]
[236.36553816400152, 100.3958817572308, 61.32132571570068, 45.94501370574067, 45.945013705740664]
[230.98768218888478, 98.13903237838866, 60.358614399653064, 42.73439522704392, 42.734395227043926]
[185.58195491669392, 88.16527771413163, 56.095863680716505, 42.721288850662695, 42.721288850662695]
[231.23676820978295, 98.24933684529418, 58.27552077462249, 41.50668506340587, 34.9715355490107, 34.9715355490107]
[309.84342158417513, 112.00623065921693, 63.29996855758972, 44.05989992511846, 34.90513097463031, 34.90513097463031]
[231.17449670456017, 128.43343046927802, 79.13062244663895, 52.28109404968952, 42.82845440720121, 42.828454407201214]
[309.9263307365033, 112.33865295866194, 72.27514639565275, 56.18361268111506, 42.775971761749474, 42.775971761749474]
[307.9853930833133, 128.36251014157443, 71.67378831198526, 48.831331797480566, 48.83133179748057]
[187.6547255732617, 88.73475732876875, 61.10775513780452, 48.87541632878406, 48.87541632878406]
[187.6038242844859, 88.70966349203546, 61.08986897168688, 48.86072148501629, 48.860721485016285]
[307.8206749122126, 128.2915898138692, 72.14161258150794, 56.18361268111509, 56.1836126811151]
[310.42378565042645, 112.52640933956577, 72.40010731371308, 56.2833517600714, 56.283351760071405]
[231.17449670456017, 119.10104659485974, 83.58737089169003, 45.78616207306921, 45.78616207306921]
[120.69252057734641, 84.39447702290792, 61.037661881968575, 45.75837706160793, 45.75837706160793]
[166.2060734412884, 118.0852483666824, 68.07173115112477, 46.994451370455806, 46.994451370455806]
[187.57786421166972, 88.66517555606588, 71.83868114030287, 46.98023612992404, 46.98023612992403]
[185.58195491669392, 88.16527771413163, 60.79244808006207, 46.99021766775834, 46.990217667758344]
[261.8590761563779, 119.03499703097995, 68.41443088416531, 47.01866079081666, 47.01866079081666]
[233.46754748873192, 98.70002580472881, 66.36363433963088, 43.26560182592869, 43.26560182592869]
[154.45076516625792, 89.56260258903689, 56.72138845487633, 43.21269048346186, 43.21269048346186]
[185.78366010931748, 88.26518910033795, 60.86375671922296, 47.04710391387466, 39.20888740152602, 39.20888740152602]
[316.7869669578756, 139.66577057225882, 83.53985664851957, 54.02957277244247, 39.18453520560099, 39.18453520560099]
[187.83253616062677, 88.7906849507196, 71.9422180957461, 47.05131233258211, 35.06601440194785, 35.06601440194785]
[185.68280751300733, 83.9887043930197, 68.63226468255739, 46.84177863031825, 35.021657662822626, 35.021657662822626]
[236.23838538742626, 100.33963883663073, 61.28546065948045, 43.004777636051344, 43.004777636051344]
[181.9628110108528, 87.25644675907897, 56.079263423826035, 42.92579819816614, 42.92579819816614]
[236.30196177571457, 100.3677602969309, 61.30339318759064, 45.9310906461345, 45.9310906461345]
[230.86313917842836, 98.08388014493444, 60.77462092027159, 45.833629228889365, 45.833629228889365]
[236.36553816400152, 100.3958817572308, 61.32132571570068, 45.94501370574067, 37.1198465083168, 37.1198465083168]
[262.0700231420085, 119.13407137679914, 68.47385465725176, 47.061325475403585, 37.09660282303421, 37.0966028230342]
[236.23838538742626, 100.33963883663073, 61.28546065948045, 45.917167586528215, 37.09660282303419, 31.71938974605158, 31.71938974605158]
[316.9562812506291, 139.74259338556223, 83.58737089169004, 54.061676946076304, 39.20888740152602, 31.709170776618077, 31.709170776618077]
[181.9628110108528, 126.08655810814906, 68.01257581124197, 46.79925249572347, 36.908769830035126, 36.908769830035126]
[236.17480899913664, 100.31151737633031, 59.06038923879274, 50.54969081430117, 36.966724742307846, 36.96672474230784]
[154.53530860299185, 89.75494571761016, 61.914003806811834, 43.493759389347446, 36.57952145341838, 36.57952145341838]
[316.8716241042535, 113.06794824425931, 73.01505231457115, 52.9986435884743, 36.5680315156621, 36.56803151566209]
[185.83408640747137, 88.290166946889, 56.17886496516745, 40.197786063447886, 40.197786063447886]
[181.9628110108528, 87.25644675907897, 55.68765804335989, 40.1232005596024, 40.1232005596024]
[185.58195491669392, 88.16527771413163, 56.095863680716505, 42.721288850662695, 42.721288850662695]
[231.17449670456017, 98.22176072856817, 60.41174200529903, 42.773714356187334, 42.773714356187334]
[185.68280751300733, 88.2152334072352, 56.12906419449718, 42.74750160342515, 34.86102129088811, 34.86102129088811]
[262.0700231420085, 119.13407137679914, 68.47385465725176, 46.773202605843544, 34.89416302039934, 34.89416302039933]
[235.8040261179972, 113.95548782308889, 66.92389752974258, 46.40509348364744, 34.7599259964458, 34.7599259964458]
