[146.10147776807736, 81.22275244918193, 53.58649191887296, 41.42370915107907, 35.554574557013474, 35.554574557013474]
[141.15254398895098, 78.83437158020482, 51.954940172781924, 40.45591240076081, 34.74175064543043, 34.74175064543043]
[136.05353491996834, 76.36327519576102, 50.26806104486108, 39.414479155802624, 33.87016304327341, 33.870163043273415]
[130.58784615298495, 73.70185933402024, 48.452769721465295, 38.286947171013225, 32.925814048214704, 32.925814048214704]
[123.41099305234755, 70.18484223461253, 46.05672345205572, 36.77263480349199, 31.657588063383002, 31.657588063383006]
[115.33930674263253, 66.19775771248807, 43.34448736547094, 35.02099132507339, 30.190781060767957, 30.190781060767957]
[109.12301444761903, 63.10349981878872, 41.242675697521804, 33.650599683283, 29.041976290875148, 29.041976290875148]
[103.65475780083766, 60.362523381590414, 39.38341054587392, 32.441191003454556, 28.02587845532938, 28.02587845532938]
[96.53513966920758, 56.762474054107045, 36.945875795964646, 30.815378686513455, 26.660315882525236, 26.660315882525236]
[88.8272870958985, 52.82236654655699, 34.28426635567717, 28.978852197809616, 25.11869806350271, 25.118698063502706]
[233.57022501882227, 108.36709899993527, 67.9440363766756, 51.37244226519467, 36.54615450162497, 36.54615450162497]
[233.86023870137512, 106.76893725921752, 67.35113247238121, 50.75494108687313, 35.848888067145225, 35.848888067145225]
[233.68248328091354, 104.96087465803564, 66.59488720296405, 50.03022980213426, 35.078498695148674, 35.078498695148674]
[233.66384681621207, 102.98530889942447, 65.785937297892, 49.247524831902204, 34.24095957390271, 34.240959573902714]
[233.64509919387498, 100.26758999257432, 64.6583892088602, 48.171048441255, 33.102814189601176, 33.10281418960117]
[233.6362023252348, 97.03015784601536, 63.2902745603885, 46.887798839137886, 31.766949298812364, 31.76694929881236]
[234.05584471794222, 94.46287613963659, 62.23798681293563, 45.887099771115146, 30.71516268893955, 30.715162688939547]
[235.19510259154293, 92.20319041344396, 61.38809557632203, 45.03647816338821, 29.788777815811656, 29.788777815811656]
[236.7178846347021, 89.06064762830417, 60.156326691955236, 43.841972323146635, 28.522143437649902, 28.522143437649902]
[238.13479354929945, 85.34228672959541, 58.590305437900625, 42.39934949051894, 27.057719470521377, 27.05771947052138]
[146.10147776807736, 81.22275244918193, 53.58649191887296, 41.35287915898429, 34.36019261907754, 34.360192619077544]
[141.15254398895098, 78.83437158020482, 51.954940172781924, 40.38857004279043, 33.53212891875488, 33.53212891875488]
[136.05353491996834, 76.36327519576102, 50.26806104486108, 39.35028034777724, 32.64652355194748, 32.64652355194748]
[130.58784615298495, 73.70185933402024, 48.452769721465295, 38.22626075146207, 31.68775085814034, 31.68775085814034]
[123.41099305234755, 70.18484223461253, 46.05672345205572, 36.716553081205, 30.402416153921088, 30.402416153921095]
[115.33930674263253, 66.19775771248807, 43.34448736547094, 34.970041216005754, 28.91910767314374, 28.919107673143742]
[109.12301444761903, 63.10349981878872, 41.242675697521804, 33.60380701700998, 27.75898122727913, 27.758981227279126]
[103.65475780083766, 60.362523381590414, 39.38341054587392, 32.39842946425097, 26.733424545453737, 26.733424545453737]
[96.53513966920758, 56.762474054107045, 36.945875795964646, 30.777672547901144, 25.359056601425724, 25.359056601425724]
[88.8272870958985, 52.82236654655699, 34.28426635567717, 28.946206352434206, 23.81352803919771, 23.813528039197706]
[161.97895360119767, 89.67411325199555, 60.09040342871371, 46.75237762896525, 34.14570844789837, 34.14570844789837]
[162.24134749218464, 88.5931181234043, 59.633496939697736, 46.244798193101985, 33.53858223404468, 33.53858223404468]
[162.0099676647941, 87.27960804259604, 59.01014670483128, 45.624630427201225, 32.85414276275095, 32.85414276275095]
[161.94659614658488, 85.86763786223354, 58.35488726935561, 44.961406289155924, 32.11252517770856, 32.11252517770856]
[161.88313889474426, 83.91761139744705, 57.44143927383514, 44.04802297207801, 31.10221653588907, 31.102216535889074]
[161.83010222385502, 81.57796927415767, 56.33056012003884, 42.95597710724513, 29.912002856178432, 29.91200285617843]
[162.22911062320486, 79.76206018506302, 55.49858487057945, 42.116369639801285, 28.97851071164418, 28.978510711644184]
[163.38832075913285, 78.24538153045393, 54.87119406220625, 41.426877117849024, 28.165535753021146, 28.165535753021146]
[164.95523299943807, 76.08993022807037, 53.945011580852444, 40.44778512453662, 27.045653144704474, 27.045653144704474]
[166.4129053004525, 73.43740072284176, 52.72262496895343, 39.239096429978005, 25.735025245791906, 25.735025245791906]
[146.10147776807736, 67.83557109080722, 40.43042705890858, 32.98298944584873, 28.721916017458025, 28.72191601745802]
[141.15254398895098, 65.45836302024941, 38.908543897167355, 31.785516153851813, 27.723886107065116, 27.72388610706512]
[136.05353491996834, 63.01346550664187, 37.34784222080825, 30.555086684152723, 26.696158393362253, 26.696158393362253]
[130.58784615298495, 60.397851055002555, 35.68348749861293, 29.240146966973132, 25.595235260747966, 25.59523526074797]
[123.41099305234755, 56.97174441844983, 33.512361806901175, 27.520253345703175, 24.150938173530154, 24.15093817353015]
[115.33930674263253, 53.12982659779949, 31.090039621664133, 25.595167096915954, 22.528405199313447, 22.52840519931345]
[109.12301444761903, 50.1792340707446, 29.23869908158555, 24.119369194627733, 21.28022724732847, 21.28022724732847]
[103.65475780083766, 47.58986738700178, 27.620934275808676, 22.826399799351304, 20.183394531959255, 20.18339453195925]
[96.53513966920758, 44.227810757367266, 25.53114543154984, 21.151136493708613, 18.757266834559424, 18.75726683455942]
[88.8272870958985, 40.59996339215967, 23.290279363249223, 19.34825391058573, 17.215975375050313, 17.21597537505031]
[144.84201768708567, 84.32593130633042, 56.38900067852095, 37.13644719528671, 28.715255339448607, 28.715255339448607]
[145.06893129812494, 83.38846559645398, 55.35169722252957, 36.198509354588055, 27.919079571602555, 27.919079571602555]
[144.87566024078865, 82.2359977010072, 54.186187922446635, 35.18735435613036, 27.071749120282185, 27.071749120282185]
[144.8253670918498, 80.99874102211764, 52.91958897505366, 34.092743294895335, 26.15681443258533, 26.156814432585332]
[144.77500716243622, 79.28635106933945, 51.191207095113036, 32.62301099081219, 24.935936713423658, 24.935936713423658]
[144.73351910410466, 77.22635569737224, 49.15136482001582, 30.923772894414313, 23.535321153563203, 23.535321153563203]
[145.07664377318525, 75.6311353482497, 47.54494419957338, 29.5954481383245, 22.444889211084725, 22.44488921108472]
[146.06678922380908, 74.30965713221465, 46.13722711575415, 28.424451725882182, 21.48391853889708, 21.48391853889708]
[147.4044527592176, 72.4230830367562, 44.19815198156007, 26.853058087912473, 20.205697135630626, 20.205697135630622]
[148.64968686451618, 70.08311149345401, 41.932242331291626, 25.0829518780972, 18.782701345010462, 18.782701345010462]
[162.78339747937318, 71.2245470748847, 43.34137509589044, 24.92961083476114, 24.92961083476114]
[163.03023405271543, 69.80225691809069, 42.175160902523224, 24.558486237114177, 24.558486237114174]
[162.82745740218468, 68.20795567044787, 40.924212458449105, 24.11049916141686, 24.11049916141686]
[162.7776606084619, 66.47809439097726, 39.57368225056715, 23.62960720910433, 23.62960720910433]
[162.72778377996485, 64.12399261572389, 37.76798455612839, 22.968381822179893, 22.96838182217989]
[162.6873941734053, 61.35531708850422, 35.69122975062746, 22.17904942424701, 22.17904942424701]
[163.05864084918295, 59.180857380173514, 34.07453491330503, 21.566850288039948, 21.566850288039948]
[164.12206547524826, 57.27871640847576, 32.65329543010447, 21.053219239913545, 21.05321923991355]
[165.55656223998793, 54.67014961639556, 30.756474615743226, 20.328340564298603, 20.328340564298603]
[166.89145308291108, 51.64040714556734, 28.634565491425214, 19.446246316162615, 19.44624631616262]
[165.0418381711984, 31.631439058520264, 24.505067767485258, 21.08003861706526, 21.08003861706526]
[165.28900414701508, 31.69712973219141, 24.326312289980194, 20.85896611380461, 20.85896611380461]
[165.08887550839606, 31.626466836128866, 24.04799985620799, 20.559371055204682, 20.559371055204682]
[165.04093658130935, 31.602228936164906, 23.765106497977396, 20.24668957058452, 20.24668957058452]
[164.99291712743084, 31.577989251628946, 23.372004086369618, 19.815400373643218, 19.815400373643218]
[164.95433533490143, 31.556642493407516, 22.893083712039083, 19.296565086774375, 19.296565086774375]
[165.32527615654806, 31.65990563737353, 22.552012636629623, 18.91060420301178, 18.91060420301178]
[166.38480883881476, 31.973500162601326, 22.33019784802933, 18.62016581723123, 18.620165817231225]
[167.81341867357366, 32.4016928829782, 21.98918037819089, 18.19551506598829, 18.195515065988282]
[169.14286487464523, 32.80153166110552, 21.5025556134944, 17.641993575853625, 17.641993575853625]
[162.78339747937318, 71.2245470748847, 43.04060839345625, 35.493812390528944, 35.493812390528944]
[163.03023405271543, 69.80225691809069, 41.8666883729023, 34.52050978563493, 34.520509785634935]
[162.82745740218468, 68.20795567044787, 40.608379348591036, 33.48302665308214, 33.483026653082135]
[162.7776606084619, 66.47809439097726, 39.249995284369604, 32.36265396794961, 32.36265396794961]
[162.72778377996485, 64.12399261572389, 37.434407585271806, 30.86683039543275, 30.866830395432753]
[162.6873941734053, 61.35531708850422, 35.34721549893582, 29.149641170618594, 29.149641170618597]
[163.05864084918295, 59.180857380173514, 33.722712614113995, 27.81254532813818, 27.81254532813818]
[164.12206547524826, 57.27871640847576, 32.294527940323604, 26.634590174225185, 26.634590174225185]
[165.55656223998793, 54.67014961639556, 30.38973904681356, 25.066452996158652, 25.066452996158652]
[166.89145308291108, 51.64040714556734, 28.261042024863514, 23.318673046199873, 23.31867304619987]
[131.1287464366263, 79.34025986502725, 45.876377547807195, 35.17650191741353, 35.176501917413525]
[131.35690150843587, 78.51297299092847, 44.851291085538826, 34.3298541856139, 34.3298541856139]
[131.14183707742023, 77.4575223529058, 43.71639157378601, 33.4103605367456, 33.4103605367456]
[131.07760394046323, 76.33573631658707, 42.48957421426202, 32.41756203727546, 32.41756203727546]
[131.01331143537303, 74.78331709690478, 40.83204046035933, 31.084729047393097, 31.084729047393097]
[130.95838494261974, 72.91337447371203, 38.89965239021143, 29.543362774450973, 29.543362774450973]
[131.309044552517, 71.4858171821101, 37.39011312421174, 28.34187470891419, 28.34187470891419]
[132.34239850525077, 70.34289923309198, 36.071675625226305, 27.28856184073497, 27.28856184073497]
[133.74332141169484, 68.69499386442618, 34.28011868127313, 25.87113635492968, 25.871136354929675]
[135.0476278358531, 66.6103349726093, 32.22438066330623, 24.26640209276884, 24.26640209276884]
[162.78339747937318, 71.2245470748847, 41.61045447460875, 33.7641257716583, 29.312452695471812, 29.312452695471812]
[163.03023405271543, 69.80225691809069, 40.40307158331707, 32.7759586707549, 28.474390336191846, 28.474390336191846]
[162.82745740218468, 68.20795567044787, 39.11333052027071, 31.726696228318048, 27.5862103181125, 27.5862103181125]
[162.7776606084619, 66.47809439097726, 37.72184884679281, 30.59486530135794, 26.627300564689325, 26.627300564689325]
[162.72778377996485, 64.12399261572389, 35.86548258751348, 29.087438884609334, 25.349515834867002, 25.349515834867]
[162.6873941734053, 61.35531708850422, 33.73667923630219, 27.362354623878684, 23.88624830870657, 23.88624830870657]
[163.05864084918295, 59.180857380173514, 32.08208770721215, 26.02184709351472, 22.747552861081243, 22.747552861081243]
[164.12206547524826, 57.27871640847576, 30.62783492613194, 24.841919191877796, 21.743245070788706, 21.743245070788703]
[165.55656223998793, 54.67014961639556, 28.695099020077357, 23.277417076047602, 20.410670538562705, 20.4106705385627]
[166.89145308291108, 51.64040714556734, 26.54598193195447, 21.54319641729146, 18.9323295821491, 18.932329582149098]
[144.84201768708567, 84.32593130633042, 56.38900067852095, 37.13644719528671, 29.799081119228568, 29.79908111922856]
[145.06893129812494, 83.38846559645398, 55.35169722252957, 36.198509354588055, 29.020238900615034, 29.02023890061503]
[144.87566024078865, 82.2359977010072, 54.186187922446635, 35.18735435613036, 28.1885309673505, 28.1885309673505]
[144.8253670918498, 80.99874102211764, 52.91958897505366, 34.092743294895335, 27.289562229252223, 27.289562229252223]
[144.77500716243622, 79.28635106933945, 51.191207095113036, 32.62301099081219, 26.08733600946037, 26.08733600946037]
[144.73351910410466, 77.22635569737224, 49.15136482001582, 30.923772894414313, 24.704191805151915, 24.70419180515192]
[145.07664377318525, 75.6311353482497, 47.54494419957338, 29.5954481383245, 23.625345787331227, 23.625345787331227]
[146.06678922380908, 74.30965713221465, 46.13722711575415, 28.424451725882182, 22.67379064690861, 22.673790646908614]
[147.4044527592176, 72.4230830367562, 44.19815198156007, 26.853058087912473, 21.40347119463879, 21.40347119463879]
[148.64968686451618, 70.08311149345401, 41.932242331291626, 25.0829518780972, 19.982194901835935, 19.98219490183594]
[162.78339747937318, 86.12970635818986, 55.67930500247523, 42.663318745893484, 36.463944171448354, 36.463944171448354]
[163.03023405271543, 85.22155945266286, 54.654528912525464, 42.07414871014352, 35.92843326540924, 35.92843326540924]
[162.82745740218468, 84.12747949831409, 53.519524765179376, 41.38591612095966, 35.31580563689931, 35.31580563689932]
[162.7776606084619, 82.96106365473594, 52.28943077716811, 40.643416886665676, 34.65366637814304, 34.65366637814304]
[162.72778377996485, 81.36486656689704, 50.62116532858067, 39.625363791919135, 33.74931654641588, 33.74931654641589]
[162.6873941734053, 79.47269290041362, 48.667315768828956, 38.41575039616634, 32.680400213341706, 32.680400213341706]
[163.05864084918295, 78.02883630753257, 47.13529861349197, 37.47290843088606, 31.845397786386258, 31.845397786386265]
[164.12206547524826, 76.85103836545238, 45.793800125555066, 36.66949425363829, 31.126541074617418, 31.126541074617418]
[165.55656223998793, 75.19598415012528, 43.960043713724204, 35.545901223725366, 30.129336994317622, 30.129336994317622]
[166.89145308291108, 73.17702593100418, 41.8374765854877, 34.19734089738472, 28.947667817504893, 28.947667817504893]
[233.57022501882227, 108.36709899993527, 67.9440363766756, 51.37244226519467, 38.31997994931214, 38.31997994931214]
[233.86023870137512, 106.76893725921752, 67.35113247238121, 50.75494108687313, 37.68496950674595, 37.684969506745944]
[233.68248328091354, 104.96087465803564, 66.59488720296405, 50.03022980213426, 36.97672979132387, 36.97672979132387]
[233.66384681621207, 102.98530889942447, 65.785937297892, 49.247524831902204, 36.20842623436368, 36.208426234363685]
[233.64509919387498, 100.26758999257432, 64.6583892088602, 48.171048441255, 35.16307551496419, 35.16307551496419]
[233.6362023252348, 97.03015784601536, 63.2902745603885, 46.887798839137886, 33.934091510635255, 33.93409151063525]
[234.05584471794222, 94.46287613963659, 62.23798681293563, 45.887099771115146, 32.96950366665898, 32.96950366665898]
[235.19510259154293, 92.20319041344396, 61.38809557632203, 45.03647816338821, 32.126417893368306, 32.126417893368306]
[236.7178846347021, 89.06064762830417, 60.156326691955236, 43.841972323146635, 30.968496480553494, 30.968496480553494]
[238.13479354929945, 85.34228672959541, 58.590305437900625, 42.39934949051894, 29.61900716083625, 29.619007160836254]
[182.9068582788116, 84.624836515795, 57.67825803960858, 44.92587386662657, 44.92587386662656]
[178.562229238915, 82.21714002245594, 56.577258073824055, 43.979994559292216, 43.97999455929222]
[174.0567605141476, 79.72383905307593, 55.362611301094944, 42.953324374160644, 42.95332437416065]
[169.19046935843423, 77.03581753035058, 54.047199315111556, 41.84055732423723, 41.84055732423724]
[162.7316783372766, 73.47889057880127, 52.26663026122191, 40.34028333596867, 40.34028333596867]
[155.37164467030905, 69.44003904833784, 50.18610350740885, 38.59641433538253, 38.59641433538253]
[149.63312878582084, 66.30086313028706, 48.5565039034854, 37.229517413904645, 37.229517413904645]
[144.52621080850463, 63.51629481507964, 47.12916610433603, 36.02442278820966, 36.02442278820966]
[137.77234078707656, 59.85264818707673, 45.183110403985154, 34.39413848078931, 34.39413848078931]
[130.3173941177341, 55.83442761638637, 42.93865328720721, 32.536052547761145, 32.53605254776114]
[161.97895360119767, 89.67411325199555, 60.09040342871371, 46.75237762896525, 46.75237762896525]
[162.24134749218464, 88.5931181234043, 59.633496939697736, 46.244798193101985, 46.244798193101985]
[162.0099676647941, 87.27960804259604, 59.01014670483128, 45.624630427201225, 45.624630427201225]
[161.94659614658488, 85.86763786223354, 58.35488726935561, 44.961406289155924, 44.961406289155924]
[161.88313889474426, 83.91761139744705, 57.44143927383514, 44.04802297207801, 44.04802297207801]
[161.83010222385502, 81.57796927415767, 56.33056012003884, 42.95597710724513, 42.95597710724513]
[162.22911062320486, 79.76206018506302, 55.49858487057945, 42.116369639801285, 42.11636963980129]
[163.38832075913285, 78.24538153045393, 54.87119406220625, 41.426877117849024, 41.426877117849024]
[164.95523299943807, 76.08993022807037, 53.945011580852444, 40.44778512453662, 40.44778512453662]
[166.4129053004525, 73.43740072284176, 52.72262496895343, 39.239096429978005, 39.239096429978005]
[144.6850731357552, 87.78420480181995, 61.08952057644124, 47.93868983911963, 47.93868983911963]
[144.9450144553074, 87.03941003895666, 60.1940051789738, 47.138391479121715, 47.138391479121715]
[144.69324016933373, 86.04885759687862, 59.14963505342845, 46.235180155439515, 46.235180155439515]
[144.6155963716782, 85.01422231087638, 58.02586604602995, 45.2597431099439, 45.25974310994389]
[144.53787637177675, 83.5902794512067, 56.4899378522554, 43.934035655594094, 43.934035655594094]
[144.47096448661833, 81.88545615993229, 54.67148047107696, 42.37648438639922, 42.37648438639923]
[144.87239612015944, 80.62527190891261, 53.258838754266115, 41.160849161985816, 41.160849161985816]
[146.06188441512762, 79.68674311113246, 52.05877532937169, 40.109447398878665, 40.109447398878665]
[147.67502735663396, 78.32656111185578, 50.38505806055827, 38.66200542597742, 38.662005425977426]
[149.17595907344568, 76.56596300126392, 48.38274836135427, 36.96634025252273, 36.96634025252274]
[182.9068582788116, 84.624836515795, 57.81614516731657, 46.98979070984122, 46.98979070984122]
[178.562229238915, 82.21714002245594, 56.70949279406243, 46.08448350332119, 46.08448350332119]
[174.0567605141476, 79.72383905307593, 55.48977198310202, 45.09692029910167, 45.09692029910167]
[169.19046935843423, 77.03581753035058, 54.168594012158145, 44.026435009822585, 44.026435009822585]
[162.7316783372766, 73.47889057880127, 52.38034783093033, 42.580374588259936, 42.580374588259936]
[155.37164467030905, 69.44003904833784, 50.29110493264911, 40.89540843030127, 40.89540843030128]
[149.63312878582084, 66.30086313028706, 48.65426472122447, 39.57426191574027, 39.574261915740266]
[144.52621080850463, 63.51629481507964, 47.21970717511719, 38.41145936443448, 38.41145936443448]
[137.77234078707656, 59.85264818707673, 45.2644200106674, 36.83239774855012, 36.83239774855012]
[130.3173941177341, 55.83442761638637, 43.01052835752041, 35.022370230842306, 35.022370230842306]
[233.57022501882227, 108.36709899993527, 67.9440363766756, 51.37244226519467, 51.37244226519467]
[233.86023870137512, 106.76893725921752, 67.35113247238121, 50.75494108687313, 50.754941086873124]
[233.68248328091354, 104.96087465803564, 66.59488720296405, 50.03022980213426, 50.03022980213427]
[233.66384681621207, 102.98530889942447, 65.785937297892, 49.247524831902204, 49.2475248319022]
[233.64509919387498, 100.26758999257432, 64.6583892088602, 48.171048441255, 48.17104844125501]
[233.6362023252348, 97.03015784601536, 63.2902745603885, 46.887798839137886, 46.887798839137886]
[234.05584471794222, 94.46287613963659, 62.23798681293563, 45.887099771115146, 45.88709977111515]
[235.19510259154293, 92.20319041344396, 61.38809557632203, 45.03647816338821, 45.03647816338821]
[236.7178846347021, 89.06064762830417, 60.156326691955236, 43.841972323146635, 43.841972323146635]
[238.13479354929945, 85.34228672959541, 58.590305437900625, 42.39934949051894, 42.39934949051894]
[150.82142072899543, 81.2739059015725, 56.806364802130254, 39.07896177999947, 39.07896177999946]
[146.34296265196284, 80.00719683540007, 56.20669814269515, 38.819030442165676, 38.819030442165676]
[141.72093658459437, 78.56740024741208, 55.477612780325074, 38.443736100480805, 38.443736100480805]
[136.75602788894855, 77.009394668699, 54.69394385912875, 38.05699878956089, 38.056998789560886]
[130.2156906856873, 74.88371638067906, 53.61085283402692, 37.52087100015224, 37.52087100015223]
[122.82930169840633, 72.3752101472249, 52.311352496455065, 36.872390047686615, 36.872390047686615]
[117.11736950441387, 70.41316202427377, 51.30553509497859, 36.40422120149329, 36.404221201493286]
[112.07234218596003, 68.71686749470139, 50.47055321835481, 36.08275644088258, 36.08275644088259]
[105.46646138900864, 66.37238022519527, 49.284578142417786, 35.60311070336208, 35.60311070336208]
[98.26236138449335, 63.610921265055005, 47.823589430569875, 34.94863023968854, 34.94863023968855]
[170.97156622172656, 95.50564718158964, 60.74878196891825, 44.23923756918048, 44.239237569180474]
[164.55669243474676, 93.52132985939899, 59.97109553170915, 43.84324446446342, 43.84324446446341]
[157.91775211475843, 91.30805853296435, 59.02950584791031, 43.323519235608, 43.323519235608]
[150.7714055734199, 88.8687887211433, 57.99517287443415, 42.76032735609496, 42.76032735609496]
[141.3489122304615, 85.5055827873214, 56.53888774420034, 41.96008402567012, 41.96008402567011]
[130.70731566281594, 81.49033117794892, 54.7513338586595, 40.96488225179863, 40.96488225179863]
[122.48638424434523, 78.26929455492613, 53.31509090580499, 40.178104082679056, 40.178104082679056]
[115.24475452129244, 75.37840866380334, 52.056556110671735, 39.52115848111521, 39.52115848111521]
[105.82008680482672, 71.38384702132544, 50.24181049189983, 38.544597770897994, 38.544597770898]
[95.63858170973536, 66.72525393007011, 47.99072016496293, 37.27271066316095, 37.27271066316095]
[100.07687105358562, 69.55907713446565, 50.25892742021855, 40.29495308762676, 40.29495308762675]
[95.92869693314692, 67.09700245923241, 48.98160430573053, 39.25094610241573, 39.25094610241573]
[91.69529635486522, 64.562002102086, 47.599964537724055, 38.13119043940863, 38.13119043940863]
[87.20458968565944, 61.84693892330067, 46.10351404618702, 36.91867820106555, 36.91867820106556]
[81.38567492200077, 58.28610468168725, 44.09158751562086, 35.29251004023722, 35.29251004023722]
[74.9466587941943, 54.287374637280536, 41.761656481286145, 33.415162741571905, 33.41516274157191]
[70.06389806212835, 51.21243352138965, 39.93879511524107, 31.947143678700296, 31.947143678700304]
[65.82607985403324, 48.511455388347834, 38.33182972666549, 30.650479503941852, 30.650479503941856]
[60.395083191525856, 45.001794961175015, 36.171858231987756, 28.914088668836328, 28.914088668836325]
[54.627483654527424, 41.211958664892855, 33.73392991052568, 26.964248816391148, 26.96424881639115]
[203.25032861342075, 101.03163463828166, 70.27800202689674, 49.74033002600382, 49.74033002600382]
[197.5790548017939, 98.18199545890312, 68.91301198915696, 48.57841393188944, 48.57841393188944]
[191.68724892045552, 95.2217590462945, 67.42596650646132, 47.335386855316216, 47.33538685531622]
[185.31422637486557, 92.02005982473109, 65.8030159548691, 45.982095591212016, 45.98209559121202]
[176.8483975533863, 87.76768691843262, 63.597901621159494, 44.15813739046024, 44.15813739046024]
[167.1926624784111, 82.91863559723134, 61.01169002730604, 42.040353876658806, 42.040353876658806]
[159.65791347962337, 79.13546985468685, 58.96583663985203, 40.37201161561486, 40.37201161561486]
[152.95343902287337, 75.7698833740717, 57.14623365745867, 38.88593946806624, 38.88593946806624]
[144.10436749873347, 71.32918137571346, 54.66735437175654, 36.88664777791488, 36.88664777791487]
[134.36527476599522, 66.44390485867233, 51.82056144799039, 34.63013514823818, 34.63013514823818]
[39.13121352280954, 28.77795895544762, 24.166746453086475, 21.252680625641663, 21.25268062564167]
[39.21785661094488, 28.524369546521722, 23.871472793285278, 21.027567670856047, 21.027567670856047]
[39.12096196861459, 28.148274168167596, 23.483948477316495, 20.723635419251806, 20.723635419251806]
[39.08657031692556, 27.76281983131182, 23.077799471762514, 20.40615411846501, 20.40615411846501]
[39.05218564632957, 27.229136106223894, 22.520020820930522, 19.968288636182287, 19.968288636182287]
[39.02170153642292, 26.582290022343344, 21.852950595693255, 19.441667677467535, 19.441667677467535]
[39.15885311037597, 26.11425703724499, 21.3530571072944, 19.049379288662994, 19.049379288662998]
[39.57929382196756, 25.791647067288014, 20.96653608332798, 18.753032014888547, 18.753032014888543]
[40.15485946400159, 25.304980580938167, 20.408330181407578, 18.320245945316618, 18.320245945316618]
[40.693052289314934, 24.63421989966012, 19.696370724626117, 17.757413112961494, 17.757413112961494]
[166.92677974379527, 82.41452817976375, 49.923233831254365, 34.407664914329565, 34.40766491432956]
[167.1695167274796, 82.53696658061388, 49.241348313505206, 33.67843588587506, 33.67843588587506]
[166.97989792424164, 82.43876957993135, 48.42664018914397, 32.86861833544956, 32.86861833544956]
[166.9373828531073, 82.41564206043815, 47.5447442875065, 31.99018403661971, 31.990184036619706]
[166.89478767403224, 82.39247439114426, 46.325065856392996, 30.798370047730273, 30.798370047730273]
[166.86131335840685, 82.37396170159604, 44.860135055233606, 29.402175889308133, 29.402175889308133]
[167.2237071720811, 82.557457064777, 43.71132027689776, 28.306606232127958, 28.30660623212796]
[168.2516535324452, 83.08060379567293, 42.731445949982536, 27.346120648495713, 27.34612064849571]
[169.6361470576826, 83.78576541920854, 41.34540018838028, 26.035937994383747, 26.035937994383747]
[170.92461134589865, 84.44197935094405, 39.65859790728027, 24.525817726212807, 24.525817726212807]
[57.42109957604674, 44.65671297639259, 37.21199152773333, 31.057715560597668, 31.05771556059767]
[57.529745072757365, 44.43217337188471, 36.90568771856294, 30.678248400443625, 30.67824840044362]
[57.420172357975964, 44.05198499015239, 36.482257369977596, 30.206724454343117, 30.20672445434312]
[57.384889809970076, 43.67356514019868, 36.04252980300309, 29.704090436759884, 29.704090436759884]
[57.34959881055666, 43.147958040916436, 35.43513336433527, 29.01160435804076, 29.01160435804076]
[57.31893367980867, 42.5077288142457, 34.703534860683774, 28.18214930127538, 28.182149301275384]
[57.487748670224384, 42.07306118020121, 34.166295597808706, 27.545436046315093, 27.54543604631509]
[57.993071899060034, 41.835127013189656, 33.77684211220411, 27.02559834402191, 27.025598344021912]
[58.681288900077504, 41.45713572146337, 33.20413009747527, 26.28372576706418, 26.28372576706418]
[59.32367951561826, 40.87544478423131, 32.44466706962406, 25.361383105317504, 25.3613831053175]
[144.6850731357552, 87.78420480181995, 61.08952057644124, 47.93868983911963, 47.93868983911963]
[144.9450144553074, 87.03941003895666, 60.1940051789738, 47.138391479121715, 47.138391479121715]
[144.69324016933373, 86.04885759687862, 59.14963505342845, 46.235180155439515, 46.235180155439515]
[144.6155963716782, 85.01422231087638, 58.02586604602995, 45.2597431099439, 45.25974310994389]
[144.53787637177675, 83.5902794512067, 56.4899378522554, 43.934035655594094, 43.934035655594094]
[144.47096448661833, 81.88545615993229, 54.67148047107696, 42.37648438639922, 42.37648438639923]
[144.87239612015944, 80.62527190891261, 53.258838754266115, 41.160849161985816, 41.160849161985816]
[146.06188441512762, 79.68674311113246, 52.05877532937169, 40.109447398878665, 40.109447398878665]
[147.67502735663396, 78.32656111185578, 50.38505806055827, 38.66200542597742, 38.662005425977426]
[149.17595907344568, 76.56596300126392, 48.38274836135427, 36.96634025252273, 36.96634025252274]
[39.13121352280954, 28.77795895544762, 24.166746453086475, 21.252680625641663, 19.101292945463836, 19.101292945463836]
[39.21785661094488, 28.524369546521722, 23.871472793285278, 21.027567670856047, 18.92175653327783, 18.921756533277833]
[39.12096196861459, 28.148274168167596, 23.483948477316495, 20.723635419251806, 18.673632248821733, 18.673632248821733]
[39.08657031692556, 27.76281983131182, 23.077799471762514, 20.40615411846501, 18.41520386802064, 18.415203868020644]
[39.05218564632957, 27.229136106223894, 22.520020820930522, 19.968288636182287, 18.057612722401252, 18.05761272240125]
[39.02170153642292, 26.582290022343344, 21.852950595693255, 19.441667677467535, 17.625698383427597, 17.6256983834276]
[39.15885311037597, 26.11425703724499, 21.3530571072944, 19.049379288662994, 17.30572890573284, 17.30572890573284]
[39.57929382196756, 25.791647067288014, 20.96653608332798, 18.753032014888547, 17.06898954586187, 17.06898954586187]
[40.15485946400159, 25.304980580938167, 20.408330181407578, 18.320245945316618, 16.720105568180276, 16.720105568180273]
[40.693052289314934, 24.63421989966012, 19.696370724626117, 17.757413112961494, 16.25907313993323, 16.259073139933225]
[216.3724993929253, 94.23019310011037, 59.68210120126656, 40.56398058093565, 29.686847488044556, 29.686847488044563]
[216.64646490710177, 94.35950328753468, 59.76715393064808, 40.12204989013792, 29.147376425069112, 29.14737642506911]
[216.47243942177116, 94.2660739227078, 59.702417257477656, 39.57368600861715, 28.535813907571377, 28.535813907571374]
[216.45081272442332, 94.2484227453973, 59.68864216221545, 38.982090160409555, 27.87100943398887, 27.871009433988874]
[216.42908513095028, 94.23072579474149, 59.6748375563084, 38.15769092472591, 26.96166199106195, 26.961661991061945]
[216.41679568318204, 94.2177245396287, 59.66419163631188, 37.15784134598096, 25.885409403016947, 25.88540940301695]
[216.8148701168073, 94.40871057646702, 59.790711682704256, 36.37739556544499, 25.03776196780078, 25.03776196780078]
[217.90223597901846, 94.94249069960857, 60.14777958667704, 35.72553479245163, 24.29692471560807, 24.296924715608075]
[219.35741745133052, 95.65954577189659, 60.628212464181544, 34.7883476708476, 23.273556572320146, 23.273556572320146]
[220.7116550366085, 96.32676457939714, 61.075232595294004, 33.6179526202285, 22.073028968337358, 22.07302896833736]
[203.25032861342075, 101.03163463828166, 70.27800202689674, 49.74033002600382, 34.32068429265163, 34.320684292651634]
[197.5790548017939, 98.18199545890312, 68.91301198915696, 48.57841393188944, 33.36700163603936, 33.36700163603936]
[191.68724892045552, 95.2217590462945, 67.42596650646132, 47.335386855316216, 32.36223974785304, 32.36223974785304]
[185.31422637486557, 92.02005982473109, 65.8030159548691, 45.982095591212016, 31.275054216791705, 31.27505421679171]
[176.8483975533863, 87.76768691843262, 63.597901621159494, 44.15813739046024, 29.825329873456578, 29.825329873456578]
[167.1926624784111, 82.91863559723134, 61.01169002730604, 42.040353876658806, 28.164054804318642, 28.164054804318642]
[159.65791347962337, 79.13546985468685, 58.96583663985203, 40.37201161561486, 26.867485981016344, 26.867485981016344]
[152.95343902287337, 75.7698833740717, 57.14623365745867, 38.88593946806624, 25.71849459594546, 25.71849459594546]
[144.10436749873347, 71.32918137571346, 54.66735437175654, 36.88664777791488, 24.19430397096573, 24.194303970965734]
[134.36527476599522, 66.44390485867233, 51.82056144799039, 34.63013514823818, 22.50491859062309, 22.50491859062309]
[39.13121352280954, 28.13147985815179, 25.04300148745288, 22.00122750023617, 19.852278983303016, 19.852278983303012]
[39.21785661094488, 27.83732029518387, 24.751014625865405, 21.779651722381725, 19.617197250957283, 19.61719725095728]
[39.12096196861459, 27.42173077691414, 24.360102561134507, 21.47297640540032, 19.30986786859385, 19.309867868593848]
[39.08657031692556, 26.989445193293935, 23.950269385113415, 21.153028115151013, 18.98585352976591, 18.985853529765908]
[39.05218564632957, 26.389446676492724, 23.38442334867577, 20.709582946146792, 18.538641463763074, 18.53864146376307]
[39.02170153642292, 25.66103569472551, 22.70289048806645, 20.172606587265534, 18.000731036734017, 18.00073103673402]
[39.15885311037597, 25.119509205045137, 22.190899825445104, 19.772489464707398, 17.593642823256523, 17.593642823256527]
[39.57929382196756, 24.7174282964532, 21.79626317623162, 19.472787543880884, 17.27364734273344, 17.273647342733444]
[40.15485946400159, 24.118920638782402, 21.220194364950764, 19.029717667451294, 16.809886374511525, 16.809886374511528]
[40.693052289314934, 23.320882903064355, 20.47543092663051, 18.444071453817646, 16.217874078859914, 16.217874078859918]
[165.0418381711984, 31.631439058520264, 24.505067767485258, 20.531833533328054, 20.53183353332805]
[165.28900414701508, 31.69712973219141, 24.326312289980194, 20.28393277601889, 20.283932776018894]
[165.08887550839606, 31.626466836128866, 24.04799985620799, 19.958854448710902, 19.958854448710905]
[165.04093658130935, 31.602228936164906, 23.765106497977396, 19.616421066390537, 19.616421066390537]
[164.99291712743084, 31.577989251628946, 23.372004086369618, 19.14396340750485, 19.143963407504852]
[164.95433533490143, 31.556642493407516, 22.893083712039083, 18.575944622254617, 18.57594462225461]
[165.32527615654806, 31.65990563737353, 22.552012636629623, 18.146668703637243, 18.146668703637246]
[166.38480883881476, 31.973500162601326, 22.33019784802933, 17.810113825529463, 17.810113825529463]
[167.81341867357366, 32.4016928829782, 21.98918037819089, 17.322557340242295, 17.322557340242295]
[169.14286487464523, 32.80153166110552, 21.5025556134944, 16.70038415174093, 16.70038415174093]
[146.10147776807736, 67.83557109080722, 42.06264017790957, 24.501177004791202, 24.501177004791202]
[141.15254398895098, 65.45836302024941, 40.549295228769694, 23.998181201510036, 23.998181201510036]
[136.05353491996834, 63.01346550664187, 38.995492093399456, 23.42782616417711, 23.42782616417711]
[130.58784615298495, 60.397851055002555, 37.33621025782438, 22.813278415909387, 22.813278415909387]
[123.41099305234755, 56.97174441844983, 35.16764757406606, 21.98000905574264, 21.98000905574264]
[115.33930674263253, 53.12982659779949, 32.74244034162653, 21.003589949471, 21.003589949471]
[109.12301444761903, 50.1792340707446, 30.884562383349003, 20.243462635295298, 20.243462635295298]
[103.65475780083766, 47.58986738700178, 29.25759017547701, 19.58746498679274, 19.587464986792742]
[96.53513966920758, 44.227810757367266, 27.15017896722607, 18.68771245533988, 18.68771245533988]
[88.8272870958985, 40.59996339215967, 24.882609383606134, 17.63989202638772, 17.63989202638772]
[165.0418381711984, 31.631439058520264, 24.505067767485258, 21.08003861706526, 21.08003861706526]
[165.28900414701508, 31.69712973219141, 24.326312289980194, 20.85896611380461, 20.85896611380461]
[165.08887550839606, 31.626466836128866, 24.04799985620799, 20.559371055204682, 20.559371055204682]
[165.04093658130935, 31.602228936164906, 23.765106497977396, 20.24668957058452, 20.24668957058452]
[164.99291712743084, 31.577989251628946, 23.372004086369618, 19.815400373643218, 19.815400373643218]
[164.95433533490143, 31.556642493407516, 22.893083712039083, 19.296565086774375, 19.296565086774375]
[165.32527615654806, 31.65990563737353, 22.552012636629623, 18.91060420301178, 18.91060420301178]
[166.38480883881476, 31.973500162601326, 22.33019784802933, 18.62016581723123, 18.620165817231225]
[167.81341867357366, 32.4016928829782, 21.98918037819089, 18.19551506598829, 18.195515065988282]
[169.14286487464523, 32.80153166110552, 21.5025556134944, 17.641993575853625, 17.641993575853625]
[162.78339747937318, 71.2245470748847, 43.34137509589044, 24.92961083476114, 24.92961083476114]
[163.03023405271543, 69.80225691809069, 42.175160902523224, 24.558486237114177, 24.558486237114174]
[162.82745740218468, 68.20795567044787, 40.924212458449105, 24.11049916141686, 24.11049916141686]
[162.7776606084619, 66.47809439097726, 39.57368225056715, 23.62960720910433, 23.62960720910433]
[162.72778377996485, 64.12399261572389, 37.76798455612839, 22.968381822179893, 22.96838182217989]
[162.6873941734053, 61.35531708850422, 35.69122975062746, 22.17904942424701, 22.17904942424701]
[163.05864084918295, 59.180857380173514, 34.07453491330503, 21.566850288039948, 21.566850288039948]
[164.12206547524826, 57.27871640847576, 32.65329543010447, 21.053219239913545, 21.05321923991355]
[165.55656223998793, 54.67014961639556, 30.756474615743226, 20.328340564298603, 20.328340564298603]
[166.89145308291108, 51.64040714556734, 28.634565491425214, 19.446246316162615, 19.44624631616262]
[165.0418381711984, 31.631439058520264, 24.505067767485258, 21.08003861706526, 18.82815184065227, 18.82815184065227]
[165.28900414701508, 31.69712973219141, 24.326312289980194, 20.85896611380461, 18.65441005227943, 18.654410052279434]
[165.08887550839606, 31.626466836128866, 24.04799985620799, 20.559371055204682, 18.412332198267016, 18.412332198267013]
[165.04093658130935, 31.602228936164906, 23.765106497977396, 20.24668957058452, 18.1607097998638, 18.1607097998638]
[164.99291712743084, 31.577989251628946, 23.372004086369618, 19.815400373643218, 17.81252553920921, 17.812525539209215]
[164.95433533490143, 31.556642493407516, 22.893083712039083, 19.296565086774375, 17.391848662594864, 17.391848662594867]
[165.32527615654806, 31.65990563737353, 22.552012636629623, 18.91060420301178, 17.081219175326254, 17.08121917532625]
[166.38480883881476, 31.973500162601326, 22.33019784802933, 18.62016581723123, 16.853494892734716, 16.853494892734716]
[167.81341867357366, 32.4016928829782, 21.98918037819089, 18.19551506598829, 16.517071843866244, 16.517071843866244]
[169.14286487464523, 32.80153166110552, 21.5025556134944, 17.641993575853625, 16.070279652221718, 16.070279652221718]
[166.92677974379527, 82.41452817976375, 49.923233831254365, 34.407664914329565, 21.690284377128517, 21.690284377128517]
[167.1695167274796, 82.53696658061388, 49.241348313505206, 33.67843588587506, 21.412783872304622, 21.412783872304622]
[166.97989792424164, 82.43876957993135, 48.42664018914397, 32.86861833544956, 21.068398850594207, 21.068398850594207]
[166.9373828531073, 82.41564206043815, 47.5447442875065, 31.99018403661971, 20.6996227257836, 20.6996227257836]
[166.89478767403224, 82.39247439114426, 46.325065856392996, 30.798370047730273, 20.18982001546837, 20.18982001546837]
[166.86131335840685, 82.37396170159604, 44.860135055233606, 29.402175889308133, 19.57690555063366, 19.576905550633658]
[167.2237071720811, 82.557457064777, 43.71132027689776, 28.306606232127958, 19.103119968657687, 19.103119968657683]
[168.2516535324452, 83.08060379567293, 42.731445949982536, 27.346120648495713, 18.711821348946852, 18.71182134894685]
[169.6361470576826, 83.78576541920854, 41.34540018838028, 26.035937994383747, 18.152979130433437, 18.152979130433437]
[170.92461134589865, 84.44197935094405, 39.65859790728027, 24.525817726212807, 17.459826276691903, 17.459826276691903]
[165.0418381711984, 31.631439058520264, 24.505067767485258, 21.08003861706526, 18.82815184065227, 17.119902809312126, 17.119902809312126]
[165.28900414701508, 31.69712973219141, 24.326312289980194, 20.85896611380461, 18.65441005227943, 16.978152041517323, 16.978152041517323]
[165.08887550839606, 31.626466836128866, 24.04799985620799, 20.559371055204682, 18.412332198267016, 16.77604967105083, 16.776049671050835]
[165.04093658130935, 31.602228936164906, 23.765106497977396, 20.24668957058452, 18.1607097998638, 16.566698145126075, 16.566698145126075]
[164.99291712743084, 31.577989251628946, 23.372004086369618, 19.815400373643218, 17.81252553920921, 16.276261038720893, 16.276261038720893]
[164.95433533490143, 31.556642493407516, 22.893083712039083, 19.296565086774375, 17.391848662594864, 15.924169306896621, 15.92416930689662]
[165.32527615654806, 31.65990563737353, 22.552012636629623, 18.91060420301178, 17.081219175326254, 15.665874568004694, 15.665874568004693]
[166.38480883881476, 31.973500162601326, 22.33019784802933, 18.62016581723123, 16.853494892734716, 15.480849100071318, 15.48084910007132]
[167.81341867357366, 32.4016928829782, 21.98918037819089, 18.19551506598829, 16.517071843866244, 15.205140064767786, 15.205140064767788]
[169.14286487464523, 32.80153166110552, 21.5025556134944, 17.641993575853625, 16.070279652221718, 14.833211815421777, 14.833211815421777]
[216.3724993929253, 94.23019310011037, 59.68210120126656, 40.56398058093565, 29.686847488044556, 19.714047628794727, 19.714047628794727]
[216.64646490710177, 94.35950328753468, 59.76715393064808, 40.12204989013792, 29.147376425069112, 19.48676208913249, 19.486762089132494]
[216.47243942177116, 94.2660739227078, 59.702417257477656, 39.57368600861715, 28.535813907571377, 19.199762621649587, 19.199762621649594]
[216.45081272442332, 94.2484227453973, 59.68864216221545, 38.982090160409555, 27.87100943398887, 18.89286084166361, 18.892860841663612]
[216.42908513095028, 94.23072579474149, 59.6748375563084, 38.15769092472591, 26.96166199106195, 18.46709706053174, 18.46709706053174]
[216.41679568318204, 94.2177245396287, 59.66419163631188, 37.15784134598096, 25.885409403016947, 17.9528994145392, 17.952899414539203]
[216.8148701168073, 94.40871057646702, 59.790711682704256, 36.37739556544499, 25.03776196780078, 17.556272350635293, 17.55627235063529]
[217.90223597901846, 94.94249069960857, 60.14777958667704, 35.72553479245163, 24.29692471560807, 17.232060378642544, 17.232060378642544]
[219.35741745133052, 95.65954577189659, 60.628212464181544, 34.7883476708476, 23.273556572320146, 16.76554243093837, 16.76554243093837]
[220.7116550366085, 96.32676457939714, 61.075232595294004, 33.6179526202285, 22.073028968337358, 16.179884941778887, 16.179884941778884]
[200.88998878984984, 107.42104864789366, 65.85719764596449, 41.2934647622908, 24.238189768632314, 24.238189768632314]
[195.16377435649892, 105.82254063591122, 64.4163471674166, 40.14699576416616, 23.856699012162064, 23.856699012162064]
[189.21581702828666, 104.01226803135978, 62.85745027932746, 38.93568687116216, 23.406226834898614, 23.40622683489861]
[182.7834079446318, 102.03423389955144, 61.15700909087925, 37.62492592798744, 22.920746853288996, 22.920746853289]
[174.24169889554608, 99.31247293751667, 58.853571874935696, 35.87574281958225, 22.254541691445965, 22.254541691445965]
[164.50367457434248, 96.06906498577187, 56.162277085715864, 33.869455807854415, 21.461698322124885, 21.461698322124885]
[156.9078522241479, 93.49655504649049, 54.035816316926386, 32.30358400838259, 20.843605288184293, 20.843605288184293]
[150.1519833235473, 91.23231186412706, 52.14226791450078, 30.917073869787615, 20.317571257243834, 20.317571257243834]
[141.24108619770576, 88.08215009832574, 49.5769451100027, 29.075998729115035, 19.580370987044805, 19.5803709870448]
[131.44248060747086, 84.3528749997077, 46.6544450411751, 27.032629435929927, 18.693926333853803, 18.693926333853803]
[165.0418381711984, 31.631439058520264, 24.034743572846065, 21.74367519513313, 19.41329942812465, 19.41329942812465]
[165.28900414701508, 31.69712973219141, 23.824835792717597, 21.527416170090866, 19.243934469461696, 19.243934469461692]
[165.08887550839606, 31.626466836128866, 23.515705459976694, 21.22778382652998, 19.001470573413798, 19.0014705734138]
[165.04093658130935, 31.602228936164906, 23.196138484561455, 20.915126095860792, 18.749885839323635, 18.749885839323632]
[164.99291712743084, 31.577989251628946, 22.750642837151965, 20.481572923865272, 18.400045833459014, 18.40004583345902]
[164.95433533490143, 31.556642493407516, 22.206494046423845, 19.956280425980893, 17.97447138976277, 17.974471389762773]
[165.32527615654806, 31.65990563737353, 21.80626685424165, 19.564800924333618, 17.66035521408457, 17.66035521408457]
[166.38480883881476, 31.973500162601326, 21.52044192558854, 19.27168898668329, 17.432572598903935, 17.43257259890394]
[167.81341867357366, 32.4016928829782, 21.08804881521979, 18.83809611789157, 17.091567019030066, 17.091567019030066]
[169.14286487464523, 32.80153166110552, 20.495085458894984, 18.26444564256599, 16.630598883557745, 16.630598883557745]
[123.78716641303073, 68.90633407431808, 46.806946366425635, 37.237772826493355, 31.77012487843292, 31.77012487843291]
[124.02142663128205, 69.02554955733831, 46.885324262134816, 37.29927026364468, 31.820794633756037, 31.820794633756037]
[123.78509723215687, 68.91372702719592, 46.81395800828331, 37.24400528108239, 31.7768157561866, 31.776815756186597]
[123.70892512150505, 68.88052377399579, 46.79354655323103, 37.22847068376256, 31.76504075655933, 31.76504075655933]
[123.63269850362613, 68.84728603126945, 46.773111857437826, 37.2129169337103, 31.75324883887225, 31.75324883887225]
[123.56642227450541, 68.81892805001074, 46.75583928842045, 37.199828117692775, 31.743454041167375, 31.74345404116738]
[123.93069256289142, 69.0020265138037, 46.87562825388523, 37.293622882101225, 31.820314019102458, 31.820314019102458]
[125.01997182783772, 69.54092907717975, 47.226010594439316, 37.56720288996504, 32.04288382600273, 32.04288382600273]
[126.50028300246879, 70.27110961634952, 47.70028806123605, 37.93729508248842, 32.34356056169823, 32.34356056169823]
[127.8786784481591, 70.95063392731696, 48.1416648079829, 38.28164818857639, 32.62326039978614, 32.62326039978615]
[253.03207463043253, 98.16948379081444, 66.34682338028752, 45.651968018649, 32.59922454721503, 32.59922454721504]
[248.09807027043942, 97.51456180565337, 66.07676305760064, 45.54591103366504, 32.563110811098746, 32.56311081109874]
[242.94926484140282, 96.62428429385623, 65.64504713097828, 45.3220135856797, 32.43013570260235, 32.43013570260235]
[237.3496993039412, 95.70299943905982, 65.21421033537308, 45.11155818853103, 32.316234319848164, 32.316234319848164]
[229.85047954681642, 94.43778704258241, 64.62000452152341, 44.82180232678924, 32.1613100040373, 32.16131000403729]
[221.21557851467162, 92.92880939935587, 63.90677852151207, 44.47376294413692, 31.976577568318756, 31.976577568318753]
[214.42079635947135, 91.83874539469245, 63.42994724518053, 44.27366284934171, 31.90001961132048, 31.900019611320474]
[208.32474086952013, 91.07164426756937, 63.175071540503566, 44.23857070433434, 31.962130223797526, 31.962130223797534]
[200.1803224396122, 89.95910191894973, 62.784271037695795, 44.164744438839165, 32.0309322862957, 32.03093228629571]
[191.08333169852318, 88.49829777155684, 62.2010649373549, 43.98260762569648, 32.03275648689187, 32.03275648689187]
[131.1287464366263, 79.34025986502725, 45.876377547807195, 33.676064439876725, 33.676064439876725]
[131.35690150843587, 78.51297299092847, 44.851291085538826, 32.799515792761895, 32.79951579276189]
[131.14183707742023, 77.4575223529058, 43.71639157378601, 31.852925043762284, 31.852925043762287]
[131.07760394046323, 76.33573631658707, 42.48957421426202, 30.83147693496694, 30.83147693496694]
[131.01331143537303, 74.78331709690478, 40.83204046035933, 29.463650067076987, 29.463650067076987]
[130.95838494261974, 72.91337447371203, 38.89965239021143, 27.887065025496643, 27.88706502549664]
[131.309044552517, 71.4858171821101, 37.39011312421174, 26.659819833389538, 26.65981983338953]
[132.34239850525077, 70.34289923309198, 36.071675625226305, 25.58326763205834, 25.58326763205834]
[133.74332141169484, 68.69499386442618, 34.28011868127313, 24.141344640749146, 24.14134464074915]
[135.0476278358531, 66.6103349726093, 32.22438066330623, 22.519902192107708, 22.51990219210771]
[146.10147776807736, 67.83557109080722, 41.7793011713226, 34.631615000860876, 34.63161500086087]
[141.15254398895098, 65.45836302024941, 40.26406727242394, 33.423589928211605, 33.42358992821161]
[136.05353491996834, 63.01346550664187, 38.70862297702744, 32.180772635772186, 32.18077263577218]
[130.58784615298495, 60.397851055002555, 37.04795738591701, 30.850728225867286, 30.850728225867286]
[123.41099305234755, 56.97174441844983, 34.878247088964535, 29.10783598683896, 29.10783598683896]
[115.33930674263253, 53.12982659779949, 32.45269165013105, 27.152476560664784, 27.152476560664788]
[109.12301444761903, 50.1792340707446, 30.59525042275841, 25.650099004253494, 25.650099004253498]
[103.65475780083766, 47.58986738700178, 28.96923174442009, 24.33116872865849, 24.33116872865849]
[96.53513966920758, 44.227810757367266, 26.86400314795934, 22.6179624083317, 22.6179624083317]
[88.8272870958985, 40.59996339215967, 24.60007489158029, 20.76844486317655, 20.76844486317655]
[131.1287464366263, 79.34025986502725, 45.876377547807195, 35.17650191741353, 35.176501917413525]
[131.35690150843587, 78.51297299092847, 44.851291085538826, 34.3298541856139, 34.3298541856139]
[131.14183707742023, 77.4575223529058, 43.71639157378601, 33.4103605367456, 33.4103605367456]
[131.07760394046323, 76.33573631658707, 42.48957421426202, 32.41756203727546, 32.41756203727546]
[131.01331143537303, 74.78331709690478, 40.83204046035933, 31.084729047393097, 31.084729047393097]
[130.95838494261974, 72.91337447371203, 38.89965239021143, 29.543362774450973, 29.543362774450973]
[131.309044552517, 71.4858171821101, 37.39011312421174, 28.34187470891419, 28.34187470891419]
[132.34239850525077, 70.34289923309198, 36.071675625226305, 27.28856184073497, 27.28856184073497]
[133.74332141169484, 68.69499386442618, 34.28011868127313, 25.87113635492968, 25.871136354929675]
[135.0476278358531, 66.6103349726093, 32.22438066330623, 24.26640209276884, 24.26640209276884]
[162.78339747937318, 71.2245470748847, 43.04060839345625, 35.493812390528944, 35.493812390528944]
[163.03023405271543, 69.80225691809069, 41.8666883729023, 34.52050978563493, 34.520509785634935]
[162.82745740218468, 68.20795567044787, 40.608379348591036, 33.48302665308214, 33.483026653082135]
[162.7776606084619, 66.47809439097726, 39.249995284369604, 32.36265396794961, 32.36265396794961]
[162.72778377996485, 64.12399261572389, 37.434407585271806, 30.86683039543275, 30.866830395432753]
[162.6873941734053, 61.35531708850422, 35.34721549893582, 29.149641170618594, 29.149641170618597]
[163.05864084918295, 59.180857380173514, 33.722712614113995, 27.81254532813818, 27.81254532813818]
[164.12206547524826, 57.27871640847576, 32.294527940323604, 26.634590174225185, 26.634590174225185]
[165.55656223998793, 54.67014961639556, 30.38973904681356, 25.066452996158652, 25.066452996158652]
[166.89145308291108, 51.64040714556734, 28.261042024863514, 23.318673046199873, 23.31867304619987]
[131.1287464366263, 79.34025986502725, 45.876377547807195, 35.17650191741353, 29.32398031765672, 29.323980317656723]
[131.35690150843587, 78.51297299092847, 44.851291085538826, 34.3298541856139, 28.739945119469404, 28.739945119469404]
[131.14183707742023, 77.4575223529058, 43.71639157378601, 33.4103605367456, 28.08780459197968, 28.087804591979683]
[131.07760394046323, 76.33573631658707, 42.48957421426202, 32.41756203727546, 27.381796133954968, 27.38179613395497]
[131.01331143537303, 74.78331709690478, 40.83204046035933, 31.084729047393097, 26.42384264127035, 26.42384264127035]
[130.95838494261974, 72.91337447371203, 38.89965239021143, 29.543362774450973, 25.30104700635203, 25.301047006352032]
[131.309044552517, 71.4858171821101, 37.39011312421174, 28.34187470891419, 24.421856386877938, 24.421856386877938]
[132.34239850525077, 70.34289923309198, 36.071675625226305, 27.28856184073497, 23.65461423303176, 23.65461423303176]
[133.74332141169484, 68.69499386442618, 34.28011868127313, 25.87113635492968, 22.60503319986138, 22.605033199861378]
[135.0476278358531, 66.6103349726093, 32.22438066330623, 24.26640209276884, 21.389013306075594, 21.389013306075594]
[166.92677974379527, 82.41452817976375, 49.923233831254365, 34.21783858929742, 29.27008447211326, 29.27008447211326]
[167.1695167274796, 82.53696658061388, 49.241348313505206, 33.48144449932064, 28.612108709522186, 28.612108709522186]
[166.97989792424164, 82.43876957993135, 48.42664018914397, 32.66457606702265, 27.890406214660235, 27.890406214660235]
[166.9373828531073, 82.41564206043815, 47.5447442875065, 31.778334745599548, 27.10755534707521, 27.10755534707521]
[166.89478767403224, 82.39247439114426, 46.325065856392996, 30.57618627624156, 26.049104859541842, 26.049104859541842]
[166.86131335840685, 82.37396170159604, 44.860135055233606, 29.168318776218356, 24.814671406871167, 24.81467140687117]
[167.2237071720811, 82.557457064777, 43.71132027689776, 28.063386500306056, 23.846422875845963, 23.846422875845963]
[168.2516535324452, 83.08060379567293, 42.731445949982536, 27.09404741311192, 22.994510895540714, 22.994510895540717]
[169.6361470576826, 83.78576541920854, 41.34540018838028, 25.772655546963115, 21.83934123228487, 21.83934123228487]
[170.92461134589865, 84.44197935094405, 39.65859790728027, 24.251282967176543, 20.519294414524904, 20.519294414524904]
[155.4225632041235, 75.26737630160632, 53.25927949114325, 40.08062272388666, 33.47723548394764, 33.47723548394764]
[155.65979441339883, 75.38343985492891, 53.34171640848852, 40.1433760432464, 33.36294349093047, 33.36294349093047]
[155.4634440263201, 75.28627396143962, 53.27241281766194, 40.0899595847607, 33.154020128311004, 33.154020128311004]
[155.41462341734945, 75.26166269253103, 53.254739273478826, 40.07607012269875, 32.948434835673496, 32.94843483567349]
[155.36572899582214, 75.2370162230049, 53.237039220760785, 40.06216034561138, 32.6608885425151, 32.66088854251511]
[155.32598587428393, 75.21687100702137, 53.22254137531698, 40.05070210671929, 32.30844570208415, 32.30844570208415]
[155.6831676097247, 75.39191689093235, 53.34696210190158, 40.14559761621674, 32.07680434761816, 32.076804347618165]
[156.70790891716766, 75.89527965191273, 53.70499601121046, 40.41934271123439, 31.967988638866665, 31.967988638866665]
[158.09080047461782, 76.57487630949836, 54.18830863524281, 40.78899641705111, 31.787432431152215, 31.78743243115222]
[159.3779155575868, 77.20746134772928, 54.63804461595902, 41.13294155573987, 31.488613801290867, 31.488613801290867]
[126.63083331505085, 58.511217688997775, 58.511217688997775]
[122.06505399313693, 56.33324697796201, 56.33324697796202]
[117.37673086993172, 54.100875306550954, 54.100875306550954]
[112.36964940750691, 51.72138842054277, 51.72138842054277]
[105.82508955548697, 48.61883621894002, 48.618836218940004]
[98.5051998057185, 45.15893097928204, 45.15893097928204]
[92.89714994256842, 42.515484464292086, 42.515484464292086]
[87.98583342575643, 40.205898512938525, 40.205898512938525]
[81.62408446985725, 37.22230481876102, 37.222304818761025]
[74.77886568474743, 34.02230656128874, 34.02230656128874]
[233.57022501882227, 108.36709899993527, 67.9440363766756, 51.24600005523906, 51.24600005523905]
[233.86023870137512, 106.76893725921752, 67.35113247238121, 50.624275163651156, 50.624275163651156]
[233.68248328091354, 104.96087465803564, 66.59488720296405, 49.89543406325695, 49.89543406325695]
[233.66384681621207, 102.98530889942447, 65.785937297892, 49.10806796110084, 49.10806796110085]
[233.64509919387498, 100.26758999257432, 64.6583892088602, 48.02529776895921, 48.025297768959206]
[233.6362023252348, 97.03015784601536, 63.2902745603885, 46.73472928664907, 46.73472928664907]
[234.05584471794222, 94.46287613963659, 62.23798681293563, 45.727903203121144, 45.72790320312114]
[235.19510259154293, 92.20319041344396, 61.38809557632203, 44.871192840467536, 44.87119284046753]
[236.7178846347021, 89.06064762830417, 60.156326691955236, 43.668617768481454, 43.668617768481454]
[238.13479354929945, 85.34228672959541, 58.590305437900625, 42.21735651415965, 42.21735651415965]
[126.63083331505085, 55.89936929865481, 42.60014024396304, 35.74995755752025, 35.74995755752025]
[122.06505399313693, 53.715033667556284, 41.02339184632492, 34.50007348186761, 34.5000734818676]
[117.37673086993172, 51.479360261451546, 39.40463198008993, 33.213184281148784, 33.21318428114878]
[112.36964940750691, 49.1002711095606, 37.67631452397042, 31.834874847016227, 31.83487484701623]
[105.82508955548697, 46.00508108596325, 35.41845422999827, 30.02709652534333, 30.02709652534333]
[98.5051998057185, 42.56302416524524, 32.89494807330415, 27.99682562035527, 27.99682562035527]
[92.89714994256842, 39.940443220836116, 30.96312225603324, 26.43543778198689, 26.43543778198689]
[87.98583342575643, 37.65483705502494, 29.272708121154565, 25.063743798688723, 25.06374379868872]
[81.62408446985725, 34.71146522181605, 27.08569220002789, 23.280854837147967, 23.280854837147963]
[74.77886568474743, 31.56708541885432, 24.736281139637054, 21.354843883617022, 21.35484388361702]
[223.21388081550342, 105.73219906698598, 69.4545285339642, 69.4545285339642]
[217.87058848289294, 102.94651217648763, 67.58249837082636, 67.58249837082636]
[212.30827324733102, 100.04900078045083, 65.63608744840033, 65.63608744840033]
[206.2768224954609, 96.91039644984022, 63.52870996214558, 63.52870996214557]
[198.23523334896214, 92.73284157274128, 60.72563280177983, 60.72563280177983]
[189.0225196014268, 87.95642302460624, 57.52338460820463, 57.52338460820464]
[181.80387271996833, 84.22045496063501, 55.020655036081365, 55.02065503608137]
[175.35473837915274, 80.88884294810076, 52.790483690349305, 52.79048369034931]
[166.79354822854478, 76.4787448398392, 49.84139997296428, 49.84139997296429]
[157.30341958681777, 71.60743026748712, 46.58807868409551, 46.58807868409551]
[210.6285578819058, 79.08473665976257, 79.08473665976256]
[205.97512825512473, 76.64416378749804, 76.64416378749804]
[201.13651152452294, 74.12171086261127, 74.12171086261127]
[195.89513121307778, 71.40831145180962, 71.40831145180962]
[188.9123509582862, 67.82873135616107, 67.82873135616107]
[180.9203456479141, 63.77940480775306, 63.77940480775305]
[174.66456859955295, 60.643356841962174, 60.643356841962174]
[169.07829250225353, 57.870753310115255, 57.870753310115255]
[161.65959637117538, 54.23839616934949, 54.238396169349485]
[153.4307662056928, 50.27561130694582, 50.27561130694583]
[162.78339747937318, 71.2245470748847, 43.04060839345625, 35.493812390528944, 35.493812390528944]
[163.03023405271543, 69.80225691809069, 41.8666883729023, 34.52050978563493, 34.520509785634935]
[162.82745740218468, 68.20795567044787, 40.608379348591036, 33.48302665308214, 33.483026653082135]
[162.7776606084619, 66.47809439097726, 39.249995284369604, 32.36265396794961, 32.36265396794961]
[162.72778377996485, 64.12399261572389, 37.434407585271806, 30.86683039543275, 30.866830395432753]
[162.6873941734053, 61.35531708850422, 35.34721549893582, 29.149641170618594, 29.149641170618597]
[163.05864084918295, 59.180857380173514, 33.722712614113995, 27.81254532813818, 27.81254532813818]
[164.12206547524826, 57.27871640847576, 32.294527940323604, 26.634590174225185, 26.634590174225185]
[165.55656223998793, 54.67014961639556, 30.38973904681356, 25.066452996158652, 25.066452996158652]
[166.89145308291108, 51.64040714556734, 28.261042024863514, 23.318673046199873, 23.31867304619987]
[176.2513821561648, 91.13026033647323, 58.31942708644091, 58.31942708644091]
[176.50342536507782, 91.25577427579738, 58.40484427884895, 58.404844278848955]
[176.3107164338608, 91.16461173213723, 58.33751544343911, 58.3375154434391]
[176.26932369534487, 91.14716610154065, 58.3221542241046, 58.3221542241046]
[176.22784474527595, 91.12967698884668, 58.306763008133984, 58.30676300813397]
[176.1957455004863, 91.11675648491541, 58.294592894988966, 58.29459289498898]
[176.57090289991044, 91.30226012252467, 58.422295241595826, 58.42229524159583]
[177.63062510202462, 91.82124615344466, 58.785097832704196, 58.7850978327042]
[179.05676944633802, 92.51861420698854, 59.27370827077797, 59.27370827077798]
[180.3838205022928, 93.16758866043689, 59.72825237756463, 59.72825237756462]
[202.16210003610604, 95.81639083949493, 65.85740283475772, 45.840691627629894, 45.840691627629894]
[196.4651246192576, 94.59393565538855, 64.82369800623418, 44.92419425615455, 44.92419425615455]
[190.54700573672238, 93.13712538198048, 63.65937798128966, 43.92761181509292, 43.92761181509292]
[184.1460971656102, 91.56532265896877, 62.39884767670162, 42.84815316133446, 42.84815316133446]
[175.6445333090743, 89.39824645211611, 60.681961910121025, 41.392565737081924, 41.39256573708193]
[165.94988223501284, 86.80512286380944, 58.66013818498592, 39.700292539107195, 39.700292539107195]
[158.38611313678285, 84.78259803098358, 57.07719315693544, 38.37508277963969, 38.37508277963968]
[151.65709708328444, 83.07017936059871, 55.70275363707954, 37.208967591437684, 37.20896759143769]
[142.77828883381167, 80.65220077242026, 53.807542547252375, 35.62973869115492, 35.62973869115492]
[133.0102360774545, 77.70993286604109, 51.58370934582231, 33.82629315378126, 33.826293153781265]
[223.21388081550342, 105.73219906698598, 71.6927344490803, 71.6927344490803]
[217.87058848289294, 102.94651217648763, 69.8569744132614, 69.8569744132614]
[212.30827324733102, 100.04900078045083, 67.94687965126062, 67.94687965126062]
[206.2768224954609, 96.91039644984022, 65.87699122157832, 65.87699122157832]
[198.23523334896214, 92.73284157274128, 63.12017618184353, 63.120176181843526]
[189.0225196014268, 87.95642302460624, 59.96574454035923, 59.965744540359246]
[181.80387271996833, 84.22045496063501, 57.49669120742234, 57.49669120742232]
[175.35473837915274, 80.88884294810076, 55.29331446799242, 55.29331446799242]
[166.79354822854478, 76.4787448398392, 52.37367573557746, 52.37367573557744]
[157.30341958681777, 71.60743026748712, 49.144532131905216, 49.144532131905216]
[174.255715160262, 91.55509295748102, 91.55509295748104]
[174.49526949710375, 90.51891767931966, 90.51891767931967]
[174.32174617053738, 89.2980069817317, 89.2980069817317]
[174.28876228450278, 87.98294456042872, 87.98294456042872]
[174.25569811711733, 86.17661500708141, 86.17661500708141]
[174.2313454935735, 84.02718235911637, 84.02718235911638]
[174.58524746596575, 82.35981473695198, 82.35981473695198]
[175.5749572830678, 80.95544475281837, 80.95544475281838]
[176.90497992714614, 78.98541746655394, 78.98541746655394]
[178.14296083223704, 76.60465909607412, 76.6046590960741]
[144.84201768708567, 84.32593130633042, 60.97935295145659, 45.17183989588579, 45.17183989588579]
[145.06893129812494, 83.38846559645398, 60.10720414355637, 44.707213429170075, 44.707213429170075]
[144.87566024078865, 82.2359977010072, 59.104628908747955, 44.139066061887405, 44.1390660618874]
[144.8253670918498, 80.99874102211764, 58.0208548588024, 43.52976503575731, 43.52976503575731]
[144.77500716243622, 79.28635106933945, 56.53836547223041, 42.687980181109104, 42.687980181109104]
[144.73351910410466, 77.22635569737224, 54.78272230520078, 41.67808367332069, 41.678083673320685]
[145.07664377318525, 75.6311353482497, 53.410869663265245, 40.89872264224287, 40.898722642242866]
[146.06678922380908, 74.30965713221465, 52.23158660143866, 40.25590524534323, 40.25590524534322]
[147.4044527592176, 72.4230830367562, 50.5916514314039, 39.340868844126724, 39.340868844126724]
[148.64968686451618, 70.08311149345401, 48.64136708222118, 38.20862439266977, 38.20862439266977]
[228.1047758490335, 100.96274055904978, 100.96274055904976]
[223.24486658670065, 100.08588684074887, 100.08588684074887]
[218.1833011557288, 98.98310334516448, 98.98310334516448]
[212.69071022625275, 97.81831498526911, 97.81831498526911]
[205.356799470832, 96.21963703031126, 96.21963703031126]
[196.9408613519727, 94.31659948927023, 94.31659948927023]
[190.33760511075653, 92.88823455363824, 92.88823455363824]
[184.42899811177358, 91.77315388305354, 91.77315388305354]
[176.56312502702806, 90.18627204000879, 90.18627204000879]
[167.81345047620545, 88.19943708998636, 88.19943708998635]
[230.87682856205382, 97.97658316409898, 97.976583164099]
[231.1667840901513, 96.15284615648753, 96.15284615648753]
[230.98527922518176, 94.12612666257732, 94.12612666257732]
[230.96414962798153, 91.90838899983959, 91.90838899983957]
[230.9429084783184, 88.87176237194512, 88.87176237194512]
[230.93159615688396, 85.27581369961517, 85.27581369961517]
[231.3521999665909, 82.41932509590114, 82.41932509590114]
[232.49810675283967, 79.88253828257486, 79.88253828257486]
[234.0306071929683, 76.39084826228078, 76.39084826228077]
[235.45643628724272, 72.32595821243325, 72.32595821243326]
[223.21388081550342, 101.98806755141423, 101.98806755141423]
[217.87058848289294, 99.10634477750789, 99.10634477750789]
[212.30827324733102, 96.10986723966266, 96.10986723966266]
[206.2768224954609, 92.86558994284565, 92.86558994284566]
[198.23523334896214, 88.55122742780709, 88.55122742780708]
[189.0225196014268, 83.62378240541325, 83.62378240541325]
[181.80387271996833, 79.77358932921355, 79.77358932921355]
[175.35473837915274, 76.34404516892502, 76.34404516892502]
[166.79354822854478, 71.81299241658277, 71.81299241658279]
[157.30341958681777, 66.82052870806716, 66.82052870806716]
[233.57022501882227, 108.36709899993527, 108.36709899993525]
[233.86023870137512, 106.76893725921752, 106.76893725921754]
[233.68248328091354, 104.96087465803564, 104.96087465803562]
[233.66384681621207, 102.98530889942447, 102.98530889942445]
[233.64509919387498, 100.26758999257432, 100.26758999257433]
[233.6362023252348, 97.03015784601536, 97.03015784601537]
[234.05584471794222, 94.46287613963659, 94.46287613963659]
[235.19510259154293, 92.20319041344396, 92.20319041344396]
[236.7178846347021, 89.06064762830417, 89.06064762830415]
[238.13479354929945, 85.34228672959541, 85.34228672959541]
[165.0418381711984, 165.04183817119844]
[165.28900414701508, 165.28900414701508]
[165.08887550839606, 165.08887550839606]
[165.04093658130935, 165.04093658130935]
[164.99291712743084, 164.99291712743081]
[164.95433533490143, 164.95433533490143]
[165.32527615654806, 165.32527615654806]
[166.38480883881476, 166.38480883881473]
[167.81341867357366, 167.81341867357364]
[169.14286487464523, 169.14286487464523]
[216.3724993929253, 94.23019310011037, 57.85080726227995, 57.85080726227996]
[216.64646490710177, 94.35950328753468, 57.93581139279589, 57.93581139279588]
[216.47243942177116, 94.2660739227078, 57.86854167609148, 57.86854167609149]
[216.45081272442332, 94.2484227453973, 57.853079514677674, 57.853079514677674]
[216.42908513095028, 94.23072579474149, 57.83758787449449, 57.8375878744945]
[216.41679568318204, 94.2177245396287, 57.825307677952566, 57.82530767795257]
[216.8148701168073, 94.40871057646702, 57.95246327728659, 57.95246327728658]
[217.90223597901846, 94.94249069960857, 58.31400019663282, 58.31400019663282]
[219.35741745133052, 95.65954577189659, 58.800994796835184, 58.80099479683518]
[220.7116550366085, 96.32676457939714, 59.25406287152201, 59.25406287152201]
[100.07687105358562, 68.8109833084451, 68.81098330844512]
[95.92869693314692, 66.36015379506183, 66.36015379506183]
[91.69529635486522, 63.83776605974578, 63.837766059745796]
[87.20458968565944, 61.13740934606382, 61.137409346063826]
[81.38567492200077, 57.597820033660774, 57.59782003366077]
[74.9466587941943, 53.625610951849374, 53.62561095184937]
[70.06389806212835, 50.572995439633246, 50.57299543963324]
[65.82607985403324, 47.89306631888723, 47.893066318887236]
[60.395083191525856, 44.41287395661327, 44.41287395661326]
[54.627483654527424, 40.65757335892756, 40.65757335892757]
[200.88998878984984, 70.56357365817617, 48.07235712332751, 37.77049840745936, 31.471006231278135, 31.471006231278135]
[195.16377435649892, 68.10571630272645, 46.47635238077821, 36.78914529577643, 30.793364233000734, 30.793364233000737]
[189.21581702828666, 65.57642124407973, 44.83198435308604, 35.74325219459556, 30.052887968138556, 30.05288796813856]
[182.7834079446318, 62.86889484025437, 43.069273501847775, 34.612201641106026, 29.24859469930509, 29.248594699305094]
[174.24169889554608, 59.31986459320288, 40.754238316457375, 33.09965283344519, 28.160527246127586, 28.160527246127586]
[164.50367457434248, 55.33679930117843, 38.14968402716045, 31.359717191054695, 26.89078055003152, 26.89078055003152]
[156.9078522241479, 52.27550947086288, 36.14301988866233, 30.001824055301817, 25.89299044060899, 25.89299044060899]
[150.1519833235473, 49.587370801997515, 34.37698061060044, 28.802761874183137, 25.012532205172512, 25.012532205172512]
[141.24108619770576, 46.094804625915394, 32.0758468496059, 27.202796231432302, 23.818176876223095, 23.8181768762231]
[131.44248060747086, 42.323368085867685, 29.581907957716297, 25.414136086830396, 22.452841910843464, 22.452841910843468]
[144.84201768708567, 84.32593130633042, 56.38900067852095, 37.13644719528671, 28.715255339448607, 28.715255339448607]
[145.06893129812494, 83.38846559645398, 55.35169722252957, 36.198509354588055, 27.919079571602555, 27.919079571602555]
[144.87566024078865, 82.2359977010072, 54.186187922446635, 35.18735435613036, 27.071749120282185, 27.071749120282185]
[144.8253670918498, 80.99874102211764, 52.91958897505366, 34.092743294895335, 26.15681443258533, 26.156814432585332]
[144.77500716243622, 79.28635106933945, 51.191207095113036, 32.62301099081219, 24.935936713423658, 24.935936713423658]
[144.73351910410466, 77.22635569737224, 49.15136482001582, 30.923772894414313, 23.535321153563203, 23.535321153563203]
[145.07664377318525, 75.6311353482497, 47.54494419957338, 29.5954481383245, 22.444889211084725, 22.44488921108472]
[146.06678922380908, 74.30965713221465, 46.13722711575415, 28.424451725882182, 21.48391853889708, 21.48391853889708]
[147.4044527592176, 72.4230830367562, 44.19815198156007, 26.853058087912473, 20.205697135630626, 20.205697135630622]
[148.64968686451618, 70.08311149345401, 41.932242331291626, 25.0829518780972, 18.782701345010462, 18.782701345010462]
[162.78339747937318, 86.12970635818986, 55.67930500247523, 42.663318745893484, 42.66331874589348]
[163.03023405271543, 85.22155945266286, 54.654528912525464, 42.07414871014352, 42.07414871014352]
[162.82745740218468, 84.12747949831409, 53.519524765179376, 41.38591612095966, 41.385916120959656]
[162.7776606084619, 82.96106365473594, 52.28943077716811, 40.643416886665676, 40.643416886665676]
[162.72778377996485, 81.36486656689704, 50.62116532858067, 39.625363791919135, 39.625363791919135]
[162.6873941734053, 79.47269290041362, 48.667315768828956, 38.41575039616634, 38.415750396166345]
[163.05864084918295, 78.02883630753257, 47.13529861349197, 37.47290843088606, 37.47290843088606]
[164.12206547524826, 76.85103836545238, 45.793800125555066, 36.66949425363829, 36.6694942536383]
[165.55656223998793, 75.19598415012528, 43.960043713724204, 35.545901223725366, 35.54590122372537]
[166.89145308291108, 73.17702593100418, 41.8374765854877, 34.19734089738472, 34.19734089738473]
[170.2067751367098, 66.3615108579142, 66.3615108579142]
[164.6299929276429, 63.96569019655976, 63.96569019655976]
[158.86222218263208, 61.50373226529597, 61.50373226529597]
[152.65489397601337, 58.87241275986806, 58.87241275986806]
[144.4649626355247, 55.430225853539234, 55.430225853539234]
[135.2014936655717, 51.57661022259094, 51.57661022259095]
[128.03010624981, 48.62178588506961, 48.62178588506961]
[121.69491449172544, 46.03251152102318, 46.03251152102319]
[113.40918308134466, 42.67676492871735, 42.676764928717354]
[104.39258372180595, 39.06411259870719, 39.0641125987072]
[210.6285578819058, 79.08473665976257, 46.13141294563159, 25.828112358967942, 25.82811235896794]
[205.97512825512473, 76.64416378749804, 44.57964528053703, 25.354811669316017, 25.35481166931602]
[201.13651152452294, 74.12171086261127, 42.98174766460849, 24.810211516971417, 24.810211516971414]
[195.89513121307778, 71.40831145180962, 41.26988774091189, 24.22409477314178, 24.22409477314178]
[188.9123509582862, 67.82873135616107, 39.0233545585192, 23.42669759942445, 23.42669759942445]
[180.9203456479141, 63.77940480775306, 36.49818308741191, 22.488014726886206, 22.488014726886203]
[174.66456859955295, 60.643356841962174, 34.554338790299965, 21.758072515373982, 21.758072515373982]
[169.07829250225353, 57.870753310115255, 32.84484917811856, 21.132683074323452, 21.132683074323456]
[161.65959637117538, 54.23839616934949, 30.619351317126387, 20.268347784199566, 20.268347784199566]
[153.4307662056928, 50.27561130694582, 28.209932901506846, 19.249468921325416, 19.249468921325416]
[200.88998878984984, 66.79951981218939, 51.66859161612082, 51.66859161612083]
[195.16377435649892, 64.31566804344715, 49.93085321629473, 49.930853216294736]
[189.21581702828666, 61.76402342477539, 48.13719383273693, 48.137193832736926]
[182.7834079446318, 59.03800309719572, 46.21092393022482, 46.21092393022482]
[174.24169889554608, 55.47441252895858, 43.67593817084436, 43.67593817084437]
[164.50367457434248, 51.4887605119711, 40.81735839184619, 40.81735839184619]
[156.9078522241479, 48.435877301501634, 38.610522618689025, 38.610522618689025]
[150.1519833235473, 45.76352047410904, 36.66548475164678, 36.66548475164677]
[141.24108619770576, 42.30524332021115, 34.12802892648668, 34.12802892648668]
[131.44248060747086, 38.58963499718962, 31.3748208697788, 31.374820869778805]
[126.63083331505085, 58.511217688997775, 45.391013921740594, 45.3910139217406]
[122.06505399313693, 56.33324697796201, 43.7934699728459, 43.793469972845905]
[117.37673086993172, 54.100875306550954, 42.15068270086571, 42.15068270086571]
[112.36964940750691, 51.72138842054277, 40.393488494618445, 40.39348849461844]
[105.82508955548697, 48.61883621894002, 38.092329406938006, 38.092329406938006]
[98.5051998057185, 45.15893097928204, 35.51264739603232, 35.51264739603233]
[92.89714994256842, 42.515484464292086, 33.53202765809467, 33.53202765809468]
[87.98583342575643, 40.205898512938525, 31.794342872922623, 31.79434287292263]
[81.62408446985725, 37.22230481876102, 29.538846460455282, 29.53884646045528]
[74.77886568474743, 34.02230656128874, 27.10602393386661, 27.106023933866613]
[204.67280570198255, 85.33591141772057, 85.33591141772057]
[204.95857351303056, 85.46285944222879, 85.46285944222879]
[204.74698770953728, 85.36088180458273, 85.36088180458275]
[204.70459851434578, 85.3367933963625, 85.3367933963625]
[204.66210132952605, 85.31266264320277, 85.31266264320276]
[204.63008508758801, 85.29336129846754, 85.29336129846754]
[205.05360893744202, 85.4836652737166, 85.48366527371661]
[206.24244813658797, 86.02637009762297, 86.02637009762299]
[207.83998530917043, 86.75786516480015, 86.75786516480014]
[209.3257575280567, 87.43851526806978, 87.43851526806978]
[161.97895360119767, 89.67411325199555, 60.12927128901701, 60.12927128901702]
[162.24134749218464, 88.5931181234043, 59.67165122212399, 59.671651222123984]
[162.0099676647941, 87.27960804259604, 59.04766904444603, 59.047669044446025]
[161.94659614658488, 85.86763786223354, 58.39164460428754, 58.39164460428754]
[161.88313889474426, 83.91761139744705, 57.47711658304282, 57.47711658304282]
[161.83010222385502, 81.57796927415767, 56.36492466951601, 56.364924669516014]
[162.22911062320486, 79.76206018506302, 55.5317633892199, 55.53176338921989]
[163.38832075913285, 78.24538153045393, 54.9030808537946, 54.903080853794606]
[164.95523299943807, 76.08993022807037, 53.975127134800836, 53.97512713480083]
[166.4129053004525, 73.43740072284176, 52.75078402842345, 52.750784028423446]
[160.40043875564868, 89.92608689420378, 89.92608689420378]
[160.66283909747355, 90.06372617209797, 90.06372617209797]
[160.42919090300938, 89.94944350188294, 89.94944350188295]
[160.36432605692295, 89.92087038878029, 89.92087038878029]
[160.29937582791612, 89.89224786593824, 89.89224786593824]
[160.24489471227938, 89.86893791638148, 89.86893791638148]
[160.6445337455827, 90.07631712098365, 90.07631712098363]
[161.80789041729295, 90.67144472184658, 90.67144472184658]
[163.38089414311034, 91.47406573925369, 91.47406573925367]
[164.84421263700548, 92.22049587110264, 92.22049587110264]
[161.97895360119767, 89.67411325199555, 64.58778428945605, 64.58778428945604]
[162.24134749218464, 88.5931181234043, 64.0473876656222, 64.0473876656222]
[162.0099676647941, 87.27960804259604, 63.34442046011468, 63.34442046011468]
[161.94659614658488, 85.86763786223354, 62.59582194472471, 62.59582194472472]
[161.88313889474426, 83.91761139744705, 61.55162751235218, 61.55162751235218]
[161.83010222385502, 81.57796927415767, 60.282733457212515, 60.28273345721252]
[162.22911062320486, 79.76206018506302, 59.31302622436908, 59.313026224369075]
[163.38832075913285, 78.24538153045393, 58.54315190087639, 58.54315190087638]
[164.95523299943807, 76.08993022807037, 57.420810897238404, 57.42081089723842]
[166.4129053004525, 73.43740072284176, 55.97816060422552, 55.978160604225515]
[131.1287464366263, 79.34025986502725, 45.876377547807195, 33.676064439876725, 33.676064439876725]
[131.35690150843587, 78.51297299092847, 44.851291085538826, 32.799515792761895, 32.79951579276189]
[131.14183707742023, 77.4575223529058, 43.71639157378601, 31.852925043762284, 31.852925043762287]
[131.07760394046323, 76.33573631658707, 42.48957421426202, 30.83147693496694, 30.83147693496694]
[131.01331143537303, 74.78331709690478, 40.83204046035933, 29.463650067076987, 29.463650067076987]
[130.95838494261974, 72.91337447371203, 38.89965239021143, 27.887065025496643, 27.88706502549664]
[131.309044552517, 71.4858171821101, 37.39011312421174, 26.659819833389538, 26.65981983338953]
[132.34239850525077, 70.34289923309198, 36.071675625226305, 25.58326763205834, 25.58326763205834]
[133.74332141169484, 68.69499386442618, 34.28011868127313, 24.141344640749146, 24.14134464074915]
[135.0476278358531, 66.6103349726093, 32.22438066330623, 22.519902192107708, 22.51990219210771]
[131.1287464366263, 79.34025986502725, 44.25511081861988, 44.25511081861988]
[131.35690150843587, 78.51297299092847, 43.17573459474153, 43.175734594741535]
[131.14183707742023, 77.4575223529058, 41.98860278290037, 41.98860278290037]
[131.07760394046323, 76.33573631658707, 40.70449637414769, 40.704496374147695]
[131.01331143537303, 74.78331709690478, 38.97246626074216, 38.97246626074217]
[130.95838494261974, 72.91337447371203, 36.95801840056422, 36.958018400564214]
[131.309044552517, 71.4858171821101, 35.383858083932665, 35.383858083932665]
[132.34239850525077, 70.34289923309198, 34.00478844799223, 34.004788447992226]
[133.74332141169484, 68.69499386442618, 32.13910770707882, 32.13910770707882]
[135.0476278358531, 66.6103349726093, 30.01336582472269, 30.01336582472269]
[161.97895360119767, 90.13089926968344, 63.62685774209188, 46.067486340571826, 46.06748634057182]
[162.24134749218464, 89.07637383261587, 63.12280027948138, 45.82092981208158, 45.82092981208157]
[162.0099676647941, 87.79004613031954, 62.459641044547695, 45.456439670409154, 45.456439670409154]
[161.94659614658488, 86.40963145151001, 61.75595227977391, 45.079482167038975, 45.079482167038975]
[161.88313889474426, 84.50409448419214, 60.77476753672202, 44.551376165378464, 44.551376165378464]
[161.83010222385502, 82.21907332790383, 59.582891434365294, 43.90520656825802, 43.90520656825802]
[162.22911062320486, 80.4507453039033, 58.677886547341494, 43.43631943210848, 43.43631943210848]
[163.38832075913285, 78.9823848074841, 57.970124437688305, 43.115076922696744, 43.11507692269675]
[164.95523299943807, 76.89463405875597, 56.936005706029015, 42.628383869182514, 42.62838386918251]
[166.4129053004525, 74.32045648457155, 55.598663527687755, 41.952333698651394, 41.952333698651394]
[39.13121352280954, 28.77795895544762, 23.44897533747649, 23.44897533747649]
[39.21785661094488, 28.524369546521722, 23.121336410843693, 23.12133641084369]
[39.12096196861459, 28.148274168167596, 22.70367496303226, 22.70367496303226]
[39.08657031692556, 27.76281983131182, 22.262494616426324, 22.26249461642632]
[39.05218564632957, 27.229136106223894, 21.65677762220341, 21.65677762220341]
[39.02170153642292, 26.582290022343344, 20.93329878336444, 20.933298783364435]
[39.15885311037597, 26.11425703724499, 20.38409696203824, 20.38409696203824]
[39.57929382196756, 25.791647067288014, 19.94506786385087, 19.94506786385087]
[40.15485946400159, 25.304980580938167, 19.316505552431757, 19.31650555243176]
[40.693052289314934, 24.63421989966012, 18.529945184842724, 18.529945184842727]
[228.1047758490335, 100.96274055904978, 100.96274055904976]
[223.24486658670065, 100.08588684074887, 100.08588684074887]
[218.1833011557288, 98.98310334516448, 98.98310334516448]
[212.69071022625275, 97.81831498526911, 97.81831498526911]
[205.356799470832, 96.21963703031126, 96.21963703031126]
[196.9408613519727, 94.31659948927023, 94.31659948927023]
[190.33760511075653, 92.88823455363824, 92.88823455363824]
[184.42899811177358, 91.77315388305354, 91.77315388305354]
[176.56312502702806, 90.18627204000879, 90.18627204000879]
[167.81345047620545, 88.19943708998636, 88.19943708998635]
[200.88998878984984, 95.52967929185293, 65.72182731223269, 43.266413833136234, 43.26641383313623]
[195.16377435649892, 94.29121361073277, 64.68139217740185, 42.27838249826603, 42.278382498266026]
[189.21581702828666, 92.81794599063807, 63.51010360297897, 41.21144807769337, 41.211448077693376]
[182.7834079446318, 91.22713900155209, 62.2416106136043, 40.05508010631225, 40.05508010631225]
[174.24169889554608, 89.03340710480683, 60.513643124171175, 38.49892108022274, 38.49892108022274]
[164.50367457434248, 86.40777008057235, 58.47841231338889, 36.694452656509036, 36.694452656509036]
[156.9078522241479, 84.35717786019683, 56.88406635136772, 35.28057657352589, 35.280576573525884]
[150.1519833235473, 82.61656395972291, 55.498423312796305, 34.03213123393324, 34.03213123393324]
[141.24108619770576, 80.15939188043785, 53.58774817685125, 32.34961630607911, 32.34961630607911]
[131.44248060747086, 77.17216514249161, 51.34620125900914, 30.44288339293645, 30.442883392936455]
[230.87682856205382, 97.97658316409898, 51.97759572395969, 27.56388373407069, 27.563883734070686]
[231.1667840901513, 96.15284615648753, 50.54445867597448, 27.17904904678213, 27.179049046782133]
[230.98527922518176, 94.12612666257732, 49.0234320261798, 26.710326647576437, 26.71032664757644]
[230.96414962798153, 91.90838899983959, 47.377266816235824, 26.207071598070897, 26.207071598070897]
[230.9429084783184, 88.87176237194512, 45.17766154727543, 25.513136820978122, 25.51313682097812]
[230.93159615688396, 85.27581369961517, 42.65076908005385, 24.68176346053597, 24.68176346053597]
[231.3521999665909, 82.41932509590114, 40.67826909783304, 24.03662534109261, 24.03662534109261]
[232.49810675283967, 79.88253828257486, 38.93373134370602, 23.497034111986764, 23.497034111986768]
[234.0306071929683, 76.39084826228078, 36.61322530598291, 22.73168336724009, 22.731683367240088]
[235.45643628724272, 72.32595821243325, 34.03161494214228, 21.793415063796502, 21.793415063796502]
[144.84201768708567, 84.32593130633042, 60.97935295145659, 60.97935295145659]
[145.06893129812494, 83.38846559645398, 60.10720414355637, 60.107204143556366]
[144.87566024078865, 82.2359977010072, 59.104628908747955, 59.10462890874796]
[144.8253670918498, 80.99874102211764, 58.0208548588024, 58.02085485880241]
[144.77500716243622, 79.28635106933945, 56.53836547223041, 56.5383654722304]
[144.73351910410466, 77.22635569737224, 54.78272230520078, 54.78272230520079]
[145.07664377318525, 75.6311353482497, 53.410869663265245, 53.410869663265245]
[146.06678922380908, 74.30965713221465, 52.23158660143866, 52.23158660143866]
[147.4044527592176, 72.4230830367562, 50.5916514314039, 50.591651431403896]
[148.64968686451618, 70.08311149345401, 48.64136708222118, 48.64136708222118]
[57.42109957604674, 44.65671297639259, 37.21199152773333, 37.21199152773333]
[57.529745072757365, 44.43217337188471, 36.90568771856294, 36.905687718562945]
[57.420172357975964, 44.05198499015239, 36.482257369977596, 36.482257369977596]
[57.384889809970076, 43.67356514019868, 36.04252980300309, 36.042529803003085]
[57.34959881055666, 43.147958040916436, 35.43513336433527, 35.43513336433527]
[57.31893367980867, 42.5077288142457, 34.703534860683774, 34.70353486068378]
[57.487748670224384, 42.07306118020121, 34.166295597808706, 34.166295597808706]
[57.993071899060034, 41.835127013189656, 33.77684211220411, 33.7768421122041]
[58.681288900077504, 41.45713572146337, 33.20413009747527, 33.20413009747527]
[59.32367951561826, 40.87544478423131, 32.44466706962406, 32.44466706962406]
[233.57022501882227, 108.36709899993527, 73.75062719567164, 51.455116350812325, 51.455116350812325]
[233.86023870137512, 106.76893725921752, 73.03587810747479, 50.59159794521548, 50.591597945215476]
[233.68248328091354, 104.96087465803564, 72.16756893230011, 49.62433807754724, 49.62433807754724]
[233.66384681621207, 102.98530889942447, 71.22609112027536, 48.56603372236751, 48.566033722367514]
[233.64509919387498, 100.26758999257432, 69.91351186778193, 47.11318605337919, 47.11318605337919]
[234.05584471794222, 94.46287613963659, 67.07545489785001, 44.01554536282194, 44.01554536282194]
[235.19510259154293, 92.20319041344396, 66.02088633180948, 42.80090507070115, 42.800905070701155]
[236.7178846347021, 89.06064762830417, 64.51093102499787, 41.12032004807131, 41.12032004807131]
[236.7178846347021, 89.06064762830417, 64.51093102499787, 41.12032004807131, 41.12032004807131]
[238.13479354929945, 85.34228672959541, 62.63862495608499, 39.14842018014089, 39.14842018014089]
[228.1047758490335, 100.96274055904978, 67.45505862566803, 67.45505862566804]
[223.24486658670065, 100.08588684074887, 66.43333615334082, 66.43333615334082]
[218.1833011557288, 98.98310334516448, 65.27600361800738, 65.27600361800737]
[212.69071022625275, 97.81831498526911, 64.02346216949879, 64.02346216949879]
[205.356799470832, 96.21963703031126, 62.31519854009587, 62.315198540095864]
[196.9408613519727, 94.31659948927023, 60.30013398597502, 60.300133985975016]
[190.33760511075653, 92.88823455363824, 58.723294610348724, 58.723294610348724]
[184.42899811177358, 91.77315388305354, 57.357966117681116, 57.35796611768113]
[176.56312502702806, 90.18627204000879, 55.47057206056858, 55.47057206056857]
[167.81345047620545, 88.19943708998636, 53.2471729232713, 53.2471729232713]
[166.92677974379527, 82.41452817976375, 82.41452817976376]
[167.1695167274796, 82.53696658061388, 82.53696658061386]
[166.97989792424164, 82.43876957993135, 82.43876957993136]
[166.9373828531073, 82.41564206043815, 82.41564206043815]
[166.89478767403224, 82.39247439114426, 82.39247439114426]
[166.86131335840685, 82.37396170159604, 82.37396170159603]
[167.2237071720811, 82.557457064777, 82.557457064777]
[168.2516535324452, 83.08060379567293, 83.08060379567291]
[169.6361470576826, 83.78576541920854, 83.78576541920854]
[170.92461134589865, 84.44197935094405, 84.44197935094405]
[181.1366523325405, 95.77869827637076, 95.77869827637076]
[181.42128051571697, 94.57787321612591, 94.57787321612591]
[181.17805190785415, 93.1422762335689, 93.1422762335689]
[181.11441174795698, 91.59512683719795, 91.59512683719797]
[181.05066778304646, 89.46243236843789, 89.46243236843789]
[180.99805516959722, 86.91083831432586, 86.91083831432587]
[181.42881271007468, 84.92428420138467, 84.92428420138465]
[182.67202112372922, 83.2484943203455, 83.24849432034551]
[184.3499619402402, 80.88075760708654, 80.88075760708654]
[185.91012816070457, 77.99495538093755, 77.99495538093755]
[182.14596881375866, 93.6873915766204, 93.6873915766204]
[182.4304693844014, 92.60853718934018, 92.6085371893402]
[182.1889092501444, 91.31796641245734, 91.31796641245734]
[182.12632597325916, 89.93671936536124, 89.93671936536123]
[182.0636388634536, 88.04391931948724, 88.04391931948724]
[182.01204496095966, 85.79598337278486, 85.79598337278486]
[182.4421803249461, 84.06772440991634, 84.06772440991635]
[183.68199516123664, 82.63716801352943, 82.63716801352945]
[185.3550293928528, 80.62653517943517, 80.62653517943515]
[186.91066069505155, 78.18170100679967, 78.18170100679968]
[157.49027457365636, 84.24392517372455, 84.24392517372453]
[152.37803575568586, 82.81808075857889, 82.81808075857889]
[147.1010610388094, 81.18543935460582, 81.18543935460582]
[141.43318405158718, 79.4164600423125, 79.4164600423125]
[133.9716465183778, 76.9966293210999, 76.9966293210999]
[125.55348849972862, 74.1308858966852, 74.1308858966852]
[119.05119015010683, 71.88270807085627, 71.88270807085625]
[113.31661237743495, 69.93435725710725, 69.93435725710727]
[105.82741062728657, 67.23225576355867, 67.23225576355868]
[97.68940924547735, 64.03907052601606, 64.03907052601606]
[166.92677974379527, 82.41452817976375, 49.923233831254365, 34.407664914329565, 34.40766491432956]
[167.1695167274796, 82.53696658061388, 49.241348313505206, 33.67843588587506, 33.67843588587506]
[166.97989792424164, 82.43876957993135, 48.42664018914397, 32.86861833544956, 32.86861833544956]
[166.9373828531073, 82.41564206043815, 47.5447442875065, 31.99018403661971, 31.990184036619706]
[166.89478767403224, 82.39247439114426, 46.325065856392996, 30.798370047730273, 30.798370047730273]
[166.86131335840685, 82.37396170159604, 44.860135055233606, 29.402175889308133, 29.402175889308133]
[167.2237071720811, 82.557457064777, 43.71132027689776, 28.306606232127958, 28.30660623212796]
[168.2516535324452, 83.08060379567293, 42.731445949982536, 27.346120648495713, 27.34612064849571]
[169.6361470576826, 83.78576541920854, 41.34540018838028, 26.035937994383747, 26.035937994383747]
[170.92461134589865, 84.44197935094405, 39.65859790728027, 24.525817726212807, 24.525817726212807]
[223.21388081550342, 101.98806755141423, 101.98806755141423]
[217.87058848289294, 99.10634477750789, 99.10634477750789]
[212.30827324733102, 96.10986723966266, 96.10986723966266]
[206.2768224954609, 92.86558994284565, 92.86558994284566]
[198.23523334896214, 88.55122742780709, 88.55122742780708]
[189.0225196014268, 83.62378240541325, 83.62378240541325]
[181.80387271996833, 79.77358932921355, 79.77358932921355]
[175.35473837915274, 76.34404516892502, 76.34404516892502]
[166.79354822854478, 71.81299241658277, 71.81299241658279]
[157.30341958681777, 66.82052870806716, 66.82052870806716]
[174.255715160262, 95.36173107699516, 95.36173107699516]
[174.49526949710375, 94.46644539242378, 94.46644539242376]
[174.32174617053738, 93.38579644459348, 93.3857964445935]
[174.28876228450278, 92.23070224147627, 92.23070224147627]
[174.25569811711733, 90.64413611249837, 90.64413611249837]
[174.2313454935735, 88.75642853199517, 88.75642853199516]
[174.58524746596575, 87.31245072079086, 87.31245072079086]
[175.5749572830678, 86.13269832016327, 86.13269832016326]
[176.90497992714614, 84.46952231864813, 84.46952231864812]
[178.14296083223704, 82.43298278155748, 82.43298278155748]
[162.78339747937318, 71.2245470748847, 71.2245470748847]
[163.03023405271543, 69.80225691809069, 69.80225691809068]
[162.82745740218468, 68.20795567044787, 68.20795567044786]
[162.7776606084619, 66.47809439097726, 66.47809439097726]
[162.72778377996485, 64.12399261572389, 64.12399261572388]
[162.6873941734053, 61.35531708850422, 61.35531708850423]
[163.05864084918295, 59.180857380173514, 59.18085738017351]
[164.12206547524826, 57.27871640847576, 57.27871640847575]
[165.55656223998793, 54.67014961639556, 54.67014961639555]
[166.89145308291108, 51.64040714556734, 51.640407145567345]
[146.10147776807736, 81.22275244918193, 53.58649191887296, 53.58649191887295]
[141.15254398895098, 78.83437158020482, 51.954940172781924, 51.954940172781924]
[136.05353491996834, 76.36327519576102, 50.26806104486108, 50.268061044861085]
[130.58784615298495, 73.70185933402024, 48.452769721465295, 48.452769721465295]
[123.41099305234755, 70.18484223461253, 46.05672345205572, 46.05672345205573]
[115.33930674263253, 66.19775771248807, 43.34448736547094, 43.34448736547095]
[109.12301444761903, 63.10349981878872, 41.242675697521804, 41.2426756975218]
[103.65475780083766, 60.362523381590414, 39.38341054587392, 39.383410545873915]
[96.53513966920758, 56.762474054107045, 36.945875795964646, 36.94587579596464]
[88.8272870958985, 52.82236654655699, 34.28426635567717, 34.28426635567716]
[200.88998878984984, 105.732199066986, 67.64564661520171, 67.64564661520171]
[195.16377435649892, 102.94651217648766, 65.72861888888434, 65.72861888888436]
[189.21581702828666, 100.0490007804508, 63.735962938602, 63.73596293860201]
[182.7834079446318, 96.91039644984023, 61.57936109433849, 61.57936109433848]
[174.24169889554608, 92.73284157274122, 58.712830157754276, 58.71283015775426]
[164.50367457434248, 87.95642302460624, 55.44094061905026, 55.44094061905026]
[156.9078522241479, 84.22045496063497, 52.88586459767886, 52.88586459767886]
[150.1519833235473, 80.8888429481008, 50.61108561286582, 50.61108561286582]
[141.24108619770576, 76.47874483983915, 47.60737365145507, 47.60737365145508]
[131.44248060747086, 71.60743026748713, 44.30002419956849, 44.30002419956849]
