[137.91961445081822, 80.53978514213865, 51.00067904471641, 37.34393714334736, 31.325474637678845, 31.325474637678848]
[137.9909460315963, 80.5814400602217, 51.027056432165224, 37.36325130777571, 31.341676072632097, 31.3416760726321]
[138.0622776123729, 80.62309497830421, 51.0534338196138, 37.38256547220393, 31.357877507585236, 31.357877507585236]
[138.1336091931478, 80.66474989638613, 51.07981120706215, 37.40187963663203, 31.374078942538308, 31.374078942538304]
[138.2049407739211, 80.70640481446752, 51.10618859451033, 37.42119380106004, 31.390280377491298, 31.3902803774913]
[138.2762723546928, 80.74805973254837, 51.13256598195824, 37.440507965487924, 31.40648181244421, 31.406481812444213]
[138.3476039354628, 80.78971465062861, 51.15894336940593, 37.45982212991567, 31.422683247397, 31.422683247397003]
[138.41893551623133, 80.8313695687084, 51.185320756853436, 37.47913629434335, 31.43888468234977, 31.438884682349766]
[138.4902670969981, 80.87302448678756, 51.211698144300655, 37.498450458770826, 31.455086117302397, 31.455086117302397]
[138.56159867776336, 80.91467940486619, 51.23807553174772, 37.51776462319823, 31.47128755225495, 31.47128755225495]
[194.3713230274502, 81.19968790707885, 51.26449909456535, 40.53128403060422, 31.325474637678845, 31.325474637678848]
[194.47185124934654, 81.2416841247471, 51.29101292889576, 40.5522466806017, 31.34167607263211, 31.341676072632115]
[194.57237947123974, 81.28368034241481, 51.317526763225914, 40.57320933059899, 31.357877507585236, 31.357877507585236]
[194.67290769312967, 81.32567656008192, 51.344040597555875, 40.594171980596194, 31.374078942538315, 31.37407894253831]
[194.77343591501642, 81.36767277774851, 51.37055443188564, 40.61513463059325, 31.390280377491298, 31.3902803774913]
[194.87396413690004, 81.40966899541455, 51.397068266215136, 40.63609728059017, 31.406481812444202, 31.406481812444206]
[194.97449235878025, 81.45166521307995, 51.42358210054442, 40.65705993058694, 31.422683247397007, 31.422683247397007]
[195.07502058065748, 81.4936614307449, 51.45009593487351, 40.6780225805836, 31.438884682349766, 31.438884682349762]
[195.17554880253135, 81.53565764840921, 51.4766097692023, 40.69898523058004, 31.455086117302386, 31.455086117302386]
[195.2760770244021, 81.57765386607298, 51.50312360353095, 40.719947880576434, 31.471287552254953, 31.471287552254953]
[137.91961445081822, 80.53978514213865, 51.00067904471641, 37.23260165404547, 29.44267380558617, 29.442673805586168]
[137.9909460315963, 80.5814400602217, 51.027056432165224, 37.25185823611645, 29.457901461995874, 29.457901461995874]
[138.0622776123729, 80.62309497830421, 51.0534338196138, 37.27111481818729, 29.473129118405488, 29.473129118405488]
[138.1336091931478, 80.66474989638613, 51.07981120706215, 37.29037140025802, 29.488356774815017, 29.488356774815017]
[138.2049407739211, 80.70640481446752, 51.10618859451033, 37.30962798232866, 29.503584431224485, 29.50358443122449]
[138.2762723546928, 80.74805973254837, 51.13256598195824, 37.32888456439917, 29.51881208763389, 29.51881208763389]
[138.3476039354628, 80.78971465062861, 51.15894336940593, 37.34814114646954, 29.534039744043188, 29.534039744043188]
[138.41893551623133, 80.8313695687084, 51.185320756853436, 37.367397728539835, 29.549267400452457, 29.549267400452457]
[138.4902670969981, 80.87302448678756, 51.211698144300655, 37.38665431060995, 29.564495056861606, 29.564495056861606]
[138.56159867776336, 80.91467940486619, 51.23807553174772, 37.405910892679984, 29.57972271327068, 29.579722713270673]
[140.72368092611086, 69.65377008419685, 46.40784073393114, 37.433966808265986, 29.44267380558616, 29.44267380558616]
[140.7964627610144, 69.68979479033334, 46.43184272016979, 37.4533275357478, 29.457901461995878, 29.45790146199588]
[140.86924459591626, 69.72581949646941, 46.455844706408236, 37.472688263229465, 29.473129118405485, 29.473129118405485]
[140.94202643081638, 69.76184420260505, 46.479846692646525, 37.492048990711034, 29.488356774815028, 29.488356774815024]
[141.01480826571483, 69.79786890874027, 46.503848678884644, 37.51140971819249, 29.503584431224496, 29.5035844312245]
[141.08759010061166, 69.83389361487514, 46.52785066512255, 37.530770445673824, 29.518812087633894, 29.518812087633894]
[141.1603719355067, 69.86991832100951, 46.55185265136028, 37.550131173155016, 29.534039744043195, 29.53403974404319]
[141.23315377040018, 69.90594302714355, 46.57585463759785, 37.56949190063614, 29.549267400452457, 29.549267400452457]
[141.3059356052919, 69.94196773327711, 46.59985662383516, 37.58885262811706, 29.56449505686161, 29.56449505686161]
[141.37871744018196, 69.97799243941033, 46.62385861007239, 37.60821335559793, 29.579722713270694, 29.579722713270687]
[137.91961445081822, 68.95980797909796, 44.983551176244475, 33.988511397235854, 28.106178677485758, 28.106178677485754]
[137.9909460315963, 68.99547377026684, 45.00681652450174, 34.00609014624755, 28.120715102907166, 28.120715102907166]
[138.0622776123729, 69.03113956143534, 45.030081872758785, 34.023668895259114, 28.13525152832847, 28.13525152832847]
[138.1336091931478, 69.0668053526034, 45.05334722101567, 34.04124764427057, 28.1497879537497, 28.149787953749705]
[138.2049407739211, 69.10247114377106, 45.07661256927243, 34.05882639328196, 28.164324379170885, 28.164324379170885]
[138.2762723546928, 69.13813693493833, 45.09987791752896, 34.076405142293225, 28.178860804591995, 28.178860804591995]
[138.3476039354628, 69.17380272610517, 45.12314326578535, 34.09398389130438, 28.193397230013, 28.193397230013005]
[138.41893551623133, 69.20946851727166, 45.146408614041576, 34.11156264031548, 28.207933655433997, 28.207933655433994]
[138.4902670969981, 69.24513430843767, 45.16967396229757, 34.12914138932643, 28.222470080854876, 28.22247008085488]
[138.56159867776336, 69.28080009960335, 45.19293931055348, 34.14672013833731, 28.237006506275694, 28.23700650627569]
[162.3993737241942, 74.91188050684177, 47.442459903448785, 35.299808970542834, 28.10617867748577, 28.10617867748576]
[162.48336615736824, 74.95062469076576, 47.466996991396336, 35.31806591844715, 28.120715102907166, 28.120715102907166]
[162.56735859054015, 74.98936887468925, 47.49153407934365, 35.336322866351324, 28.13525152832847, 28.13525152832847]
[162.6513510237098, 75.02811305861225, 47.51607116729079, 35.35457981425541, 28.149787953749712, 28.149787953749716]
[162.73534345687716, 75.06685724253478, 47.54060825523777, 35.372836762159395, 28.164324379170885, 28.164324379170885]
[162.81933589004237, 75.10560142645684, 47.56514534318452, 35.39109371006326, 28.17886080459199, 28.17886080459199]
[162.90332832320522, 75.14434561037838, 47.589682431131074, 35.409350657967025, 28.193397230013012, 28.193397230013012]
[162.98732075636596, 75.18308979429953, 47.61421951907749, 35.4276076058707, 28.207933655433994, 28.20793365543399]
[163.07131318952435, 75.22183397822015, 47.63875660702363, 35.44586455377422, 28.222470080854883, 28.222470080854883]
[163.15530562268057, 75.26057816214033, 47.663293694969674, 35.46412150167769, 28.237006506275705, 28.2370065062757]
[161.85181692064117, 74.465202868674, 48.58361679617996, 37.48641964191347, 37.48641964191348]
[161.93552615920683, 74.50371603236131, 48.60874408680417, 37.505807497832315, 37.505807497832315]
[162.01923539777033, 74.54222919604814, 48.63387137742815, 37.52519535375102, 37.52519535375102]
[162.10294463633156, 74.58074235973451, 48.65899866805196, 37.544583209669625, 37.544583209669625]
[162.18665387489054, 74.6192555234204, 48.68412595867559, 37.56397106558814, 37.56397106558814]
[162.27036311344736, 74.65776868710581, 48.70925324929897, 37.583358921506495, 37.583358921506495]
[162.35407235200185, 74.69628185079074, 48.73438053992217, 37.60274677742474, 37.602746777424734]
[162.43778159055427, 74.73479501447522, 48.759507830545196, 37.622134633342895, 37.622134633342895]
[162.52149082910432, 74.77330817815923, 48.78463512116795, 37.64152248926086, 37.64152248926085]
[162.60520006765222, 74.81182134184277, 48.80976241179059, 37.66091034517877, 37.66091034517876]
[164.11583702215532, 75.48744351433011, 48.785636638006636, 37.48641964191346, 37.48641964191346]
[164.20071720459708, 75.52648537758886, 48.810868412643636, 37.50580749783231, 37.50580749783231]
[164.28559738703666, 75.56552724084712, 48.836100187280394, 37.525195353751016, 37.525195353751016]
[164.37047756947388, 75.60456910410484, 48.861331961916974, 37.544583209669625, 37.544583209669625]
[164.4553577519088, 75.64361096736215, 48.88656373655338, 37.56397106558815, 37.56397106558815]
[164.5402379343415, 75.68265283061895, 48.91179551118953, 37.5833589215065, 37.5833589215065]
[164.62511811677183, 75.72169469387521, 48.93702728582551, 37.60274677742475, 37.60274677742475]
[164.70999829919998, 75.76073655713107, 48.9622590604613, 37.62213463334288, 37.62213463334289]
[164.79487848162572, 75.7997784203864, 48.98749083509682, 37.64152248926087, 37.64152248926087]
[164.87975866404926, 75.83882028364125, 49.01272260973222, 37.66091034517878, 37.66091034517878]
[161.85181692064117, 74.465202868674, 48.35662114637371, 35.92770854696789, 35.92770854696789]
[161.93552615920683, 74.50371603236131, 48.38163103557753, 35.94629024251602, 35.946290242516014]
[162.01923539777033, 74.54222919604814, 48.4066409247811, 35.96487193806399, 35.96487193806399]
[162.10294463633156, 74.58074235973451, 48.43165081398454, 35.983453633611916, 35.98345363361192]
[162.18665387489054, 74.6192555234204, 48.45666070318779, 36.00203532915971, 36.00203532915971]
[162.27036311344736, 74.65776868710581, 48.481670592390785, 36.02061702470739, 36.02061702470739]
[162.35407235200185, 74.69628185079074, 48.506680481593634, 36.03919872025496, 36.03919872025496]
[162.43778159055427, 74.73479501447522, 48.53169037079626, 36.05778041580244, 36.05778041580245]
[162.52149082910432, 74.77330817815923, 48.55670025999865, 36.07636211134975, 36.07636211134975]
[162.60520006765222, 74.81182134184277, 48.581710149200916, 36.094943806897014, 36.094943806897014]
[139.7823452758861, 69.42236705341338, 46.17832866688237, 35.92770854696788, 35.92770854696788]
[139.85464025503146, 69.458272078647, 46.20221195021765, 35.946290242516014, 35.94629024251601]
[139.92693523417523, 69.49417710388019, 46.2260952335527, 35.96487193806399, 35.96487193806399]
[139.99923021331725, 69.530082129113, 46.24997851688762, 35.98345363361191, 35.983453633611916]
[140.0715251924576, 69.56598715434538, 46.27386180022236, 36.00203532915971, 36.00203532915971]
[140.14382017159642, 69.60189217957739, 46.297745083556904, 36.02061702470739, 36.02061702470739]
[140.21611515073343, 69.63779720480892, 46.32162836689127, 36.039198720254944, 36.039198720254944]
[140.28841012986894, 69.6737022300401, 46.345511650225475, 36.057780415802426, 36.05778041580243]
[140.36070510900265, 69.70960725527085, 46.369394933559434, 36.07636211134976, 36.07636211134976]
[140.43300008813478, 69.74551228050122, 46.3932782168933, 36.094943806897014, 36.094943806897014]
[161.85181692064117, 74.465202868674, 47.26291304119188, 35.27387000121805, 28.97941226327129, 28.97941226327129]
[161.93552615920683, 74.50371603236131, 47.287357268079376, 35.29211353357075, 28.994400322299033, 28.99440032229903]
[162.01923539777033, 74.54222919604814, 47.31180149496666, 35.31035706592331, 29.009388381326676, 29.009388381326676]
[162.10294463633156, 74.58074235973451, 47.33624572185379, 35.3286005982758, 29.024376440354267, 29.024376440354267]
[162.18665387489054, 74.6192555234204, 47.360689948740756, 35.346844130628185, 29.039364499381783, 29.039364499381783]
[162.27036311344736, 74.65776868710581, 47.38513417562747, 35.36508766298044, 29.054352558409228, 29.054352558409228]
[162.35407235200185, 74.69628185079074, 47.409578402514036, 35.383331195332595, 29.069340617436577, 29.069340617436577]
[162.43778159055427, 74.73479501447522, 47.43402262940041, 35.40157472768467, 29.084328676463894, 29.084328676463894]
[162.52149082910432, 74.77330817815923, 47.458466856286535, 35.419818260036585, 29.099316735491104, 29.099316735491108]
[162.60520006765222, 74.81182134184277, 47.48291108317255, 35.438061792388424, 29.11430479451824, 29.11430479451824]
[162.3993737241942, 74.91188050684177, 47.442459903448785, 35.299808970542834, 28.979412263271286, 28.979412263271286]
[162.48336615736824, 74.95062469076576, 47.466996991396336, 35.31806591844715, 28.994400322299043, 28.99440032229904]
[162.56735859054015, 74.98936887468925, 47.49153407934365, 35.336322866351324, 29.00938838132669, 29.00938838132669]
[162.6513510237098, 75.02811305861225, 47.51607116729079, 35.35457981425541, 29.024376440354274, 29.02437644035427]
[162.73534345687716, 75.06685724253478, 47.54060825523777, 35.372836762159395, 29.03936449938179, 29.03936449938179]
[162.81933589004237, 75.10560142645684, 47.56514534318452, 35.39109371006326, 29.054352558409235, 29.05435255840923]
[162.90332832320522, 75.14434561037838, 47.589682431131074, 35.409350657967025, 29.069340617436577, 29.069340617436577]
[162.98732075636596, 75.18308979429953, 47.61421951907749, 35.4276076058707, 29.084328676463894, 29.084328676463894]
[163.07131318952435, 75.22183397822015, 47.63875660702363, 35.44586455377422, 29.099316735491097, 29.099316735491097]
[163.15530562268057, 75.26057816214033, 47.663293694969674, 35.46412150167769, 29.11430479451824, 29.11430479451824]
[161.85181692064117, 88.15143703109315, 53.95060656283327, 38.90142499723525, 32.41407985818493, 32.414079858184934]
[161.93552615920683, 88.19702867102018, 53.97850964330977, 38.92154468937763, 32.4308443162618, 32.4308443162618]
[162.01923539777033, 88.24262031094655, 54.006412723786006, 38.94166438151986, 32.44760877433855, 32.44760877433855]
[162.10294463633156, 88.28821195087227, 54.034315804262, 38.96178407366197, 32.46437323241521, 32.46437323241521]
[162.18665387489054, 88.33380359079732, 54.06221888473777, 38.98190376580395, 32.48113769049179, 32.481137690491785]
[162.27036311344736, 88.37939523072171, 54.09012196521326, 39.002023457945825, 32.49790214856829, 32.49790214856829]
[162.35407235200185, 88.42498687064538, 54.1180250456885, 39.02214315008752, 32.51466660664466, 32.51466660664466]
[162.43778159055427, 88.47057851056846, 54.14592812616352, 39.04226284222916, 32.531431064721, 32.531431064721]
[162.52149082910432, 88.5161701504909, 54.17383120663823, 39.062382534370585, 32.548195522797194, 32.548195522797194]
[162.60520006765222, 88.56176179041265, 54.2017342871128, 39.082502226511956, 32.564959980873326, 32.56495998087333]
[194.3713230274502, 81.19968790707885, 51.26449909456535, 40.53128403060422, 32.41407985818492, 32.41407985818492]
[194.47185124934654, 81.2416841247471, 51.29101292889576, 40.5522466806017, 32.430844316261805, 32.430844316261805]
[194.57237947123974, 81.28368034241481, 51.317526763225914, 40.57320933059899, 32.447608774338526, 32.447608774338526]
[194.67290769312967, 81.32567656008192, 51.344040597555875, 40.594171980596194, 32.464373232415205, 32.464373232415205]
[194.77343591501642, 81.36767277774851, 51.37055443188564, 40.61513463059325, 32.481137690491785, 32.48113769049178]
[194.87396413690004, 81.40966899541455, 51.397068266215136, 40.63609728059017, 32.497902148568286, 32.497902148568286]
[194.97449235878025, 81.45166521307995, 51.42358210054442, 40.65705993058694, 32.51466660664467, 32.51466660664467]
[195.07502058065748, 81.4936614307449, 51.45009593487351, 40.6780225805836, 32.531431064721005, 32.531431064721005]
[195.17554880253135, 81.53565764840921, 51.4766097692023, 40.69898523058004, 32.548195522797194, 32.54819552279719]
[195.2760770244021, 81.57765386607298, 51.50312360353095, 40.719947880576434, 32.564959980873326, 32.56495998087333]
[193.58746632353868, 80.92590949826756, 51.00067904471641, 37.433966808266, 37.43396680826601]
[193.68758913728624, 80.96776411862434, 51.02705643216523, 37.45332753574781, 37.45332753574781]
[193.78771195103064, 81.00961873898054, 51.05343381961379, 37.472688263229465, 37.472688263229465]
[193.8878347647719, 81.05147335933617, 51.079811207062164, 37.492048990711034, 37.492048990711034]
[193.98795757850988, 81.09332797969127, 51.10618859451033, 37.51140971819249, 37.511409718192496]
[194.08808039224485, 81.13518260004582, 51.13256598195823, 37.53077044567381, 37.53077044567382]
[194.18820320597638, 81.17703722039977, 51.15894336940593, 37.550131173155016, 37.55013117315502]
[194.28832601970495, 81.2188918407532, 51.18532075685343, 37.56949190063612, 37.569491900636116]
[194.3884488334302, 81.26074646110607, 51.21169814430065, 37.58885262811706, 37.58885262811706]
[194.4885716471524, 81.30260108145839, 51.238075531747725, 37.608213355597925, 37.608213355597925]
[140.72368092611086, 69.65377008419685, 46.40784073393114, 37.433966808265986, 37.43396680826599]
[140.7964627610144, 69.68979479033334, 46.43184272016979, 37.4533275357478, 37.4533275357478]
[140.86924459591626, 69.72581949646941, 46.455844706408236, 37.472688263229465, 37.472688263229465]
[140.94202643081638, 69.76184420260505, 46.479846692646525, 37.492048990711034, 37.492048990711034]
[141.01480826571483, 69.79786890874027, 46.503848678884644, 37.51140971819249, 37.511409718192496]
[141.08759010061166, 69.83389361487514, 46.52785066512255, 37.530770445673824, 37.53077044567383]
[141.1603719355067, 69.86991832100951, 46.55185265136028, 37.550131173155016, 37.55013117315502]
[141.23315377040018, 69.90594302714355, 46.57585463759785, 37.56949190063614, 37.56949190063613]
[141.3059356052919, 69.94196773327711, 46.59985662383516, 37.58885262811706, 37.58885262811706]
[141.37871744018196, 69.97799243941033, 46.62385861007239, 37.60821335559793, 37.60821335559793]
[122.80091211998602, 70.1223468393432, 46.487002197767296, 36.16309423263698, 36.16309423263698]
[122.86442435672188, 70.15861389186954, 46.5110451260606, 36.18179766890557, 36.18179766890557]
[122.92793659345645, 70.19488094439544, 46.53508805435369, 36.200501105173984, 36.20050110517398]
[122.99144883018973, 70.2311479969209, 46.55913098264662, 36.21920454144233, 36.21920454144232]
[123.05496106692173, 70.26741504944599, 46.583173910939394, 36.23790797771058, 36.237907977710584]
[123.11847330365248, 70.30368210197065, 46.60721683923195, 36.25661141397869, 36.25661141397868]
[123.18198554038189, 70.33994915449485, 46.63125976752435, 36.275314850246694, 36.275314850246694]
[123.24549777711007, 70.37621620701869, 46.65530269581655, 36.2940182865146, 36.29401828651461]
[123.30901001383694, 70.41248325954207, 46.67934562410852, 36.31272172278235, 36.31272172278235]
[123.37252225056257, 70.44875031206507, 46.7033885524004, 36.33142515905005, 36.33142515905004]
[193.58746632353868, 80.92590949826756, 51.20981045286244, 40.53128403060421, 40.53128403060421]
[193.68758913728624, 80.96776411862434, 51.23629600240319, 40.55224668060169, 40.5522466806017]
[193.78771195103064, 81.00961873898054, 51.26278155194369, 40.57320933059899, 40.573209330599]
[193.8878347647719, 81.05147335933617, 51.28926710148399, 40.594171980596194, 40.59417198059619]
[193.98795757850988, 81.09332797969127, 51.315752651024084, 40.61513463059328, 40.61513463059329]
[194.08808039224485, 81.13518260004582, 51.34223820056392, 40.63609728059017, 40.636097280590164]
[194.18820320597638, 81.17703722039977, 51.36872375010355, 40.65705993058694, 40.65705993058693]
[194.28832601970495, 81.2188918407532, 51.395209299642964, 40.6780225805836, 40.6780225805836]
[194.3884488334302, 81.26074646110607, 51.4216948491821, 40.69898523058004, 40.69898523058005]
[194.4885716471524, 81.30260108145839, 51.4481803987211, 40.719947880576434, 40.719947880576434]
[194.3713230274502, 81.19968790707885, 51.26449909456535, 40.53128403060422, 40.531284030604226]
[194.47185124934654, 81.2416841247471, 51.29101292889576, 40.5522466806017, 40.5522466806017]
[194.57237947123974, 81.28368034241481, 51.317526763225914, 40.57320933059899, 40.57320933059899]
[194.67290769312967, 81.32567656008192, 51.344040597555875, 40.594171980596194, 40.59417198059619]
[194.77343591501642, 81.36767277774851, 51.37055443188564, 40.61513463059325, 40.61513463059325]
[194.87396413690004, 81.40966899541455, 51.397068266215136, 40.63609728059017, 40.636097280590164]
[194.97449235878025, 81.45166521307995, 51.42358210054442, 40.65705993058694, 40.65705993058693]
[195.07502058065748, 81.4936614307449, 51.45009593487351, 40.6780225805836, 40.6780225805836]
[195.17554880253135, 81.53565764840921, 51.4766097692023, 40.69898523058004, 40.69898523058004]
[195.2760770244021, 81.57765386607298, 51.50312360353095, 40.719947880576434, 40.719947880576434]
[161.85181692064117, 84.16159622616931, 58.95429152410576, 37.429105699596114, 37.42910569959612]
[161.93552615920683, 84.20512433328233, 58.984782494353, 37.44846391292814, 37.44846391292814]
[162.01923539777033, 84.24865244039474, 59.01527346459988, 37.46782212626001, 37.46782212626001]
[162.10294463633156, 84.29218054750653, 59.04576443484651, 37.487180339591795, 37.487180339591795]
[162.18665387489054, 84.33570865461773, 59.076255405092844, 37.506538552923466, 37.506538552923466]
[162.27036311344736, 84.37923676172835, 59.10674637533887, 37.52589676625501, 37.525896766255016]
[162.35407235200185, 84.4227648688383, 59.137237345584595, 37.54525497958642, 37.54525497958642]
[162.43778159055427, 84.46629297594772, 59.167728315830054, 37.56461319291774, 37.56461319291774]
[162.52149082910432, 84.5098210830565, 59.19821928607516, 37.58397140624889, 37.5839714062489]
[162.60520006765222, 84.55334919016472, 59.22871025632005, 37.60332961957997, 37.60332961957997]
[102.5127676499255, 67.40691993617337, 48.68860883191099, 37.42910569959611, 37.429105699596114]
[102.56578692377269, 67.44178257864336, 48.713790424078596, 37.44846391292813, 37.44846391292813]
[102.618806197619, 67.4766452211129, 48.73897201624594, 37.46782212626, 37.46782212626]
[102.6718254714644, 67.51150786358212, 48.76415360841313, 37.4871803395918, 37.4871803395918]
[102.7248447453089, 67.54637050605095, 48.78933520058012, 37.506538552923466, 37.506538552923466]
[102.77786401915255, 67.58123314851937, 48.81451679274687, 37.525896766255016, 37.52589676625502]
[102.83088329299524, 67.61609579098739, 48.83969838491344, 37.54525497958641, 37.5452549795864]
[102.88390256683712, 67.65095843345507, 48.86487997707982, 37.56461319291774, 37.56461319291774]
[102.93692184067804, 67.6858210759223, 48.89006156924595, 37.583971406248885, 37.58397140624889]
[102.98994111451812, 67.72068371838922, 48.91524316141197, 37.60332961957997, 37.60332961957997]
[129.38037047357685, 77.19615417472838, 49.49364694372458, 36.62006189157661, 36.62006189157661]
[129.44728558493927, 77.23607977764009, 49.51924489901566, 36.639001670050334, 36.639001670050334]
[129.5142006963003, 77.27600538055128, 49.54484285430649, 36.657941448523914, 36.657941448523914]
[129.5811158076598, 77.31593098346197, 49.57044080959715, 36.67688122699741, 36.67688122699741]
[129.648030919018, 77.35585658637216, 49.59603876488762, 36.695821005470776, 36.695821005470776]
[129.71494603037476, 77.39578218928183, 49.62163672017785, 36.714760783944044, 36.714760783944044]
[129.78186114173005, 77.435707792191, 49.64723467546789, 36.73370056241719, 36.73370056241719]
[129.84877625308397, 77.47563339509966, 49.672832630757725, 36.752640340890245, 36.75264034089024]
[129.91569136443638, 77.5155589980078, 49.698430586047294, 36.77158011936312, 36.77158011936313]
[129.9826064757875, 77.5554846009155, 49.724028541336764, 36.79051989783594, 36.79051989783595]
[140.78909383320263, 69.66979207185375, 51.07698765097341, 36.6200618915766, 36.6200618915766]
[140.8619094994504, 69.70582506451069, 51.10340450498804, 36.63900167005032, 36.63900167005032]
[140.93472516569656, 69.7418580571672, 51.129821359002435, 36.65794144852391, 36.65794144852391]
[141.007540831941, 69.77789104982331, 51.15623821301663, 36.6768812269974, 36.6768812269974]
[141.0803564981837, 69.81392404247903, 51.182655067030616, 36.69582100547078, 36.69582100547078]
[141.1531721644248, 69.84995703513428, 51.209071921044334, 36.71476078394405, 36.71476078394405]
[141.22598783066414, 69.88599002778915, 51.23548877505787, 36.73370056241719, 36.73370056241719]
[141.29880349690188, 69.92202302044365, 51.26190562907118, 36.75264034089025, 36.752640340890245]
[141.37161916313786, 69.95805601309767, 51.28832248308423, 36.771580119363136, 36.77158011936314]
[141.44443482937223, 69.99408900575133, 51.31473933709712, 36.79051989783595, 36.790519897835956]
[139.7823452758861, 69.42236705341338, 48.58361679617995, 38.04236546237407, 38.04236546237408]
[139.85464025503146, 69.458272078647, 48.608744086804165, 38.062040851685104, 38.062040851685104]
[139.92693523417523, 69.49417710388019, 48.63387137742815, 38.081716240995995, 38.081716240996]
[139.99923021331725, 69.530082129113, 48.65899866805196, 38.101391630306786, 38.101391630306786]
[140.0715251924576, 69.56598715434538, 48.68412595867557, 38.121067019617485, 38.121067019617485]
[140.14382017159642, 69.60189217957739, 48.709253249298975, 38.14074240892802, 38.14074240892802]
[140.21611515073343, 69.63779720480892, 48.734380539922164, 38.160417798238434, 38.16041779823843]
[140.28841012986894, 69.6737022300401, 48.759507830545196, 38.18009318754876, 38.18009318754876]
[140.36070510900265, 69.70960725527085, 48.78463512116795, 38.1997685768589, 38.19976857685891]
[140.43300008813478, 69.74551228050122, 48.809762411790594, 38.21944396616899, 38.21944396616899]
[175.33361038050543, 84.16159622616931, 52.26707367025215, 38.04236546237408, 38.042365462374086]
[175.42429235904473, 84.20512433328233, 52.29410603292973, 38.06204085168511, 38.06204085168511]
[175.51497433758144, 84.24865244039474, 52.32113839560703, 38.081716240995995, 38.081716240996]
[175.60565631611553, 84.2921805475065, 52.34817075828412, 38.10139163030679, 38.10139163030679]
[175.69633829464698, 84.33570865461772, 52.37520312096102, 38.12106701961748, 38.12106701961748]
[175.78702027317595, 84.37923676172834, 52.40223548363764, 38.14074240892803, 38.140742408928034]
[175.87770225170212, 84.42276486883829, 52.42926784631404, 38.16041779823845, 38.16041779823845]
[175.96838423022587, 84.46629297594771, 52.45630020899023, 38.18009318754877, 38.18009318754877]
[176.05906620874686, 84.50982108305652, 52.48333257166614, 38.19976857685891, 38.199768576858915]
[176.1497481872653, 84.55334919016472, 52.510364934341865, 38.21944396616898, 38.21944396616898]
[162.8369609030498, 74.6730511393136, 51.25776513146209, 36.16309423263698, 36.16309423263698]
[162.92117965489794, 74.71167180145744, 51.284275483008436, 36.18179766890555, 36.18179766890555]
[163.0053984067439, 74.7502924636008, 51.31078583455452, 36.20050110517397, 36.20050110517396]
[163.08961715858752, 74.7889131257437, 51.33729618610042, 36.21920454144232, 36.219204541442316]
[163.17383591042895, 74.82753378788613, 51.3638065376461, 36.23790797771055, 36.237907977710556]
[163.25805466226814, 74.86615445002808, 51.39031688919153, 36.25661141397868, 36.256611413978675]
[163.342273414105, 74.90477511216953, 51.41682724073675, 36.27531485024667, 36.27531485024667]
[163.42649216593975, 74.94339577431057, 51.44333759228178, 36.29401828651459, 36.2940182865146]
[163.51071091777212, 74.98201643645109, 51.469847943826515, 36.312721722782356, 36.312721722782356]
[163.59492966960227, 75.02063709859117, 51.4963582953711, 36.331425159050035, 36.33142515905003]
[122.80091211998602, 70.1223468393432, 46.487002197767296, 36.16309423263698, 36.16309423263698]
[122.86442435672188, 70.15861389186954, 46.5110451260606, 36.18179766890557, 36.18179766890557]
[122.92793659345645, 70.19488094439544, 46.53508805435369, 36.200501105173984, 36.20050110517398]
[122.99144883018973, 70.2311479969209, 46.55913098264662, 36.21920454144233, 36.21920454144232]
[123.05496106692173, 70.26741504944599, 46.583173910939394, 36.23790797771058, 36.237907977710584]
[123.11847330365248, 70.30368210197065, 46.60721683923195, 36.25661141397869, 36.25661141397868]
[123.18198554038189, 70.33994915449485, 46.63125976752435, 36.275314850246694, 36.275314850246694]
[123.24549777711007, 70.37621620701869, 46.65530269581655, 36.2940182865146, 36.29401828651461]
[123.30901001383694, 70.41248325954207, 46.67934562410852, 36.31272172278235, 36.31272172278235]
[123.37252225056257, 70.44875031206507, 46.7033885524004, 36.33142515905005, 36.33142515905004]
[139.7823452758861, 69.42236705341338, 48.58361679617995, 38.04236546237407, 31.880768136434313, 31.880768136434316]
[139.85464025503146, 69.458272078647, 48.608744086804165, 38.062040851685104, 31.897256767401622, 31.897256767401622]
[139.92693523417523, 69.49417710388019, 48.63387137742815, 38.081716240995995, 31.91374539836882, 31.913745398368825]
[139.99923021331725, 69.530082129113, 48.65899866805196, 38.101391630306786, 31.930234029335946, 31.930234029335942]
[140.0715251924576, 69.56598715434538, 48.68412595867557, 38.121067019617485, 31.946722660302992, 31.946722660302992]
[140.14382017159642, 69.60189217957739, 48.709253249298975, 38.14074240892802, 31.96321129126995, 31.963211291269953]
[140.21611515073343, 69.63779720480892, 48.734380539922164, 38.160417798238434, 31.979699922236797, 31.979699922236797]
[140.28841012986894, 69.6737022300401, 48.759507830545196, 38.18009318754876, 31.9961885532036, 31.996188553203602]
[140.36070510900265, 69.70960725527085, 48.78463512116795, 38.1997685768589, 32.012677184170265, 32.01267718417026]
[140.43300008813478, 69.74551228050122, 48.809762411790594, 38.21944396616899, 32.02916581513688, 32.02916581513687]
[196.83528972691965, 92.73166698069541, 58.95429152410577, 41.300309302970284, 31.880768136434313, 31.880768136434316]
[196.9370923044129, 92.77962750079739, 58.984782494353006, 41.3216696903675, 31.89725676740164, 31.89725676740164]
[197.0388948819029, 92.82758802089862, 59.01527346459989, 41.34303007776452, 31.913745398368828, 31.913745398368828]
[197.14069745938963, 92.87554854099909, 59.04576443484651, 41.36439046516145, 31.930234029335967, 31.930234029335963]
[197.242500036873, 92.92350906109887, 59.07625540509285, 41.385750852558225, 31.946722660302996, 31.946722660303]
[197.34430261435318, 92.97146958119792, 59.10674637533887, 41.40711123995485, 31.963211291269957, 31.963211291269957]
[197.44610519182993, 93.01943010129617, 59.137237345584595, 41.42847162735133, 31.979699922236804, 31.9796999222368]
[197.54790776930352, 93.06739062139377, 59.167728315830054, 41.449832014747685, 31.996188553203606, 31.996188553203606]
[197.64971034677376, 93.11535114149062, 59.19821928607515, 41.47119240214383, 32.012677184170265, 32.012677184170265]
[197.75151292424073, 93.16331166158673, 59.22871025632005, 41.49255278953991, 32.02916581513687, 32.02916581513687]
[140.78909383320263, 69.66979207185375, 51.07698765097341, 36.6200618915766, 29.017960928588558, 29.017960928588558]
[140.8619094994504, 69.70582506451069, 51.10340450498804, 36.63900167005032, 29.032968924862214, 29.03296892486221]
[140.93472516569656, 69.7418580571672, 51.129821359002435, 36.65794144852391, 29.047976921135774, 29.04797692113577]
[141.007540831941, 69.77789104982331, 51.15623821301663, 36.6768812269974, 29.062984917409267, 29.06298491740927]
[141.0803564981837, 69.81392404247903, 51.182655067030616, 36.69582100547078, 29.07799291368268, 29.07799291368268]
[141.1531721644248, 69.84995703513428, 51.209071921044334, 36.71476078394405, 29.093000909956036, 29.093000909956032]
[141.22598783066414, 69.88599002778915, 51.23548877505787, 36.73370056241719, 29.10800890622929, 29.10800890622929]
[141.29880349690188, 69.92202302044365, 51.26190562907118, 36.75264034089025, 29.123016902502517, 29.123016902502517]
[141.37161916313786, 69.95805601309767, 51.28832248308423, 36.771580119363136, 29.13802489877563, 29.138024898775626]
[141.44443482937223, 69.99408900575133, 51.31473933709712, 36.79051989783595, 29.15303289504867, 29.153032895048664]
[139.7823452758861, 67.19018181879251, 49.73146919715613, 36.55158800119551, 29.017960928588558, 29.017960928588558]
[139.85464025503146, 67.22493236500559, 49.757190153352155, 36.57049236519311, 29.032968924862214, 29.03296892486221]
[139.92693523417523, 67.25968291121823, 49.78291110954792, 36.589396729190575, 29.047976921135763, 29.04797692113576]
[139.99923021331725, 67.29443345743053, 49.808632065743524, 36.608301093187954, 29.062984917409267, 29.06298491740927]
[140.0715251924576, 67.32918400364242, 49.83435302193891, 36.62720545718521, 29.077992913682685, 29.07799291368269]
[140.14382017159642, 67.36393454985397, 49.860073978134075, 36.64610982118235, 29.093000909956036, 29.093000909956032]
[140.21611515073343, 67.39868509606504, 49.88579493432902, 36.66501418517936, 29.10800890622928, 29.10800890622928]
[140.28841012986894, 67.43343564227582, 49.91151589052378, 36.6839185491763, 29.12301690250251, 29.123016902502513]
[140.36070510900265, 67.4681861884862, 49.93723684671831, 36.70282291317307, 29.138024898775626, 29.138024898775623]
[140.43300008813478, 67.50293673469618, 49.96295780291266, 36.72172727716976, 29.15303289504866, 29.153032895048657]
[164.11583702215532, 75.48744351433011, 48.785636638006636, 36.03806639097321, 36.03806639097322]
[164.20071720459708, 75.52648537758886, 48.810868412643636, 36.056705163243734, 36.056705163243734]
[164.28559738703666, 75.56552724084712, 48.836100187280394, 36.07534393551412, 36.07534393551411]
[164.37047756947388, 75.60456910410484, 48.861331961916974, 36.09398270778441, 36.093982707784406]
[164.4553577519088, 75.64361096736215, 48.88656373655338, 36.11262148005462, 36.112621480054635]
[164.5402379343415, 75.68265283061895, 48.91179551118953, 36.13126025232467, 36.13126025232467]
[164.62511811677183, 75.72169469387521, 48.93702728582551, 36.14989902459463, 36.14989902459463]
[164.70999829919998, 75.76073655713107, 48.9622590604613, 36.16853779686449, 36.16853779686449]
[164.79487848162572, 75.7997784203864, 48.98749083509682, 36.18717656913421, 36.18717656913421]
[164.87975866404926, 75.83882028364125, 49.01272260973222, 36.20581534140384, 36.20581534140384]
[137.91961445081822, 68.95980797909796, 46.17832866688237, 36.03806639097322, 36.03806639097323]
[137.9909460315963, 68.99547377026684, 46.20221195021766, 36.056705163243734, 36.056705163243734]
[138.0622776123729, 69.03113956143534, 46.226095233552726, 36.075343935514134, 36.07534393551413]
[138.1336091931478, 69.0668053526034, 46.24997851688763, 36.09398270778441, 36.093982707784406]
[138.2049407739211, 69.10247114377106, 46.27386180022238, 36.1126214800546, 36.1126214800546]
[138.2762723546928, 69.13813693493833, 46.297745083556904, 36.13126025232467, 36.13126025232467]
[138.3476039354628, 69.17380272610517, 46.32162836689127, 36.149899024594625, 36.149899024594625]
[138.41893551623133, 69.20946851727166, 46.345511650225475, 36.1685377968645, 36.1685377968645]
[138.4902670969981, 69.24513430843767, 46.36939493355943, 36.1871765691342, 36.1871765691342]
[138.56159867776336, 69.28080009960335, 46.393278216893286, 36.20581534140384, 36.20581534140384]
[164.11583702215532, 75.48744351433011, 48.785636638006636, 37.48641964191346, 37.48641964191346]
[164.20071720459708, 75.52648537758886, 48.810868412643636, 37.50580749783231, 37.50580749783231]
[164.28559738703666, 75.56552724084712, 48.836100187280394, 37.525195353751016, 37.525195353751016]
[164.37047756947388, 75.60456910410484, 48.861331961916974, 37.544583209669625, 37.544583209669625]
[164.4553577519088, 75.64361096736215, 48.88656373655338, 37.56397106558815, 37.56397106558815]
[164.5402379343415, 75.68265283061895, 48.91179551118953, 37.5833589215065, 37.5833589215065]
[164.62511811677183, 75.72169469387521, 48.93702728582551, 37.60274677742475, 37.60274677742475]
[164.70999829919998, 75.76073655713107, 48.9622590604613, 37.62213463334288, 37.62213463334289]
[164.79487848162572, 75.7997784203864, 48.98749083509682, 37.64152248926087, 37.64152248926087]
[164.87975866404926, 75.83882028364125, 49.01272260973222, 37.66091034517878, 37.66091034517878]
[161.85181692064117, 74.465202868674, 48.58361679617996, 37.48641964191347, 37.48641964191348]
[161.93552615920683, 74.50371603236131, 48.60874408680417, 37.505807497832315, 37.505807497832315]
[162.01923539777033, 74.54222919604814, 48.63387137742815, 37.52519535375102, 37.52519535375102]
[162.10294463633156, 74.58074235973451, 48.65899866805196, 37.544583209669625, 37.544583209669625]
[162.18665387489054, 74.6192555234204, 48.68412595867559, 37.56397106558814, 37.56397106558814]
[162.27036311344736, 74.65776868710581, 48.70925324929897, 37.583358921506495, 37.583358921506495]
[162.35407235200185, 74.69628185079074, 48.73438053992217, 37.60274677742474, 37.602746777424734]
[162.43778159055427, 74.73479501447522, 48.759507830545196, 37.622134633342895, 37.622134633342895]
[162.52149082910432, 74.77330817815923, 48.78463512116795, 37.64152248926086, 37.64152248926085]
[162.60520006765222, 74.81182134184277, 48.80976241179059, 37.66091034517877, 37.66091034517876]
[164.11583702215532, 75.48744351433011, 48.785636638006636, 37.48641964191346, 30.883509073530792, 30.883509073530796]
[164.20071720459708, 75.52648537758886, 48.810868412643636, 37.50580749783231, 30.89948192531374, 30.89948192531374]
[164.28559738703666, 75.56552724084712, 48.836100187280394, 37.525195353751016, 30.915454777096578, 30.915454777096574]
[164.37047756947388, 75.60456910410484, 48.861331961916974, 37.544583209669625, 30.931427628879337, 30.93142762887934]
[164.4553577519088, 75.64361096736215, 48.88656373655338, 37.56397106558815, 30.947400480662044, 30.947400480662047]
[164.5402379343415, 75.68265283061895, 48.91179551118953, 37.5833589215065, 30.963373332444643, 30.963373332444643]
[164.62511811677183, 75.72169469387521, 48.93702728582551, 37.60274677742475, 30.979346184227147, 30.97934618422715]
[164.70999829919998, 75.76073655713107, 48.9622590604613, 37.62213463334288, 30.9953190360096, 30.995319036009597]
[164.79487848162572, 75.7997784203864, 48.98749083509682, 37.64152248926087, 31.011291887791952, 31.011291887791952]
[164.87975866404926, 75.83882028364125, 49.01272260973222, 37.66091034517878, 31.02726473957422, 31.027264739574225]
[175.33361038050543, 84.16159622616931, 52.26707367025215, 38.04236546237408, 30.883509073530803, 30.883509073530806]
[175.42429235904473, 84.20512433328233, 52.29410603292973, 38.06204085168511, 30.899481925313744, 30.899481925313747]
[175.51497433758144, 84.24865244039474, 52.32113839560703, 38.081716240995995, 30.915454777096578, 30.915454777096574]
[175.60565631611553, 84.2921805475065, 52.34817075828412, 38.10139163030679, 30.931427628879344, 30.931427628879344]
[175.69633829464698, 84.33570865461772, 52.37520312096102, 38.12106701961748, 30.94740048066203, 30.94740048066203]
[175.78702027317595, 84.37923676172834, 52.40223548363764, 38.14074240892803, 30.963373332444643, 30.963373332444643]
[175.87770225170212, 84.42276486883829, 52.42926784631404, 38.16041779823845, 30.979346184227154, 30.979346184227154]
[175.96838423022587, 84.46629297594771, 52.45630020899023, 38.18009318754877, 30.995319036009615, 30.99531903600961]
[176.05906620874686, 84.50982108305652, 52.48333257166614, 38.19976857685891, 31.011291887791952, 31.011291887791952]
[176.1497481872653, 84.55334919016472, 52.510364934341865, 38.21944396616898, 31.02726473957422, 31.027264739574225]
[164.11583702215532, 75.48744351433011, 48.785636638006636, 37.48641964191346, 30.883509073530792, 26.695048955175366, 26.695048955175366]
[164.20071720459708, 75.52648537758886, 48.810868412643636, 37.50580749783231, 30.89948192531374, 26.708855548835682, 26.708855548835682]
[164.28559738703666, 75.56552724084712, 48.836100187280394, 37.525195353751016, 30.915454777096578, 26.722662142495913, 26.722662142495913]
[164.37047756947388, 75.60456910410484, 48.861331961916974, 37.544583209669625, 30.931427628879337, 26.73646873615608, 26.73646873615608]
[164.4553577519088, 75.64361096736215, 48.88656373655338, 37.56397106558815, 30.947400480662044, 26.750275329816205, 26.750275329816205]
[164.5402379343415, 75.68265283061895, 48.91179551118953, 37.5833589215065, 30.963373332444643, 26.764081923476255, 26.764081923476258]
[164.62511811677183, 75.72169469387521, 48.93702728582551, 37.60274677742475, 30.979346184227147, 26.777888517136226, 26.77788851713623]
[164.70999829919998, 75.76073655713107, 48.9622590604613, 37.62213463334288, 30.9953190360096, 26.79169511079617, 26.791695110796162]
[164.79487848162572, 75.7997784203864, 48.98749083509682, 37.64152248926087, 31.011291887791952, 26.80550170445603, 26.80550170445603]
[164.87975866404926, 75.83882028364125, 49.01272260973222, 37.66091034517878, 31.02726473957422, 26.819308298115818, 26.819308298115814]
[196.83528972691965, 92.73166698069541, 58.95429152410577, 41.300309302970284, 31.880768136434313, 26.695048955175366, 26.695048955175366]
[196.9370923044129, 92.77962750079739, 58.984782494353006, 41.3216696903675, 31.89725676740164, 26.708855548835697, 26.708855548835697]
[197.0388948819029, 92.82758802089862, 59.01527346459989, 41.34303007776452, 31.913745398368828, 26.722662142495917, 26.722662142495917]
[197.14069745938963, 92.87554854099909, 59.04576443484651, 41.36439046516145, 31.930234029335967, 26.736468736156098, 26.736468736156095]
[197.242500036873, 92.92350906109887, 59.07625540509285, 41.385750852558225, 31.946722660302996, 26.750275329816198, 26.750275329816194]
[197.34430261435318, 92.97146958119792, 59.10674637533887, 41.40711123995485, 31.963211291269957, 26.764081923476258, 26.76408192347626]
[197.44610519182993, 93.01943010129617, 59.137237345584595, 41.42847162735133, 31.979699922236804, 26.777888517136226, 26.77788851713623]
[197.54790776930352, 93.06739062139377, 59.167728315830054, 41.449832014747685, 31.996188553203606, 26.791695110796176, 26.791695110796173]
[197.64971034677376, 93.11535114149062, 59.19821928607515, 41.47119240214383, 32.012677184170265, 26.805501704456027, 26.805501704456027]
[197.75151292424073, 93.16331166158673, 59.22871025632005, 41.49255278953991, 32.02916581513687, 26.819308298115818, 26.819308298115814]
[137.91961445081822, 80.15732794353438, 49.493646943724556, 36.55158800119551, 29.893713376886886, 29.893713376886886]
[137.9909460315963, 80.19878505598575, 49.519244899015646, 36.57049236519313, 29.909174309514377, 29.909174309514377]
[138.0622776123729, 80.2402421684366, 49.5448428543065, 36.5893967291906, 29.924635242141754, 29.924635242141758]
[138.1336091931478, 80.28169928088683, 49.57044080959715, 36.60830109318796, 29.940096174769053, 29.940096174769053]
[138.2049407739211, 80.32315639333656, 49.59603876488763, 36.62720545718522, 29.955557107396285, 29.95555710739628]
[138.2762723546928, 80.36461350578574, 49.62163672017784, 36.64610982118234, 29.971018040023427, 29.971018040023424]
[138.3476039354628, 80.40607061823432, 49.64723467546788, 36.665014185179366, 29.98647897265049, 29.986478972650485]
[138.41893551623133, 80.44752773068245, 49.672832630757725, 36.6839185491763, 30.001939905277514, 30.001939905277514]
[138.4902670969981, 80.48898484312998, 49.69843058604731, 36.702822913173065, 30.01740083790441, 30.017400837904407]
[138.56159867776336, 80.53044195557698, 49.72402854133675, 36.72172727716976, 30.03286177053125, 30.032861770531255]
[164.11583702215532, 75.48744351433011, 47.672659221893646, 38.166119028088985, 29.893713376886897, 29.893713376886897]
[164.20071720459708, 75.52648537758886, 47.697315368188725, 38.185858422346605, 29.909174309514363, 29.909174309514363]
[164.28559738703666, 75.56552724084712, 47.721971514483585, 38.20559781660408, 29.924635242141736, 29.92463524214174]
[164.37047756947388, 75.60456910410484, 47.746627660778266, 38.22533721086147, 29.940096174769053, 29.940096174769053]
[164.4553577519088, 75.64361096736215, 47.77128380707279, 38.24507660511875, 29.955557107396285, 29.95555710739628]
[164.5402379343415, 75.68265283061895, 47.79593995336706, 38.26481599937585, 29.97101804002343, 29.971018040023427]
[164.62511811677183, 75.72169469387521, 47.82059609966116, 38.28455539363285, 29.986478972650495, 29.98647897265049]
[164.70999829919998, 75.76073655713107, 47.845252245955095, 38.304294787889745, 30.001939905277506, 30.001939905277503]
[164.79487848162572, 75.7997784203864, 47.86990839224877, 38.32403418214647, 30.01740083790442, 30.017400837904418]
[164.87975866404926, 75.83882028364125, 47.894564538542326, 38.34377357640311, 30.032861770531245, 30.03286177053125]
[122.80091211998602, 70.19559478389515, 49.10762766405711, 36.29132614510681, 30.641776805780086, 30.64177680578009]
[122.86442435672188, 70.23189972002267, 49.133025971417695, 36.31009590250856, 30.657624634410517, 30.65762463441052]
[122.92793659345645, 70.26820465614979, 49.158424278778035, 36.32886565991016, 30.673472463040838, 30.673472463040838]
[122.99144883018973, 70.30450959227645, 49.1838225861382, 36.34763541731168, 30.689320291671088, 30.68932029167109]
[123.05496106692173, 70.34081452840272, 49.20922089349817, 36.36640517471308, 30.70516812030125, 30.70516812030125]
[123.11847330365248, 70.37711946452859, 49.234619200857914, 36.385174932114396, 30.72101594893137, 30.72101594893137]
[123.18198554038189, 70.41342440065398, 49.260017508217445, 36.403944689515555, 30.736863777561354, 30.736863777561357]
[123.24549777711007, 70.44972933677903, 49.28541581557681, 36.42271444691665, 30.752711606191305, 30.752711606191305]
[123.30901001383694, 70.48603427290358, 49.3108141229359, 36.44148420431757, 30.76855943482113, 30.76855943482113]
[123.37252225056257, 70.52233920902779, 49.33621243029487, 36.46025396171843, 30.7844072634509, 30.784407263450902]
[196.83528972691965, 81.48798332978889, 54.379522370491415, 40.82978972782479, 30.641776805780086, 30.64177680578009]
[196.9370923044129, 81.53012865292148, 54.407647284844444, 40.85090676400967, 30.657624634410514, 30.657624634410514]
[197.0388948819029, 81.57227397605352, 54.43577219919721, 40.87202380019439, 30.673472463040838, 30.673472463040838]
[197.14069745938963, 81.61441929918493, 54.46389711354972, 40.89314083637898, 30.689320291671077, 30.68932029167108]
[197.242500036873, 81.65656462231586, 54.49202202790204, 40.914257872563496, 30.705168120301273, 30.705168120301273]
[197.34430261435318, 81.69870994544618, 54.52014694225404, 40.93537490874778, 30.721015948931356, 30.721015948931356]
[197.44610519182993, 81.74085526857587, 54.548271856605794, 40.95649194493197, 30.73686377756135, 30.736863777561354]
[197.54790776930352, 81.78300059170512, 54.57639677095735, 40.97760898111603, 30.7527116061913, 30.752711606191298]
[197.64971034677376, 81.82514591483375, 54.6045216853086, 40.99872601729989, 30.768559434821142, 30.768559434821142]
[197.75151292424073, 81.86729123796184, 54.632646599659644, 41.019843053483676, 30.784407263450905, 30.78440726345091]
[139.7823452758861, 69.42236705341338, 46.17832866688237, 34.59515740796812, 34.59515740796812]
[139.85464025503146, 69.458272078647, 46.20221195021765, 34.61304991234785, 34.61304991234785]
[139.92693523417523, 69.49417710388019, 46.2260952335527, 34.630942416727436, 34.630942416727436]
[139.99923021331725, 69.530082129113, 46.24997851688762, 34.64883492110697, 34.64883492110696]
[140.0715251924576, 69.56598715434538, 46.27386180022236, 34.66672742548639, 34.66672742548639]
[140.14382017159642, 69.60189217957739, 46.297745083556904, 34.684619929865704, 34.68461992986571]
[140.21611515073343, 69.63779720480892, 46.32162836689127, 34.7025124342449, 34.7025124342449]
[140.28841012986894, 69.6737022300401, 46.345511650225475, 34.720404938624036, 34.720404938624036]
[140.36070510900265, 69.70960725527085, 46.369394933559434, 34.73829744300303, 34.73829744300303]
[140.43300008813478, 69.74551228050122, 46.3932782168933, 34.75618994738194, 34.75618994738194]
[137.91961445081822, 68.95980797909796, 45.973205486885064, 34.59515740796811, 34.59515740796811]
[137.9909460315963, 68.99547377026684, 45.996982681170955, 34.613049912347854, 34.613049912347854]
[138.0622776123729, 69.03113956143534, 46.02075987545663, 34.63094241672746, 34.63094241672746]
[138.1336091931478, 69.0668053526034, 46.04453706974214, 34.648834921106975, 34.64883492110697]
[138.2049407739211, 69.10247114377106, 46.0683142640275, 34.66672742548641, 34.66672742548641]
[138.2762723546928, 69.13813693493833, 46.092091458312645, 34.684619929865704, 34.68461992986571]
[138.3476039354628, 69.17380272610517, 46.11586865259763, 34.70251243424491, 34.70251243424491]
[138.41893551623133, 69.20946851727166, 46.13964584688245, 34.72040493862404, 34.72040493862404]
[138.4902670969981, 69.24513430843767, 46.16342304116702, 34.73829744300301, 34.73829744300301]
[138.56159867776336, 69.28080009960335, 46.187200235451506, 34.756189947381934, 34.756189947381934]
[139.7823452758861, 69.42236705341338, 46.17832866688237, 35.92770854696788, 35.92770854696788]
[139.85464025503146, 69.458272078647, 46.20221195021765, 35.946290242516014, 35.94629024251601]
[139.92693523417523, 69.49417710388019, 46.2260952335527, 35.96487193806399, 35.96487193806399]
[139.99923021331725, 69.530082129113, 46.24997851688762, 35.98345363361191, 35.983453633611916]
[140.0715251924576, 69.56598715434538, 46.27386180022236, 36.00203532915971, 36.00203532915971]
[140.14382017159642, 69.60189217957739, 46.297745083556904, 36.02061702470739, 36.02061702470739]
[140.21611515073343, 69.63779720480892, 46.32162836689127, 36.039198720254944, 36.039198720254944]
[140.28841012986894, 69.6737022300401, 46.345511650225475, 36.057780415802426, 36.05778041580243]
[140.36070510900265, 69.70960725527085, 46.369394933559434, 36.07636211134976, 36.07636211134976]
[140.43300008813478, 69.74551228050122, 46.3932782168933, 36.094943806897014, 36.094943806897014]
[161.85181692064117, 74.465202868674, 48.35662114637371, 35.92770854696789, 35.92770854696789]
[161.93552615920683, 74.50371603236131, 48.38163103557753, 35.94629024251602, 35.946290242516014]
[162.01923539777033, 74.54222919604814, 48.4066409247811, 35.96487193806399, 35.96487193806399]
[162.10294463633156, 74.58074235973451, 48.43165081398454, 35.983453633611916, 35.98345363361192]
[162.18665387489054, 74.6192555234204, 48.45666070318779, 36.00203532915971, 36.00203532915971]
[162.27036311344736, 74.65776868710581, 48.481670592390785, 36.02061702470739, 36.02061702470739]
[162.35407235200185, 74.69628185079074, 48.506680481593634, 36.03919872025496, 36.03919872025496]
[162.43778159055427, 74.73479501447522, 48.53169037079626, 36.05778041580244, 36.05778041580245]
[162.52149082910432, 74.77330817815923, 48.55670025999865, 36.07636211134975, 36.07636211134975]
[162.60520006765222, 74.81182134184277, 48.581710149200916, 36.094943806897014, 36.094943806897014]
[139.7823452758861, 69.42236705341338, 46.17832866688237, 35.92770854696788, 29.81773906358293, 29.817739063582927]
[139.85464025503146, 69.458272078647, 46.20221195021765, 35.946290242516014, 29.833160702539562, 29.833160702539562]
[139.92693523417523, 69.49417710388019, 46.2260952335527, 35.96487193806399, 29.848582341496076, 29.848582341496073]
[139.99923021331725, 69.530082129113, 46.24997851688762, 35.98345363361191, 29.86400398045255, 29.864003980452555]
[140.0715251924576, 69.56598715434538, 46.27386180022236, 36.00203532915971, 29.87942561940893, 29.879425619408934]
[140.14382017159642, 69.60189217957739, 46.297745083556904, 36.02061702470739, 29.894847258365246, 29.894847258365246]
[140.21611515073343, 69.63779720480892, 46.32162836689127, 36.039198720254944, 29.910268897321455, 29.91026889732146]
[140.28841012986894, 69.6737022300401, 46.345511650225475, 36.057780415802426, 29.92569053627763, 29.925690536277635]
[140.36070510900265, 69.70960725527085, 46.369394933559434, 36.07636211134976, 29.941112175233695, 29.941112175233695]
[140.43300008813478, 69.74551228050122, 46.3932782168933, 36.094943806897014, 29.956533814189687, 29.95653381418969]
[175.33361038050543, 84.16159622616931, 52.26707367025215, 37.90304549490229, 29.817739063582938, 29.81773906358294]
[175.42429235904473, 84.20512433328233, 52.29410603292973, 37.92264882837377, 29.833160702539566, 29.833160702539566]
[175.51497433758144, 84.24865244039474, 52.32113839560703, 37.94225216184509, 29.84858234149609, 29.848582341496087]
[175.60565631611553, 84.2921805475065, 52.34817075828412, 37.96185549531633, 29.86400398045255, 29.864003980452555]
[175.69633829464698, 84.33570865461772, 52.37520312096102, 37.98145882878745, 29.879425619408938, 29.87942561940894]
[175.78702027317595, 84.37923676172834, 52.40223548363764, 38.00106216225844, 29.89484725836525, 29.89484725836525]
[175.87770225170212, 84.42276486883829, 52.42926784631404, 38.0206654957293, 29.91026889732146, 29.910268897321462]
[175.96838423022587, 84.46629297594771, 52.45630020899023, 38.04026882920005, 29.92569053627763, 29.925690536277635]
[176.05906620874686, 84.50982108305652, 52.48333257166614, 38.05987216267064, 29.941112175233695, 29.941112175233695]
[176.1497481872653, 84.55334919016472, 52.510364934341865, 38.07947549614116, 29.956533814189683, 29.956533814189683]
[163.86333699549138, 81.83189873412859, 51.515769796543275, 37.710723618842465, 29.74085561906266, 29.740855619062657]
[163.94808658573584, 81.87422192920089, 51.542413587272904, 37.73022748405755, 29.756237494148692, 29.756237494148696]
[164.03283617597808, 81.91654512427262, 51.56905737800226, 37.74973134927247, 29.771619369234624, 29.771619369234624]
[164.11758576621799, 81.95886831934376, 51.595701168731445, 37.76923521448732, 29.7870012443205, 29.787001244320496]
[164.2023353564556, 82.00119151441436, 51.62234495946043, 37.788739079702054, 29.802383119406286, 29.80238311940629]
[164.287084946691, 82.0435147094844, 51.64898875018912, 37.80824294491663, 29.817764994492002, 29.817764994492]
[164.371834536924, 82.08583790455378, 51.675632540917604, 37.827746810131096, 29.833146869577625, 29.833146869577625]
[164.4565841271549, 82.1281610996227, 51.70227633164588, 37.84725067534544, 29.84852874466319, 29.84852874466319]
[164.54133371738337, 82.17048429469102, 51.72892012237389, 37.86675454055964, 29.863910619748662, 29.863910619748662]
[164.62608330760963, 82.21280748975877, 51.75556391310175, 37.88625840577376, 29.879292494834065, 29.87929249483406]
[137.91961445081822, 68.95980797909796, 68.95980797909796]
[137.9909460315963, 68.99547377026684, 68.99547377026686]
[138.0622776123729, 69.03113956143534, 69.03113956143532]
[138.1336091931478, 69.0668053526034, 69.06680535260338]
[138.2049407739211, 69.10247114377106, 69.10247114377106]
[138.2762723546928, 69.13813693493833, 69.13813693493833]
[138.3476039354628, 69.17380272610517, 69.17380272610515]
[138.41893551623133, 69.20946851727166, 69.20946851727166]
[138.4902670969981, 69.24513430843767, 69.24513430843767]
[138.56159867776336, 69.28080009960335, 69.28080009960335]
[194.3713230274502, 81.19968790707885, 51.26449909456535, 40.43419541477293, 40.43419541477294]
[194.47185124934654, 81.2416841247471, 51.29101292889576, 40.45510785085027, 40.45510785085026]
[194.57237947123974, 81.28368034241481, 51.317526763225914, 40.47602028692743, 40.476020286927444]
[194.67290769312967, 81.32567656008192, 51.344040597555875, 40.4969327230045, 40.496932723004505]
[194.77343591501642, 81.36767277774851, 51.37055443188564, 40.51784515908142, 40.51784515908141]
[194.87396413690004, 81.40966899541455, 51.397068266215136, 40.53875759515821, 40.53875759515821]
[194.97449235878025, 81.45166521307995, 51.42358210054442, 40.55967003123484, 40.55967003123484]
[195.07502058065748, 81.4936614307449, 51.45009593487351, 40.580582467311366, 40.580582467311366]
[195.17554880253135, 81.53565764840921, 51.4766097692023, 40.601494903387675, 40.601494903387675]
[195.2760770244021, 81.57765386607298, 51.50312360353095, 40.62240733946393, 40.62240733946393]
[137.91961445081822, 66.75679763716276, 45.10374869915048, 35.29980897054283, 35.299808970542834]
[137.9909460315963, 66.79132403847154, 45.12707621318027, 35.31806591844715, 35.31806591844715]
[138.0622776123729, 66.82585043977996, 45.150403727209856, 35.33632286635133, 35.33632286635134]
[138.1336091931478, 66.86037684108793, 45.17373124123927, 35.3545798142554, 35.3545798142554]
[138.2049407739211, 66.89490324239559, 45.19705875526855, 35.37283676215939, 35.372836762159395]
[138.2762723546928, 66.92942964370283, 45.22038626929762, 35.39109371006326, 35.39109371006327]
[138.3476039354628, 66.96395604500968, 45.24371378332652, 35.40935065796702, 35.40935065796702]
[138.41893551623133, 66.9984824463162, 45.26704129735528, 35.42760760587069, 35.4276076058707]
[138.4902670969981, 67.0330088476223, 45.290368811383786, 35.445864553774214, 35.445864553774214]
[138.56159867776336, 67.06753524892808, 45.313696325412224, 35.46412150167768, 35.464121501677674]
[163.46473908123966, 74.80479259610317, 48.727941159038416, 48.727941159038416]
[163.54928251793172, 74.84348139450441, 48.75314309375916, 48.75314309375916]
[163.63382595462156, 74.88217019290518, 48.77834502847966, 48.77834502847967]
[163.7183693913091, 74.92085899130547, 48.8035469632, 48.8035469632]
[163.80291282799433, 74.95954778970524, 48.82874889792013, 48.828748897920136]
[163.88745626467738, 74.9982365881046, 48.853950832640045, 48.85395083264004]
[163.97199970135807, 75.03692538650343, 48.87915276735977, 48.87915276735977]
[164.0565431380366, 75.07561418490184, 48.90435470207931, 48.90435470207931]
[164.14108657471277, 75.11430298329974, 48.92955663679858, 48.92955663679857]
[164.22563001138673, 75.15299178169721, 48.95475857151772, 48.95475857151772]
[193.58746632353868, 80.53978514213865, 80.53978514213864]
[193.68758913728624, 80.58144006022174, 80.58144006022174]
[193.78771195103064, 80.6230949783042, 80.6230949783042]
[193.8878347647719, 80.66474989638614, 80.66474989638614]
[193.98795757850988, 80.70640481446752, 80.70640481446752]
[194.08808039224485, 80.74805973254837, 80.74805973254837]
[194.18820320597638, 80.78971465062861, 80.78971465062861]
[194.28832601970495, 80.83136956870837, 80.83136956870837]
[194.3884488334302, 80.87302448678754, 80.87302448678754]
[194.4885716471524, 80.91467940486619, 80.91467940486619]
[161.85181692064117, 74.465202868674, 48.35662114637371, 35.92770854696789, 35.92770854696789]
[161.93552615920683, 74.50371603236131, 48.38163103557753, 35.94629024251602, 35.946290242516014]
[162.01923539777033, 74.54222919604814, 48.4066409247811, 35.96487193806399, 35.96487193806399]
[162.10294463633156, 74.58074235973451, 48.43165081398454, 35.983453633611916, 35.98345363361192]
[162.18665387489054, 74.6192555234204, 48.45666070318779, 36.00203532915971, 36.00203532915971]
[162.27036311344736, 74.65776868710581, 48.481670592390785, 36.02061702470739, 36.02061702470739]
[162.35407235200185, 74.69628185079074, 48.506680481593634, 36.03919872025496, 36.03919872025496]
[162.43778159055427, 74.73479501447522, 48.53169037079626, 36.05778041580244, 36.05778041580245]
[162.52149082910432, 74.77330817815923, 48.55670025999865, 36.07636211134975, 36.07636211134975]
[162.60520006765222, 74.81182134184277, 48.581710149200916, 36.094943806897014, 36.094943806897014]
[175.33361038050543, 92.73166698069541, 55.897377158199525, 55.897377158199525]
[175.42429235904473, 92.77962750079736, 55.92628710216786, 55.926287102167855]
[175.51497433758144, 92.8275880208986, 55.955197046135886, 55.955197046135886]
[175.60565631611553, 92.87554854099909, 55.984106990103676, 55.98410699010368]
[175.69633829464698, 92.92350906109885, 56.01301693407121, 56.01301693407122]
[175.78702027317595, 92.97146958119788, 56.041926878038474, 56.041926878038474]
[175.87770225170212, 93.01943010129615, 56.070836822005454, 56.07083682200546]
[175.96838423022587, 93.06739062139376, 56.09974676597219, 56.09974676597219]
[176.05906620874686, 93.11535114149063, 56.12865670993863, 56.12865670993863]
[176.1497481872653, 93.16331166158675, 56.157566653904865, 56.157566653904865]
[139.4597718967354, 69.62874396585472, 51.20981045286244, 38.90142499723526, 38.90142499723527]
[139.5319000419708, 69.66475572856334, 51.236296002403186, 38.921544689377626, 38.92154468937762]
[139.60402818720462, 69.70076749127155, 51.26278155194369, 38.941664381519836, 38.94166438151984]
[139.67615633243676, 69.73677925397931, 51.289267101483986, 38.96178407366196, 38.96178407366196]
[139.74828447766723, 69.7727910166867, 51.31575265102408, 38.981903765803985, 38.98190376580399]
[139.82041262289607, 69.80880277939363, 51.342238200563905, 39.0020234579458, 39.0020234579458]
[139.8925407681232, 69.84481454210018, 51.368723750103555, 39.02214315008754, 39.02214315008754]
[139.9646689133488, 69.88082630480633, 51.39520929964297, 39.04226284222916, 39.04226284222915]
[140.03679705857263, 69.91683806751202, 51.4216948491821, 39.062382534370585, 39.062382534370585]
[140.10892520379488, 69.95284983021739, 51.448180398721114, 39.082502226511956, 39.08250222651195]
[163.46473908123966, 74.80479259610317, 51.257765131462094, 51.2577651314621]
[163.54928251793172, 74.84348139450441, 51.28427548300843, 51.28427548300843]
[163.63382595462156, 74.88217019290518, 51.31078583455454, 51.31078583455453]
[163.7183693913091, 74.92085899130547, 51.33729618610044, 51.337296186100446]
[163.80291282799433, 74.95954778970524, 51.363806537646106, 51.36380653764611]
[163.88745626467738, 74.9982365881046, 51.390316889191546, 51.39031688919155]
[163.97199970135807, 75.03692538650343, 51.41682724073676, 51.41682724073676]
[164.0565431380366, 75.07561418490184, 51.44333759228178, 51.44333759228177]
[164.14108657471277, 75.11430298329974, 51.46984794382652, 51.46984794382652]
[164.22563001138673, 75.15299178169721, 51.49635829537111, 51.49635829537111]
[191.39248285538721, 91.5057208209416, 91.5057208209416]
[191.49147043079282, 91.55304728563942, 91.55304728563941]
[191.59045800619538, 91.60037375033652, 91.60037375033652]
[191.68944558159478, 91.64770021503286, 91.64770021503287]
[191.78843315699106, 91.69502667972854, 91.69502667972856]
[191.88742073238433, 91.74235314442352, 91.7423531444235]
[191.98640830777433, 91.7896796091177, 91.7896796091177]
[192.08539588316134, 91.83700607381127, 91.83700607381125]
[192.1843834585452, 91.8843325385041, 91.88433253850411]
[192.283371033926, 91.93165900319623, 91.93165900319623]
[162.3993737241942, 74.91188050684177, 53.14460905714417, 41.59482991037521, 41.59482991037521]
[162.48336615736824, 74.95062469076576, 53.172095278302336, 41.616342622884154, 41.61634262288416]
[162.56735859054015, 74.98936887468925, 53.19958149946023, 41.63785533539292, 41.63785533539292]
[162.6513510237098, 75.02811305861225, 53.22706772061791, 41.659368047901566, 41.659368047901566]
[162.73534345687716, 75.06685724253478, 53.25455394177536, 41.680880760410076, 41.680880760410076]
[162.81933589004237, 75.10560142645684, 53.28204016293255, 41.70239347291843, 41.70239347291843]
[162.90332832320522, 75.14434561037838, 53.30952638408949, 41.72390618542662, 41.72390618542662]
[162.98732075636596, 75.18308979429953, 53.33701260524623, 41.745418897934705, 41.745418897934705]
[163.07131318952435, 75.22183397822015, 53.36449882640266, 41.76693161044256, 41.76693161044256]
[163.15530562268057, 75.26057816214033, 53.39198504755894, 41.78844432295037, 41.78844432295037]
[191.39248285538721, 80.15732794353438, 80.15732794353438]
[191.49147043079282, 80.19878505598577, 80.19878505598577]
[191.59045800619538, 80.2402421684366, 80.24024216843661]
[191.68944558159478, 80.28169928088683, 80.28169928088683]
[191.78843315699106, 80.32315639333656, 80.32315639333656]
[191.88742073238433, 80.36461350578574, 80.36461350578571]
[191.98640830777433, 80.40607061823432, 80.40607061823432]
[192.08539588316134, 80.44752773068241, 80.44752773068242]
[192.1843834585452, 80.48898484312998, 80.48898484312998]
[192.283371033926, 80.53044195557698, 80.53044195557699]
[191.39248285538721, 77.19615417472836, 77.19615417472835]
[191.49147043079282, 77.23607977764007, 77.23607977764006]
[191.59045800619538, 77.2760053805513, 77.2760053805513]
[191.68944558159478, 77.31593098346195, 77.31593098346195]
[191.78843315699106, 77.35585658637216, 77.35585658637217]
[191.88742073238433, 77.39578218928185, 77.39578218928185]
[191.98640830777433, 77.43570779219098, 77.43570779219098]
[192.08539588316134, 77.47563339509965, 77.47563339509963]
[192.1843834585452, 77.51555899800783, 77.51555899800783]
[192.283371033926, 77.55548460091549, 77.55548460091548]
[163.46473908123966, 70.12234683934321, 70.12234683934321]
[163.54928251793172, 70.15861389186955, 70.15861389186954]
[163.63382595462156, 70.19488094439544, 70.19488094439544]
[163.7183693913091, 70.23114799692091, 70.2311479969209]
[163.80291282799433, 70.26741504944599, 70.26741504944597]
[163.88745626467738, 70.30368210197065, 70.30368210197065]
[163.97199970135807, 70.33994915449483, 70.33994915449485]
[164.0565431380366, 70.37621620701869, 70.37621620701869]
[164.14108657471277, 70.41248325954207, 70.41248325954206]
[164.22563001138673, 70.44875031206507, 70.44875031206507]
[194.3713230274502, 81.19968790707885, 81.19968790707884]
[194.47185124934654, 81.2416841247471, 81.24168412474711]
[194.57237947123974, 81.28368034241481, 81.28368034241481]
[194.67290769312967, 81.32567656008192, 81.32567656008192]
[194.77343591501642, 81.36767277774851, 81.36767277774851]
[194.87396413690004, 81.40966899541455, 81.40966899541453]
[194.97449235878025, 81.45166521307995, 81.45166521307993]
[195.07502058065748, 81.4936614307449, 81.4936614307449]
[195.17554880253135, 81.53565764840921, 81.53565764840921]
[195.2760770244021, 81.57765386607298, 81.57765386607298]
[164.11583702215532, 164.11583702215532]
[164.20071720459708, 164.20071720459705]
[164.28559738703666, 164.28559738703666]
[164.37047756947388, 164.37047756947388]
[164.4553577519088, 164.4553577519088]
[164.5402379343415, 164.5402379343415]
[164.62511811677183, 164.62511811677183]
[164.70999829919998, 164.70999829919998]
[164.79487848162572, 164.79487848162574]
[164.87975866404926, 164.87975866404926]
[196.83528972691965, 92.73166698069541, 57.14258634763116, 57.14258634763116]
[196.9370923044129, 92.77962750079739, 57.172140309787814, 57.172140309787814]
[197.0388948819029, 92.82758802089862, 57.20169427194414, 57.20169427194415]
[197.14069745938963, 92.87554854099909, 57.23124823410023, 57.231248234100235]
[197.242500036873, 92.92350906109887, 57.260802196256066, 57.260802196256066]
[197.34430261435318, 92.97146958119792, 57.29035615841158, 57.290356158411576]
[197.44610519182993, 93.01943010129617, 57.3199101205668, 57.3199101205668]
[197.54790776930352, 93.06739062139377, 57.3494640827218, 57.34946408272181]
[197.64971034677376, 93.11535114149062, 57.379018044876474, 57.379018044876474]
[197.75151292424073, 93.16331166158673, 57.408572007030926, 57.40857200703092]
[129.38037047357685, 75.77643778994516, 75.77643778994516]
[129.44728558493927, 75.81562912011296, 75.81562912011296]
[129.5142006963003, 75.85482045028029, 75.85482045028029]
[129.5811158076598, 75.89401178044709, 75.89401178044709]
[129.648030919018, 75.93320311061343, 75.93320311061345]
[129.71494603037476, 75.9723944407793, 75.97239444077928]
[129.78186114173005, 76.01158577094462, 76.01158577094462]
[129.84877625308397, 76.0507771011095, 76.0507771011095]
[129.91569136443638, 76.08996843127387, 76.08996843127389]
[129.9826064757875, 76.12915976143779, 76.12915976143778]
[137.91961445081822, 68.95980797909796, 48.3566211463737, 37.903045494902294, 31.782865683411814, 31.78286568341181]
[137.9909460315963, 68.99547377026684, 48.381631035577534, 37.92264882837377, 31.799303679544863, 31.799303679544863]
[138.0622776123729, 69.03113956143534, 48.40664092478114, 37.942252161845104, 31.815741675677817, 31.815741675677813]
[138.1336091931478, 69.0668053526034, 48.43165081398455, 37.961855495316335, 31.83217967181068, 31.83217967181068]
[138.2049407739211, 69.10247114377106, 48.45666070318779, 37.98145882878745, 31.84861766794347, 31.848617667943465]
[138.2762723546928, 69.13813693493833, 48.48167059239079, 38.001062162258435, 31.86505566407617, 31.865055664076166]
[138.3476039354628, 69.17380272610517, 48.50668048159363, 38.0206654957293, 31.881493660208765, 31.881493660208765]
[138.41893551623133, 69.20946851727166, 48.53169037079627, 38.04026882920007, 31.89793165634132, 31.89793165634132]
[138.4902670969981, 69.24513430843767, 48.55670025999865, 38.059872162670636, 31.91436965247372, 31.914369652473717]
[138.56159867776336, 69.28080009960335, 48.58171014920093, 38.07947549614118, 31.930807648606088, 31.930807648606088]
[162.3993737241942, 74.91188050684177, 47.442459903448785, 35.299808970542834, 28.10617867748577, 28.10617867748576]
[162.48336615736824, 74.95062469076576, 47.466996991396336, 35.31806591844715, 28.120715102907166, 28.120715102907166]
[162.56735859054015, 74.98936887468925, 47.49153407934365, 35.336322866351324, 28.13525152832847, 28.13525152832847]
[162.6513510237098, 75.02811305861225, 47.51607116729079, 35.35457981425541, 28.149787953749712, 28.149787953749716]
[162.73534345687716, 75.06685724253478, 47.54060825523777, 35.372836762159395, 28.164324379170885, 28.164324379170885]
[162.81933589004237, 75.10560142645684, 47.56514534318452, 35.39109371006326, 28.17886080459199, 28.17886080459199]
[162.90332832320522, 75.14434561037838, 47.589682431131074, 35.409350657967025, 28.193397230013012, 28.193397230013012]
[162.98732075636596, 75.18308979429953, 47.61421951907749, 35.4276076058707, 28.207933655433994, 28.20793365543399]
[163.07131318952435, 75.22183397822015, 47.63875660702363, 35.44586455377422, 28.222470080854883, 28.222470080854883]
[163.15530562268057, 75.26057816214033, 47.663293694969674, 35.46412150167769, 28.237006506275705, 28.2370065062757]
[161.85181692064117, 88.15143703109315, 53.95060656283327, 38.90142499723525, 38.90142499723526]
[161.93552615920683, 88.19702867102018, 53.97850964330977, 38.92154468937763, 38.92154468937763]
[162.01923539777033, 88.24262031094655, 54.006412723786006, 38.94166438151986, 38.94166438151986]
[162.10294463633156, 88.28821195087227, 54.034315804262, 38.96178407366197, 38.96178407366197]
[162.18665387489054, 88.33380359079732, 54.06221888473777, 38.98190376580395, 38.981903765803956]
[162.27036311344736, 88.37939523072171, 54.09012196521326, 39.002023457945825, 39.002023457945825]
[162.35407235200185, 88.42498687064538, 54.1180250456885, 39.02214315008752, 39.02214315008752]
[162.43778159055427, 88.47057851056846, 54.14592812616352, 39.04226284222916, 39.04226284222915]
[162.52149082910432, 88.5161701504909, 54.17383120663823, 39.062382534370585, 39.062382534370585]
[162.60520006765222, 88.56176179041265, 54.2017342871128, 39.082502226511956, 39.08250222651195]
[129.38037047357685, 66.75679763716276, 66.75679763716276]
[129.44728558493927, 66.79132403847154, 66.79132403847154]
[129.5142006963003, 66.82585043977991, 66.82585043977993]
[129.5811158076598, 66.86037684108793, 66.86037684108793]
[129.648030919018, 66.89490324239559, 66.89490324239559]
[129.71494603037476, 66.92942964370283, 66.92942964370283]
[129.78186114173005, 66.96395604500971, 66.9639560450097]
[129.84877625308397, 66.99848244631622, 66.9984824463162]
[129.91569136443638, 67.0330088476223, 67.03300884762231]
[129.9826064757875, 67.0675352489281, 67.06753524892808]
[193.58746632353868, 80.53978514213865, 51.09809044146905, 38.96590724242132, 38.96590724242132]
[193.68758913728624, 80.58144006022174, 51.1245182097791, 38.98606028457373, 38.98606028457373]
[193.78771195103064, 80.6230949783042, 51.15094597808887, 39.00621332672597, 39.00621332672598]
[193.8878347647719, 80.66474989638614, 51.177373746398466, 39.02636636887811, 39.0263663688781]
[193.98795757850988, 80.70640481446752, 51.20380151470785, 39.04651941103015, 39.04651941103014]
[194.08808039224485, 80.74805973254837, 51.230229283016975, 39.06667245318202, 39.066672453182015]
[194.18820320597638, 80.78971465062861, 51.25665705132589, 39.08682549533374, 39.086825495333734]
[194.28832601970495, 80.83136956870837, 51.28308481963461, 39.1069785374854, 39.1069785374854]
[194.3884488334302, 80.87302448678754, 51.30951258794305, 39.12713157963686, 39.12713157963686]
[194.4885716471524, 80.91467940486619, 51.335940356251335, 39.147284621788245, 39.147284621788245]
[137.91961445081822, 66.75679763716276, 49.49364694372457, 49.49364694372457]
[137.9909460315963, 66.79132403847154, 49.51924489901565, 49.51924489901565]
[138.0622776123729, 66.82585043977996, 49.54484285430651, 49.544842854306516]
[138.1336091931478, 66.86037684108793, 49.57044080959715, 49.570440809597144]
[138.2049407739211, 66.89490324239559, 49.59603876488762, 49.59603876488762]
[138.2762723546928, 66.92942964370283, 49.621636720177854, 49.621636720177854]
[138.3476039354628, 66.96395604500968, 49.64723467546788, 49.64723467546788]
[138.41893551623133, 66.9984824463162, 49.672832630757725, 49.672832630757725]
[138.4902670969981, 67.0330088476223, 49.698430586047294, 49.698430586047294]
[138.56159867776336, 67.06753524892808, 49.72402854133676, 49.72402854133676]
[137.91961445081822, 68.95980797909796, 46.17832866688237, 46.17832866688238]
[137.9909460315963, 68.99547377026684, 46.20221195021766, 46.20221195021767]
[138.0622776123729, 69.03113956143534, 46.226095233552726, 46.22609523355273]
[138.1336091931478, 69.0668053526034, 46.24997851688763, 46.24997851688763]
[138.2049407739211, 69.10247114377106, 46.27386180022238, 46.27386180022238]
[138.2762723546928, 69.13813693493833, 46.297745083556904, 46.2977450835569]
[138.3476039354628, 69.17380272610517, 46.32162836689127, 46.32162836689127]
[138.41893551623133, 69.20946851727166, 46.345511650225475, 46.345511650225475]
[138.4902670969981, 69.24513430843767, 46.36939493355943, 46.369394933559434]
[138.56159867776336, 69.28080009960335, 46.393278216893286, 46.39327821689329]
[163.46473908123966, 81.8318987341286, 81.83189873412859]
[163.54928251793172, 81.87422192920089, 81.8742219292009]
[163.63382595462156, 81.91654512427263, 81.91654512427262]
[163.7183693913091, 81.95886831934378, 81.95886831934378]
[163.80291282799433, 82.00119151441433, 82.00119151441434]
[163.88745626467738, 82.0435147094844, 82.0435147094844]
[163.97199970135807, 82.08583790455378, 82.08583790455378]
[164.0565431380366, 82.12816109962272, 82.12816109962272]
[164.14108657471277, 82.17048429469102, 82.17048429469102]
[164.22563001138673, 82.21280748975879, 82.21280748975879]
[140.72368092611086, 69.65377008419685, 46.452749387659416, 46.452749387659416]
[140.7964627610144, 69.68979479033334, 46.47677460050944, 46.47677460050944]
[140.86924459591626, 69.72581949646941, 46.50079981335924, 46.50079981335923]
[140.94202643081638, 69.76184420260505, 46.52482502620888, 46.52482502620888]
[141.01480826571483, 69.79786890874027, 46.54885023905835, 46.54885023905835]
[141.08759010061166, 69.83389361487514, 46.57287545190763, 46.572875451907635]
[141.1603719355067, 69.86991832100951, 46.596900664756724, 46.59690066475672]
[141.23315377040018, 69.90594302714355, 46.62092587760565, 46.62092587760565]
[141.3059356052919, 69.94196773327711, 46.64495109045431, 46.64495109045432]
[141.37871744018196, 69.97799243941033, 46.668976303302905, 46.6689763033029]
[139.05578687083664, 75.13777161972867, 75.13777161972868]
[139.12770607632132, 75.17663263380912, 75.17663263380912]
[139.1996252818044, 75.21549364788906, 75.21549364788908]
[139.27154448728578, 75.25435466196852, 75.25435466196852]
[139.34346369276554, 75.2932156760475, 75.2932156760475]
[139.4153828982437, 75.33207669012603, 75.33207669012602]
[139.48730210372014, 75.370937704204, 75.370937704204]
[139.55922130919507, 75.4097987182816, 75.4097987182816]
[139.6311405146682, 75.44865973235866, 75.44865973235868]
[139.70305972013978, 75.48752074643522, 75.48752074643521]
[140.72368092611086, 69.65377008419685, 51.06837564007518, 51.06837564007519]
[140.7964627610144, 69.68979479033334, 51.094788039985474, 51.094788039985474]
[140.86924459591626, 69.72581949646941, 51.12120043989551, 51.12120043989551]
[140.94202643081638, 69.76184420260505, 51.147612839805355, 51.147612839805355]
[141.01480826571483, 69.79786890874027, 51.17402523971498, 51.17402523971497]
[141.08759010061166, 69.83389361487514, 51.200437639624376, 51.200437639624376]
[141.1603719355067, 69.86991832100951, 51.226850039533545, 51.22685003953354]
[141.23315377040018, 69.90594302714355, 51.25326243944252, 51.253262439442516]
[141.3059356052919, 69.94196773327711, 51.2796748393512, 51.27967483935121]
[141.37871744018196, 69.97799243941033, 51.30608723925976, 51.30608723925975]
[139.7823452758861, 69.42236705341338, 46.17832866688237, 34.59515740796812, 34.59515740796812]
[139.85464025503146, 69.458272078647, 46.20221195021765, 34.61304991234785, 34.61304991234785]
[139.92693523417523, 69.49417710388019, 46.2260952335527, 34.630942416727436, 34.630942416727436]
[139.99923021331725, 69.530082129113, 46.24997851688762, 34.64883492110697, 34.64883492110696]
[140.0715251924576, 69.56598715434538, 46.27386180022236, 34.66672742548639, 34.66672742548639]
[140.14382017159642, 69.60189217957739, 46.297745083556904, 34.684619929865704, 34.68461992986571]
[140.21611515073343, 69.63779720480892, 46.32162836689127, 34.7025124342449, 34.7025124342449]
[140.28841012986894, 69.6737022300401, 46.345511650225475, 34.720404938624036, 34.720404938624036]
[140.36070510900265, 69.70960725527085, 46.369394933559434, 34.73829744300303, 34.73829744300303]
[140.43300008813478, 69.74551228050122, 46.3932782168933, 34.75618994738194, 34.75618994738194]
[139.7823452758861, 69.42236705341338, 45.17991927359145, 45.17991927359145]
[139.85464025503146, 69.458272078647, 45.20328618279752, 45.20328618279752]
[139.92693523417523, 69.49417710388019, 45.226653092003374, 45.22665309200337]
[139.99923021331725, 69.530082129113, 45.250020001209094, 45.2500200012091]
[140.0715251924576, 69.56598715434538, 45.27338691041466, 45.27338691041466]
[140.14382017159642, 69.60189217957739, 45.296753819620015, 45.296753819620015]
[140.21611515073343, 69.63779720480892, 45.3201207288252, 45.3201207288252]
[140.28841012986894, 69.6737022300401, 45.34348763803024, 45.34348763803024]
[140.36070510900265, 69.70960725527085, 45.36685454723505, 45.36685454723505]
[140.43300008813478, 69.74551228050122, 45.39022145643977, 45.39022145643977]
[140.72368092611086, 70.36184124770256, 51.8332418876231, 40.006318724617465, 40.00631872461747]
[140.7964627610144, 70.39823216596618, 51.860049873897545, 40.02700986424552, 40.02700986424553]
[140.86924459591626, 70.43462308422937, 51.88685786017174, 40.04770100387341, 40.047701003873414]
[140.94202643081638, 70.4710140024921, 51.913665846445674, 40.068392143501164, 40.068392143501164]
[141.01480826571483, 70.50740492075442, 51.94047383271944, 40.08908328312883, 40.089083283128836]
[141.08759010061166, 70.54379583901637, 51.967281818992944, 40.109774422756324, 40.10977442275633]
[141.1603719355067, 70.58018675727781, 51.99408980526621, 40.13046556238368, 40.13046556238368]
[141.23315377040018, 70.61657767553892, 52.02089779153929, 40.151156702010944, 40.151156702010944]
[141.3059356052919, 70.65296859379954, 52.04770577781207, 40.17184784163799, 40.17184784163799]
[141.37871744018196, 70.68935951205982, 52.07451376408472, 40.19253898126498, 40.192538981264974]
[139.7823452758861, 69.42236705341338, 46.17832866688237, 46.17832866688238]
[139.85464025503146, 69.458272078647, 46.20221195021765, 46.20221195021766]
[139.92693523417523, 69.49417710388019, 46.2260952335527, 46.226095233552705]
[139.99923021331725, 69.530082129113, 46.24997851688762, 46.24997851688762]
[140.0715251924576, 69.56598715434538, 46.27386180022236, 46.27386180022237]
[140.14382017159642, 69.60189217957739, 46.297745083556904, 46.2977450835569]
[140.21611515073343, 69.63779720480892, 46.32162836689127, 46.32162836689127]
[140.28841012986894, 69.6737022300401, 46.345511650225475, 46.345511650225475]
[140.36070510900265, 69.70960725527085, 46.369394933559434, 46.36939493355944]
[140.43300008813478, 69.74551228050122, 46.3932782168933, 46.3932782168933]
[191.39248285538721, 80.15732794353438, 80.15732794353438]
[191.49147043079282, 80.19878505598577, 80.19878505598577]
[191.59045800619538, 80.2402421684366, 80.24024216843661]
[191.68944558159478, 80.28169928088683, 80.28169928088683]
[191.78843315699106, 80.32315639333656, 80.32315639333656]
[191.88742073238433, 80.36461350578574, 80.36461350578571]
[191.98640830777433, 80.40607061823432, 80.40607061823432]
[192.08539588316134, 80.44752773068241, 80.44752773068242]
[192.1843834585452, 80.48898484312998, 80.48898484312998]
[192.283371033926, 80.53044195557698, 80.53044195557699]
[137.91961445081822, 69.24268592566499, 51.00067904471641, 37.23260165404547, 37.23260165404547]
[137.9909460315963, 69.27849802039755, 51.02705643216524, 37.25185823611647, 37.251858236116455]
[138.0622776123729, 69.31431011512973, 51.05343381961381, 37.27111481818729, 37.27111481818729]
[138.1336091931478, 69.35012220986144, 51.07981120706216, 37.290371400258024, 37.29037140025802]
[138.2049407739211, 69.38593430459278, 51.10618859451033, 37.30962798232866, 37.30962798232866]
[138.2762723546928, 69.42174639932371, 51.13256598195823, 37.32888456439916, 37.328884564399154]
[138.3476039354628, 69.45755849405421, 51.15894336940594, 37.34814114646954, 37.34814114646954]
[138.41893551623133, 69.49337058878434, 51.185320756853436, 37.367397728539835, 37.367397728539835]
[138.4902670969981, 69.52918268351402, 51.21169814430064, 37.38665431060994, 37.38665431060994]
[138.56159867776336, 69.56499477824335, 51.238075531747725, 37.40591089268, 37.40591089267999]
[191.39248285538721, 77.19615417472836, 49.73146919715613, 38.16611902808898, 38.166119028088985]
[191.49147043079282, 77.23607977764007, 49.757190153352155, 38.185858422346605, 38.185858422346605]
[191.59045800619538, 77.2760053805513, 49.78291110954793, 38.20559781660408, 38.205597816604076]
[191.68944558159478, 77.31593098346195, 49.80863206574352, 38.22533721086147, 38.22533721086147]
[191.78843315699106, 77.35585658637216, 49.834353021938924, 38.245076605118726, 38.24507660511872]
[191.88742073238433, 77.39578218928185, 49.86007397813408, 38.26481599937586, 38.264815999375855]
[191.98640830777433, 77.43570779219098, 49.88579493432902, 38.28455539363283, 38.284555393632836]
[192.08539588316134, 77.47563339509965, 49.91151589052377, 38.30429478788974, 38.30429478788974]
[192.1843834585452, 77.51555899800783, 49.93723684671829, 38.32403418214647, 38.32403418214647]
[192.283371033926, 77.55548460091549, 49.962957802912655, 38.343773576403116, 38.343773576403116]
[162.3993737241942, 74.91188050684177, 53.14460905714417, 53.14460905714417]
[162.48336615736824, 74.95062469076576, 53.172095278302336, 53.172095278302336]
[162.56735859054015, 74.98936887468925, 53.19958149946023, 53.19958149946023]
[162.6513510237098, 75.02811305861225, 53.22706772061791, 53.22706772061791]
[162.73534345687716, 75.06685724253478, 53.25455394177536, 53.254553941775356]
[162.81933589004237, 75.10560142645684, 53.28204016293255, 53.28204016293255]
[162.90332832320522, 75.14434561037838, 53.30952638408949, 53.30952638408948]
[162.98732075636596, 75.18308979429953, 53.33701260524623, 53.33701260524623]
[163.07131318952435, 75.22183397822015, 53.36449882640266, 53.36449882640265]
[163.15530562268057, 75.26057816214033, 53.39198504755894, 53.39198504755894]
[162.8369609030498, 74.6730511393136, 51.25776513146209, 51.257765131462094]
[162.92117965489794, 74.71167180145744, 51.284275483008436, 51.284275483008436]
[163.0053984067439, 74.7502924636008, 51.31078583455452, 51.310785834554515]
[163.08961715858752, 74.7889131257437, 51.33729618610042, 51.33729618610042]
[163.17383591042895, 74.82753378788613, 51.3638065376461, 51.3638065376461]
[163.25805466226814, 74.86615445002808, 51.39031688919153, 51.39031688919153]
[163.342273414105, 74.90477511216953, 51.41682724073675, 51.41682724073675]
[163.42649216593975, 74.94339577431057, 51.44333759228178, 51.44333759228177]
[163.51071091777212, 74.98201643645109, 51.469847943826515, 51.469847943826515]
[163.59492966960227, 75.02063709859117, 51.4963582953711, 51.4963582953711]
[194.3713230274502, 81.19968790707885, 57.01194562035266, 39.5736629418094, 39.5736629418094]
[194.47185124934654, 81.2416841247471, 57.04143201554529, 39.59413031325676, 39.59413031325677]
[194.57237947123974, 81.28368034241481, 57.070918410737626, 39.61459768470396, 39.61459768470396]
[194.67290769312967, 81.32567656008192, 57.10040480592969, 39.63506505615106, 39.63506505615106]
[194.77343591501642, 81.36767277774851, 57.129891201121524, 39.65553242759805, 39.65553242759805]
[194.97449235878025, 81.45166521307995, 57.18886399150427, 39.69646717049158, 39.69646717049158]
[195.07502058065748, 81.4936614307449, 57.21835038669527, 39.71693454193817, 39.71693454193819]
[195.17554880253135, 81.53565764840921, 57.24783678188591, 39.737401913384545, 39.73740191338454]
[195.17554880253135, 81.53565764840921, 57.24783678188591, 39.737401913384545, 39.73740191338454]
[195.2760770244021, 81.57765386607298, 57.27732317707636, 39.757869284830875, 39.75786928483087]
[191.39248285538721, 80.15732794353438, 51.0769876509734, 51.0769876509734]
[191.49147043079282, 80.19878505598577, 51.10340450498805, 51.10340450498805]
[191.59045800619538, 80.2402421684366, 51.129821359002435, 51.12982135900244]
[191.68944558159478, 80.28169928088683, 51.15623821301662, 51.15623821301662]
[191.78843315699106, 80.32315639333656, 51.1826550670306, 51.1826550670306]
[191.88742073238433, 80.36461350578574, 51.209071921044334, 51.209071921044334]
[191.98640830777433, 80.40607061823432, 51.23548877505786, 51.23548877505786]
[192.08539588316134, 80.44752773068241, 51.261905629071165, 51.26190562907117]
[192.1843834585452, 80.48898484312998, 51.28832248308422, 51.28832248308422]
[192.283371033926, 80.53044195557698, 51.31473933709711, 51.31473933709711]
[175.33361038050543, 84.16159622616931, 84.16159622616931]
[175.42429235904473, 84.20512433328233, 84.20512433328233]
[175.51497433758144, 84.24865244039474, 84.24865244039472]
[175.60565631611553, 84.2921805475065, 84.29218054750649]
[175.69633829464698, 84.33570865461772, 84.33570865461772]
[175.78702027317595, 84.37923676172834, 84.37923676172835]
[175.87770225170212, 84.42276486883829, 84.42276486883829]
[175.96838423022587, 84.46629297594771, 84.46629297594771]
[176.05906620874686, 84.50982108305652, 84.50982108305654]
[176.1497481872653, 84.55334919016472, 84.55334919016472]
[137.91961445081822, 69.66979207185375, 69.66979207185375]
[137.9909460315963, 69.70582506451069, 69.7058250645107]
[138.0622776123729, 69.74185805716722, 69.74185805716724]
[138.1336091931478, 69.77789104982332, 69.77789104982332]
[138.2049407739211, 69.81392404247902, 69.81392404247903]
[138.2762723546928, 69.84995703513431, 69.84995703513431]
[138.3476039354628, 69.88599002778913, 69.88599002778912]
[138.41893551623133, 69.92202302044365, 69.92202302044365]
[138.4902670969981, 69.95805601309765, 69.95805601309766]
[138.56159867776336, 69.99408900575132, 69.99408900575132]
[139.05578687083664, 77.55081332002506, 77.55081332002506]
[139.12770607632132, 77.59092235150496, 77.59092235150494]
[139.1996252818044, 77.63103138298433, 77.63103138298433]
[139.27154448728578, 77.67114041446322, 77.67114041446321]
[139.34346369276554, 77.71124944594159, 77.71124944594159]
[139.4153828982437, 77.75135847741944, 77.75135847741943]
[139.48730210372014, 77.79146750889673, 77.79146750889673]
[139.55922130919507, 77.83157654037362, 77.8315765403736]
[139.6311405146682, 77.87168557184991, 77.87168557184991]
[139.70305972013978, 77.91179460332572, 77.91179460332572]
[139.05578687083664, 69.24268592566499, 69.24268592566499]
[139.12770607632132, 69.27849802039755, 69.27849802039755]
[139.1996252818044, 69.31431011512969, 69.31431011512967]
[139.27154448728578, 69.35012220986144, 69.35012220986142]
[139.34346369276554, 69.38593430459277, 69.38593430459277]
[139.4153828982437, 69.42174639932371, 69.4217463993237]
[139.48730210372014, 69.4575584940542, 69.4575584940542]
[139.55922130919507, 69.49337058878436, 69.49337058878436]
[139.6311405146682, 69.52918268351404, 69.52918268351402]
[139.70305972013978, 69.56499477824335, 69.56499477824335]
[175.33361038050543, 84.16159622616931, 52.26707367025215, 38.04236546237408, 38.042365462374086]
[175.42429235904473, 84.20512433328233, 52.29410603292973, 38.06204085168511, 38.06204085168511]
[175.51497433758144, 84.24865244039474, 52.32113839560703, 38.081716240995995, 38.081716240996]
[175.60565631611553, 84.2921805475065, 52.34817075828412, 38.10139163030679, 38.10139163030679]
[175.69633829464698, 84.33570865461772, 52.37520312096102, 38.12106701961748, 38.12106701961748]
[175.78702027317595, 84.37923676172834, 52.40223548363764, 38.14074240892803, 38.140742408928034]
[175.87770225170212, 84.42276486883829, 52.42926784631404, 38.16041779823845, 38.16041779823845]
[175.96838423022587, 84.46629297594771, 52.45630020899023, 38.18009318754877, 38.18009318754877]
[176.05906620874686, 84.50982108305652, 52.48333257166614, 38.19976857685891, 38.199768576858915]
[176.1497481872653, 84.55334919016472, 52.510364934341865, 38.21944396616898, 38.21944396616898]
[163.46473908123966, 70.12234683934321, 70.12234683934321]
[163.54928251793172, 70.15861389186955, 70.15861389186954]
[163.63382595462156, 70.19488094439544, 70.19488094439544]
[163.7183693913091, 70.23114799692091, 70.2311479969209]
[163.80291282799433, 70.26741504944599, 70.26741504944597]
[163.88745626467738, 70.30368210197065, 70.30368210197065]
[163.97199970135807, 70.33994915449483, 70.33994915449485]
[164.0565431380366, 70.37621620701869, 70.37621620701869]
[164.14108657471277, 70.41248325954207, 70.41248325954206]
[164.22563001138673, 70.44875031206507, 70.44875031206507]
[191.39248285538721, 96.241860059259, 96.241860059259]
[191.49147043079282, 96.29163603991091, 96.29163603991093]
[191.59045800619538, 96.3414120205621, 96.3414120205621]
[191.68944558159478, 96.39118800121243, 96.39118800121243]
[191.78843315699106, 96.44096398186203, 96.44096398186201]
[191.88742073238433, 96.4907399625108, 96.4907399625108]
[191.98640830777433, 96.54051594315875, 96.54051594315875]
[192.08539588316134, 96.590291923806, 96.590291923806]
[192.1843834585452, 96.64006790445247, 96.64006790445245]
[192.283371033926, 96.68984388509811, 96.6898438850981]
[161.85181692064117, 74.465202868674, 74.465202868674]
[161.93552615920683, 74.50371603236131, 74.50371603236131]
[162.01923539777033, 74.54222919604814, 74.54222919604814]
[162.10294463633156, 74.58074235973451, 74.5807423597345]
[162.18665387489054, 74.6192555234204, 74.6192555234204]
[162.27036311344736, 74.65776868710581, 74.65776868710581]
[162.35407235200185, 74.69628185079074, 74.69628185079074]
[162.43778159055427, 74.73479501447522, 74.73479501447522]
[162.52149082910432, 74.77330817815923, 74.77330817815923]
[162.60520006765222, 74.81182134184277, 74.81182134184277]
[137.91961445081822, 80.53978514213865, 51.00067904471641, 51.00067904471641]
[137.9909460315963, 80.5814400602217, 51.027056432165224, 51.02705643216523]
[138.0622776123729, 80.62309497830421, 51.0534338196138, 51.053433819613794]
[138.1336091931478, 80.66474989638613, 51.07981120706215, 51.07981120706214]
[138.2049407739211, 80.70640481446752, 51.10618859451033, 51.10618859451033]
[138.2762723546928, 80.74805973254837, 51.13256598195824, 51.13256598195824]
[138.3476039354628, 80.78971465062861, 51.15894336940593, 51.158943369405925]
[138.41893551623133, 80.8313695687084, 51.185320756853436, 51.185320756853436]
[138.4902670969981, 80.87302448678756, 51.211698144300655, 51.211698144300655]
[138.56159867776336, 80.91467940486619, 51.23807553174772, 51.238075531747725]
[137.91961445081822, 74.80479259610314, 46.48700219776729, 46.48700219776729]
[137.9909460315963, 74.84348139450442, 46.5110451260606, 46.51104512606061]
[138.0622776123729, 74.88217019290518, 46.53508805435369, 46.5350880543537]
[138.1336091931478, 74.92085899130544, 46.55913098264663, 46.55913098264663]
[138.2049407739211, 74.95954778970527, 46.583173910939415, 46.583173910939415]
[138.2762723546928, 74.99823658810462, 46.60721683923195, 46.60721683923195]
[138.3476039354628, 75.03692538650341, 46.63125976752433, 46.63125976752432]
[138.41893551623133, 75.07561418490184, 46.65530269581655, 46.65530269581655]
[138.4902670969981, 75.11430298329974, 46.67934562410853, 46.679345624108535]
[138.56159867776336, 75.1529917816972, 46.703388552400384, 46.70338855240038]
