[99.21913151532391, 74.55875479613405, 59.09411297327262, 47.90975141535507, 41.95466503976556, 41.95466503976555]
[133.40314859011386, 95.96705804876058, 74.54820186377863, 57.78534808184628, 49.411240769248515, 49.411240769248515]
[176.07707215181645, 121.00872274985113, 92.10196065050523, 68.13967512875406, 56.909936324586404, 56.90993632458641]
[218.15539839509825, 144.29939925963816, 108.01721133992116, 77.02491509558935, 63.16660852176841, 63.16660852176842]
[252.6671320368969, 162.58939279239448, 120.28754062590659, 83.82009198562224, 67.92191222762914, 67.92191222762914]
[278.5194970159297, 175.89919147693666, 129.1108068245769, 88.79259794058028, 71.41725924846774, 71.41725924846773]
[289.85516758546265, 181.6523199666016, 132.90357527781566, 91.16585929026576, 73.14979622071836, 73.14979622071836]
[282.06438673823874, 177.7344947969873, 130.33388433571534, 90.23859055753218, 72.65372437354748, 72.65372437354748]
[261.68298076947576, 167.32765120270435, 123.46186182514847, 86.96324698179328, 70.54332347670027, 70.54332347670027]
[238.12159057346946, 155.04238600100706, 115.27862917145984, 82.85120880308031, 67.82561716913757, 67.82561716913757]
[151.84081606047712, 101.17962278194983, 72.26537525378768, 59.00260642905189, 48.06015214885464, 48.06015214885464]
[154.32304675732502, 102.72116244895112, 73.36628739991204, 61.051965451661246, 50.95745954797666, 50.95745954797666]
[157.52177242427894, 104.70017891104034, 74.77801467440177, 63.20769093914179, 53.776089513197405, 53.77608951319741]
[161.82602004365293, 107.35039087609516, 76.66562888455266, 65.44926203747288, 56.35260004949273, 56.352600049492736]
[167.167203415831, 110.61991618712553, 78.98970376475513, 67.76085968088236, 58.70285619209543, 58.70285619209543]
[172.47110850505774, 113.8470315034512, 81.27861213978963, 69.86573181516437, 60.704690480884516, 60.704690480884516]
[176.53565965386673, 116.30824711032731, 83.02102646776076, 71.33063101865244, 61.98567742316945, 61.985677423169456]
[178.61675895210877, 117.56671202781, 83.9110594093114, 71.86570084705322, 62.26977368077331, 62.26977368077332]
[179.18270155383468, 117.91232194842777, 84.15568501004132, 71.70283375193314, 61.80939137887369, 61.8093913788737]
[179.4249068009997, 118.06321703155533, 84.26272902415091, 71.34272281175477, 61.104478032452946, 61.10447803245294]
[99.21913151532391, 74.55875479613405, 59.09411297327262, 47.87400525584113, 36.1198455501697, 36.11984555016969]
[133.40314859011386, 95.96705804876058, 74.54820186377863, 57.735832429847555, 44.18558363805264, 44.185583638052634]
[176.07707215181645, 121.00872274985113, 92.10196065050523, 68.07500691944043, 52.86018317637816, 52.86018317637816]
[218.15539839509825, 144.29939925963816, 108.01721133992116, 76.94889462386065, 60.43305578921575, 60.43305578921576]
[252.6671320368969, 162.58939279239448, 120.28754062590659, 83.73878727132703, 66.2451421179319, 66.2451421179319]
[278.5194970159297, 175.89919147693666, 129.1108068245769, 88.70998381889044, 70.4840605572123, 70.4840605572123]
[289.85516758546265, 181.6523199666016, 132.90357527781566, 91.0850319127421, 72.45779796251993, 72.45779796251992]
[282.06438673823874, 177.7344947969873, 130.33388433571534, 90.16229296602158, 71.55186282054936, 71.55186282054937]
[261.68298076947576, 167.32765120270435, 123.46186182514847, 86.89303540218877, 68.6212985691054, 68.62129856910542]
[238.12159057346946, 155.04238600100706, 115.27862917145984, 82.78768489863697, 64.99534557442182, 64.99534557442183]
[310.93435111197454, 98.59710803264889, 70.93829680313323, 58.11495052265936, 47.46956234232602, 47.46956234232602]
[359.6812070917658, 122.53851497465297, 82.94731202357183, 67.54430927546382, 55.40221635796001, 55.40221635796]
[410.25020969680287, 149.22779390172346, 95.02996131797336, 77.09540284733458, 63.509371993773456, 63.509371993773456]
[453.1036599767514, 173.06045257693125, 105.18905282237941, 85.16401217418148, 70.38066364819338, 70.38066364819338]
[484.7907163032137, 191.24738336609346, 113.01038768946538, 91.35216284002901, 75.62115689332913, 75.6211568933291]
[507.05015009190936, 204.2436137379858, 118.82471609394538, 95.91804946182944, 79.45595241841811, 79.45595241841811]
[516.5585285703364, 209.81598232020391, 121.75255590909211, 98.1598825633376, 81.29421926365495, 81.29421926365497]
[510.2857111112215, 206.05456560747595, 120.9971914724936, 97.44576913334853, 80.60336284491468, 80.6033628449147]
[493.19010666471166, 195.956964164874, 117.577591403115, 94.61871514388477, 78.11856347255801, 78.11856347255802]
[472.4709169929531, 183.87784949820414, 113.17341290408548, 91.03156170187896, 74.99756024799284, 74.99756024799282]
[99.21913151532391, 71.74859119609253, 33.42680740496478, 30.050625888463358, 27.152028969250786, 27.152028969250786]
[133.40314859011386, 93.10295104526016, 45.68019095590499, 40.36087232533187, 35.35628265041139, 35.35628265041138]
[176.07707215181645, 118.28584817957417, 61.03007762272151, 52.91201753518976, 44.74267009948056, 44.74267009948056]
[218.15539839509825, 141.83818842952545, 76.12060193960531, 64.92229468977419, 53.24343099109716, 53.24343099109716]
[252.6671320368969, 160.38645351907167, 88.41841724924646, 74.5072278429133, 59.82302768027861, 59.82302768027861]
[278.5194970159297, 173.89985897771004, 97.5697770918547, 81.53801623191951, 64.59835358503545, 64.59835358503545]
[289.85516758546265, 179.7418282223061, 101.56420830521918, 84.58416774302309, 66.74844689131514, 66.74844689131515]
[282.06438673823874, 175.7592215408244, 98.81956049325869, 82.49891391652547, 65.56478465142794, 65.56478465142794]
[261.68298076947576, 165.18717377858786, 91.6140924647361, 76.98407766027556, 62.06349450357405, 62.063494503574034]
[238.12159057346946, 152.71602463016765, 83.24132665788476, 70.5086923580713, 57.7971359669109, 57.79713596691091]
[52.5491337400818, 43.86158256998466, 38.140261996955175, 24.765500691615113, 22.6052015245477, 22.605201524547695]
[53.88910004948289, 44.90071819218831, 39.70134994863256, 28.27661129683876, 25.900267563616175, 25.90026756361618]
[55.6410152897427, 46.25394821843531, 41.40794119048065, 31.665648239151302, 29.108074537941015, 29.108074537941015]
[58.041056478508104, 48.09828496145961, 43.35427018454214, 34.633520075225356, 31.907941154908702, 31.907941154908702]
[61.08268869497318, 50.420615981221985, 45.55693843840773, 37.24621930529238, 34.33414299360692, 34.33414299360691]
[64.16774329618104, 52.75981003151982, 47.680151160583534, 39.4563270563556, 36.357686002481636, 36.357686002481636]
[66.57061455644981, 54.57118095427594, 49.2493874594357, 40.85474707544931, 37.60742162263842, 37.60742162263842]
[67.80508477830534, 55.4992730829106, 49.93976155216571, 41.09811279070521, 37.76958573405695, 37.76958573405696]
[68.12706086217588, 55.74276985984611, 49.95247280444995, 40.44946023366103, 37.09951572650046, 37.09951572650045]
[68.25294683922726, 55.83944309915819, 49.788771952795656, 39.47147422920539, 36.12283779668345, 36.12283779668345]
[126.89966354678266, 85.18543485352376, 39.167137448502416, 20.3393215731408, 20.3393215731408]
[129.45825716457134, 91.16417838068368, 47.733864071562266, 22.735983630823004, 22.735983630823]
[132.76960115248454, 97.02511170967101, 56.70409973738698, 25.045514758617202, 25.045514758617202]
[137.24755910716996, 102.53777791955814, 64.49865425275682, 27.13527601338129, 27.135276013381286]
[142.83347501677613, 107.77808464734255, 70.71948777445152, 29.07068464548776, 29.07068464548776]
[148.40613929459954, 112.38115879998206, 75.50596801572483, 30.76666316939998, 30.766663169399973]
[152.68876656584632, 115.436028752839, 78.04773047333659, 31.89093288712611, 31.89093288712611]
[154.87785974113044, 116.26537660434138, 77.61394971825285, 32.17376880775425, 32.17376880775425]
[155.46057847962882, 115.40920798177355, 74.98493920884655, 31.80190731364495, 31.801907313644946]
[155.6996811504161, 114.009656627898, 71.54290305454089, 31.19915696069259, 31.199156960692594]
[110.19238630743398, 21.040372299299765, 16.21076186074678, 15.31157023233289, 15.311570232332892]
[141.50503829468036, 22.572795164966664, 18.35604324869796, 17.365365511332147, 17.365365511332143]
[179.93706905710002, 24.21497747997166, 20.52260345666567, 19.445841221542217, 19.44584122154222]
[217.6958860427666, 26.009332794878603, 22.595948980645794, 21.424218129643787, 21.42421812964379]
[248.81892076008597, 27.993794405822594, 24.618407211367384, 23.32840130987068, 23.32840130987068]
[272.308304494738, 29.914898579660363, 26.455341917477188, 25.03985026963318, 25.03985026963318]
[282.6709153799179, 31.329620002076048, 27.707880794843785, 26.189093594887098, 26.1890935948871]
[275.56079951945367, 31.89945657048201, 28.04546434803062, 26.470211549233284, 26.47021154923329]
[257.02850516632856, 31.801372901616112, 27.663769935039877, 26.073864760208018, 26.073864760208018]
[235.73355113045648, 31.51079111950634, 27.037942957327626, 25.447275208953222, 25.44727520895322]
[126.89966354678266, 85.18543485352376, 38.61177500668749, 34.085994277765245, 34.08599427776524]
[129.45825716457134, 91.16417838068368, 47.290095497902435, 40.751567888565496, 40.751567888565496]
[132.76960115248454, 97.02511170967101, 56.380540282795685, 47.45465683699863, 47.45465683699864]
[137.24755910716996, 102.53777791955814, 64.2653448776186, 53.12308319004495, 53.123083190044945]
[142.83347501677613, 107.77808464734255, 70.54109652044, 57.618107230836415, 57.61810723083642]
[148.40613929459954, 112.38115879998206, 75.35977582787389, 61.083185229775566, 61.08318522977556]
[152.68876656584632, 115.436028752839, 77.91229116273637, 62.97284864650157, 62.97284864650158]
[154.87785974113044, 116.26537660434138, 77.46589876449902, 62.79131601442158, 62.791316014421575]
[155.46057847962882, 115.40920798177355, 74.80550751067453, 61.06087093962134, 61.06087093962134]
[155.6996811504161, 114.009656627898, 71.32113683668405, 58.731343177437815, 58.73134317743781]
[166.84838039238204, 105.88970752511439, 42.36654843545017, 36.72932634580616, 36.72932634580616]
[210.4461734496667, 122.61352097485917, 54.54774475647245, 46.64074569263648, 46.64074569263648]
[260.4451335998935, 139.15784696405427, 68.41774987395338, 57.75604079927345, 57.75604079927345]
[306.26747387805136, 152.9429602162478, 80.99547872696792, 67.71949310938922, 67.71949310938923]
[341.92954728891664, 163.59331870729852, 90.82216207043668, 75.43344112122706, 75.43344112122706]
[367.75462299911294, 171.57229615711705, 98.04078630535192, 81.05942478253458, 81.05942478253456]
[378.8991214213488, 175.7042716242756, 101.38368497885615, 83.6362439033081, 83.63624390330811]
[371.33527993297946, 174.92228864451758, 99.75343523958061, 82.32727133286053, 82.32727133286053]
[351.18419064189965, 170.54595791923708, 94.63690815075744, 78.30289775679515, 78.30289775679513]
[327.31375124768175, 164.80823730257097, 88.3582685079378, 73.37060774130565, 73.37060774130563]
[126.89966354678266, 85.18543485352376, 36.07809630709812, 32.17636017687695, 28.875695644648083, 28.87569564464808]
[129.45825716457134, 91.16417838068368, 45.208468098514956, 39.99217096225012, 35.073026687194464, 35.073026687194464]
[132.76960115248454, 97.02511170967101, 54.830943843660016, 48.18856377012531, 41.3179722429326, 41.3179722429326]
[137.24755910716996, 102.53777791955814, 63.134248003428766, 55.23261394519951, 46.546537078931756, 46.546537078931756]
[142.83347501677613, 107.77808464734255, 69.67065895966233, 60.73526023075675, 50.60894034771746, 50.60894034771745]
[148.40613929459954, 112.38115879998206, 74.6439771201562, 64.88420786291447, 53.68227242512571, 53.682272425125696]
[152.68876656584632, 115.436028752839, 77.24835405339421, 67.01597683184053, 55.3070015896244, 55.30700158962439]
[154.87785974113044, 116.26537660434138, 76.74087635212885, 66.5212836690421, 55.055465273870006, 55.05546527387]
[155.46057847962882, 115.40920798177355, 73.9293239280573, 64.09935853341942, 53.40849706820051, 53.408497068200504]
[155.6996811504161, 114.009656627898, 70.24272796115723, 60.95429790807433, 51.21643928955645, 51.216439289556455]
[52.5491337400818, 43.86158256998466, 38.140261996955175, 24.765500691615113, 22.726537073584144, 22.726537073584144]
[53.88910004948289, 44.90071819218831, 39.70134994863256, 28.27661129683876, 25.99236678033904, 25.99236678033904]
[55.6410152897427, 46.25394821843531, 41.40794119048065, 31.665648239151302, 29.17316335496277, 29.17316335496277]
[58.041056478508104, 48.09828496145961, 43.35427018454214, 34.633520075225356, 31.954813068095778, 31.954813068095778]
[61.08268869497318, 50.420615981221985, 45.55693843840773, 37.24621930529238, 34.37069356067293, 34.37069356067293]
[64.16774329618104, 52.75981003151982, 47.680151160583534, 39.4563270563556, 36.38842091257746, 36.38842091257746]
[66.57061455644981, 54.57118095427594, 49.2493874594357, 40.85474707544931, 37.63646230028823, 37.63646230028824]
[67.80508477830534, 55.4992730829106, 49.93976155216571, 41.09811279070521, 37.80154757065324, 37.80154757065325]
[68.12706086217588, 55.74276985984611, 49.95247280444995, 40.44946023366103, 37.13823697554897, 37.13823697554897]
[68.25294683922726, 55.83944309915819, 49.788771952795656, 39.47147422920539, 36.17077673354076, 36.17077673354076]
[126.89966354678266, 89.17598564405918, 67.91771298834723, 53.55005354622717, 46.21757277598861, 46.2175727759886]
[129.45825716457134, 93.9084852239187, 73.30001260602417, 57.03254788118243, 48.85977766050764, 48.85977766050764]
[132.76960115248454, 98.84958355579353, 78.6779239229611, 60.50246886552864, 51.48233770513143, 51.48233770513143]
[137.24755910716996, 103.81788767892917, 83.61204309040541, 63.75506718438643, 53.95674287898879, 53.9567428789888]
[142.83347501677613, 108.76840534237614, 88.05299955930612, 66.78377262118173, 56.286742775210676, 56.28674277521068]
[148.40613929459954, 113.21275176165992, 91.80091316006823, 69.39599816285748, 58.308798772086, 58.308798772086]
[152.68876656584632, 116.22104967754666, 94.13072821424204, 71.08184466241279, 59.63082742451411, 59.6308274245141]
[154.87785974113044, 117.12645509577722, 94.48212303605544, 71.46356643468654, 59.96882718759931, 59.968827187599324]
[155.46057847962882, 116.44995796046256, 93.36415778352523, 70.87075903572459, 59.570731901505596, 59.570731901505596]
[155.6996811504161, 115.301225847473, 91.76231134990408, 69.96473197243843, 58.938711598603476, 58.93871159860348]
[151.84081606047712, 101.17962278194983, 72.26537525378768, 59.00260642905189, 48.61194304716665, 48.611943047166655]
[154.32304675732502, 102.72116244895112, 73.36628739991204, 61.051965451661246, 51.3151930340045, 51.31519303400451]
[157.52177242427894, 104.70017891104034, 74.77801467440177, 63.20769093914179, 53.99866720529473, 53.99866720529472]
[161.82602004365293, 107.35039087609516, 76.66562888455266, 65.44926203747288, 56.498963302928345, 56.498963302928345]
[167.167203415831, 110.61991618712553, 78.98970376475513, 67.76085968088236, 58.809783448726726, 58.80978344872673]
[172.47110850505774, 113.8470315034512, 81.27861213978963, 69.86573181516437, 60.79041990278391, 60.790419902783896]
[176.53565965386673, 116.30824711032731, 83.02102646776076, 71.33063101865244, 62.06461063588301, 62.064610635883014]
[178.61675895210877, 117.56671202781, 83.9110594093114, 71.86570084705322, 62.35669780447844, 62.35669780447846]
[179.18270155383468, 117.91232194842777, 84.15568501004132, 71.70283375193314, 61.91694469851362, 61.91694469851362]
[179.4249068009997, 118.06321703155533, 84.26272902415091, 71.34272281175477, 61.24177771400818, 61.24177771400817]
[299.98140864842554, 146.12495256402124, 92.51154880785113, 56.795883168551725, 56.795883168551725]
[341.9776698266706, 168.9741497901547, 101.78954533082954, 66.06878276775294, 66.06878276775294]
[386.916632356546, 193.11725563084428, 110.9835045141201, 75.53725997361545, 75.53725997361542]
[426.23065391579826, 213.9542841986467, 118.88132627119548, 83.58864679188528, 83.58864679188528]
[456.06154141586575, 229.58755560331406, 125.24860069786983, 89.7853833628132, 89.7853833628132]
[477.4040612283601, 240.68128539472897, 130.16976413691327, 94.36461948313753, 94.36461948313755]
[486.6125129251086, 245.44374491469804, 132.82411135082702, 96.60773212736922, 96.6077321273692]
[480.519691206184, 242.28843352243538, 132.52367828986095, 95.87188269941484, 95.87188269941485]
[464.06276690939666, 233.7404519920739, 130.09002317355169, 93.01185758076743, 93.01185758076743]
[444.38240773560403, 223.45870900513938, 126.9107006985841, 89.39600606978271, 89.39600606978273]
[310.93435111197454, 98.59710803264889, 70.93829680313323, 58.11495052265936, 58.11495052265936]
[359.6812070917658, 122.53851497465297, 82.94731202357183, 67.54430927546382, 67.54430927546382]
[410.25020969680287, 149.22779390172346, 95.02996131797336, 77.09540284733458, 77.09540284733458]
[453.1036599767514, 173.06045257693125, 105.18905282237941, 85.16401217418148, 85.16401217418148]
[484.7907163032137, 191.24738336609346, 113.01038768946538, 91.35216284002901, 91.352162840029]
[507.05015009190936, 204.2436137379858, 118.82471609394538, 95.91804946182944, 95.91804946182944]
[516.5585285703364, 209.81598232020391, 121.75255590909211, 98.1598825633376, 98.15988256333759]
[510.2857111112215, 206.05456560747595, 120.9971914724936, 97.44576913334853, 97.44576913334853]
[493.19010666471166, 195.956964164874, 117.577591403115, 94.61871514388477, 94.61871514388476]
[472.4709169929531, 183.87784949820414, 113.17341290408548, 91.03156170187896, 91.03156170187897]
[301.95156211187685, 154.71812932054067, 97.63368952486802, 73.96955545895973, 73.96955545895973]
[353.1901119174266, 168.16393671282722, 103.4056184937835, 77.47012518377413, 77.47012518377413]
[405.88022209226114, 180.70175083539533, 108.81177247619422, 80.78074721224438, 80.78074721224438]
[450.1323451218199, 191.05626405328715, 113.58840070250474, 83.81847367784046, 83.81847367784046]
[482.6281064597593, 199.32201433484954, 117.83825984573255, 86.65227560453047, 86.65227560453047]
[505.35010409378407, 205.7248911635632, 121.40147719996425, 89.09851918780122, 89.09851918780122]
[515.0289390319115, 209.30228063866355, 123.6559253490491, 90.71100450198622, 90.71100450198622]
[508.6354771459911, 209.23841936041342, 124.14279810739997, 91.17701527397993, 91.17701527397992]
[491.1877739285189, 206.50153396191874, 123.3118417388553, 90.78503789812187, 90.78503789812186]
[469.97499500254656, 202.78077735281266, 122.03497964373881, 90.11709123179168, 90.11709123179168]
[299.98140864842554, 146.12495256402124, 92.64512351322776, 72.69264234008057, 72.69264234008058]
[341.9776698266706, 168.9741497901547, 101.94355297468896, 78.4791676173502, 78.4791676173502]
[386.916632356546, 193.11725563084428, 111.15549025254069, 84.08807311911141, 84.08807311911141]
[426.23065391579826, 213.9542841986467, 119.06287237947804, 88.91053646147509, 88.91053646147508]
[456.06154141586575, 229.58755560331406, 125.43057800496224, 92.8935240114481, 92.8935240114481]
[477.4040612283601, 240.68128539472897, 130.347722577949, 96.0448280799827, 96.04482807998271]
[486.6125129251086, 245.44374491469804, 132.99605848139902, 97.8418115807636, 97.84181158076362]
[480.519691206184, 242.28843352243538, 132.68857826860867, 97.86047978847044, 97.86047978847044]
[464.06276690939666, 233.7404519920739, 130.24745816907438, 96.57852870339515, 96.57852870339515]
[444.38240773560403, 223.45870900513938, 127.0600419660808, 94.83925706706951, 94.83925706706951]
[151.84081606047712, 101.17962278194983, 72.26537525378768, 59.00260642905189, 59.00260642905188]
[154.32304675732502, 102.72116244895112, 73.36628739991204, 61.051965451661246, 61.051965451661246]
[157.52177242427894, 104.70017891104034, 74.77801467440177, 63.20769093914179, 63.2076909391418]
[161.82602004365293, 107.35039087609516, 76.66562888455266, 65.44926203747288, 65.44926203747288]
[167.167203415831, 110.61991618712553, 78.98970376475513, 67.76085968088236, 67.76085968088236]
[172.47110850505774, 113.8470315034512, 81.27861213978963, 69.86573181516437, 69.86573181516438]
[176.53565965386673, 116.30824711032731, 83.02102646776076, 71.33063101865244, 71.33063101865244]
[178.61675895210877, 117.56671202781, 83.9110594093114, 71.86570084705322, 71.86570084705323]
[179.18270155383468, 117.91232194842777, 84.15568501004132, 71.70283375193314, 71.70283375193314]
[179.4249068009997, 118.06321703155533, 84.26272902415091, 71.34272281175477, 71.34272281175478]
[276.0392780003615, 93.04868018324194, 70.19442041325343, 57.361669107796835, 57.361669107796835]
[321.7589051186155, 98.97314727550854, 73.7301366572835, 59.857270047219394, 59.857270047219394]
[370.628957638942, 104.88063942785327, 77.25383998061292, 62.367461008051826, 62.36746100805183]
[413.1499206450462, 110.4575530931141, 80.64986791479637, 64.84803347460307, 64.84803347460307]
[445.19799626310777, 115.7143174120371, 83.94014753589184, 67.3138529200307, 67.3138529200307]
[467.99128226611305, 120.2939580968605, 86.84953961716076, 69.52132558157906, 69.52132558157906]
[477.77873590519954, 123.29394956363933, 88.80487205929789, 71.03141694634942, 71.03141694634942]
[471.2699570552271, 124.043866558887, 89.3980124189574, 71.5424837922519, 71.5424837922519]
[453.6757006633828, 123.10173495092987, 88.96507778496479, 71.30128984817159, 71.30128984817159]
[432.54911596335734, 121.61817063464126, 88.2139924422149, 70.8342587053834, 70.8342587053834]
[257.26840867033803, 150.1344083015258, 96.36276079740955, 54.77142902886961, 54.77142902886961]
[261.6547612661733, 152.21989450841303, 97.66732153862408, 55.668944960182756, 55.66894496018275]
[267.25349261075445, 154.8713347582333, 99.3283491798519, 56.8199133323708, 56.8199133323708]
[274.6897750417018, 158.37768492910152, 101.52949457489247, 58.358519890389644, 58.35851989038964]
[283.7609773269947, 162.63689089542854, 104.21077342779283, 60.251502063831545, 60.251502063831545]
[292.59946621701533, 166.7733633492352, 106.82307965182937, 62.11358190176209, 62.113581901762096]
[299.2622156754443, 169.88746793928374, 108.7952933926728, 63.52899418110111, 63.528994181101105]
[302.64069222634254, 171.47209820864427, 109.80088671531065, 64.25044221717957, 64.25044221717958]
[303.5610147949976, 171.9152545402251, 110.08266648012825, 64.44718708237161, 64.4471870823716]
[303.95893818456847, 172.1160022801468, 110.21059863881622, 64.53212435625079, 64.53212435625079]
[62.583890373492736, 52.63166070246341, 43.54267838533215, 33.60160788164198, 33.60160788164199]
[89.68184293453777, 72.31796595305646, 56.38901911470022, 43.39538694090857, 43.39538694090857]
[126.08326255332842, 96.88492788490883, 70.65305460980996, 54.40397222345044, 54.40397222345043]
[164.2909999715735, 120.85477288550449, 83.24836235475645, 64.25333473037361, 64.2533347303736]
[197.04742077903558, 140.22384792881905, 92.93733051092414, 71.87418281458744, 71.87418281458743]
[222.2894232494647, 154.53344479191932, 100.01505819848194, 77.44010805889008, 77.44010805889008]
[233.51102050024724, 160.751688531171, 103.35623886985171, 80.01612456800467, 80.01612456800467]
[225.7411608970209, 156.48314101323555, 101.94746214819651, 78.78021620274087, 78.78021620274086]
[205.6930639431739, 145.23455791063583, 97.14256560053643, 74.86024467589083, 74.86024467589083]
[182.97717722428413, 132.092050510556, 91.11671439343635, 70.0220656547821, 70.02206565478207]
[278.80150612055235, 95.12074765639521, 71.77226320063131, 57.62700176040269, 57.627001760402685]
[282.7000373596746, 112.13555685857533, 81.30881619023529, 65.72249285385742, 65.72249285385743]
[287.67425514540804, 129.2026113023097, 90.3149842766475, 73.51567732441339, 73.51567732441339]
[294.28296577702224, 143.48402129878428, 97.6583444658825, 79.90541152713415, 79.90541152713415]
[302.3571146380235, 154.47758019299883, 103.40395027798616, 84.83054681191724, 84.83054681191723]
[310.24597070551766, 162.6764475792529, 107.80299914641975, 88.5312497560043, 88.53124975600433]
[316.213938364891, 166.87225191393716, 110.23352756193958, 90.48315570646682, 90.48315570646682]
[319.2576217611013, 165.9568244417397, 110.13604922069172, 90.20752507125827, 90.20752507125829]
[320.1057041217454, 161.30297442311607, 108.14964238863998, 88.29296811115134, 88.29296811115132]
[320.48678872752544, 155.22854811580132, 105.42138715269652, 85.74782888266586, 85.74782888266584]
[26.006017347954423, 19.006933945151047, 17.782503640398687, 15.782967556841024, 15.782967556841028]
[26.857008213968893, 21.0921136075282, 19.79453182756204, 17.386818275569134, 17.386818275569134]
[27.98043624754026, 23.164629934599887, 21.801986998621086, 18.973923980582512, 18.97392398058251]
[29.53845549266385, 25.21295080221458, 23.762798678643556, 20.527386432343693, 20.527386432343697]
[31.542541341247095, 27.32163896363692, 25.74186989081061, 22.10286765956146, 22.10286765956146]
[33.60683529000245, 29.302104775967273, 27.575531878071736, 23.56255979965086, 23.56255979965086]
[35.23484790560899, 30.71900992287009, 28.863234727711585, 24.591879069558992, 24.591879069558992]
[36.075643350532964, 31.223239299664925, 29.283132227281147, 24.944442179942506, 24.94444217994251]
[36.29162796655352, 31.000307835307236, 29.01750075521183, 24.764056494765608, 24.764056494765608]
[36.372785512799595, 30.540893186666924, 28.526714347817343, 24.410820361267586, 24.41082036126759]
[269.05192846467463, 86.22922689094555, 64.700418794832, 34.18994827215424, 34.18994827215423]
[272.52442790603436, 87.76631251180228, 68.31246675932174, 40.61922644145887, 40.61922644145888]
[276.9587047110636, 89.74653875995203, 71.85324174386886, 47.06756019205119, 47.06756019205119]
[282.8587063499134, 92.40916115610796, 75.25679331309126, 52.52229583809219, 52.52229583809219]
[290.0845742193857, 95.70815651165351, 78.58179069516807, 56.858097914875486, 56.85809791487548]
[297.1669580034212, 98.97680520311886, 81.54345279317428, 60.2079664871959, 60.2079664871959]
[302.5421204779465, 101.47550455751511, 83.55523236130274, 62.04244818683432, 62.042448186834314]
[305.29297322599035, 102.75123860496912, 84.19950166978255, 61.88186289110161, 61.88186289110161]
[306.0665791959154, 103.09531615035047, 83.8076659169518, 60.22908437688892, 60.22908437688892]
[306.41923983411505, 103.24047892158677, 83.09312959151993, 58.000841045807206, 58.000841045807206]
[41.183358939188565, 36.059458060234434, 31.973547942258268, 28.84202217616348, 28.84202217616348]
[42.27532900296718, 36.95715943285871, 32.725564667721045, 29.493447917747876, 29.49344791774788]
[43.70583689592199, 38.12901965470418, 33.70447056394792, 30.339603999048407, 30.33960399904841]
[45.670602557313295, 39.73111802895994, 35.03788058998579, 31.48900926683056, 31.48900926683056]
[48.16859123672444, 41.75617073958698, 36.71565265260399, 32.930296085117234, 32.930296085117234]
[50.71094631448139, 43.80422005122318, 38.40426028987713, 34.37559506629907, 34.37559506629908]
[52.69680685084351, 45.39545248286745, 39.71094997626354, 35.49062574677386, 35.490625746773866]
[53.718398694177516, 46.21192504221718, 40.38023643336526, 36.0609987063753, 36.06099870637531]
[53.98409854090718, 46.42528368579961, 40.5559426484929, 36.21127552106571, 36.21127552106571]
[54.08720299380085, 46.50914664706214, 40.625817194275115, 36.27157008245114, 36.271570082451134]
[301.95156211187685, 154.71812932054067, 97.63368952486802, 73.96955545895973, 73.96955545895973]
[353.1901119174266, 168.16393671282722, 103.4056184937835, 77.47012518377413, 77.47012518377413]
[405.88022209226114, 180.70175083539533, 108.81177247619422, 80.78074721224438, 80.78074721224438]
[450.1323451218199, 191.05626405328715, 113.58840070250474, 83.81847367784046, 83.81847367784046]
[482.6281064597593, 199.32201433484954, 117.83825984573255, 86.65227560453047, 86.65227560453047]
[505.35010409378407, 205.7248911635632, 121.40147719996425, 89.09851918780122, 89.09851918780122]
[515.0289390319115, 209.30228063866355, 123.6559253490491, 90.71100450198622, 90.71100450198622]
[508.6354771459911, 209.23841936041342, 124.14279810739997, 91.17701527397993, 91.17701527397992]
[491.1877739285189, 206.50153396191874, 123.3118417388553, 90.78503789812187, 90.78503789812186]
[469.97499500254656, 202.78077735281266, 122.03497964373881, 90.11709123179168, 90.11709123179168]
[26.006017347954423, 19.006933945151047, 17.782503640398687, 15.782967556841024, 14.956955809380766, 14.956955809380764]
[26.857008213968893, 21.0921136075282, 19.79453182756204, 17.386818275569134, 16.400416762660683, 16.400416762660683]
[27.98043624754026, 23.164629934599887, 21.801986998621086, 18.973923980582512, 17.820990707617607, 17.820990707617607]
[29.53845549266385, 25.21295080221458, 23.762798678643556, 20.527386432343693, 19.20807685620798, 19.20807685620798]
[31.542541341247095, 27.32163896363692, 25.74186989081061, 22.10286765956146, 20.612489563358984, 20.612489563358988]
[33.60683529000245, 29.302104775967273, 27.575531878071736, 23.56255979965086, 21.909929314734544, 21.909929314734544]
[35.23484790560899, 30.71900992287009, 28.863234727711585, 24.591879069558992, 22.823871770361958, 22.823871770361958]
[36.075643350532964, 31.223239299664925, 29.283132227281147, 24.944442179942506, 23.140993026836096, 23.140993026836096]
[36.29162796655352, 31.000307835307236, 29.01750075521183, 24.764056494765608, 22.989504795196012, 22.989504795196012]
[36.372785512799595, 30.540893186666924, 28.526714347817343, 24.410820361267586, 22.686511937314773, 22.686511937314773]
[360.5282913959172, 154.07223952536017, 69.58601682060795, 54.855965941336486, 31.228462370648003, 31.228462370647996]
[363.95217575659416, 155.8358317684847, 70.71382195855334, 57.51678182672768, 36.54103044905294, 36.54103044905294]
[368.29603109929064, 158.08143453760698, 72.16205781566119, 60.12338458975648, 41.734027946517294, 41.734027946517294]
[374.03444494637995, 161.05952957449173, 74.10158324546455, 62.65119547813988, 46.05518102556837, 46.05518102556837]
[381.01422832311005, 164.69460630967865, 76.49351278574584, 65.14586596084756, 49.47502541883156, 49.47502541883155]
[387.81932352393227, 168.24729897172278, 78.85255418632583, 67.3767257086168, 52.11694364891235, 52.116943648912354]
[392.9738824163884, 170.93949586344294, 80.64975820861714, 68.90455042001373, 53.58282836426324, 53.58282836426325]
[395.6315277604442, 172.3203120174206, 81.56708613852948, 69.42439276670542, 53.511911703918464, 53.51191170391847]
[396.4181280671875, 172.71599289717116, 81.81732292468965, 69.18178661150853, 52.28522244546099, 52.28522244546098]
[396.80695555372233, 172.9021043457163, 81.92530915729996, 68.70582681746956, 50.60409586556358, 50.60409586556358]
[278.80150612055235, 95.12074765639521, 71.77226320063131, 57.62700176040269, 32.10737904623295, 32.10737904623296]
[282.7000373596746, 112.13555685857533, 81.30881619023529, 65.72249285385742, 39.68922073572249, 39.689220735722486]
[287.67425514540804, 129.2026113023097, 90.3149842766475, 73.51567732441339, 47.775250347110784, 47.77525034711079]
[294.28296577702224, 143.48402129878428, 97.6583444658825, 79.90541152713415, 54.74504522062148, 54.745045220621485]
[302.3571146380235, 154.47758019299883, 103.40395027798616, 84.83054681191724, 60.05913563624849, 60.05913563624848]
[310.24597070551766, 162.6764475792529, 107.80299914641975, 88.5312497560043, 63.93394228609493, 63.93394228609493]
[316.213938364891, 166.87225191393716, 110.23352756193958, 90.48315570646682, 65.78234811973341, 65.78234811973341]
[319.2576217611013, 165.9568244417397, 110.13604922069172, 90.20752507125827, 65.06680997434803, 65.06680997434803]
[320.1057041217454, 161.30297442311607, 108.14964238863998, 88.29296811115134, 62.51124526389926, 62.51124526389926]
[320.48678872752544, 155.22854811580132, 105.42138715269652, 85.74782888266586, 59.281943337004584, 59.281943337004584]
[26.006017347954423, 18.371818927863348, 17.40564979777477, 16.28170939006473, 14.659936478824664, 14.65993647882466]
[26.857008213968893, 20.667665559505444, 19.584015301846033, 18.192343857184508, 16.589758456139915, 16.589758456139915]
[27.98043624754026, 22.898740780711034, 21.71044449510836, 20.042921317087863, 18.477366156061763, 18.477366156061763]
[29.53845549266385, 25.03697076452715, 23.73686223696129, 21.802442002369407, 20.235718603536977, 20.235718603536977]
[31.542541341247095, 27.19006725073295, 25.75018638495201, 23.54982823414823, 21.92193196197221, 21.92193196197221]
[33.60683529000245, 29.19325241821235, 27.603764841733515, 25.1544826453621, 23.43618732363621, 23.436187323636215]
[35.23484790560899, 30.615262591151208, 28.900257256887016, 26.276880112366992, 24.462752283728225, 24.46275228372823]
[36.075643350532964, 31.10479357353626, 29.316917586736366, 26.646410303499618, 24.744466716872, 24.744466716872]
[36.29162796655352, 30.848795142829005, 29.036023328343877, 26.420977794430758, 24.442234711838722, 24.44223471183872]
[36.372785512799595, 30.341421397449885, 28.519636241578166, 25.995621014714203, 23.938165775294433, 23.938165775294433]
[110.19238630743398, 21.040372299299765, 16.21076186074678, 15.256398304426146, 15.256398304426146]
[141.50503829468036, 22.572795164966664, 18.35604324869796, 17.32420856053328, 17.324208560533283]
[179.93706905710002, 24.21497747997166, 20.52260345666567, 19.416900056711057, 19.416900056711057]
[217.6958860427666, 26.009332794878603, 22.595948980645794, 21.403138641405608, 21.403138641405608]
[248.81892076008597, 27.993794405822594, 24.618407211367384, 23.31155767247282, 23.31155767247282]
[272.308304494738, 29.914898579660363, 26.455341917477188, 25.025292883580136, 25.025292883580136]
[282.6709153799179, 31.329620002076048, 27.707880794843785, 26.17502884448798, 26.175028844487983]
[275.56079951945367, 31.89945657048201, 28.04546434803062, 26.454535469000486, 26.454535469000486]
[257.02850516632856, 31.801372901616112, 27.663769935039877, 26.05477271157749, 26.05477271157749]
[235.73355113045648, 31.51079111950634, 27.037942957327626, 25.423538200716084, 25.42353820071608]
[99.21913151532391, 71.74859119609253, 36.06193842541617, 19.46877189208916, 19.468771892089155]
[133.40314859011386, 93.10295104526016, 48.26006757649442, 22.854677438693578, 22.854677438693574]
[176.07707215181645, 118.28584817957417, 63.35972921966747, 26.264093926954327, 26.264093926954324]
[218.15539839509825, 141.83818842952545, 78.11289387118241, 29.282420262741315, 29.282420262741315]
[252.6671320368969, 160.38645351907167, 90.11452373147802, 31.892299869278855, 31.892299869278858]
[278.5194970159297, 173.89985897771004, 99.04781937852377, 34.06590998696433, 34.06590998696433]
[289.85516758546265, 179.7418282223061, 102.95055289098026, 35.38870493477785, 35.388704934777856]
[282.06438673823874, 175.7592215408244, 100.27202966854145, 35.498997671496745, 35.498997671496745]
[261.68298076947576, 165.18717377858786, 93.24069969203946, 34.68179170948977, 34.681791709489765]
[238.12159057346946, 152.71602463016765, 85.07350279171152, 33.52435221073936, 33.52435221073935]
[110.19238630743398, 21.040372299299765, 16.21076186074678, 15.31157023233289, 15.311570232332892]
[141.50503829468036, 22.572795164966664, 18.35604324869796, 17.365365511332147, 17.365365511332143]
[179.93706905710002, 24.21497747997166, 20.52260345666567, 19.445841221542217, 19.44584122154222]
[217.6958860427666, 26.009332794878603, 22.595948980645794, 21.424218129643787, 21.42421812964379]
[248.81892076008597, 27.993794405822594, 24.618407211367384, 23.32840130987068, 23.32840130987068]
[272.308304494738, 29.914898579660363, 26.455341917477188, 25.03985026963318, 25.03985026963318]
[282.6709153799179, 31.329620002076048, 27.707880794843785, 26.189093594887098, 26.1890935948871]
[275.56079951945367, 31.89945657048201, 28.04546434803062, 26.470211549233284, 26.47021154923329]
[257.02850516632856, 31.801372901616112, 27.663769935039877, 26.073864760208018, 26.073864760208018]
[235.73355113045648, 31.51079111950634, 27.037942957327626, 25.447275208953222, 25.44727520895322]
[126.89966354678266, 85.18543485352376, 39.167137448502416, 20.3393215731408, 20.3393215731408]
[129.45825716457134, 91.16417838068368, 47.733864071562266, 22.735983630823004, 22.735983630823]
[132.76960115248454, 97.02511170967101, 56.70409973738698, 25.045514758617202, 25.045514758617202]
[137.24755910716996, 102.53777791955814, 64.49865425275682, 27.13527601338129, 27.135276013381286]
[142.83347501677613, 107.77808464734255, 70.71948777445152, 29.07068464548776, 29.07068464548776]
[148.40613929459954, 112.38115879998206, 75.50596801572483, 30.76666316939998, 30.766663169399973]
[152.68876656584632, 115.436028752839, 78.04773047333659, 31.89093288712611, 31.89093288712611]
[154.87785974113044, 116.26537660434138, 77.61394971825285, 32.17376880775425, 32.17376880775425]
[155.46057847962882, 115.40920798177355, 74.98493920884655, 31.80190731364495, 31.801907313644946]
[155.6996811504161, 114.009656627898, 71.54290305454089, 31.19915696069259, 31.199156960692594]
[110.19238630743398, 21.040372299299765, 16.21076186074678, 15.31157023233289, 13.805580286603032, 13.805580286603032]
[141.50503829468036, 22.572795164966664, 18.35604324869796, 17.365365511332147, 15.484257312187353, 15.484257312187355]
[179.93706905710002, 24.21497747997166, 20.52260345666567, 19.445841221542217, 17.164020081177288, 17.164020081177284]
[217.6958860427666, 26.009332794878603, 22.595948980645794, 21.424218129643787, 18.758568566317944, 18.758568566317944]
[248.81892076008597, 27.993794405822594, 24.618407211367384, 23.32840130987068, 20.299628636476296, 20.299628636476292]
[272.308304494738, 29.914898579660363, 26.455341917477188, 25.03985026963318, 21.68608506266267, 21.68608506266267]
[282.6709153799179, 31.329620002076048, 27.707880794843785, 26.189093594887098, 22.62366000050335, 22.62366000050335]
[275.56079951945367, 31.89945657048201, 28.04546434803062, 26.470211549233284, 22.873845450145918, 22.87384545014592]
[257.02850516632856, 31.801372901616112, 27.663769935039877, 26.073864760208018, 22.58778020246571, 22.587780202465712]
[235.73355113045648, 31.51079111950634, 27.037942957327626, 25.447275208953222, 22.120214852030262, 22.120214852030262]
[269.05192846467463, 86.22922689094555, 64.700418794832, 34.18994827215424, 18.909810537126504, 18.909810537126507]
[272.52442790603436, 87.76631251180228, 68.31246675932174, 40.61922644145887, 20.98524119853235, 20.98524119853235]
[276.9587047110636, 89.74653875995203, 71.85324174386886, 47.06756019205119, 22.96846502277343, 22.96846502277343]
[282.8587063499134, 92.40916115610796, 75.25679331309126, 52.52229583809219, 24.759993859228032, 24.759993859228032]
[290.0845742193857, 95.70815651165351, 78.58179069516807, 56.858097914875486, 26.422742470108094, 26.422742470108098]
[297.1669580034212, 98.97680520311886, 81.54345279317428, 60.2079664871959, 27.88014144346517, 27.880141443465163]
[302.5421204779465, 101.47550455751511, 83.55523236130274, 62.04244818683432, 28.8498711677126, 28.8498711677126]
[305.29297322599035, 102.75123860496912, 84.19950166978255, 61.88186289110161, 29.10635141502043, 29.106351415020427]
[306.0665791959154, 103.09531615035047, 83.8076659169518, 60.22908437688892, 28.80854952880944, 28.808549528809433]
[306.41923983411505, 103.24047892158677, 83.09312959151993, 58.000841045807206, 28.316057694196953, 28.316057694196957]
[110.19238630743398, 21.040372299299765, 16.21076186074678, 15.31157023233289, 13.805580286603032, 13.169407270492428, 13.169407270492432]
[141.50503829468036, 22.572795164966664, 18.35604324869796, 17.365365511332147, 15.484257312187353, 14.697032516147273, 14.697032516147274]
[179.93706905710002, 24.21497747997166, 20.52260345666567, 19.445841221542217, 17.164020081177288, 16.215050085333914, 16.21505008533391]
[217.6958860427666, 26.009332794878603, 22.595948980645794, 21.424218129643787, 18.758568566317944, 17.650693854667594, 17.65069385466759]
[248.81892076008597, 27.993794405822594, 24.618407211367384, 23.32840130987068, 20.299628636476296, 19.03555868504617, 19.035558685046166]
[272.308304494738, 29.914898579660363, 26.455341917477188, 25.03985026963318, 21.68608506266267, 20.278334368404394, 20.27833436840439]
[282.6709153799179, 31.329620002076048, 27.707880794843785, 26.189093594887098, 22.62366000050335, 21.118673767295952, 21.11867376729595]
[275.56079951945367, 31.89945657048201, 28.04546434803062, 26.470211549233284, 22.873845450145918, 21.34821658539717, 21.34821658539717]
[257.02850516632856, 31.801372901616112, 27.663769935039877, 26.073864760208018, 22.58778020246571, 21.102064372921976, 21.102064372921976]
[235.73355113045648, 31.51079111950634, 27.037942957327626, 25.447275208953222, 22.120214852030262, 20.69487939829615, 20.694879398296152]
[360.5282913959172, 154.07223952536017, 69.58601682060795, 54.855965941336486, 31.228462370648003, 17.967414627716096, 17.967414627716092]
[363.95217575659416, 155.8358317684847, 70.71382195855334, 57.51678182672768, 36.54103044905294, 19.84121023467702, 19.84121023467702]
[368.29603109929064, 158.08143453760698, 72.16205781566119, 60.12338458975648, 41.734027946517294, 21.620143460901296, 21.620143460901293]
[374.03444494637995, 161.05952957449173, 74.10158324546455, 62.65119547813988, 46.05518102556837, 23.22271750286964, 23.22271750286964]
[381.01422832311005, 164.69460630967865, 76.49351278574584, 65.14586596084756, 49.47502541883156, 24.709198215994647, 24.709198215994647]
[387.81932352393227, 168.24729897172278, 78.85255418632583, 67.3767257086168, 52.11694364891235, 26.01027557198555, 26.01027557198555]
[392.9738824163884, 170.93949586344294, 80.64975820861714, 68.90455042001373, 53.58282836426324, 26.876736627448544, 26.87673662744854]
[395.6315277604442, 172.3203120174206, 81.56708613852948, 69.42439276670542, 53.511911703918464, 27.111757373023234, 27.11175737302323]
[396.4181280671875, 172.71599289717116, 81.81732292468965, 69.18178661150853, 52.28522244546099, 26.856808208073293, 26.85680820807329]
[396.80695555372233, 172.9021043457163, 81.92530915729996, 68.70582681746956, 50.60409586556358, 26.430017533375874, 26.430017533375874]
[144.37988673836503, 96.65404987848744, 72.64171223314956, 36.28617223423457, 19.533940626767784, 19.533940626767784]
[185.85771836165833, 114.13608212598987, 85.62983314849343, 46.171377301375216, 22.375321978284596, 22.375321978284596]
[234.54204604831202, 131.64466596276552, 98.75190431311647, 57.289564184545284, 25.159077330932764, 25.159077330932764]
[280.00793773225104, 146.1627052853525, 109.68872725190126, 67.25671684871533, 27.611645945282515, 27.61164594528251]
[315.84757999547355, 157.14713244247855, 117.91258026189041, 74.94617502689717, 29.760620600213578, 29.760620600213585]
[342.00632071765455, 165.20921907951458, 123.88199963187246, 80.52894476857436, 31.569023456175394, 31.56902345617539]
[353.3328856836652, 169.22666004713003, 126.75291384664435, 83.06178577403621, 32.697440666272996, 32.697440666272996]
[345.6144984928663, 168.14033951738983, 125.73423788727045, 81.7223667248975, 32.85853760951129, 32.85853760951128]
[325.1455415270534, 163.332514522522, 121.9220421900808, 77.68104183255082, 32.277017008327306, 32.2770170083273]
[301.03610172029977, 157.09714692903864, 117.07066363090982, 72.73632080667798, 31.423999730507017, 31.423999730507013]
[110.19238630743398, 21.040372299299765, 15.746486899806357, 15.031344913773385, 14.185674979485551, 14.185674979485551]
[141.50503829468036, 22.572795164966664, 18.033730370851643, 17.203135662762993, 16.11991559329237, 16.11991559329237]
[179.93706905710002, 24.21497747997166, 20.313633562729702, 19.37298255532331, 18.034126917891967, 18.034126917891967]
[217.6958860427666, 26.009332794878603, 22.454502556836555, 21.403133215764367, 19.817683001173037, 19.81768300117304]
[248.81892076008597, 27.993794405822594, 24.511532264806846, 23.335231250128828, 21.51363872295688, 21.51363872295688]
[272.308304494738, 29.914898579660363, 26.366580601788822, 25.06312749671017, 23.027332630261313, 23.027332630261313]
[282.6709153799179, 31.329620002076048, 27.623447657891983, 26.219570117257724, 24.041957545475096, 24.041957545475093]
[275.56079951945367, 31.89945657048201, 27.94986466375689, 26.497814796875534, 24.296925808397404, 24.2969258083974]
[257.02850516632856, 31.801372901616112, 27.543052987647453, 26.08881898846197, 23.9582178185221, 23.958217818522105]
[235.73355113045648, 31.51079111950634, 26.881487480334112, 25.441642623669583, 23.413668519079533, 23.413668519079533]
[69.59140908164585, 50.90986996021529, 26.100355779726478, 20.519542020445982, 19.367716329284505, 19.367716329284505]
[99.85892795677945, 69.70435568835389, 30.713507111080858, 23.405387170784405, 22.070436739690642, 22.07043673969064]
[139.99569013789628, 93.05546095054537, 35.220381002293585, 26.14647207887756, 24.65110649247091, 24.651106492470916]
[181.41127377571695, 115.80690812100974, 39.12245399230025, 28.556814959371344, 26.917882931205373, 26.917882931205376]
[216.34104218803066, 134.21619853837123, 42.473952212874785, 30.725969722554698, 28.93888837722873, 28.93888837722873]
[242.91305632186655, 147.85125389150335, 45.26454324527835, 32.59584716259535, 30.665605257735983, 30.665605257735987]
[254.6374208390671, 153.78888990661346, 46.982435689437736, 33.81208760419952, 31.772021016536964, 31.77202101653696]
[246.53454305815282, 149.71237934596846, 47.17945844284407, 34.07988052556987, 31.986990506933292, 31.986990506933296]
[225.4914727219434, 138.98787859726022, 46.20387790770129, 33.60930694614738, 31.51324111995381, 31.513241119953815]
[201.4192978894692, 126.48484771996722, 44.78680620893647, 32.86870812799508, 30.78892786028513, 30.78892786028513]
[317.5329252091196, 156.90349055054497, 68.16293567349855, 30.112484959278607, 25.100899646697904, 25.100899646697904]
[320.9066656429773, 169.4723535932743, 71.26247589408445, 31.135434995567454, 26.87492344577528, 26.874923445775277]
[325.19951277620527, 181.33143592491973, 74.39339680885095, 32.29186547975936, 28.586509065229208, 28.586509065229208]
[330.8895009817257, 191.19083988483885, 77.54031204632415, 33.65904797258794, 30.23746195555074, 30.237461955550735]
[337.8337333202912, 199.06218154848486, 80.73115446218665, 35.23998322227378, 31.884921892239635, 31.884921892239642]
[344.6230818032898, 205.15056774750795, 83.6249188699727, 36.77516657368522, 33.382863582780864, 33.382863582780864]
[349.77262710545176, 208.53442290275953, 85.63067761015519, 37.919902058968205, 34.4248969813311, 34.4248969813311]
[352.4203558760364, 208.43146713130642, 86.34099404954766, 38.44355592124589, 34.785838483464666, 34.78583848346466]
[353.1878535156656, 205.7756000023779, 86.07184967789303, 38.4893628852923, 34.62176054752974, 34.62176054752974]
[353.55531841497384, 202.1882809892846, 85.51425406300173, 38.41604339819066, 34.29286239262501, 34.29286239262501]
[166.84838039238204, 105.88970752511439, 42.36654843545017, 36.4134470459059, 36.4134470459059]
[210.4461734496667, 122.61352097485917, 54.54774475647245, 46.345029904891696, 46.345029904891696]
[260.4451335998935, 139.15784696405427, 68.41774987395338, 57.50148333347936, 57.50148333347934]
[306.26747387805136, 152.9429602162478, 80.99547872696792, 67.50933066181852, 67.50933066181852]
[341.92954728891664, 163.59331870729852, 90.82216207043668, 75.25761072371326, 75.25761072371324]
[367.75462299911294, 171.57229615711705, 98.04078630535192, 80.90706775813642, 80.90706775813642]
[378.8991214213488, 175.7042716242756, 101.38368497885615, 83.49296943015928, 83.49296943015928]
[371.33527993297946, 174.92228864451758, 99.75343523958061, 82.17582188191045, 82.17582188191045]
[351.18419064189965, 170.54595791923708, 94.63690815075744, 78.13096411901533, 78.13096411901533]
[327.31375124768175, 164.80823730257097, 88.3582685079378, 73.17362626100176, 73.17362626100176]
[99.21913151532391, 71.74859119609253, 35.590614526908574, 31.70976912809877, 31.709769128098767]
[133.40314859011386, 93.10295104526016, 47.80650762020196, 41.13447150056255, 41.13447150056254]
[176.07707215181645, 118.28584817957417, 62.95602710176287, 52.02850275262842, 52.02850275262841]
[218.15539839509825, 141.83818842952545, 77.77095783724032, 62.027070981246375, 62.02707098124639]
[252.6671320368969, 160.38645351907167, 89.82506637979539, 69.87011065507838, 69.87011065507836]
[278.5194970159297, 173.89985897771004, 98.79640544071322, 75.62428988697721, 75.62428988697721]
[289.85516758546265, 179.7418282223061, 102.7150256514062, 78.24365973989138, 78.24365973989136]
[282.06438673823874, 175.7592215408244, 100.02505667116651, 76.83821133844958, 76.83821133844958]
[261.68298076947576, 165.18717377858786, 92.96342566326511, 72.64264235633459, 72.64264235633459]
[238.12159057346946, 152.71602463016765, 84.76010468180003, 67.55114487131134, 67.55114487131132]
[166.84838039238204, 105.88970752511439, 42.36654843545017, 36.72932634580616, 36.72932634580616]
[210.4461734496667, 122.61352097485917, 54.54774475647245, 46.64074569263648, 46.64074569263648]
[260.4451335998935, 139.15784696405427, 68.41774987395338, 57.75604079927345, 57.75604079927345]
[306.26747387805136, 152.9429602162478, 80.99547872696792, 67.71949310938922, 67.71949310938923]
[341.92954728891664, 163.59331870729852, 90.82216207043668, 75.43344112122706, 75.43344112122706]
[367.75462299911294, 171.57229615711705, 98.04078630535192, 81.05942478253458, 81.05942478253456]
[378.8991214213488, 175.7042716242756, 101.38368497885615, 83.6362439033081, 83.63624390330811]
[371.33527993297946, 174.92228864451758, 99.75343523958061, 82.32727133286053, 82.32727133286053]
[351.18419064189965, 170.54595791923708, 94.63690815075744, 78.30289775679515, 78.30289775679513]
[327.31375124768175, 164.80823730257097, 88.3582685079378, 73.37060774130565, 73.37060774130563]
[126.89966354678266, 85.18543485352376, 38.61177500668749, 34.085994277765245, 34.08599427776524]
[129.45825716457134, 91.16417838068368, 47.290095497902435, 40.751567888565496, 40.751567888565496]
[132.76960115248454, 97.02511170967101, 56.380540282795685, 47.45465683699863, 47.45465683699864]
[137.24755910716996, 102.53777791955814, 64.2653448776186, 53.12308319004495, 53.123083190044945]
[142.83347501677613, 107.77808464734255, 70.54109652044, 57.618107230836415, 57.61810723083642]
[148.40613929459954, 112.38115879998206, 75.35977582787389, 61.083185229775566, 61.08318522977556]
[152.68876656584632, 115.436028752839, 77.91229116273637, 62.97284864650157, 62.97284864650158]
[154.87785974113044, 116.26537660434138, 77.46589876449902, 62.79131601442158, 62.791316014421575]
[155.46057847962882, 115.40920798177355, 74.80550751067453, 61.06087093962134, 61.06087093962134]
[155.6996811504161, 114.009656627898, 71.32113683668405, 58.731343177437815, 58.73134317743781]
[166.84838039238204, 105.88970752511439, 42.36654843545017, 36.72932634580616, 29.111581276631025, 29.111581276631025]
[210.4461734496667, 122.61352097485917, 54.54774475647245, 46.64074569263648, 35.166301693286485, 35.166301693286485]
[260.4451335998935, 139.15784696405427, 68.41774987395338, 57.75604079927345, 41.40660182126052, 41.40660182126052]
[306.26747387805136, 152.9429602162478, 80.99547872696792, 67.71949310938922, 46.729802986110904, 46.72980298611091]
[341.92954728891664, 163.59331870729852, 90.82216207043668, 75.43344112122706, 50.884108226082034, 50.884108226082034]
[367.75462299911294, 171.57229615711705, 98.04078630535192, 81.05942478253458, 54.01666314198641, 54.01666314198641]
[378.8991214213488, 175.7042716242756, 101.38368497885615, 83.6362439033081, 55.635244148943514, 55.635244148943514]
[371.33527993297946, 174.92228864451758, 99.75343523958061, 82.32727133286053, 55.29021940229819, 55.29021940229819]
[351.18419064189965, 170.54595791923708, 94.63690815075744, 78.30289775679515, 53.50436429926471, 53.50436429926471]
[327.31375124768175, 164.80823730257097, 88.3582685079378, 73.37060774130565, 51.17703256337141, 51.17703256337142]
[269.05192846467463, 86.22922689094555, 64.700418794832, 33.76599990630793, 30.253234089201726, 30.253234089201722]
[272.52442790603436, 87.76631251180228, 68.31246675932174, 40.29743917295487, 35.45052265921144, 35.45052265921144]
[276.9587047110636, 89.74653875995203, 71.85324174386886, 46.84441378587858, 40.513067377237554, 40.51306737723755]
[282.8587063499134, 92.40916115610796, 75.25679331309126, 52.36748188955297, 44.72363432416848, 44.72363432416848]
[290.0845742193857, 95.70815651165351, 78.58179069516807, 56.74272741356929, 48.0701620160363, 48.070162016036285]
[297.1669580034212, 98.97680520311886, 81.54345279317428, 60.11497570022862, 50.66824069304792, 50.66824069304792]
[302.5421204779465, 101.47550455751511, 83.55523236130274, 61.956831856622784, 52.123554242046, 52.123554242046005]
[305.29297322599035, 102.75123860496912, 84.19950166978255, 61.7877115846978, 52.079777044012, 52.079777044012005]
[306.0665791959154, 103.09531615035047, 83.8076659169518, 60.113268485796304, 50.90518847090482, 50.90518847090482]
[306.41923983411505, 103.24047892158677, 83.09312959151993, 57.854997992542195, 49.28491014040092, 49.28491014040092]
[189.64655198789487, 41.76400400356652, 29.099847261692535, 26.609506359086208, 22.533686307015458, 22.533686307015454]
[230.83073161668784, 44.35605185177259, 30.5706816968224, 28.17590397208846, 24.508080700176386, 24.508080700176382]
[277.53087552808006, 47.05976579061027, 32.15123869190012, 29.81466838712059, 26.47695808721488, 26.47695808721488]
[320.23292106153355, 49.87921163919968, 33.89190076001751, 31.53323272895378, 28.357393547683664, 28.357393547683664]
[353.5650036312917, 52.84990398081509, 35.81222249891748, 33.348703580832634, 30.175267904416447, 30.175267904416447]
[377.8068256130932, 55.630817933441385, 37.64768866073041, 35.04560681896567, 31.797348137835108, 31.797348137835105]
[388.30911573426147, 57.61232330077421, 38.98928896150345, 36.25295468022164, 32.88787435332857, 32.88787435332857]
[381.20683722757013, 58.344968445758994, 39.54663842173251, 36.70225050166582, 33.18835428156935, 33.18835428156935]
[362.3037857895866, 58.11099418067475, 39.496177471051716, 36.56772226507135, 32.882996075756026, 32.882996075756026]
[339.98364958993955, 57.59294819476498, 39.278367888420235, 36.263629767826394, 32.38083549943128, 32.38083549943128]
[259.14425165342567, 55.49822625975796, 55.49822625975797]
[308.19268793847147, 74.50687891554685, 74.50687891554686]
[360.3907860618164, 97.99337293358707, 97.99337293358707]
[405.4493675814039, 120.85494587689517, 120.85494587689517]
[439.1426575816877, 139.37333277056948, 139.3733327705695]
[462.957993432272, 153.10622714889448, 153.1062271488945]
[473.14062161784483, 159.09189720252672, 159.09189720252672]
[466.34999608199223, 154.9857690917119, 154.9857690917119]
[447.9642203972718, 144.1856918059913, 144.1856918059913]
[425.7916897488894, 131.60547060217075, 131.60547060217075]
[151.84081606047712, 101.17962278194983, 72.26537525378768, 58.95483079667162, 58.95483079667163]
[154.32304675732502, 102.72116244895112, 73.36628739991204, 61.019225493296254, 61.019225493296254]
[157.52177242427894, 104.70017891104034, 74.77801467440177, 63.18584991156752, 63.18584991156752]
[161.82602004365293, 107.35039087609516, 76.66562888455266, 65.43386199454449, 65.43386199454449]
[167.167203415831, 110.61991618712553, 78.98970376475513, 67.74892232427898, 67.74892232427898]
[172.47110850505774, 113.8470315034512, 81.27861213978963, 69.8557118798013, 69.85571187980132]
[176.53565965386673, 116.30824711032731, 83.02102646776076, 71.3212007176984, 71.32120071769839]
[178.61675895210877, 117.56671202781, 83.9110594093114, 71.85541884166364, 71.85541884166362]
[179.18270155383468, 117.91232194842777, 84.15568501004132, 71.69049716895772, 71.69049716895773]
[179.4249068009997, 118.06321703155533, 84.26272902415091, 71.32752348309731, 71.32752348309731]
[259.14425165342567, 50.40981327836799, 43.106280159643305, 37.38183751073862, 37.38183751073862]
[308.19268793847147, 69.46734810325586, 57.86904206145703, 48.105967965835525, 48.105967965835525]
[360.3907860618164, 93.40528421373342, 75.64315256911266, 59.985488595239936, 59.985488595239936]
[405.4493675814039, 116.91585688090781, 92.42878015792574, 70.43358922319894, 70.43358922319894]
[439.1426575816877, 136.0158431248475, 105.66646488156924, 78.38099430831994, 78.38099430831994]
[462.957993432272, 150.18030756920487, 115.28965445504227, 84.10529422279916, 84.10529422279916]
[473.14062161784483, 156.34797338143898, 119.43799986821512, 86.71806001024154, 86.71806001024153]
[466.34999608199223, 152.1105868442807, 116.60336230198304, 85.42043655371344, 85.42043655371344]
[447.9642203972718, 140.96551403389148, 109.07169575214645, 81.35959235768432, 81.35959235768432]
[425.7916897488894, 127.97987427226546, 100.16915097688428, 76.32212619515575, 76.32212619515575]
[317.30142808127573, 144.28813309055175, 96.43848348684442, 96.4384834868444]
[321.00234759062414, 146.2134042902238, 97.73093799214709, 97.73093799214708]
[325.7117013275801, 148.66790935002234, 99.37856079831965, 99.37856079831965]
[331.95113693732867, 151.92610891852166, 101.56543085958423, 101.56543085958421]
[339.55641566203883, 155.903612286607, 104.23462281973582, 104.2346228197358]
[346.97710660032186, 159.78764680784934, 106.8405176959398, 106.8405176959398]
[352.59184160425065, 162.7255231415834, 108.81118379970762, 108.81118379970762]
[355.46801314613066, 164.22531077571867, 109.81699685163753, 109.81699685163751]
[356.2905712051508, 164.6459095643551, 110.0989275442823, 110.0989275442823]
[356.67646655651953, 164.8369975229939, 110.22692028181783, 110.22692028181783]
[321.48982868043447, 143.48493446038307, 143.48493446038304]
[363.7354784342867, 166.83422926962416, 166.83422926962416]
[408.5058847717186, 191.47145120524092, 191.47145120524092]
[447.3559528483001, 212.6865181713324, 212.68651817133244]
[476.6661455714316, 228.56784604783437, 228.56784604783437]
[497.5596964784704, 239.81780853103453, 239.8178085310346]
[506.5647057105865, 244.64126340531462, 244.6412634053146]
[500.63487804221535, 241.4423313073645, 241.4423313073645]
[484.56377604369374, 232.77289583226082, 232.77289583226087]
[465.2886367077818, 222.33241599400716, 222.33241599400716]
[126.89966354678266, 85.18543485352376, 38.61177500668749, 34.085994277765245, 34.08599427776524]
[129.45825716457134, 91.16417838068368, 47.290095497902435, 40.751567888565496, 40.751567888565496]
[132.76960115248454, 97.02511170967101, 56.380540282795685, 47.45465683699863, 47.45465683699864]
[137.24755910716996, 102.53777791955814, 64.2653448776186, 53.12308319004495, 53.123083190044945]
[142.83347501677613, 107.77808464734255, 70.54109652044, 57.618107230836415, 57.61810723083642]
[148.40613929459954, 112.38115879998206, 75.35977582787389, 61.083185229775566, 61.08318522977556]
[152.68876656584632, 115.436028752839, 77.91229116273637, 62.97284864650157, 62.97284864650158]
[154.87785974113044, 116.26537660434138, 77.46589876449902, 62.79131601442158, 62.791316014421575]
[155.46057847962882, 115.40920798177355, 74.80550751067453, 61.06087093962134, 61.06087093962134]
[155.6996811504161, 114.009656627898, 71.32113683668405, 58.731343177437815, 58.73134317743781]
[140.36289422338106, 94.13116785419882, 73.19155634448202, 73.19155634448204]
[142.9422198724392, 95.64748409081228, 74.3031532901913, 74.3031532901913]
[146.2729902795502, 97.59692632173571, 75.72874823187054, 75.72874823187054]
[150.76537467298098, 100.2119720770398, 77.63519743070856, 77.63519743070857]
[156.35305868216224, 103.44407743111442, 79.98291166990913, 79.98291166990913]
[161.91244033435396, 106.63966229525265, 82.29555192068455, 82.29555192068455]
[166.17702108958568, 109.0795107971882, 84.0563093694803, 84.0563093694803]
[168.3575851767841, 110.32650428655134, 84.95582632469777, 84.95582632469777]
[168.94332329226194, 110.66662378026014, 85.20312477620742, 85.20312477620742]
[169.1881479563898, 110.81321994152337, 85.31138436499288, 85.31138436499288]
[303.253728530332, 137.89220895807014, 96.50125533901998, 71.5039969289043, 71.50399692890429]
[307.20277362398815, 139.85377922409347, 101.01443058548651, 76.87876750377134, 76.87876750377134]
[312.23134029330254, 142.35714529336124, 105.56840700993742, 82.16490065640038, 82.16490065640036]
[318.8964660538543, 145.68384599003159, 109.8957220076417, 86.80582677463732, 86.80582677463734]
[327.0187126374765, 149.7489452055221, 113.95040581651918, 90.72813743842919, 90.72813743842917]
[334.9361505607115, 153.7211124896162, 117.43848497156921, 93.88007078340569, 93.88007078340567]
[340.91705338585234, 156.7259669340651, 119.69389605117256, 95.7151778336078, 95.7151778336078]
[343.9699881690317, 158.25785742943896, 120.24628653194837, 95.80204054369561, 95.80204054369563]
[344.82971012415334, 158.68374237578362, 119.53780256789602, 94.60942012569326, 94.60942012569326]
[345.2232269526642, 158.87437923834196, 118.43451602001534, 92.97689257028695, 92.97689257028692]
[317.30142808127573, 144.28813309055175, 97.96923362797097, 97.96923362797097]
[321.00234759062414, 146.2134042902238, 99.2372082913244, 99.2372082913244]
[325.7117013275801, 148.66790935002234, 100.85315304587341, 100.85315304587343]
[331.95113693732867, 151.92610891852166, 102.99747961090524, 102.99747961090523]
[339.55641566203883, 155.903612286607, 105.61458487274167, 105.61458487274164]
[346.97710660032186, 159.78764680784934, 108.17002699079607, 108.17002699079609]
[352.59184160425065, 162.7255231415834, 110.10326877576308, 110.10326877576308]
[355.46801314613066, 164.22531077571867, 111.09096613861213, 111.09096613861213]
[356.2905712051508, 164.6459095643551, 111.36911881819755, 111.36911881819753]
[356.67646655651953, 164.8369975229939, 111.49637359777044, 111.49637359777044]
[140.80824002801324, 96.73934362717289, 96.7393436271729]
[143.2157612824864, 101.92119060391127, 101.92119060391127]
[146.32177232834331, 107.159981272031, 107.15998127203099]
[150.50698754627678, 112.20561931521559, 112.2056193152156]
[155.7083758788003, 117.04432669257544, 117.04432669257545]
[160.88091322981157, 121.29704494241355, 121.29704494241356]
[164.8487384340649, 124.11450918966776, 124.11450918966774]
[166.87990902872133, 124.87712571022477, 124.8771257102248]
[167.42947310871, 124.09777989618225, 124.09777989618227]
[167.66234632315724, 122.83976669994041, 122.8397666999404]
[52.5491337400818, 43.86158256998466, 38.6539740687701, 30.328379220478844, 30.32837922047884]
[53.88910004948289, 44.90071819218831, 40.03083817500995, 31.285966612259564, 31.285966612259568]
[55.6410152897427, 46.25394821843531, 41.61464896776544, 32.39994239040736, 32.39994239040736]
[58.041056478508104, 48.09828496145961, 43.49428733985653, 33.743047316800656, 33.743047316800656]
[61.08268869497318, 50.420615981221985, 45.66379851816776, 35.30892967115537, 35.30892967115537]
[64.16774329618104, 52.75981003151982, 47.76970689023198, 36.833027908869944, 36.83302790886995]
[66.57061455644981, 54.57118095427594, 49.33452651147112, 37.970914803584954, 37.97091480358496]
[67.80508477830534, 55.4992730829106, 50.03468261593654, 38.493414716180474, 38.493414716180474]
[68.12706086217588, 55.74276985984611, 50.06982242909611, 38.54340777716884, 38.54340777716883]
[68.25294683922726, 55.83944309915819, 49.93830184917248, 38.47770206941291, 38.477702069412906]
[330.9704477966524, 143.11432226687992, 143.11432226687995]
[373.5115197448032, 151.8967288896641, 151.89672888966408]
[418.3651954374942, 160.709615535678, 160.70961553567798]
[457.1149794128322, 168.76247779727382, 168.76247779727382]
[486.25498276078423, 175.9009209728485, 175.9009209728485]
[506.98327051550626, 181.82297616728135, 181.82297616728135]
[515.9102860196848, 185.43168220131886, 185.43168220131886]
[510.0446578877963, 185.90395157722477, 185.90395157722475]
[494.1197000716509, 184.07609066574742, 184.07609066574742]
[474.98808153995594, 181.49569688955748, 181.49569688955748]
[292.39718034774467, 146.19833880668898, 146.19833880668895]
[295.7694766274072, 158.78779621361628, 158.78779621361628]
[300.06796880723687, 170.56814851701992, 170.5681485170199]
[305.77641764829264, 180.3302947791245, 180.3302947791245]
[312.7561376807103, 188.1547076882824, 188.15470768828243]
[319.59004859548594, 194.2398049975868, 194.23980499758676]
[324.7763123954784, 197.66076874370384, 197.66076874370384]
[327.43773199692646, 197.63290297164423, 197.63290297164428]
[328.19876807266076, 195.06802774148133, 195.06802774148133]
[328.55532617193603, 191.5712837217841, 191.57128372178414]
[282.1767308160134, 144.09932862399498, 144.09932862399498]
[285.8127782304857, 146.0391427891518, 146.0391427891518]
[290.4518257262695, 148.5116960124034, 148.51169601240343]
[296.6170200982614, 151.79289060655267, 151.79289060655267]
[304.15623168431546, 155.79680039826908, 155.79680039826908]
[311.5335409761094, 159.7047390228842, 159.70473902288418]
[317.12475278137515, 162.65937972138488, 162.65937972138485]
[319.9842258001012, 164.16709871330468, 164.16709871330465]
[320.78917120473596, 164.5895193858798, 164.5895193858798]
[321.1569245839516, 164.78115864438305, 164.78115864438308]
[151.84081606047712, 101.17962278194983, 101.1796227819498]
[154.32304675732502, 102.72116244895112, 102.72116244895112]
[157.52177242427894, 104.70017891104034, 104.70017891104034]
[161.82602004365293, 107.35039087609516, 107.35039087609515]
[167.167203415831, 110.61991618712553, 110.61991618712551]
[172.47110850505774, 113.8470315034512, 113.84703150345122]
[176.53565965386673, 116.30824711032731, 116.30824711032731]
[178.61675895210877, 117.56671202781, 117.56671202781001]
[179.18270155383468, 117.91232194842777, 117.91232194842777]
[179.4249068009997, 118.06321703155533, 118.0632170315553]
[110.19238630743398, 110.19238630743398]
[141.50503829468036, 141.50503829468036]
[179.93706905710002, 179.93706905710002]
[217.6958860427666, 217.69588604276663]
[248.81892076008597, 248.81892076008594]
[272.308304494738, 272.308304494738]
[282.6709153799179, 282.67091537991786]
[275.56079951945367, 275.56079951945367]
[257.02850516632856, 257.02850516632856]
[235.73355113045648, 235.7335511304565]
[360.5282913959172, 154.07223952536017, 65.41657822576244, 65.41657822576242]
[363.95217575659416, 155.8358317684847, 66.57876537138306, 66.57876537138306]
[368.29603109929064, 158.08143453760698, 68.0732157911195, 68.07321579111948]
[374.03444494637995, 161.05952957449173, 70.07760383742622, 70.07760383742621]
[381.01422832311005, 164.69460630967865, 72.55291187768758, 72.55291187768758]
[387.81932352393227, 168.24729897172278, 74.99657825811435, 74.99657825811435]
[392.9738824163884, 170.93949586344294, 76.85880841475883, 76.85880841475883]
[395.6315277604442, 172.3203120174206, 77.80797875861674, 77.80797875861676]
[396.4181280671875, 172.71599289717116, 78.06432787963338, 78.06432787963335]
[396.80695555372233, 172.9021043457163, 78.1729099405799, 78.17290994057991]
[62.583890373492736, 52.493110286942255, 52.493110286942255]
[89.68184293453777, 72.1505333100099, 72.15053331000992]
[126.08326255332842, 96.69786010297312, 96.69786010297312]
[164.2909999715735, 120.66330486422383, 120.66330486422383]
[197.04742077903558, 140.03740950580132, 140.0374095058013]
[222.2894232494647, 154.35463818687833, 154.35463818687833]
[233.51102050024724, 160.57698073925852, 160.5769807392585]
[225.7411608970209, 156.30532103317992, 156.30532103317995]
[205.6930639431739, 145.04995984108388, 145.04995984108385]
[182.97717722428413, 131.9020353023427, 131.90203530234274]
[289.827920429085, 56.78571575085199, 47.09708822325097, 35.26450585974445, 31.39105489351902, 31.391054893519026]
[293.78077940101724, 73.63360950182616, 59.92088601116789, 42.2216966617372, 36.84092094792697, 36.84092094792697]
[298.81930194703114, 92.79442024734033, 74.21356214779753, 49.234021847832494, 42.15700490654434, 42.15700490654433]
[305.505301703749, 110.11701750005204, 86.9438413785358, 55.14351169566285, 46.553797650801314, 46.55379765080131]
[313.66249622526493, 123.67131346946859, 96.78536151348966, 59.7802871645166, 50.00200051857335, 50.002000518573354]
[321.6217428439087, 133.67853901880565, 103.97794555197333, 63.316780026085674, 52.64599292371298, 52.645992923712974]
[327.63719532214776, 138.42180750245456, 107.32706753140984, 65.2103324630578, 54.0980972594257, 54.0980972594257]
[330.7052817114327, 136.3933919811612, 105.77914425993008, 64.9629165329962, 54.00249086961874, 54.00249086961874]
[331.56347994022906, 129.5472124618873, 100.77180096777238, 63.12112888242759, 52.74384299766417, 52.74384299766417]
[331.9518103749092, 121.03039207441392, 94.56923372526843, 60.66178530985027, 51.02442391815673, 51.02442391815673]
[52.5491337400818, 43.86158256998466, 38.140261996955175, 24.765500691615113, 22.6052015245477, 22.605201524547695]
[53.88910004948289, 44.90071819218831, 39.70134994863256, 28.27661129683876, 25.900267563616175, 25.90026756361618]
[55.6410152897427, 46.25394821843531, 41.40794119048065, 31.665648239151302, 29.108074537941015, 29.108074537941015]
[58.041056478508104, 48.09828496145961, 43.35427018454214, 34.633520075225356, 31.907941154908702, 31.907941154908702]
[61.08268869497318, 50.420615981221985, 45.55693843840773, 37.24621930529238, 34.33414299360692, 34.33414299360691]
[64.16774329618104, 52.75981003151982, 47.680151160583534, 39.4563270563556, 36.357686002481636, 36.357686002481636]
[66.57061455644981, 54.57118095427594, 49.2493874594357, 40.85474707544931, 37.60742162263842, 37.60742162263842]
[67.80508477830534, 55.4992730829106, 49.93976155216571, 41.09811279070521, 37.76958573405695, 37.76958573405696]
[68.12706086217588, 55.74276985984611, 49.95247280444995, 40.44946023366103, 37.09951572650046, 37.09951572650045]
[68.25294683922726, 55.83944309915819, 49.788771952795656, 39.47147422920539, 36.12283779668345, 36.12283779668345]
[126.89966354678266, 89.17598564405918, 67.91771298834723, 53.55005354622717, 53.55005354622718]
[129.45825716457134, 93.9084852239187, 73.30001260602417, 57.03254788118243, 57.032547881182424]
[132.76960115248454, 98.84958355579353, 78.6779239229611, 60.50246886552864, 60.50246886552864]
[137.24755910716996, 103.81788767892917, 83.61204309040541, 63.75506718438643, 63.75506718438642]
[142.83347501677613, 108.76840534237614, 88.05299955930612, 66.78377262118173, 66.78377262118174]
[148.40613929459954, 113.21275176165992, 91.80091316006823, 69.39599816285748, 69.39599816285748]
[152.68876656584632, 116.22104967754666, 94.13072821424204, 71.08184466241279, 71.08184466241279]
[154.87785974113044, 117.12645509577722, 94.48212303605544, 71.46356643468654, 71.46356643468656]
[155.46057847962882, 116.44995796046256, 93.36415778352523, 70.87075903572459, 70.87075903572457]
[155.6996811504161, 115.301225847473, 91.76231134990408, 69.96473197243843, 69.96473197243843]
[292.3961613306135, 56.883608407107054, 56.883608407107054]
[342.85300550456304, 76.37343454861772, 76.37343454861771]
[395.22861536018553, 100.39971982552233, 100.39971982552234]
[439.5572093299537, 123.71644801884746, 123.71644801884744]
[472.27816937479315, 142.54749755242705, 142.54749755242707]
[495.2292238469572, 156.4784404425816, 156.47844044258156]
[505.0171567963068, 162.5416458648833, 162.5416458648833]
[498.53664836529776, 158.38413582148485, 158.3841358214848]
[480.88879665540037, 147.43472506517895, 147.43472506517895]
[459.4824323985016, 134.65721432725283, 134.65721432725283]
[321.48982868043447, 143.48493446038307, 48.16518397084375, 22.524488278860222, 22.524488278860222]
[363.7354784342867, 166.83422926962416, 62.60078428729075, 25.63583591213578, 25.635835912135775]
[408.5058847717186, 191.47145120524092, 79.67169055968455, 28.699832190528948, 28.699832190528944]
[447.3559528483001, 212.6865181713324, 95.66218123697668, 31.444908658519044, 31.444908658519044]
[476.6661455714316, 228.56784604783437, 108.25887014733864, 33.903293894498184, 33.903293894498184]
[497.5596964784704, 239.81780853103453, 117.43250829910149, 36.00456528356102, 36.00456528356102]
[506.5647057105865, 244.64126340531462, 121.3962967382654, 37.33894826902908, 37.33894826902908]
[500.63487804221535, 241.4423313073645, 118.69373203388807, 37.56294140510607, 37.56294140510607]
[484.56377604369374, 232.77289583226082, 111.51722858593573, 36.93325757010746, 36.93325757010746]
[465.2886367077818, 222.33241599400716, 103.0480622022226, 35.998764722393375, 35.998764722393375]
[289.827920429085, 51.469781634067274, 44.54284744322024, 44.54284744322024]
[293.78077940101724, 68.70761442630099, 58.03250862617611, 58.03250862617611]
[298.81930194703114, 88.67000620992896, 73.16345055942087, 73.16345055942087]
[305.505301703749, 106.83730839177542, 86.59763556669267, 86.59763556669267]
[313.66249622526493, 121.02053436580717, 96.90303181324319, 96.90303181324319]
[321.6217428439087, 131.44262825880182, 104.38050021179441, 104.3805002117944]
[327.63719532214776, 136.33991043628535, 107.8407699583422, 107.84076995834218]
[330.7052817114327, 134.1616911876349, 106.22132975504458, 106.2213297550446]
[331.56347994022906, 126.94179387693838, 100.99554187823243, 100.99554187823244]
[331.9518103749092, 117.9572481549524, 94.49149025721393, 94.49149025721393]
[259.14425165342567, 55.49822625975796, 46.60413932154081, 46.60413932154081]
[308.19268793847147, 74.50687891554685, 59.47270661218839, 59.47270661218839]
[360.3907860618164, 97.99337293358707, 73.85031822834053, 73.85031822834053]
[405.4493675814039, 120.85494587689517, 86.66934706509147, 86.66934706509146]
[439.1426575816877, 139.37333277056948, 96.57641065840184, 96.57641065840183]
[462.957993432272, 153.10622714889448, 103.81141641051241, 103.81141641051241]
[473.14062161784483, 159.09189720252672, 107.17436377669037, 107.17436377669037]
[466.34999608199223, 154.9857690917119, 105.60700921441124, 105.60700921441124]
[447.9642203972718, 144.1856918059913, 100.55707178367527, 100.55707178367527]
[425.7916897488894, 131.60547060217075, 94.30347534818158, 94.30347534818159]
[120.5198946961291, 37.26410993685523, 37.26410993685521]
[122.9715336197482, 38.143074679113454, 38.143074679113454]
[126.14651725882581, 39.28842710823889, 39.288427108238885]
[130.44371513736303, 40.85081196513631, 40.85081196513631]
[135.80985288450137, 42.82049662391734, 42.82049662391734]
[141.1693692535938, 44.80729486271845, 44.80729486271845]
[145.29210224225986, 46.34778326722668, 46.34778326722669]
[147.40035965669236, 47.13774435786385, 47.13774435786386]
[147.96099577025157, 47.345028607801204, 47.34502860780121]
[148.19047630815436, 47.427291908283074, 47.427291908283074]
[329.0226427221933, 100.34642759559975, 71.86027232768177, 71.86027232768178]
[332.96472789733775, 119.27792684761876, 81.46595739193307, 81.46595739193307]
[337.9747793965679, 138.45758672732495, 90.57450947505052, 90.5745094750505]
[344.6008534916298, 154.482258407477, 98.05590970094104, 98.05590970094103]
[352.657584440607, 166.61957675075487, 103.96527134243956, 103.96527134243955]
[360.4966141205769, 175.50406972232244, 108.52120937756472, 108.52120937756473]
[366.4127709426925, 179.87699433471138, 111.06025668248222, 111.06025668248222]
[369.4374585682016, 178.5645704765542, 110.99584055782772, 110.9958405578277]
[370.30031103057837, 173.12850169222173, 108.98588807854593, 108.98588807854593]
[370.70385052708696, 166.12864043635258, 106.21769858436447, 106.21769858436447]
[310.16744836818134, 86.79463033149113, 86.79463033149113]
[359.13132287308105, 91.60478846161499, 91.60478846161499]
[409.881692128402, 96.45975311582968, 96.45975311582967]
[452.8535675610527, 101.27237768147391, 101.27237768147391]
[484.60879720390653, 106.08103181930774, 106.08103181930774]
[506.90715435588703, 110.41869578041421, 110.41869578041423]
[516.429866708961, 113.39079834722047, 113.39079834722044]
[510.1469045526137, 114.35807380647421, 114.35807380647421]
[493.0216794037967, 113.80647677703683, 113.80647677703685]
[472.2609223921978, 112.79621970187739, 112.79621970187739]
[310.93435111197454, 98.59710803264889, 73.73385640877488, 73.73385640877488]
[359.6812070917658, 122.53851497465297, 86.64226757809026, 86.64226757809027]
[410.25020969680287, 149.22779390172346, 99.66370802830316, 99.66370802830316]
[453.1036599767514, 173.06045257693125, 110.5132236946168, 110.5132236946168]
[484.7907163032137, 191.24738336609346, 118.67733376928132, 118.67733376928132]
[507.05015009190936, 204.2436137379858, 124.60869245817459, 124.6086924581746]
[516.5585285703364, 209.81598232020391, 127.46772272967532, 127.46772272967532]
[510.2857111112215, 206.05456560747595, 126.46863185364873, 126.46863185364876]
[493.19010666471166, 195.956964164874, 122.69795316418062, 122.69795316418062]
[472.4709169929531, 183.87784949820414, 117.89644155557592, 117.8964415555759]
[166.84838039238204, 105.88970752511439, 42.36654843545017, 36.4134470459059, 36.4134470459059]
[210.4461734496667, 122.61352097485917, 54.54774475647245, 46.345029904891696, 46.345029904891696]
[260.4451335998935, 139.15784696405427, 68.41774987395338, 57.50148333347936, 57.50148333347934]
[306.26747387805136, 152.9429602162478, 80.99547872696792, 67.50933066181852, 67.50933066181852]
[341.92954728891664, 163.59331870729852, 90.82216207043668, 75.25761072371326, 75.25761072371324]
[367.75462299911294, 171.57229615711705, 98.04078630535192, 80.90706775813642, 80.90706775813642]
[378.8991214213488, 175.7042716242756, 101.38368497885615, 83.49296943015928, 83.49296943015928]
[371.33527993297946, 174.92228864451758, 99.75343523958061, 82.17582188191045, 82.17582188191045]
[351.18419064189965, 170.54595791923708, 94.63690815075744, 78.13096411901533, 78.13096411901533]
[327.31375124768175, 164.80823730257097, 88.3582685079378, 73.17362626100176, 73.17362626100176]
[166.84838039238204, 105.88970752511439, 39.335480285377656, 39.33548028537765]
[210.4461734496667, 122.61352097485917, 51.79673459417273, 51.796734594172726]
[260.4451335998935, 139.15784696405427, 66.14915603013083, 66.14915603013083]
[306.26747387805136, 152.9429602162478, 79.20700599991247, 79.20700599991247]
[341.92954728891664, 163.59331870729852, 89.38436076449587, 89.38436076449587]
[367.75462299911294, 171.57229615711705, 96.83273459814069, 96.83273459814069]
[378.8991214213488, 175.7042716242756, 100.26234408835873, 100.26234408835873]
[371.33527993297946, 174.92228864451758, 98.55443806352481, 98.55443806352481]
[351.18419064189965, 170.54595791923708, 93.23892288544212, 93.23892288544212]
[327.31375124768175, 164.80823730257097, 86.70906024158597, 86.70906024158599]
[310.93435111197454, 99.86456681837363, 78.20278149386091, 60.59128579362309, 60.591285793623086]
[359.6812070917658, 123.58205988236747, 92.2560036781225, 68.9236941486539, 68.9236941486539]
[410.25020969680287, 150.02200954850804, 106.5996305254706, 76.97315699052028, 76.97315699052028]
[453.1036599767514, 173.65339037553912, 118.59374357808824, 83.55976738953443, 83.55976738953443]
[484.7907163032137, 191.70695048313135, 127.53688877228538, 88.58856135216084, 88.58856135216084]
[507.05015009190936, 204.61999082331815, 133.94720131404875, 92.3297972700756, 92.3297972700756]
[516.5585285703364, 210.16024579993274, 136.93055267513768, 94.26583929838868, 94.2658392983887]
[510.2857111112215, 206.4216972242803, 135.64736438966412, 93.9178938020103, 93.91789380201031]
[493.19010666471166, 196.38847488555612, 131.32774301220476, 91.89656015599984, 91.89656015599984]
[472.4709169929531, 184.39439793595332, 125.892654390285, 89.2317156198758, 89.2317156198758]
[26.006017347954423, 19.006933945151047, 17.708131197306805, 17.708131197306805]
[26.857008213968893, 21.0921136075282, 19.7410727031016, 19.7410727031016]
[27.98043624754026, 23.164629934599887, 21.765614228318046, 21.765614228318043]
[29.53845549266385, 25.21295080221458, 23.736868910297332, 23.736868910297332]
[31.542541341247095, 27.32163896363692, 25.721362345947668, 25.72136234594766]
[33.60683529000245, 29.302104775967273, 27.557877916676215, 27.557877916676212]
[35.23484790560899, 30.71900992287009, 28.84615199752425, 28.846151997524256]
[36.075643350532964, 31.223239299664925, 29.26394861538546, 29.263948615385456]
[36.29162796655352, 31.000307835307236, 28.993856489909806, 28.99385648990981]
[36.372785512799595, 30.540893186666924, 28.496888150018233, 28.49688815001823]
[330.9704477966524, 143.11432226687992, 143.11432226687995]
[373.5115197448032, 151.8967288896641, 151.89672888966408]
[418.3651954374942, 160.709615535678, 160.70961553567798]
[457.1149794128322, 168.76247779727382, 168.76247779727382]
[486.25498276078423, 175.9009209728485, 175.9009209728485]
[506.98327051550626, 181.82297616728135, 181.82297616728135]
[515.9102860196848, 185.43168220131886, 185.43168220131886]
[510.0446578877963, 185.90395157722477, 185.90395157722475]
[494.1197000716509, 184.07609066574742, 184.07609066574742]
[474.98808153995594, 181.49569688955748, 181.49569688955748]
[144.37988673836503, 91.90631499215482, 71.47368510428463, 56.02235312868659, 56.02235312868659]
[185.85771836165833, 107.80966602059921, 83.161074666614, 65.48968694914318, 65.48968694914318]
[234.54204604831202, 123.67879599894461, 94.93605992957295, 75.14180631409327, 75.14180631409327]
[280.00793773225104, 136.9920745159838, 104.87623501158892, 83.32328126445145, 83.32328126445145]
[315.84757999547355, 147.36224942940396, 112.5631417642264, 89.5971693257976, 89.59716932579758]
[342.00632071765455, 155.19356376954107, 118.29594524427225, 94.22053015929237, 94.22053015929237]
[353.3328856836652, 159.2993113003999, 121.18902394058159, 96.47752123047624, 96.47752123047621]
[345.6144984928663, 158.60507881982068, 120.44663704178757, 95.72360575021754, 95.72360575021754]
[325.1455415270534, 154.38277765117044, 117.0806895354762, 92.82087080325184, 92.82087080325184]
[301.03610172029977, 148.8213647584582, 112.75649475432922, 89.14853023642362, 89.14853023642362]
[292.39718034774467, 146.19833880668898, 48.46714187904008, 22.59030599702496, 22.59030599702496]
[295.7694766274072, 158.78779621361628, 61.432683325811055, 25.43776189806577, 25.437761898065766]
[300.06796880723687, 170.56814851701992, 75.8060552853119, 28.182146254182335, 28.182146254182335]
[305.77641764829264, 180.3302947791245, 88.51847825378934, 30.632304247646264, 30.63230424764626]
[312.7561376807103, 188.1547076882824, 98.26247234465079, 32.85651316180879, 32.8565131618088]
[319.59004859548594, 194.2398049975868, 105.3299833373399, 34.77934383731007, 34.77934383731007]
[324.7763123954784, 197.66076874370384, 108.58896849237415, 36.031827356087454, 36.031827356087454]
[327.43773199692646, 197.63290297164423, 107.03022527778651, 36.31069700379364, 36.31069700379364]
[328.19876807266076, 195.06802774148133, 102.0657267431704, 35.83426430577806, 35.834264305778056]
[328.55532617193603, 191.5712837217841, 95.91011453736316, 35.08654936819374, 35.08654936819375]
[52.5491337400818, 43.86158256998466, 38.6539740687701, 38.6539740687701]
[53.88910004948289, 44.90071819218831, 40.03083817500995, 40.030838175009954]
[55.6410152897427, 46.25394821843531, 41.61464896776544, 41.61464896776543]
[58.041056478508104, 48.09828496145961, 43.49428733985653, 43.49428733985652]
[61.08268869497318, 50.420615981221985, 45.66379851816776, 45.66379851816776]
[64.16774329618104, 52.75981003151982, 47.76970689023198, 47.76970689023198]
[66.57061455644981, 54.57118095427594, 49.33452651147112, 49.33452651147112]
[67.80508477830534, 55.4992730829106, 50.03468261593654, 50.034682615936525]
[68.12706086217588, 55.74276985984611, 50.06982242909611, 50.06982242909611]
[68.25294683922726, 55.83944309915819, 49.93830184917248, 49.93830184917249]
[41.183358939188565, 36.059458060234434, 31.973547942258268, 31.97354794225827]
[42.27532900296718, 36.95715943285871, 32.725564667721045, 32.725564667721045]
[43.70583689592199, 38.12901965470418, 33.70447056394792, 33.70447056394792]
[45.670602557313295, 39.73111802895994, 35.03788058998579, 35.03788058998579]
[48.16859123672444, 41.75617073958698, 36.71565265260399, 36.71565265260399]
[50.71094631448139, 43.80422005122318, 38.40426028987713, 38.40426028987713]
[52.69680685084351, 45.39545248286745, 39.71094997626354, 39.710949976263535]
[53.718398694177516, 46.21192504221718, 40.38023643336526, 40.38023643336527]
[53.98409854090718, 46.42528368579961, 40.5559426484929, 40.555942648492895]
[54.08720299380085, 46.50914664706214, 40.625817194275115, 40.62581719427511]
[151.84081606047712, 101.17962278194983, 75.16864949176394, 59.79632468875335, 59.796324688753344]
[154.32304675732502, 102.72116244895112, 76.24215437940003, 62.37211625340249, 62.37211625340248]
[157.52177242427894, 104.70017891104034, 77.61769443364786, 64.87675504385896, 64.87675504385895]
[161.82602004365293, 107.35039087609516, 79.45555139799608, 67.29171891991523, 67.29171891991524]
[167.167203415831, 110.61991618712553, 81.71708784485416, 69.6634070006295, 69.66340700062952]
[172.47110850505774, 113.8470315034512, 83.9438536416862, 71.77724858839589, 71.7772485883959]
[176.53565965386673, 116.30824711032731, 85.6392800344269, 73.22244119955334, 73.22244119955333]
[178.61675895210877, 117.56671202781, 86.50650255163038, 73.7153529276518, 73.71535292765181]
[179.18270155383468, 117.91232194842777, 86.74673237618393, 73.48999507345255, 73.48999507345256]
[179.4249068009997, 118.06321703155533, 86.85331118685284, 73.04587264621085, 73.04587264621085]
[330.9704477966524, 143.11432226687992, 72.55878899275561, 72.55878899275564]
[373.5115197448032, 151.8967288896641, 84.08028094422592, 84.08028094422592]
[418.3651954374942, 160.709615535678, 95.69612335989295, 95.69612335989295]
[457.1149794128322, 168.76247779727382, 105.52269899906486, 105.52269899906487]
[486.25498276078423, 175.9009209728485, 113.14416979667529, 113.14416979667526]
[506.98327051550626, 181.82297616728135, 118.84154654033968, 118.84154654033966]
[515.9102860196848, 185.43168220131886, 121.72812933220963, 121.72812933220963]
[510.0446578877963, 185.90395157722477, 121.01131465398807, 121.01131465398807]
[494.1197000716509, 184.07609066574742, 117.69396160633946, 117.69396160633944]
[474.98808153995594, 181.49569688955748, 113.42948104396382, 113.42948104396379]
[269.05192846467463, 86.22922689094555, 86.22922689094555]
[272.52442790603436, 87.76631251180228, 87.76631251180228]
[276.9587047110636, 89.74653875995203, 89.74653875995202]
[290.0845742193857, 95.70815651165351, 95.70815651165351]
[297.1669580034212, 98.97680520311886, 98.97680520311886]
[302.5421204779465, 101.47550455751511, 101.4755045575151]
[305.29297322599035, 102.75123860496912, 102.75123860496912]
[305.29297322599035, 102.75123860496912, 102.75123860496912]
[306.0665791959154, 103.09531615035047, 103.09531615035047]
[306.41923983411505, 103.24047892158677, 103.24047892158677]
[252.14301263981642, 92.93239570521955, 92.93239570521953]
[256.00807387862613, 108.50574770754206, 108.50574770754207]
[260.95032351786244, 124.0773598380066, 124.07735983800661]
[267.53315078161626, 137.19301594151125, 137.19301594151128]
[275.59715206080506, 147.45462510493766, 147.45462510493763]
[283.4946473250796, 155.2285434268486, 155.22854342684857]
[289.4774630102797, 159.31921668506132, 159.31921668506138]
[292.52516311641864, 158.65265562645592, 158.6526556264559]
[293.36395178543154, 154.49236766412673, 154.49236766412676]
[293.73262601931293, 149.01498745926972, 149.01498745926975]
[252.87820850974663, 139.08841167858105, 139.08841167858108]
[256.7297597775592, 148.71708371185105, 148.71708371185105]
[261.6545757997003, 158.24233039738698, 158.24233039738695]
[268.21406924823407, 166.7676994128248, 166.7676994128248]
[276.24961574263847, 174.17281563957468, 174.17281563957468]
[284.11966195949697, 180.2422108695829, 180.2422108695829]
[290.0821826344446, 183.8841188681066, 183.8841188681066]
[293.1200595350053, 184.26013218861002, 184.26013218861002]
[293.95676413215637, 182.2370410811819, 182.2370410811819]
[294.3249931245605, 179.40686798593964, 179.40686798593964]
[284.9069076792342, 133.7627747983045, 133.76277479830452]
[334.0127584396657, 144.92702667320034, 144.92702667320034]
[385.5547674877244, 155.62235346792605, 155.62235346792605]
[429.59971651330306, 164.86407990308757, 164.86407990308757]
[462.3314525524249, 172.6687843809589, 172.6687843809589]
[485.38723773069097, 178.96726448386804, 178.96726448386806]
[495.2382064455687, 182.69076216862933, 182.69076216862933]
[488.7031003967802, 182.9912779425987, 182.9912779425987]
[470.949733345457, 180.763057776464, 180.763057776464]
[449.48148448451474, 177.64380228515537, 177.64380228515537]
[269.05192846467463, 86.22922689094555, 64.700418794832, 34.18994827215424, 34.18994827215423]
[272.52442790603436, 87.76631251180228, 68.31246675932174, 40.61922644145887, 40.61922644145888]
[276.9587047110636, 89.74653875995203, 71.85324174386886, 47.06756019205119, 47.06756019205119]
[282.8587063499134, 92.40916115610796, 75.25679331309126, 52.52229583809219, 52.52229583809219]
[290.0845742193857, 95.70815651165351, 78.58179069516807, 56.858097914875486, 56.85809791487548]
[297.1669580034212, 98.97680520311886, 81.54345279317428, 60.2079664871959, 60.2079664871959]
[302.5421204779465, 101.47550455751511, 83.55523236130274, 62.04244818683432, 62.042448186834314]
[305.29297322599035, 102.75123860496912, 84.19950166978255, 61.88186289110161, 61.88186289110161]
[306.0665791959154, 103.09531615035047, 83.8076659169518, 60.22908437688892, 60.22908437688892]
[306.41923983411505, 103.24047892158677, 83.09312959151993, 58.000841045807206, 58.000841045807206]
[282.1767308160134, 144.09932862399498, 144.09932862399498]
[285.8127782304857, 146.0391427891518, 146.0391427891518]
[290.4518257262695, 148.5116960124034, 148.51169601240343]
[296.6170200982614, 151.79289060655267, 151.79289060655267]
[304.15623168431546, 155.79680039826908, 155.79680039826908]
[311.5335409761094, 159.7047390228842, 159.70473902288418]
[317.12475278137515, 162.65937972138488, 162.65937972138485]
[319.9842258001012, 164.16709871330468, 164.16709871330465]
[320.78917120473596, 164.5895193858798, 164.5895193858798]
[321.1569245839516, 164.78115864438305, 164.78115864438308]
[140.80824002801324, 97.92041267315857, 97.92041267315857]
[143.2157612824864, 102.75673519783115, 102.75673519783116]
[146.32177232834331, 107.73310472548766, 107.73310472548765]
[150.50698754627678, 112.61811608763784, 112.61811608763786]
[155.7083758788003, 117.36860076803319, 117.36860076803319]
[160.88091322981157, 121.57187560715391, 121.57187560715391]
[164.8487384340649, 124.37426602929796, 124.37426602929796]
[166.87990902872133, 125.1596311868172, 125.15963118681721]
[167.42947310871, 124.43420145230374, 124.43420145230371]
[167.66234632315724, 123.2502802953692, 123.2502802953692]
[126.89966354678266, 85.18543485352376, 85.18543485352376]
[129.45825716457134, 91.16417838068368, 91.16417838068367]
[132.76960115248454, 97.02511170967101, 97.025111709671]
[137.24755910716996, 102.53777791955814, 102.53777791955814]
[142.83347501677613, 107.77808464734255, 107.77808464734257]
[148.40613929459954, 112.38115879998206, 112.38115879998207]
[152.68876656584632, 115.436028752839, 115.43602875283901]
[154.87785974113044, 116.26537660434138, 116.2653766043414]
[155.46057847962882, 115.40920798177355, 115.40920798177356]
[155.6996811504161, 114.009656627898, 114.00965662789798]
[99.21913151532391, 74.55875479613405, 59.09411297327262, 59.094112973272615]
[133.40314859011386, 95.96705804876058, 74.54820186377863, 74.54820186377862]
[176.07707215181645, 121.00872274985113, 92.10196065050523, 92.10196065050525]
[218.15539839509825, 144.29939925963816, 108.01721133992116, 108.01721133992116]
[252.6671320368969, 162.58939279239448, 120.28754062590659, 120.28754062590662]
[278.5194970159297, 175.89919147693666, 129.1108068245769, 129.1108068245769]
[289.85516758546265, 181.6523199666016, 132.90357527781566, 132.90357527781563]
[282.06438673823874, 177.7344947969873, 130.33388433571534, 130.33388433571534]
[261.68298076947576, 167.32765120270435, 123.46186182514847, 123.46186182514849]
[238.12159057346946, 155.04238600100706, 115.27862917145984, 115.27862917145985]
[289.827920429085, 142.97558028779733, 96.24657008410509, 96.24657008410509]
[293.78077940101724, 144.87100757702976, 97.54786377412785, 97.54786377412785]
[298.81930194703114, 147.28808143292304, 99.20654332831664, 99.20654332831664]
[305.505301703749, 150.4977827525749, 101.40764684039868, 101.40764684039868]
[313.66249622526493, 154.41811796514077, 104.09339952260204, 104.09339952260203]
[321.6217428439087, 158.24864054129768, 106.71450524494603, 106.71450524494601]
[327.63719532214776, 161.14764143232148, 108.69597422358918, 108.69597422358916]
[330.7052817114327, 162.6282198227497, 109.70692590504264, 109.70692590504264]
[331.56347994022906, 163.04367966248128, 109.99001282810646, 109.99001282810646]
[331.9518103749092, 163.2325822358315, 110.11832975434996, 110.11832975434994]
