[0.6309573444801932, 0.6309573444801932, 0.6309573444801932, 0.6309573444801932, 0.6309573444801932, 0.011167603855852871]
[0.6309573444801931, 0.6309573444801932, 0.6309573444801932, 0.6309573444801932, 0.6309573444801932, 0.011090726611654987]
[0.6309573444801932, 0.6309573444801932, 0.6309573444801932, 0.6309573444801932, 0.6309573444801932, 0.010992842356533571]
[0.6309573444801932, 0.6309573444801932, 0.6309573444801932, 0.6309573444801932, 0.6309573444801932, 0.01086350578560677]
[0.6309573444801932, 0.6309573444801931, 0.6309573444801932, 0.6309573444801932, 0.6309573444801932, 0.01070730071411826]
[0.6309573444801932, 0.6309573444801932, 0.6309573444801932, 0.6309573444801932, 0.6309573444801932, 0.010557230408020257]
[0.6309573444801932, 0.6309573444801932, 0.6309573444801932, 0.6309573444801932, 0.6309573444801932, 0.010445999482600752]
[0.6309573444801932, 0.6309573444801932, 0.6309573444801932, 0.6309573444801932, 0.6309573444801932, 0.010391302794002716]
[0.6309573444801932, 0.6309573444801932, 0.6309573444801932, 0.6309573444801932, 0.6309573444801932, 0.010378390319514014]
[0.6309573444801932, 0.6309573444801934, 0.6309573444801932, 0.6309573444801932, 0.6309573444801932, 0.010374328602961327]
[0.6309573444801932, 0.6309573444801932, 0.6309573444801932, 0.6309573444801932, 0.6309573444801932, 0.011023975186002219]
[0.6309573444801932, 0.6309573444801932, 0.6309573444801932, 0.6309573444801932, 0.6309573444801932, 0.010083299981513763]
[0.6309573444801932, 0.6309573444801932, 0.6309573444801932, 0.6309573444801932, 0.6309573444801932, 0.009171539571984645]
[0.6309573444801932, 0.6309573444801932, 0.6309573444801932, 0.6309573444801932, 0.6309573444801932, 0.00843477950535144]
[0.6309573444801932, 0.6309573444801932, 0.6309573444801932, 0.6309573444801932, 0.6309573444801932, 0.00790608331954308]
[0.6309573444801932, 0.6309573444801932, 0.6309573444801932, 0.6309573444801932, 0.6309573444801932, 0.007541903135041892]
[0.6309573444801932, 0.6309573444801932, 0.6309573444801932, 0.6309573444801932, 0.6309573444801932, 0.007390137486687423]
[0.6309573444801932, 0.6309573444801932, 0.6309573444801932, 0.6309573444801932, 0.6309573444801932, 0.007497402221195856]
[0.6309573444801931, 0.6309573444801932, 0.6309573444801934, 0.6309573444801932, 0.6309573444801932, 0.007783518956005764]
[0.6309573444801932, 0.6309573444801932, 0.6309573444801932, 0.6309573444801932, 0.6309573444801934, 0.008132521037386872]
[0.6309573444801932, 0.6309573444801932, 0.6309573444801932, 0.6309573444801932, 0.6309573444801932, 0.007117676199615436]
[0.6309573444801931, 0.6309573444801932, 0.6309573444801932, 0.6309573444801932, 0.6309573444801932, 0.006510325275689425]
[0.6309573444801932, 0.6309573444801932, 0.6309573444801932, 0.6309573444801932, 0.6309573444801932, 0.0059216433114105795]
[0.6309573444801932, 0.6309573444801932, 0.6309573444801932, 0.6309573444801932, 0.6309573444801932, 0.005445951058604997]
[0.6309573444801932, 0.6309573444801931, 0.6309573444801932, 0.6309573444801932, 0.6309573444801932, 0.0051045961303633385]
[0.6309573444801932, 0.6309573444801932, 0.6309573444801932, 0.6309573444801931, 0.6309573444801932, 0.004869461654109524]
[0.6309573444801932, 0.6309573444801932, 0.6309573444801932, 0.6309573444801932, 0.6309573444801932, 0.004771473521427275]
[0.6309573444801932, 0.6309573444801932, 0.6309573444801932, 0.6309573444801932, 0.6309573444801932, 0.004840729450888924]
[0.6309573444801932, 0.6309573444801932, 0.6309573444801932, 0.6309573444801932, 0.6309573444801932, 0.005025461930716528]
[0.6309573444801932, 0.6309573444801934, 0.6309573444801932, 0.6309573444801932, 0.6309573444801932, 0.005250796600502137]
[0.6309573444801932, 0.6309573444801932, 0.6309573444801932, 0.6309573444801932, 0.6309573444801932, 0.011023975186002219]
[0.6309573444801932, 0.6309573444801932, 0.6309573444801932, 0.6309573444801932, 0.6309573444801932, 0.010083299981513763]
[0.6309573444801932, 0.6309573444801932, 0.6309573444801932, 0.6309573444801932, 0.6309573444801932, 0.009171539571984645]
[0.6309573444801932, 0.6309573444801932, 0.6309573444801932, 0.6309573444801932, 0.6309573444801932, 0.00843477950535144]
[0.6309573444801932, 0.6309573444801932, 0.6309573444801932, 0.6309573444801932, 0.6309573444801932, 0.00790608331954308]
[0.6309573444801932, 0.6309573444801932, 0.6309573444801932, 0.6309573444801932, 0.6309573444801932, 0.007541903135041892]
[0.6309573444801932, 0.6309573444801932, 0.6309573444801932, 0.6309573444801932, 0.6309573444801932, 0.007390137486687423]
[0.6309573444801932, 0.6309573444801932, 0.6309573444801932, 0.6309573444801932, 0.6309573444801932, 0.007497402221195856]
[0.6309573444801932, 0.6309573444801932, 0.6309573444801934, 0.6309573444801932, 0.6309573444801932, 0.007783518956005764]
[0.6309573444801932, 0.6309573444801932, 0.6309573444801932, 0.6309573444801932, 0.6309573444801934, 0.008132521037386872]
[0.6309573444801932, 0.6309573444801932, 0.6309573444801932, 0.6309573444801932, 0.6309573444801932, 0.014386660660788976]
[0.6309573444801931, 0.6309573444801932, 0.6309573444801932, 0.6309573444801932, 0.6309573444801932, 0.014287623585415648]
[0.6309573444801932, 0.6309573444801932, 0.6309573444801932, 0.6309573444801932, 0.6309573444801932, 0.014161524237637668]
[0.6309573444801932, 0.6309573444801932, 0.6309573444801932, 0.6309573444801934, 0.6309573444801932, 0.013994906458123688]
[0.6309573444801932, 0.6309573444801932, 0.6309573444801932, 0.6309573444801932, 0.6309573444801932, 0.013793675344806423]
[0.6309573444801932, 0.6309573444801932, 0.6309573444801932, 0.6309573444801932, 0.6309573444801932, 0.013600347340253218]
[0.6309573444801932, 0.6309573444801932, 0.6309573444801932, 0.6309573444801932, 0.6309573444801932, 0.013457054150447128]
[0.6309573444801932, 0.6309573444801932, 0.6309573444801932, 0.6309573444801932, 0.6309573444801934, 0.01338659116588161]
[0.6309573444801932, 0.6309573444801932, 0.6309573444801932, 0.6309573444801932, 0.6309573444801932, 0.01336995667641029]
[0.6309573444801932, 0.6309573444801934, 0.6309573444801932, 0.6309573444801931, 0.6309573444801932, 0.013364724171882187]
[0.6309573444801932, 0.6309573444801932, 0.6309573444801932, 0.6309573444801932, 0.6309573444801932, 0.011023975186002219]
[0.6309573444801932, 0.6309573444801932, 0.6309573444801932, 0.6309573444801932, 0.6309573444801932, 0.010083299981513763]
[0.6309573444801932, 0.6309573444801932, 0.6309573444801932, 0.6309573444801932, 0.6309573444801932, 0.009171539571984645]
[0.6309573444801932, 0.6309573444801932, 0.6309573444801934, 0.6309573444801932, 0.6309573444801932, 0.00843477950535144]
[0.6309573444801932, 0.6309573444801932, 0.6309573444801932, 0.6309573444801932, 0.6309573444801932, 0.00790608331954308]
[0.6309573444801932, 0.6309573444801932, 0.6309573444801932, 0.6309573444801932, 0.6309573444801932, 0.007541903135041892]
[0.6309573444801932, 0.6309573444801934, 0.6309573444801932, 0.6309573444801932, 0.6309573444801932, 0.007390137486687423]
[0.6309573444801932, 0.6309573444801932, 0.6309573444801932, 0.6309573444801932, 0.6309573444801932, 0.007497402221195856]
[0.6309573444801932, 0.6309573444801932, 0.6309573444801932, 0.6309573444801932, 0.6309573444801932, 0.007783518956005764]
[0.6309573444801932, 0.6309573444801932, 0.6309573444801932, 0.6309573444801932, 0.6309573444801934, 0.008132521037386872]
[0.6309573444801932, 0.6309573444801932, 0.6309573444801932, 0.6309573444801932, 0.01154351913026765]
[0.6309573444801932, 0.6309573444801932, 0.6309573444801932, 0.6309573444801932, 0.010558511269204169]
[0.6309573444801932, 0.6309573444801932, 0.6309573444801932, 0.6309573444801932, 0.00960378091540365]
[0.6309573444801932, 0.6309573444801932, 0.6309573444801932, 0.6309573444801932, 0.008832298416568136]
[0.6309573444801932, 0.6309573444801932, 0.6309573444801932, 0.6309573444801932, 0.008278685547162584]
[0.6309573444801932, 0.6309573444801932, 0.6309573444801932, 0.6309573444801932, 0.007897342079336943]
[0.6309573444801932, 0.6309573444801932, 0.6309573444801932, 0.6309573444801932, 0.007738423936331525]
[0.6309573444801932, 0.6309573444801932, 0.6309573444801932, 0.6309573444801932, 0.007850743902034404]
[0.6309573444801932, 0.6309573444801932, 0.6309573444801932, 0.6309573444801932, 0.008150344903128968]
[0.6309573444801932, 0.6309573444801934, 0.6309573444801932, 0.6309573444801932, 0.00851579494587231]
[0.6309573444801931, 0.6309573444801932, 0.6309573444801932, 0.6309573444801934, 0.010913398156829058]
[0.6309573444801932, 0.6309573444801932, 0.6309573444801932, 0.6309573444801932, 0.010838270852354375]
[0.6309573444801932, 0.6309573444801932, 0.6309573444801932, 0.6309573444801932, 0.010742614714904192]
[0.6309573444801932, 0.6309573444801932, 0.6309573444801932, 0.6309573444801932, 0.010616222203763731]
[0.6309573444801931, 0.6309573444801932, 0.6309573444801932, 0.6309573444801932, 0.010463572793803097]
[0.6309573444801932, 0.6309573444801932, 0.6309573444801932, 0.6309573444801932, 0.010316918504923896]
[0.6309573444801932, 0.6309573444801932, 0.6309573444801932, 0.6309573444801932, 0.010208219504482596]
[0.6309573444801932, 0.6309573444801932, 0.6309573444801932, 0.6309573444801932, 0.010154767864521566]
[0.6309573444801932, 0.6309573444801932, 0.6309573444801932, 0.6309573444801932, 0.010142149313836562]
[0.6309573444801932, 0.6309573444801932, 0.6309573444801932, 0.6309573444801934, 0.010138180053240306]
[0.6309573444801932, 0.6309573444801932, 0.6309573444801932, 0.6309573444801932, 0.009382924613005607]
[0.6309573444801932, 0.6309573444801932, 0.6309573444801932, 0.6309573444801932, 0.008582280164871683]
[0.6309573444801932, 0.6309573444801932, 0.6309573444801932, 0.6309573444801932, 0.007806246198594474]
[0.6309573444801932, 0.6309573444801932, 0.6309573444801932, 0.6309573444801932, 0.007179161680854436]
[0.6309573444801932, 0.6309573444801932, 0.6309573444801932, 0.6309573444801932, 0.006729168246460431]
[0.6309573444801932, 0.6309573444801932, 0.6309573444801932, 0.6309573444801932, 0.006419200638671909]
[0.6309573444801932, 0.6309573444801932, 0.6309573444801932, 0.6309573444801932, 0.006290027122464974]
[0.6309573444801932, 0.6309573444801932, 0.6309573444801932, 0.6309573444801932, 0.00638132421816278]
[0.6309573444801932, 0.6309573444801932, 0.6309573444801932, 0.6309573444801932, 0.006624849054525756]
[0.6309573444801932, 0.6309573444801934, 0.6309573444801932, 0.6309573444801932, 0.006921898001401017]
[0.6309573444801932, 0.6309573444801932, 0.6309573444801932, 0.6309573444801934, 0.010913398156829058]
[0.6309573444801932, 0.6309573444801932, 0.6309573444801932, 0.6309573444801932, 0.010838270852354375]
[0.6309573444801931, 0.6309573444801932, 0.6309573444801932, 0.6309573444801932, 0.010742614714904192]
[0.6309573444801932, 0.6309573444801932, 0.6309573444801932, 0.6309573444801932, 0.010616222203763731]
[0.6309573444801932, 0.6309573444801932, 0.6309573444801932, 0.6309573444801932, 0.010463572793803097]
[0.6309573444801932, 0.6309573444801932, 0.6309573444801932, 0.6309573444801932, 0.010316918504923896]
[0.6309573444801932, 0.6309573444801932, 0.6309573444801932, 0.6309573444801932, 0.010208219504482596]
[0.6309573444801934, 0.6309573444801932, 0.6309573444801932, 0.6309573444801932, 0.010154767864521566]
[0.6309573444801932, 0.6309573444801932, 0.6309573444801932, 0.6309573444801932, 0.010142149313836562]
[0.6309573444801932, 0.6309573444801932, 0.6309573444801932, 0.6309573444801934, 0.010138180053240306]
[0.6309573444801932, 0.6309573444801932, 0.6309573444801932, 0.6309573444801932, 0.6309573444801932, 0.014386660660788976]
[0.6309573444801932, 0.6309573444801932, 0.6309573444801932, 0.6309573444801932, 0.6309573444801932, 0.014287623585415648]
[0.6309573444801932, 0.6309573444801932, 0.6309573444801932, 0.6309573444801932, 0.6309573444801932, 0.014161524237637668]
[0.6309573444801932, 0.6309573444801932, 0.6309573444801932, 0.6309573444801934, 0.6309573444801932, 0.013994906458123688]
[0.6309573444801932, 0.6309573444801932, 0.6309573444801932, 0.6309573444801932, 0.6309573444801932, 0.013793675344806423]
[0.6309573444801932, 0.6309573444801932, 0.6309573444801932, 0.6309573444801932, 0.6309573444801932, 0.013600347340253218]
[0.6309573444801932, 0.6309573444801932, 0.6309573444801932, 0.6309573444801932, 0.6309573444801932, 0.013457054150447128]
[0.6309573444801932, 0.6309573444801932, 0.6309573444801932, 0.6309573444801932, 0.6309573444801934, 0.01338659116588161]
[0.6309573444801932, 0.6309573444801932, 0.6309573444801932, 0.6309573444801932, 0.6309573444801932, 0.01336995667641029]
[0.6309573444801932, 0.6309573444801934, 0.6309573444801932, 0.6309573444801931, 0.6309573444801932, 0.013364724171882187]
[0.6309573444801932, 0.6309573444801932, 0.6309573444801932, 0.6309573444801932, 0.6309573444801934, 0.010913398156829058]
[0.6309573444801932, 0.6309573444801932, 0.6309573444801932, 0.6309573444801932, 0.6309573444801932, 0.010838270852354375]
[0.6309573444801932, 0.6309573444801932, 0.6309573444801932, 0.6309573444801932, 0.6309573444801932, 0.010742614714904192]
[0.6309573444801932, 0.6309573444801932, 0.6309573444801934, 0.6309573444801932, 0.6309573444801932, 0.010616222203763731]
[0.6309573444801932, 0.6309573444801932, 0.6309573444801932, 0.6309573444801932, 0.6309573444801932, 0.010463572793803097]
[0.6309573444801932, 0.6309573444801932, 0.6309573444801932, 0.6309573444801932, 0.6309573444801932, 0.010316918504923896]
[0.6309573444801932, 0.6309573444801934, 0.6309573444801932, 0.6309573444801932, 0.6309573444801932, 0.010208219504482596]
[0.6309573444801932, 0.6309573444801932, 0.6309573444801932, 0.6309573444801932, 0.6309573444801932, 0.010154767864521566]
[0.6309573444801932, 0.6309573444801932, 0.6309573444801932, 0.6309573444801932, 0.6309573444801932, 0.010142149313836562]
[0.6309573444801932, 0.6309573444801932, 0.6309573444801932, 0.6309573444801932, 0.6309573444801934, 0.010138180053240306]
[0.6309573444801932, 0.6309573444801932, 0.6309573444801932, 0.6309573444801932, 0.6309573444801932, 0.011167603855852871]
[0.6309573444801932, 0.6309573444801932, 0.6309573444801932, 0.6309573444801932, 0.6309573444801932, 0.011090726611654987]
[0.6309573444801932, 0.6309573444801932, 0.6309573444801932, 0.6309573444801932, 0.6309573444801932, 0.010992842356533571]
[0.6309573444801932, 0.6309573444801932, 0.6309573444801932, 0.6309573444801932, 0.6309573444801932, 0.01086350578560677]
[0.6309573444801932, 0.6309573444801931, 0.6309573444801932, 0.6309573444801932, 0.6309573444801932, 0.01070730071411826]
[0.6309573444801932, 0.6309573444801932, 0.6309573444801932, 0.6309573444801932, 0.6309573444801932, 0.010557230408020257]
[0.6309573444801932, 0.6309573444801932, 0.6309573444801932, 0.6309573444801932, 0.6309573444801932, 0.010445999482600752]
[0.6309573444801932, 0.6309573444801932, 0.6309573444801932, 0.6309573444801932, 0.6309573444801932, 0.010391302794002716]
[0.6309573444801932, 0.6309573444801932, 0.6309573444801932, 0.6309573444801932, 0.6309573444801932, 0.010378390319514014]
[0.6309573444801932, 0.6309573444801934, 0.6309573444801932, 0.6309573444801932, 0.6309573444801932, 0.010374328602961327]
[0.6309573444801932, 0.6309573444801932, 0.6309573444801932, 0.6309573444801932, 0.6309573444801934, 0.010913398156829058]
[0.6309573444801932, 0.6309573444801932, 0.6309573444801932, 0.6309573444801932, 0.6309573444801932, 0.010838270852354375]
[0.6309573444801932, 0.6309573444801932, 0.6309573444801932, 0.6309573444801932, 0.6309573444801932, 0.010742614714904192]
[0.6309573444801932, 0.6309573444801932, 0.6309573444801932, 0.6309573444801932, 0.6309573444801932, 0.010616222203763731]
[0.6309573444801932, 0.6309573444801932, 0.6309573444801932, 0.6309573444801932, 0.6309573444801932, 0.010463572793803097]
[0.6309573444801932, 0.6309573444801932, 0.6309573444801932, 0.6309573444801932, 0.6309573444801932, 0.010316918504923896]
[0.6309573444801932, 0.6309573444801932, 0.6309573444801932, 0.6309573444801932, 0.6309573444801932, 0.010208219504482596]
[0.6309573444801932, 0.6309573444801932, 0.6309573444801932, 0.6309573444801932, 0.6309573444801932, 0.010154767864521566]
[0.6309573444801931, 0.6309573444801932, 0.6309573444801934, 0.6309573444801932, 0.6309573444801932, 0.010142149313836562]
[0.6309573444801932, 0.6309573444801932, 0.6309573444801932, 0.6309573444801932, 0.6309573444801934, 0.010138180053240306]
[0.6309573444801932, 0.6309573444801932, 0.6309573444801932, 0.6309573444801932, 0.007117676199615436]
[0.6309573444801932, 0.6309573444801932, 0.6309573444801932, 0.6309573444801932, 0.006510325275689425]
[0.6309573444801932, 0.6309573444801932, 0.6309573444801932, 0.6309573444801932, 0.0059216433114105795]
[0.6309573444801932, 0.6309573444801932, 0.6309573444801932, 0.6309573444801932, 0.005445951058604997]
[0.6309573444801931, 0.6309573444801932, 0.6309573444801932, 0.6309573444801932, 0.0051045961303633385]
[0.6309573444801932, 0.6309573444801932, 0.6309573444801931, 0.6309573444801932, 0.004869461654109524]
[0.6309573444801932, 0.6309573444801932, 0.6309573444801932, 0.6309573444801932, 0.004771473521427275]
[0.6309573444801932, 0.6309573444801932, 0.6309573444801932, 0.6309573444801932, 0.004840729450888924]
[0.6309573444801932, 0.6309573444801932, 0.6309573444801932, 0.6309573444801932, 0.005025461930716528]
[0.6309573444801934, 0.6309573444801932, 0.6309573444801932, 0.6309573444801932, 0.005250796600502137]
[0.6309573444801932, 0.6309573444801932, 0.6309573444801932, 0.6309573444801932, 0.007804376760085614]
[0.6309573444801932, 0.6309573444801932, 0.6309573444801932, 0.6309573444801932, 0.007138429714593325]
[0.6309573444801932, 0.6309573444801932, 0.6309573444801932, 0.6309573444801932, 0.006492952776298829]
[0.6309573444801932, 0.6309573444801932, 0.6309573444801932, 0.6309573444801932, 0.005971366593023275]
[0.6309573444801932, 0.6309573444801932, 0.6309573444801932, 0.6309573444801932, 0.005597078357060276]
[0.6309573444801932, 0.6309573444801932, 0.6309573444801932, 0.6309573444801932, 0.005339258530686421]
[0.6309573444801932, 0.6309573444801932, 0.6309573444801932, 0.6309573444801932, 0.005231816679719549]
[0.6309573444801932, 0.6309573444801932, 0.6309573444801932, 0.6309573444801932, 0.005307754296327878]
[0.6309573444801932, 0.6309573444801932, 0.6309573444801934, 0.6309573444801932, 0.005510309432578306]
[0.6309573444801932, 0.6309573444801932, 0.6309573444801932, 0.6309573444801932, 0.005757383984833352]
[0.6309573444801932, 0.6309573444801932, 0.6309573444801932, 0.6309573444801934, 0.015415584635937809]
[0.6309573444801932, 0.6309573444801932, 0.6309573444801932, 0.6309573444801932, 0.015309464497741013]
[0.6309573444801932, 0.6309573444801932, 0.6309573444801932, 0.6309573444801932, 0.015174346612219038]
[0.6309573444801932, 0.6309573444801932, 0.6309573444801932, 0.6309573444801932, 0.014995812444873986]
[0.6309573444801932, 0.6309573444801932, 0.6309573444801932, 0.6309573444801932, 0.014780189422140079]
[0.6309573444801932, 0.6309573444801932, 0.6309573444801932, 0.6309573444801932, 0.014573034733018258]
[0.6309573444801932, 0.6309573444801932, 0.6309573444801932, 0.6309573444801932, 0.014419493313831954]
[0.6309573444801932, 0.6309573444801932, 0.6309573444801932, 0.6309573444801932, 0.014343990865565343]
[0.6309573444801932, 0.6309573444801932, 0.6309573444801932, 0.6309573444801932, 0.014326166688964049]
[0.6309573444801932, 0.6309573444801932, 0.6309573444801932, 0.6309573444801932, 0.014320559959347447]
[0.6309573444801932, 0.6309573444801932, 0.6309573444801932, 0.6309573444801932, 0.011167603855852871]
[0.6309573444801932, 0.6309573444801932, 0.6309573444801932, 0.6309573444801932, 0.011090726611654987]
[0.6309573444801932, 0.6309573444801932, 0.6309573444801932, 0.6309573444801932, 0.010992842356533571]
[0.6309573444801932, 0.6309573444801932, 0.6309573444801932, 0.6309573444801932, 0.01086350578560677]
[0.6309573444801931, 0.6309573444801932, 0.6309573444801932, 0.6309573444801932, 0.01070730071411826]
[0.6309573444801932, 0.6309573444801932, 0.6309573444801932, 0.6309573444801932, 0.010557230408020257]
[0.6309573444801932, 0.6309573444801932, 0.6309573444801932, 0.6309573444801932, 0.010445999482600752]
[0.6309573444801932, 0.6309573444801932, 0.6309573444801932, 0.6309573444801932, 0.010391302794002716]
[0.6309573444801932, 0.6309573444801932, 0.6309573444801932, 0.6309573444801932, 0.010378390319514014]
[0.6309573444801934, 0.6309573444801932, 0.6309573444801932, 0.6309573444801932, 0.010374328602961327]
[0.6309573444801932, 0.6309573444801932, 0.6309573444801932, 0.6309573444801932, 0.007804376760085614]
[0.6309573444801932, 0.6309573444801932, 0.6309573444801932, 0.6309573444801932, 0.007138429714593325]
[0.6309573444801932, 0.6309573444801932, 0.6309573444801932, 0.6309573444801932, 0.006492952776298829]
[0.6309573444801932, 0.6309573444801932, 0.6309573444801932, 0.6309573444801932, 0.005971366593023275]
[0.6309573444801932, 0.6309573444801932, 0.6309573444801932, 0.6309573444801932, 0.005597078357060276]
[0.6309573444801932, 0.6309573444801932, 0.6309573444801932, 0.6309573444801932, 0.005339258530686421]
[0.6309573444801932, 0.6309573444801932, 0.6309573444801932, 0.6309573444801932, 0.005231816679719549]
[0.6309573444801932, 0.6309573444801932, 0.6309573444801932, 0.6309573444801932, 0.005307754296327878]
[0.6309573444801931, 0.6309573444801932, 0.6309573444801934, 0.6309573444801932, 0.005510309432578306]
[0.6309573444801932, 0.6309573444801932, 0.6309573444801932, 0.6309573444801932, 0.005757383984833352]
[0.6309573444801934, 0.6309573444801932, 0.6309573444801932, 0.6309573444801932, 0.0075502268428639776]
[0.6309573444801932, 0.6309573444801932, 0.6309573444801932, 0.6309573444801932, 0.007498251446866736]
[0.6309573444801932, 0.6309573444801932, 0.6309573444801932, 0.6309573444801932, 0.0074320735684202215]
[0.6309573444801932, 0.6309573444801932, 0.6309573444801932, 0.6309573444801932, 0.007344631314721034]
[0.6309573444801932, 0.6309573444801934, 0.6309573444801932, 0.6309573444801932, 0.007239023725217764]
[0.6309573444801932, 0.6309573444801932, 0.6309573444801932, 0.6309573444801932, 0.007137563746153041]
[0.6309573444801932, 0.6309573444801932, 0.6309573444801932, 0.6309573444801932, 0.007062362411139818]
[0.6309573444801932, 0.6309573444801932, 0.6309573444801932, 0.6309573444801932, 0.00702538291116837]
[0.6309573444801932, 0.6309573444801932, 0.6309573444801932, 0.6309573444801932, 0.007016653006996374]
[0.6309573444801934, 0.6309573444801932, 0.6309573444801932, 0.6309573444801932, 0.007013906949584235]
[0.6309573444801932, 0.6309573444801932, 0.6309573444801932, 0.6309573444801932, 0.007804376760085614]
[0.6309573444801932, 0.6309573444801932, 0.6309573444801932, 0.6309573444801932, 0.007138429714593325]
[0.6309573444801932, 0.6309573444801932, 0.6309573444801932, 0.6309573444801932, 0.006492952776298829]
[0.6309573444801932, 0.6309573444801932, 0.6309573444801932, 0.6309573444801932, 0.005971366593023275]
[0.6309573444801932, 0.6309573444801932, 0.6309573444801932, 0.6309573444801932, 0.005597078357060276]
[0.6309573444801932, 0.6309573444801932, 0.6309573444801932, 0.6309573444801932, 0.005339258530686421]
[0.6309573444801932, 0.6309573444801932, 0.6309573444801932, 0.6309573444801932, 0.005231816679719549]
[0.6309573444801932, 0.6309573444801932, 0.6309573444801932, 0.6309573444801932, 0.005307754296327878]
[0.6309573444801932, 0.6309573444801932, 0.6309573444801932, 0.6309573444801932, 0.005510309432578306]
[0.6309573444801932, 0.6309573444801932, 0.6309573444801932, 0.6309573444801932, 0.005757383984833352]
[0.6309573444801932, 0.6309573444801932, 0.6309573444801932, 0.6309573444801932, 0.0075502268428639776]
[0.6309573444801932, 0.6309573444801934, 0.6309573444801932, 0.6309573444801932, 0.007498251446866736]
[0.6309573444801932, 0.6309573444801932, 0.6309573444801932, 0.6309573444801932, 0.0074320735684202215]
[0.6309573444801932, 0.6309573444801934, 0.6309573444801932, 0.6309573444801932, 0.007344631314721034]
[0.6309573444801932, 0.6309573444801932, 0.6309573444801932, 0.6309573444801932, 0.007239023725217764]
[0.6309573444801932, 0.6309573444801932, 0.6309573444801931, 0.6309573444801932, 0.007137563746153041]
[0.6309573444801932, 0.6309573444801932, 0.6309573444801932, 0.6309573444801932, 0.007062362411139818]
[0.6309573444801932, 0.6309573444801932, 0.6309573444801932, 0.6309573444801932, 0.00702538291116837]
[0.6309573444801932, 0.6309573444801934, 0.6309573444801932, 0.6309573444801932, 0.007016653006996374]
[0.6309573444801932, 0.6309573444801932, 0.6309573444801932, 0.6309573444801932, 0.007013906949584235]
[0.6309573444801932, 0.6309573444801932, 0.6309573444801932, 0.6309573444801932, 0.012087548426274946]
[0.6309573444801932, 0.6309573444801932, 0.6309573444801932, 0.6309573444801932, 0.011056118574900822]
[0.6309573444801932, 0.6309573444801932, 0.6309573444801934, 0.6309573444801932, 0.010056393165745562]
[0.6309573444801932, 0.6309573444801932, 0.6309573444801932, 0.6309573444801934, 0.009248551816893255]
[0.6309573444801932, 0.6309573444801932, 0.6309573444801932, 0.6309573444801932, 0.008668847976770321]
[0.6309573444801932, 0.6309573444801932, 0.6309573444801932, 0.6309573444801932, 0.008269532344997367]
[0.6309573444801932, 0.6309573444801932, 0.6309573444801932, 0.6309573444801932, 0.008103124620653157]
[0.6309573444801932, 0.6309573444801932, 0.6309573444801932, 0.6309573444801932, 0.008220738063256742]
[0.6309573444801932, 0.6309573444801932, 0.6309573444801932, 0.6309573444801932, 0.008534458824527486]
[0.6309573444801932, 0.6309573444801932, 0.6309573444801932, 0.6309573444801932, 0.008917131997170459]
[0.6309573444801932, 0.6309573444801932, 0.6309573444801934, 0.6309573444801932, 0.008090213821051937]
[0.6309573444801932, 0.6309573444801932, 0.6309573444801932, 0.6309573444801932, 0.008034521180843522]
[0.6309573444801932, 0.6309573444801932, 0.6309573444801932, 0.6309573444801932, 0.007963610306508414]
[0.6309573444801932, 0.6309573444801932, 0.6309573444801932, 0.6309573444801932, 0.00786991424357625]
[0.6309573444801932, 0.6309573444801932, 0.6309573444801932, 0.6309573444801934, 0.00775675367264389]
[0.6309573444801932, 0.6309573444801932, 0.6309573444801932, 0.6309573444801932, 0.007648037346367034]
[0.6309573444801932, 0.6309573444801932, 0.6309573444801932, 0.6309573444801932, 0.007567457664120726]
[0.6309573444801932, 0.6309573444801932, 0.6309573444801932, 0.6309573444801932, 0.007527833416003285]
[0.6309573444801932, 0.6309573444801932, 0.6309573444801932, 0.6309573444801932, 0.007518479155150117]
[0.6309573444801932, 0.6309573444801932, 0.6309573444801934, 0.6309573444801932, 0.0075155367016197195]
[0.6309573444801932, 0.6309573444801932, 0.6309573444801932, 0.6309573444801932, 0.015415584635937805]
[0.6309573444801932, 0.6309573444801932, 0.6309573444801932, 0.6309573444801932, 0.015309464497741013]
[0.6309573444801932, 0.6309573444801932, 0.6309573444801932, 0.6309573444801932, 0.015174346612219038]
[0.6309573444801932, 0.6309573444801932, 0.6309573444801932, 0.6309573444801932, 0.014995812444873986]
[0.6309573444801932, 0.6309573444801932, 0.6309573444801932, 0.6309573444801932, 0.014780189422140079]
[0.6309573444801932, 0.6309573444801932, 0.6309573444801932, 0.6309573444801932, 0.014573034733018258]
[0.6309573444801932, 0.6309573444801932, 0.6309573444801932, 0.6309573444801932, 0.014419493313831954]
[0.6309573444801932, 0.6309573444801932, 0.6309573444801932, 0.6309573444801932, 0.014343990865565343]
[0.6309573444801932, 0.6309573444801932, 0.6309573444801932, 0.6309573444801932, 0.014326166688964049]
[0.6309573444801932, 0.6309573444801932, 0.6309573444801934, 0.6309573444801932, 0.014320559959347447]
[0.6309573444801932, 0.6309573444801932, 0.6309573444801932, 0.6309573444801932, 0.007117676199615436]
[0.6309573444801932, 0.6309573444801932, 0.6309573444801932, 0.6309573444801932, 0.006510325275689425]
[0.6309573444801932, 0.6309573444801932, 0.6309573444801932, 0.6309573444801932, 0.0059216433114105795]
[0.6309573444801932, 0.6309573444801932, 0.6309573444801932, 0.6309573444801932, 0.005445951058604997]
[0.6309573444801932, 0.6309573444801932, 0.6309573444801932, 0.6309573444801932, 0.0051045961303633385]
[0.6309573444801932, 0.6309573444801932, 0.6309573444801932, 0.6309573444801932, 0.004869461654109524]
[0.6309573444801932, 0.6309573444801932, 0.6309573444801932, 0.6309573444801932, 0.004771473521427275]
[0.6309573444801932, 0.6309573444801932, 0.6309573444801932, 0.6309573444801932, 0.004840729450888924]
[0.6309573444801932, 0.6309573444801932, 0.6309573444801932, 0.6309573444801932, 0.005025461930716528]
[0.6309573444801932, 0.6309573444801932, 0.6309573444801932, 0.6309573444801932, 0.005250796600502137]
[0.6309573444801932, 0.6309573444801932, 0.6309573444801932, 0.6309573444801934, 0.015415584635937809]
[0.6309573444801932, 0.6309573444801932, 0.6309573444801932, 0.6309573444801932, 0.015309464497741013]
[0.6309573444801932, 0.6309573444801932, 0.6309573444801932, 0.6309573444801932, 0.015174346612219038]
[0.6309573444801932, 0.6309573444801932, 0.6309573444801932, 0.6309573444801932, 0.014995812444873986]
[0.6309573444801932, 0.6309573444801932, 0.6309573444801932, 0.6309573444801932, 0.014780189422140079]
[0.6309573444801932, 0.6309573444801932, 0.6309573444801932, 0.6309573444801932, 0.014573034733018258]
[0.6309573444801932, 0.6309573444801932, 0.6309573444801932, 0.6309573444801932, 0.014419493313831954]
[0.6309573444801932, 0.6309573444801932, 0.6309573444801932, 0.6309573444801932, 0.014343990865565343]
[0.6309573444801932, 0.6309573444801932, 0.6309573444801932, 0.6309573444801932, 0.014326166688964049]
[0.6309573444801932, 0.6309573444801932, 0.6309573444801932, 0.6309573444801932, 0.014320559959347447]
[0.6309573444801932, 0.6309573444801932, 0.6309573444801934, 0.6309573444801932, 0.6309573444801932, 0.006885888720287897]
[0.6309573444801932, 0.6309573444801932, 0.6309573444801932, 0.6309573444801932, 0.6309573444801932, 0.0068384865957585965]
[0.6309573444801932, 0.6309573444801932, 0.6309573444801932, 0.6309573444801932, 0.6309573444801932, 0.006778131653289797]
[0.6309573444801932, 0.6309573444801932, 0.6309573444801932, 0.6309573444801932, 0.6309573444801932, 0.006698383370098428]
[0.6309573444801932, 0.6309573444801932, 0.6309573444801932, 0.6309573444801934, 0.6309573444801932, 0.006602068103753199]
[0.6309573444801932, 0.6309573444801932, 0.6309573444801932, 0.6309573444801932, 0.6309573444801932, 0.006509535503085347]
[0.6309573444801932, 0.6309573444801932, 0.6309573444801932, 0.6309573444801932, 0.6309573444801932, 0.006440951070419252]
[0.6309573444801932, 0.6309573444801932, 0.6309573444801932, 0.6309573444801932, 0.6309573444801932, 0.00640722536561133]
[0.6309573444801932, 0.6309573444801932, 0.6309573444801932, 0.6309573444801932, 0.6309573444801932, 0.006399263598379931]
[0.6309573444801932, 0.6309573444801932, 0.6309573444801934, 0.6309573444801932, 0.6309573444801932, 0.0063967591642545675]
[0.6309573444801932, 0.6309573444801932, 0.6309573444801932, 0.6309573444801932, 0.6309573444801932, 0.015415584635937805]
[0.6309573444801932, 0.6309573444801932, 0.6309573444801932, 0.6309573444801932, 0.6309573444801932, 0.015309464497741013]
[0.6309573444801932, 0.6309573444801932, 0.6309573444801932, 0.6309573444801932, 0.6309573444801932, 0.015174346612219038]
[0.6309573444801932, 0.6309573444801932, 0.6309573444801932, 0.6309573444801932, 0.6309573444801932, 0.014995812444873986]
[0.6309573444801932, 0.6309573444801932, 0.6309573444801932, 0.6309573444801932, 0.6309573444801932, 0.014780189422140079]
[0.6309573444801932, 0.6309573444801932, 0.6309573444801932, 0.6309573444801932, 0.6309573444801932, 0.014573034733018258]
[0.6309573444801932, 0.6309573444801932, 0.6309573444801932, 0.6309573444801932, 0.6309573444801932, 0.014419493313831954]
[0.6309573444801932, 0.6309573444801932, 0.6309573444801932, 0.6309573444801932, 0.6309573444801932, 0.014343990865565343]
[0.6309573444801932, 0.6309573444801932, 0.6309573444801932, 0.6309573444801932, 0.6309573444801932, 0.014326166688964049]
[0.6309573444801932, 0.6309573444801932, 0.6309573444801932, 0.6309573444801934, 0.6309573444801932, 0.014320559959347447]
[0.6309573444801932, 0.6309573444801932, 0.6309573444801932, 0.6309573444801932, 0.6309573444801932, 0.015415584635937805]
[0.6309573444801932, 0.6309573444801932, 0.6309573444801932, 0.6309573444801932, 0.6309573444801932, 0.015309464497741013]
[0.6309573444801932, 0.6309573444801932, 0.6309573444801934, 0.6309573444801932, 0.6309573444801932, 0.015174346612219038]
[0.6309573444801932, 0.6309573444801932, 0.6309573444801932, 0.6309573444801934, 0.6309573444801932, 0.014995812444873986]
[0.6309573444801932, 0.6309573444801932, 0.6309573444801932, 0.6309573444801932, 0.6309573444801932, 0.014780189422140079]
[0.6309573444801932, 0.6309573444801932, 0.6309573444801932, 0.6309573444801932, 0.6309573444801932, 0.014573034733018258]
[0.6309573444801932, 0.6309573444801932, 0.6309573444801932, 0.6309573444801932, 0.6309573444801932, 0.014419493313831954]
[0.6309573444801932, 0.6309573444801932, 0.6309573444801932, 0.6309573444801932, 0.6309573444801932, 0.014343990865565343]
[0.6309573444801932, 0.6309573444801932, 0.6309573444801932, 0.6309573444801932, 0.6309573444801932, 0.014326166688964049]
[0.6309573444801932, 0.6309573444801932, 0.6309573444801932, 0.6309573444801932, 0.6309573444801932, 0.014320559959347447]
[0.6309573444801932, 0.6309573444801932, 0.6309573444801932, 0.6309573444801932, 0.6309573444801932, 0.0075502268428639776]
[0.6309573444801932, 0.6309573444801932, 0.6309573444801934, 0.6309573444801932, 0.6309573444801932, 0.007498251446866736]
[0.6309573444801932, 0.6309573444801932, 0.6309573444801932, 0.6309573444801932, 0.6309573444801932, 0.0074320735684202215]
[0.6309573444801932, 0.6309573444801932, 0.6309573444801934, 0.6309573444801932, 0.6309573444801932, 0.007344631314721034]
[0.6309573444801932, 0.6309573444801932, 0.6309573444801932, 0.6309573444801932, 0.6309573444801932, 0.007239023725217764]
[0.6309573444801932, 0.6309573444801932, 0.6309573444801932, 0.6309573444801931, 0.6309573444801932, 0.007137563746153041]
[0.6309573444801932, 0.6309573444801932, 0.6309573444801932, 0.6309573444801932, 0.6309573444801932, 0.007062362411139818]
[0.6309573444801932, 0.6309573444801932, 0.6309573444801932, 0.6309573444801932, 0.6309573444801932, 0.00702538291116837]
[0.6309573444801932, 0.6309573444801932, 0.6309573444801934, 0.6309573444801932, 0.6309573444801932, 0.007016653006996374]
[0.6309573444801932, 0.6309573444801932, 0.6309573444801932, 0.6309573444801932, 0.6309573444801932, 0.007013906949584235]
[0.6309573444801931, 0.6309573444801932, 0.6309573444801932, 0.6309573444801932, 0.011023975186002219]
[0.6309573444801932, 0.6309573444801932, 0.6309573444801932, 0.6309573444801932, 0.010083299981513763]
[0.6309573444801932, 0.6309573444801932, 0.6309573444801932, 0.6309573444801932, 0.009171539571984645]
[0.6309573444801932, 0.6309573444801932, 0.6309573444801932, 0.6309573444801932, 0.00843477950535144]
[0.6309573444801931, 0.6309573444801932, 0.6309573444801932, 0.6309573444801932, 0.00790608331954308]
[0.6309573444801932, 0.6309573444801932, 0.6309573444801932, 0.6309573444801932, 0.007541903135041892]
[0.6309573444801932, 0.6309573444801932, 0.6309573444801932, 0.6309573444801932, 0.007390137486687423]
[0.6309573444801932, 0.6309573444801932, 0.6309573444801932, 0.6309573444801932, 0.007497402221195856]
[0.6309573444801932, 0.6309573444801932, 0.6309573444801932, 0.6309573444801932, 0.007783518956005764]
[0.6309573444801932, 0.6309573444801932, 0.6309573444801932, 0.6309573444801934, 0.008132521037386872]
[0.6309573444801932, 0.6309573444801932, 0.6309573444801932, 0.6309573444801932, 0.01154351913026765]
[0.6309573444801931, 0.6309573444801932, 0.6309573444801932, 0.6309573444801932, 0.010558511269204169]
[0.6309573444801932, 0.6309573444801932, 0.6309573444801932, 0.6309573444801932, 0.00960378091540365]
[0.6309573444801932, 0.6309573444801932, 0.6309573444801932, 0.6309573444801932, 0.008832298416568136]
[0.6309573444801932, 0.6309573444801932, 0.6309573444801932, 0.6309573444801932, 0.008278685547162584]
[0.6309573444801932, 0.6309573444801932, 0.6309573444801932, 0.6309573444801932, 0.007897342079336943]
[0.6309573444801932, 0.6309573444801932, 0.6309573444801932, 0.6309573444801932, 0.007738423936331525]
[0.6309573444801932, 0.6309573444801932, 0.6309573444801932, 0.6309573444801932, 0.007850743902034404]
[0.6309573444801932, 0.6309573444801932, 0.6309573444801932, 0.6309573444801932, 0.008150344903128968]
[0.6309573444801932, 0.6309573444801934, 0.6309573444801932, 0.6309573444801932, 0.00851579494587231]
[0.6309573444801931, 0.6309573444801932, 0.6309573444801932, 0.6309573444801934, 0.010913398156829058]
[0.6309573444801932, 0.6309573444801932, 0.6309573444801932, 0.6309573444801932, 0.010838270852354375]
[0.6309573444801932, 0.6309573444801932, 0.6309573444801932, 0.6309573444801932, 0.010742614714904192]
[0.6309573444801932, 0.6309573444801932, 0.6309573444801932, 0.6309573444801932, 0.010616222203763731]
[0.6309573444801931, 0.6309573444801932, 0.6309573444801932, 0.6309573444801932, 0.010463572793803097]
[0.6309573444801932, 0.6309573444801932, 0.6309573444801932, 0.6309573444801932, 0.010316918504923896]
[0.6309573444801932, 0.6309573444801932, 0.6309573444801932, 0.6309573444801932, 0.010208219504482596]
[0.6309573444801932, 0.6309573444801932, 0.6309573444801932, 0.6309573444801932, 0.010154767864521566]
[0.6309573444801932, 0.6309573444801932, 0.6309573444801932, 0.6309573444801932, 0.010142149313836562]
[0.6309573444801932, 0.6309573444801932, 0.6309573444801932, 0.6309573444801934, 0.010138180053240306]
[0.6309573444801932, 0.6309573444801932, 0.6309573444801932, 0.6309573444801932, 0.01154351913026765]
[0.6309573444801932, 0.6309573444801932, 0.6309573444801932, 0.6309573444801932, 0.010558511269204169]
[0.6309573444801932, 0.6309573444801932, 0.6309573444801932, 0.6309573444801932, 0.00960378091540365]
[0.6309573444801932, 0.6309573444801932, 0.6309573444801932, 0.6309573444801932, 0.008832298416568136]
[0.6309573444801932, 0.6309573444801932, 0.6309573444801932, 0.6309573444801932, 0.008278685547162584]
[0.6309573444801932, 0.6309573444801932, 0.6309573444801932, 0.6309573444801932, 0.007897342079336943]
[0.6309573444801932, 0.6309573444801932, 0.6309573444801932, 0.6309573444801932, 0.007738423936331525]
[0.6309573444801932, 0.6309573444801932, 0.6309573444801932, 0.6309573444801932, 0.007850743902034404]
[0.6309573444801932, 0.6309573444801932, 0.6309573444801932, 0.6309573444801932, 0.008150344903128968]
[0.6309573444801932, 0.6309573444801934, 0.6309573444801932, 0.6309573444801932, 0.00851579494587231]
[0.6309573444801931, 0.6309573444801932, 0.6309573444801932, 0.6309573444801934, 0.6309573444801932, 0.008090213821051937]
[0.6309573444801932, 0.6309573444801932, 0.6309573444801932, 0.6309573444801932, 0.6309573444801932, 0.008034521180843522]
[0.6309573444801932, 0.6309573444801932, 0.6309573444801932, 0.6309573444801932, 0.6309573444801932, 0.007963610306508414]
[0.6309573444801932, 0.6309573444801932, 0.6309573444801932, 0.6309573444801932, 0.6309573444801932, 0.00786991424357625]
[0.6309573444801931, 0.6309573444801932, 0.6309573444801932, 0.6309573444801932, 0.6309573444801934, 0.00775675367264389]
[0.6309573444801932, 0.6309573444801932, 0.6309573444801932, 0.6309573444801932, 0.6309573444801932, 0.007648037346367034]
[0.6309573444801932, 0.6309573444801932, 0.6309573444801932, 0.6309573444801932, 0.6309573444801932, 0.007567457664120726]
[0.6309573444801932, 0.6309573444801932, 0.6309573444801932, 0.6309573444801932, 0.6309573444801932, 0.007527833416003285]
[0.6309573444801932, 0.6309573444801932, 0.6309573444801932, 0.6309573444801932, 0.6309573444801932, 0.007518479155150117]
[0.6309573444801932, 0.6309573444801932, 0.6309573444801932, 0.6309573444801934, 0.6309573444801932, 0.0075155367016197195]
[0.6309573444801932, 0.6309573444801932, 0.6309573444801932, 0.6309573444801932, 0.6309573444801932, 0.01154351913026765]
[0.6309573444801932, 0.6309573444801932, 0.6309573444801932, 0.6309573444801932, 0.6309573444801932, 0.010558511269204169]
[0.6309573444801932, 0.6309573444801932, 0.6309573444801932, 0.6309573444801932, 0.6309573444801932, 0.00960378091540365]
[0.6309573444801932, 0.6309573444801932, 0.6309573444801932, 0.6309573444801932, 0.6309573444801932, 0.008832298416568136]
[0.6309573444801932, 0.6309573444801932, 0.6309573444801932, 0.6309573444801932, 0.6309573444801932, 0.008278685547162584]
[0.6309573444801932, 0.6309573444801932, 0.6309573444801932, 0.6309573444801932, 0.6309573444801932, 0.007897342079336943]
[0.6309573444801932, 0.6309573444801932, 0.6309573444801932, 0.6309573444801932, 0.6309573444801932, 0.007738423936331525]
[0.6309573444801932, 0.6309573444801932, 0.6309573444801932, 0.6309573444801932, 0.6309573444801932, 0.007850743902034404]
[0.6309573444801932, 0.6309573444801932, 0.6309573444801932, 0.6309573444801932, 0.6309573444801932, 0.008150344903128968]
[0.6309573444801932, 0.6309573444801932, 0.6309573444801934, 0.6309573444801932, 0.6309573444801932, 0.00851579494587231]
[0.6309573444801931, 0.6309573444801932, 0.6309573444801932, 0.6309573444801934, 0.6309573444801932, 0.6309573444801932, 0.006885888720287897]
[0.6309573444801932, 0.6309573444801932, 0.6309573444801932, 0.6309573444801932, 0.6309573444801932, 0.6309573444801932, 0.0068384865957585965]
[0.6309573444801932, 0.6309573444801932, 0.6309573444801932, 0.6309573444801932, 0.6309573444801932, 0.6309573444801932, 0.006778131653289797]
[0.6309573444801932, 0.6309573444801932, 0.6309573444801932, 0.6309573444801932, 0.6309573444801932, 0.6309573444801932, 0.006698383370098428]
[0.6309573444801931, 0.6309573444801932, 0.6309573444801932, 0.6309573444801932, 0.6309573444801934, 0.6309573444801932, 0.006602068103753199]
[0.6309573444801932, 0.6309573444801932, 0.6309573444801932, 0.6309573444801932, 0.6309573444801932, 0.6309573444801932, 0.006509535503085347]
[0.6309573444801932, 0.6309573444801932, 0.6309573444801932, 0.6309573444801932, 0.6309573444801932, 0.6309573444801932, 0.006440951070419252]
[0.6309573444801932, 0.6309573444801932, 0.6309573444801932, 0.6309573444801932, 0.6309573444801932, 0.6309573444801932, 0.00640722536561133]
[0.6309573444801932, 0.6309573444801932, 0.6309573444801932, 0.6309573444801932, 0.6309573444801932, 0.6309573444801932, 0.006399263598379931]
[0.6309573444801932, 0.6309573444801932, 0.6309573444801932, 0.6309573444801934, 0.6309573444801932, 0.6309573444801932, 0.0063967591642545675]
[0.6309573444801932, 0.6309573444801932, 0.6309573444801932, 0.6309573444801932, 0.6309573444801932, 0.6309573444801932, 0.01154351913026765]
[0.6309573444801932, 0.6309573444801932, 0.6309573444801932, 0.6309573444801932, 0.6309573444801932, 0.6309573444801932, 0.010558511269204169]
[0.6309573444801932, 0.6309573444801932, 0.6309573444801932, 0.6309573444801932, 0.6309573444801932, 0.6309573444801932, 0.00960378091540365]
[0.6309573444801932, 0.6309573444801932, 0.6309573444801932, 0.6309573444801932, 0.6309573444801932, 0.6309573444801932, 0.008832298416568136]
[0.6309573444801932, 0.6309573444801932, 0.6309573444801932, 0.6309573444801932, 0.6309573444801932, 0.6309573444801932, 0.008278685547162584]
[0.6309573444801932, 0.6309573444801932, 0.6309573444801932, 0.6309573444801932, 0.6309573444801932, 0.6309573444801932, 0.007897342079336943]
[0.6309573444801932, 0.6309573444801932, 0.6309573444801932, 0.6309573444801932, 0.6309573444801932, 0.6309573444801932, 0.007738423936331525]
[0.6309573444801932, 0.6309573444801932, 0.6309573444801932, 0.6309573444801932, 0.6309573444801932, 0.6309573444801932, 0.007850743902034404]
[0.6309573444801932, 0.6309573444801932, 0.6309573444801932, 0.6309573444801932, 0.6309573444801932, 0.6309573444801932, 0.008150344903128968]
[0.6309573444801932, 0.6309573444801932, 0.6309573444801932, 0.6309573444801934, 0.6309573444801932, 0.6309573444801932, 0.00851579494587231]
[0.6309573444801932, 0.6309573444801932, 0.6309573444801932, 0.6309573444801932, 0.6309573444801932, 0.01154351913026765]
[0.6309573444801932, 0.6309573444801932, 0.6309573444801932, 0.6309573444801932, 0.6309573444801932, 0.010558511269204169]
[0.6309573444801932, 0.6309573444801934, 0.6309573444801932, 0.6309573444801932, 0.6309573444801932, 0.00960378091540365]
[0.6309573444801932, 0.6309573444801932, 0.6309573444801934, 0.6309573444801932, 0.6309573444801932, 0.008832298416568136]
[0.6309573444801932, 0.6309573444801932, 0.6309573444801932, 0.6309573444801932, 0.6309573444801932, 0.008278685547162584]
[0.6309573444801932, 0.6309573444801932, 0.6309573444801932, 0.6309573444801932, 0.6309573444801932, 0.007897342079336943]
[0.6309573444801932, 0.6309573444801932, 0.6309573444801932, 0.6309573444801932, 0.6309573444801932, 0.007738423936331525]
[0.6309573444801932, 0.6309573444801932, 0.6309573444801932, 0.6309573444801932, 0.6309573444801932, 0.007850743902034404]
[0.6309573444801932, 0.6309573444801932, 0.6309573444801932, 0.6309573444801932, 0.6309573444801932, 0.008150344903128968]
[0.6309573444801932, 0.6309573444801932, 0.6309573444801932, 0.6309573444801932, 0.6309573444801932, 0.00851579494587231]
[0.6309573444801931, 0.6309573444801932, 0.6309573444801932, 0.6309573444801932, 0.6309573444801932, 0.00982512822648761]
[0.6309573444801932, 0.6309573444801932, 0.6309573444801932, 0.6309573444801934, 0.6309573444801932, 0.008986750568008121]
[0.6309573444801932, 0.6309573444801932, 0.6309573444801932, 0.6309573444801932, 0.6309573444801932, 0.008174143247662085]
[0.6309573444801932, 0.6309573444801932, 0.6309573444801932, 0.6309573444801934, 0.6309573444801932, 0.007517505147095761]
[0.6309573444801931, 0.6309573444801932, 0.6309573444801932, 0.6309573444801932, 0.6309573444801932, 0.007046304175506328]
[0.6309573444801932, 0.6309573444801932, 0.6309573444801932, 0.6309573444801932, 0.6309573444801931, 0.006721728244419921]
[0.6309573444801932, 0.6309573444801932, 0.6309573444801932, 0.6309573444801932, 0.6309573444801932, 0.006586466967947525]
[0.6309573444801932, 0.6309573444801932, 0.6309573444801932, 0.6309573444801932, 0.6309573444801932, 0.006682066763206833]
[0.6309573444801932, 0.6309573444801932, 0.6309573444801932, 0.6309573444801934, 0.6309573444801932, 0.006937068571521929]
[0.6309573444801932, 0.6309573444801932, 0.6309573444801932, 0.6309573444801932, 0.6309573444801932, 0.00724811700396347]
[0.6309573444801931, 0.6309573444801932, 0.6309573444801932, 0.6309573444801932, 0.6309573444801932, 0.0075502268428639776]
[0.6309573444801932, 0.6309573444801931, 0.6309573444801931, 0.6309573444801932, 0.6309573444801932, 0.007498251446866736]
[0.6309573444801932, 0.6309573444801934, 0.6309573444801932, 0.6309573444801932, 0.6309573444801932, 0.0074320735684202215]
[0.6309573444801932, 0.6309573444801932, 0.6309573444801932, 0.6309573444801932, 0.6309573444801932, 0.007344631314721034]
[0.6309573444801932, 0.6309573444801932, 0.6309573444801932, 0.6309573444801932, 0.6309573444801932, 0.007239023725217764]
[0.6309573444801932, 0.6309573444801932, 0.6309573444801932, 0.6309573444801932, 0.6309573444801932, 0.007137563746153041]
[0.6309573444801931, 0.6309573444801932, 0.6309573444801932, 0.6309573444801932, 0.6309573444801932, 0.007062362411139818]
[0.6309573444801932, 0.6309573444801932, 0.6309573444801932, 0.6309573444801932, 0.6309573444801932, 0.00702538291116837]
[0.6309573444801932, 0.6309573444801932, 0.6309573444801932, 0.6309573444801931, 0.6309573444801932, 0.007016653006996374]
[0.6309573444801932, 0.6309573444801932, 0.6309573444801932, 0.6309573444801932, 0.6309573444801932, 0.007013906949584235]
[0.6309573444801932, 0.6309573444801932, 0.6309573444801932, 0.6309573444801932, 0.6309573444801932, 0.01154351913026765]
[0.6309573444801932, 0.6309573444801932, 0.6309573444801932, 0.6309573444801932, 0.6309573444801934, 0.01055851126920417]
[0.6309573444801932, 0.6309573444801932, 0.6309573444801932, 0.6309573444801932, 0.6309573444801932, 0.00960378091540365]
[0.6309573444801932, 0.6309573444801931, 0.6309573444801932, 0.6309573444801932, 0.6309573444801932, 0.008832298416568136]
[0.6309573444801932, 0.6309573444801932, 0.6309573444801932, 0.6309573444801932, 0.6309573444801932, 0.008278685547162584]
[0.6309573444801932, 0.6309573444801932, 0.6309573444801932, 0.6309573444801932, 0.6309573444801932, 0.007897342079336943]
[0.6309573444801932, 0.6309573444801932, 0.6309573444801932, 0.6309573444801932, 0.6309573444801932, 0.007738423936331525]
[0.6309573444801934, 0.6309573444801932, 0.6309573444801932, 0.6309573444801932, 0.6309573444801932, 0.007850743902034404]
[0.6309573444801932, 0.6309573444801932, 0.6309573444801931, 0.6309573444801932, 0.6309573444801932, 0.008150344903128968]
[0.6309573444801932, 0.6309573444801932, 0.6309573444801932, 0.6309573444801932, 0.6309573444801932, 0.00851579494587231]
[0.6309573444801932, 0.6309573444801932, 0.6309573444801932, 0.6309573444801932, 0.011023975186002219]
[0.6309573444801932, 0.6309573444801932, 0.6309573444801932, 0.6309573444801932, 0.010083299981513763]
[0.6309573444801931, 0.6309573444801932, 0.6309573444801932, 0.6309573444801932, 0.009171539571984645]
[0.6309573444801932, 0.6309573444801932, 0.6309573444801932, 0.6309573444801932, 0.00843477950535144]
[0.6309573444801932, 0.6309573444801932, 0.6309573444801932, 0.6309573444801932, 0.00790608331954308]
[0.6309573444801932, 0.6309573444801932, 0.6309573444801932, 0.6309573444801932, 0.007541903135041892]
[0.6309573444801932, 0.6309573444801932, 0.6309573444801932, 0.6309573444801932, 0.007390137486687423]
[0.6309573444801934, 0.6309573444801932, 0.6309573444801932, 0.6309573444801932, 0.007497402221195856]
[0.6309573444801932, 0.6309573444801932, 0.6309573444801932, 0.6309573444801932, 0.007783518956005764]
[0.6309573444801932, 0.6309573444801932, 0.6309573444801932, 0.6309573444801934, 0.008132521037386872]
[0.6309573444801932, 0.6309573444801932, 0.6309573444801932, 0.6309573444801932, 0.009382924613005607]
[0.6309573444801931, 0.6309573444801932, 0.6309573444801932, 0.6309573444801932, 0.008582280164871683]
[0.6309573444801932, 0.6309573444801932, 0.6309573444801932, 0.6309573444801932, 0.007806246198594474]
[0.6309573444801932, 0.6309573444801932, 0.6309573444801932, 0.6309573444801932, 0.007179161680854436]
[0.6309573444801932, 0.6309573444801932, 0.6309573444801932, 0.6309573444801932, 0.006729168246460431]
[0.6309573444801932, 0.6309573444801932, 0.6309573444801932, 0.6309573444801932, 0.006419200638671909]
[0.6309573444801932, 0.6309573444801932, 0.6309573444801932, 0.6309573444801932, 0.006290027122464974]
[0.6309573444801932, 0.6309573444801932, 0.6309573444801932, 0.6309573444801932, 0.00638132421816278]
[0.6309573444801932, 0.6309573444801932, 0.6309573444801932, 0.6309573444801932, 0.006624849054525756]
[0.6309573444801932, 0.6309573444801934, 0.6309573444801932, 0.6309573444801932, 0.006921898001401017]
[0.6309573444801932, 0.6309573444801932, 0.6309573444801932, 0.6309573444801934, 0.010913398156829058]
[0.6309573444801932, 0.6309573444801932, 0.6309573444801932, 0.6309573444801932, 0.010838270852354375]
[0.6309573444801931, 0.6309573444801932, 0.6309573444801932, 0.6309573444801932, 0.010742614714904192]
[0.6309573444801932, 0.6309573444801932, 0.6309573444801932, 0.6309573444801932, 0.010616222203763731]
[0.6309573444801932, 0.6309573444801932, 0.6309573444801932, 0.6309573444801932, 0.010463572793803097]
[0.6309573444801932, 0.6309573444801932, 0.6309573444801932, 0.6309573444801932, 0.010316918504923896]
[0.6309573444801932, 0.6309573444801932, 0.6309573444801932, 0.6309573444801932, 0.010208219504482596]
[0.6309573444801934, 0.6309573444801932, 0.6309573444801932, 0.6309573444801932, 0.010154767864521566]
[0.6309573444801932, 0.6309573444801932, 0.6309573444801932, 0.6309573444801932, 0.010142149313836562]
[0.6309573444801932, 0.6309573444801932, 0.6309573444801932, 0.6309573444801934, 0.010138180053240306]
[0.6309573444801932, 0.6309573444801932, 0.6309573444801932, 0.6309573444801932, 0.009382924613005607]
[0.6309573444801932, 0.6309573444801932, 0.6309573444801932, 0.6309573444801932, 0.008582280164871683]
[0.6309573444801932, 0.6309573444801932, 0.6309573444801932, 0.6309573444801932, 0.007806246198594474]
[0.6309573444801932, 0.6309573444801932, 0.6309573444801932, 0.6309573444801932, 0.007179161680854436]
[0.6309573444801932, 0.6309573444801932, 0.6309573444801932, 0.6309573444801932, 0.006729168246460431]
[0.6309573444801932, 0.6309573444801932, 0.6309573444801932, 0.6309573444801932, 0.006419200638671909]
[0.6309573444801932, 0.6309573444801932, 0.6309573444801932, 0.6309573444801932, 0.006290027122464974]
[0.6309573444801932, 0.6309573444801932, 0.6309573444801932, 0.6309573444801932, 0.00638132421816278]
[0.6309573444801932, 0.6309573444801932, 0.6309573444801932, 0.6309573444801932, 0.006624849054525756]
[0.6309573444801932, 0.6309573444801934, 0.6309573444801932, 0.6309573444801932, 0.006921898001401017]
[0.6309573444801932, 0.6309573444801932, 0.6309573444801932, 0.6309573444801934, 0.6309573444801932, 0.008090213821051937]
[0.6309573444801932, 0.6309573444801932, 0.6309573444801932, 0.6309573444801932, 0.6309573444801932, 0.008034521180843522]
[0.6309573444801931, 0.6309573444801932, 0.6309573444801932, 0.6309573444801932, 0.6309573444801932, 0.007963610306508414]
[0.6309573444801932, 0.6309573444801932, 0.6309573444801932, 0.6309573444801932, 0.6309573444801932, 0.00786991424357625]
[0.6309573444801932, 0.6309573444801932, 0.6309573444801932, 0.6309573444801932, 0.6309573444801934, 0.00775675367264389]
[0.6309573444801932, 0.6309573444801932, 0.6309573444801932, 0.6309573444801932, 0.6309573444801932, 0.007648037346367034]
[0.6309573444801932, 0.6309573444801932, 0.6309573444801932, 0.6309573444801932, 0.6309573444801932, 0.007567457664120726]
[0.6309573444801934, 0.6309573444801932, 0.6309573444801932, 0.6309573444801932, 0.6309573444801932, 0.007527833416003285]
[0.6309573444801932, 0.6309573444801932, 0.6309573444801932, 0.6309573444801932, 0.6309573444801932, 0.007518479155150117]
[0.6309573444801932, 0.6309573444801932, 0.6309573444801932, 0.6309573444801934, 0.6309573444801932, 0.0075155367016197195]
[0.6309573444801932, 0.6309573444801932, 0.6309573444801932, 0.6309573444801932, 0.6309573444801932, 0.009382924613005607]
[0.6309573444801932, 0.6309573444801932, 0.6309573444801932, 0.6309573444801932, 0.6309573444801932, 0.008582280164871683]
[0.6309573444801932, 0.6309573444801932, 0.6309573444801932, 0.6309573444801932, 0.6309573444801932, 0.007806246198594474]
[0.6309573444801932, 0.6309573444801932, 0.6309573444801932, 0.6309573444801932, 0.6309573444801932, 0.007179161680854436]
[0.6309573444801932, 0.6309573444801932, 0.6309573444801932, 0.6309573444801932, 0.6309573444801932, 0.006729168246460431]
[0.6309573444801932, 0.6309573444801932, 0.6309573444801932, 0.6309573444801932, 0.6309573444801932, 0.006419200638671909]
[0.6309573444801932, 0.6309573444801932, 0.6309573444801932, 0.6309573444801932, 0.6309573444801932, 0.006290027122464974]
[0.6309573444801932, 0.6309573444801932, 0.6309573444801932, 0.6309573444801932, 0.6309573444801932, 0.00638132421816278]
[0.6309573444801932, 0.6309573444801932, 0.6309573444801932, 0.6309573444801932, 0.6309573444801932, 0.006624849054525756]
[0.6309573444801932, 0.6309573444801932, 0.6309573444801934, 0.6309573444801932, 0.6309573444801932, 0.006921898001401017]
[0.6309573444801932, 0.6309573444801932, 0.6309573444801932, 0.6309573444801932, 0.6309573444801932, 0.006885888720287897]
[0.6309573444801931, 0.6309573444801931, 0.6309573444801932, 0.6309573444801932, 0.6309573444801932, 0.0068384865957585965]
[0.6309573444801934, 0.6309573444801932, 0.6309573444801932, 0.6309573444801932, 0.6309573444801932, 0.006778131653289797]
[0.6309573444801932, 0.6309573444801932, 0.6309573444801932, 0.6309573444801932, 0.6309573444801932, 0.006698383370098428]
[0.6309573444801932, 0.6309573444801932, 0.6309573444801932, 0.6309573444801932, 0.6309573444801932, 0.006602068103753199]
[0.6309573444801932, 0.6309573444801932, 0.6309573444801932, 0.6309573444801932, 0.6309573444801932, 0.006509535503085347]
[0.6309573444801932, 0.6309573444801932, 0.6309573444801932, 0.6309573444801932, 0.6309573444801932, 0.006440951070419252]
[0.6309573444801932, 0.6309573444801932, 0.6309573444801932, 0.6309573444801932, 0.6309573444801932, 0.00640722536561133]
[0.6309573444801932, 0.6309573444801932, 0.6309573444801931, 0.6309573444801932, 0.6309573444801932, 0.006399263598379931]
[0.6309573444801932, 0.6309573444801932, 0.6309573444801932, 0.6309573444801932, 0.6309573444801932, 0.0063967591642545675]
[0.6309573444801932, 0.6309573444801932, 0.007378362697506358]
[0.6309573444801932, 0.6309573444801932, 0.0073275704059639355]
[0.6309573444801932, 0.6309573444801932, 0.0072628989199421115]
[0.6309573444801932, 0.6309573444801932, 0.007177447094943005]
[0.6309573444801932, 0.6309573444801932, 0.007074243427664989]
[0.6309573444801932, 0.6309573444801932, 0.006975092959685544]
[0.6309573444801932, 0.6309573444801932, 0.006901603416045055]
[0.6309573444801932, 0.6309573444801932, 0.006865465672260621]
[0.6309573444801932, 0.6309573444801932, 0.006856934484968369]
[0.6309573444801934, 0.6309573444801932, 0.006854250935454345]
[0.6309573444801932, 0.6309573444801932, 0.6309573444801932, 0.6309573444801932, 0.011427730766261772]
[0.6309573444801932, 0.6309573444801932, 0.6309573444801932, 0.6309573444801932, 0.011349062821008222]
[0.6309573444801932, 0.6309573444801932, 0.6309573444801932, 0.6309573444801932, 0.011248898548687854]
[0.6309573444801932, 0.6309573444801932, 0.6309573444801932, 0.6309573444801932, 0.011116549342012835]
[0.6309573444801932, 0.6309573444801932, 0.6309573444801932, 0.6309573444801932, 0.010956705786999931]
[0.6309573444801932, 0.6309573444801932, 0.6309573444801932, 0.6309573444801932, 0.010803139894420418]
[0.6309573444801932, 0.6309573444801932, 0.6309573444801932, 0.6309573444801932, 0.010689318067913733]
[0.6309573444801932, 0.6309573444801932, 0.6309573444801932, 0.6309573444801931, 0.010633347329770398]
[0.6309573444801931, 0.6309573444801932, 0.6309573444801934, 0.6309573444801932, 0.010620134085113106]
[0.6309573444801932, 0.6309573444801932, 0.6309573444801932, 0.6309573444801932, 0.010615977759028113]
[0.6309573444801932, 0.6309573444801932, 0.6309573444801932, 0.6309573444801932, 0.014386660660788976]
[0.6309573444801932, 0.6309573444801932, 0.6309573444801932, 0.6309573444801932, 0.014287623585415648]
[0.6309573444801932, 0.6309573444801932, 0.6309573444801932, 0.6309573444801932, 0.014161524237637668]
[0.6309573444801932, 0.6309573444801932, 0.6309573444801934, 0.6309573444801932, 0.013994906458123688]
[0.6309573444801932, 0.6309573444801932, 0.6309573444801932, 0.6309573444801932, 0.013793675344806423]
[0.6309573444801932, 0.6309573444801932, 0.6309573444801932, 0.6309573444801932, 0.013600347340253218]
[0.6309573444801932, 0.6309573444801932, 0.6309573444801932, 0.6309573444801932, 0.013457054150447128]
[0.6309573444801932, 0.6309573444801932, 0.6309573444801932, 0.6309573444801934, 0.01338659116588161]
[0.6309573444801932, 0.6309573444801932, 0.6309573444801932, 0.6309573444801932, 0.01336995667641029]
[0.6309573444801934, 0.6309573444801932, 0.6309573444801931, 0.6309573444801932, 0.013364724171882187]
[0.6309573444801932, 0.6309573444801932, 0.6309573444801932, 0.009382924613005607]
[0.6309573444801932, 0.6309573444801932, 0.6309573444801932, 0.008582280164871683]
[0.6309573444801932, 0.6309573444801932, 0.6309573444801932, 0.007806246198594474]
[0.6309573444801932, 0.6309573444801932, 0.6309573444801932, 0.007179161680854436]
[0.6309573444801932, 0.6309573444801932, 0.6309573444801932, 0.006729168246460431]
[0.6309573444801932, 0.6309573444801932, 0.6309573444801932, 0.006419200638671909]
[0.6309573444801932, 0.6309573444801932, 0.6309573444801932, 0.006290027122464974]
[0.6309573444801932, 0.6309573444801932, 0.6309573444801932, 0.00638132421816278]
[0.6309573444801932, 0.6309573444801932, 0.6309573444801932, 0.006624849054525756]
[0.6309573444801932, 0.6309573444801932, 0.6309573444801932, 0.006921898001401017]
[0.6309573444801932, 0.6309573444801932, 0.012087548426274946]
[0.6309573444801932, 0.6309573444801932, 0.011056118574900822]
[0.6309573444801932, 0.6309573444801932, 0.010056393165745562]
[0.6309573444801932, 0.6309573444801932, 0.009248551816893253]
[0.6309573444801932, 0.6309573444801932, 0.008668847976770321]
[0.6309573444801932, 0.6309573444801932, 0.008269532344997367]
[0.6309573444801932, 0.6309573444801932, 0.008103124620653157]
[0.6309573444801932, 0.6309573444801932, 0.008220738063256742]
[0.6309573444801932, 0.6309573444801932, 0.008534458824527486]
[0.6309573444801932, 0.6309573444801934, 0.00891713199717046]
[0.6309573444801932, 0.6309573444801932, 0.6309573444801932, 0.6309573444801932, 0.009382924613005607]
[0.6309573444801932, 0.6309573444801932, 0.6309573444801932, 0.6309573444801932, 0.008582280164871683]
[0.6309573444801932, 0.6309573444801932, 0.6309573444801932, 0.6309573444801932, 0.007806246198594474]
[0.6309573444801932, 0.6309573444801932, 0.6309573444801932, 0.6309573444801932, 0.007179161680854436]
[0.6309573444801932, 0.6309573444801932, 0.6309573444801932, 0.6309573444801932, 0.006729168246460431]
[0.6309573444801932, 0.6309573444801932, 0.6309573444801932, 0.6309573444801932, 0.006419200638671909]
[0.6309573444801932, 0.6309573444801932, 0.6309573444801932, 0.6309573444801932, 0.006290027122464974]
[0.6309573444801932, 0.6309573444801932, 0.6309573444801932, 0.6309573444801932, 0.00638132421816278]
[0.6309573444801932, 0.6309573444801932, 0.6309573444801932, 0.6309573444801932, 0.006624849054525756]
[0.6309573444801932, 0.6309573444801934, 0.6309573444801932, 0.6309573444801932, 0.006921898001401017]
[0.6309573444801932, 0.6309573444801932, 0.6309573444801932, 0.00982512822648761]
[0.6309573444801932, 0.6309573444801932, 0.6309573444801932, 0.008986750568008121]
[0.6309573444801932, 0.6309573444801932, 0.6309573444801932, 0.008174143247662085]
[0.6309573444801932, 0.6309573444801932, 0.6309573444801932, 0.007517505147095761]
[0.6309573444801934, 0.6309573444801932, 0.6309573444801932, 0.007046304175506328]
[0.6309573444801932, 0.6309573444801932, 0.6309573444801932, 0.0067217282444199215]
[0.6309573444801932, 0.6309573444801932, 0.6309573444801932, 0.006586466967947525]
[0.6309573444801932, 0.6309573444801932, 0.6309573444801932, 0.006682066763206833]
[0.6309573444801932, 0.6309573444801932, 0.6309573444801932, 0.006937068571521929]
[0.6309573444801932, 0.6309573444801932, 0.6309573444801932, 0.00724811700396347]
[0.6309573444801932, 0.6309573444801932, 0.6309573444801932, 0.6309573444801934, 0.010913398156829058]
[0.6309573444801932, 0.6309573444801932, 0.6309573444801932, 0.6309573444801932, 0.010838270852354375]
[0.6309573444801932, 0.6309573444801932, 0.6309573444801932, 0.6309573444801932, 0.010742614714904192]
[0.6309573444801932, 0.6309573444801932, 0.6309573444801932, 0.6309573444801932, 0.010616222203763731]
[0.6309573444801932, 0.6309573444801932, 0.6309573444801932, 0.6309573444801932, 0.010463572793803097]
[0.6309573444801932, 0.6309573444801932, 0.6309573444801932, 0.6309573444801932, 0.010316918504923896]
[0.6309573444801932, 0.6309573444801932, 0.6309573444801932, 0.6309573444801932, 0.010208219504482596]
[0.6309573444801932, 0.6309573444801932, 0.6309573444801932, 0.6309573444801932, 0.010154767864521566]
[0.6309573444801932, 0.6309573444801934, 0.6309573444801932, 0.6309573444801932, 0.010142149313836562]
[0.6309573444801932, 0.6309573444801932, 0.6309573444801932, 0.6309573444801934, 0.010138180053240306]
[0.6309573444801932, 0.6309573444801932, 0.6309573444801934, 0.015415584635937809]
[0.6309573444801932, 0.6309573444801932, 0.6309573444801932, 0.015309464497741013]
[0.6309573444801932, 0.6309573444801932, 0.6309573444801932, 0.015174346612219038]
[0.6309573444801932, 0.6309573444801932, 0.6309573444801932, 0.014995812444873986]
[0.6309573444801932, 0.6309573444801932, 0.6309573444801932, 0.014780189422140079]
[0.6309573444801932, 0.6309573444801932, 0.6309573444801932, 0.014573034733018258]
[0.6309573444801932, 0.6309573444801932, 0.6309573444801932, 0.014419493313831954]
[0.6309573444801932, 0.6309573444801932, 0.6309573444801932, 0.014343990865565343]
[0.6309573444801932, 0.6309573444801932, 0.6309573444801932, 0.014326166688964049]
[0.6309573444801932, 0.6309573444801932, 0.6309573444801932, 0.014320559959347447]
[0.6309573444801932, 0.6309573444801932, 0.008090213821051937]
[0.6309573444801931, 0.6309573444801932, 0.008034521180843522]
[0.6309573444801931, 0.6309573444801932, 0.007963610306508414]
[0.6309573444801934, 0.6309573444801932, 0.00786991424357625]
[0.6309573444801932, 0.6309573444801932, 0.007756753672643889]
[0.6309573444801932, 0.6309573444801931, 0.007648037346367033]
[0.6309573444801932, 0.6309573444801932, 0.007567457664120726]
[0.6309573444801932, 0.6309573444801932, 0.007527833416003285]
[0.6309573444801932, 0.6309573444801932, 0.007518479155150117]
[0.6309573444801932, 0.6309573444801932, 0.0075155367016197195]
[0.6309573444801932, 0.6309573444801932, 0.6309573444801932, 0.6309573444801932, 0.007453121944399756]
[0.6309573444801932, 0.6309573444801932, 0.6309573444801932, 0.6309573444801931, 0.0068171474532717396]
[0.6309573444801932, 0.6309573444801932, 0.6309573444801932, 0.6309573444801931, 0.006200721762752681]
[0.6309573444801932, 0.6309573444801932, 0.6309573444801934, 0.6309573444801934, 0.00570261082475331]
[0.6309573444801932, 0.6309573444801932, 0.6309573444801932, 0.6309573444801932, 0.0053451683343736026]
[0.6309573444801932, 0.6309573444801932, 0.6309573444801934, 0.6309573444801932, 0.005098952311657238]
[0.6309573444801932, 0.6309573444801934, 0.6309573444801932, 0.6309573444801932, 0.004996346140555455]
[0.6309573444801932, 0.6309573444801932, 0.6309573444801932, 0.6309573444801932, 0.005068866001416547]
[0.6309573444801932, 0.6309573444801932, 0.6309573444801932, 0.6309573444801932, 0.005262304654796268]
[0.6309573444801932, 0.6309573444801932, 0.6309573444801932, 0.6309573444801932, 0.005498259020394402]
[0.6309573444801932, 0.6309573444801932, 0.00982512822648761]
[0.6309573444801934, 0.6309573444801932, 0.008986750568008121]
[0.6309573444801932, 0.6309573444801932, 0.008174143247662085]
[0.6309573444801934, 0.6309573444801932, 0.007517505147095761]
[0.6309573444801932, 0.6309573444801932, 0.007046304175506328]
[0.6309573444801932, 0.6309573444801931, 0.006721728244419921]
[0.6309573444801932, 0.6309573444801932, 0.006586466967947525]
[0.6309573444801932, 0.6309573444801932, 0.006682066763206833]
[0.6309573444801934, 0.6309573444801932, 0.006937068571521929]
[0.6309573444801932, 0.6309573444801932, 0.00724811700396347]
[0.6309573444801932, 0.6309573444801932, 0.012087548426274946]
[0.6309573444801932, 0.6309573444801932, 0.011056118574900822]
[0.6309573444801934, 0.6309573444801932, 0.010056393165745562]
[0.6309573444801932, 0.6309573444801934, 0.009248551816893255]
[0.6309573444801932, 0.6309573444801932, 0.008668847976770321]
[0.6309573444801932, 0.6309573444801932, 0.008269532344997367]
[0.6309573444801932, 0.6309573444801932, 0.008103124620653157]
[0.6309573444801932, 0.6309573444801932, 0.008220738063256742]
[0.6309573444801932, 0.6309573444801932, 0.008534458824527486]
[0.6309573444801932, 0.6309573444801932, 0.008917131997170459]
[0.6309573444801932, 0.6309573444801932, 0.007117676199615436]
[0.6309573444801932, 0.6309573444801932, 0.006510325275689425]
[0.6309573444801932, 0.6309573444801932, 0.0059216433114105795]
[0.6309573444801932, 0.6309573444801932, 0.005445951058604997]
[0.6309573444801932, 0.6309573444801932, 0.0051045961303633385]
[0.6309573444801932, 0.6309573444801932, 0.004869461654109524]
[0.6309573444801932, 0.6309573444801932, 0.004771473521427275]
[0.6309573444801932, 0.6309573444801932, 0.004840729450888924]
[0.6309573444801932, 0.6309573444801932, 0.005025461930716528]
[0.6309573444801932, 0.6309573444801932, 0.005250796600502137]
[0.6309573444801932, 0.6309573444801932, 0.007906058071423083]
[0.6309573444801932, 0.6309573444801932, 0.007851633150478122]
[0.6309573444801932, 0.6309573444801932, 0.0077823364047073336]
[0.6309573444801932, 0.6309573444801932, 0.007690773124553004]
[0.6309573444801932, 0.6309573444801932, 0.007580188402693292]
[0.6309573444801932, 0.6309573444801932, 0.007473946762129973]
[0.6309573444801932, 0.6309573444801932, 0.007395201297386088]
[0.6309573444801932, 0.6309573444801932, 0.007356479007273337]
[0.6309573444801931, 0.6309573444801932, 0.007347337675393092]
[0.6309573444801932, 0.6309573444801932, 0.007344462200282254]
[0.6309573444801931, 0.015415584635937804]
[0.6309573444801932, 0.015309464497741013]
[0.6309573444801932, 0.015174346612219038]
[0.6309573444801932, 0.014995812444873986]
[0.6309573444801931, 0.014780189422140077]
[0.6309573444801932, 0.014573034733018258]
[0.6309573444801932, 0.014419493313831954]
[0.6309573444801932, 0.014343990865565343]
[0.6309573444801932, 0.014326166688964049]
[0.6309573444801932, 0.014320559959347447]
[0.6309573444801932, 0.6309573444801932, 0.6309573444801932, 0.011023975186002219]
[0.6309573444801932, 0.6309573444801932, 0.6309573444801932, 0.010083299981513763]
[0.6309573444801932, 0.6309573444801932, 0.6309573444801932, 0.009171539571984645]
[0.6309573444801932, 0.6309573444801932, 0.6309573444801932, 0.00843477950535144]
[0.6309573444801932, 0.6309573444801932, 0.6309573444801932, 0.00790608331954308]
[0.6309573444801932, 0.6309573444801932, 0.6309573444801932, 0.007541903135041892]
[0.6309573444801932, 0.6309573444801932, 0.6309573444801934, 0.007390137486687424]
[0.6309573444801932, 0.6309573444801932, 0.6309573444801932, 0.007497402221195856]
[0.6309573444801932, 0.6309573444801932, 0.6309573444801932, 0.007783518956005764]
[0.6309573444801932, 0.6309573444801932, 0.6309573444801932, 0.008132521037386872]
[0.6309573444801932, 0.6309573444801932, 0.011427730766261772]
[0.6309573444801932, 0.6309573444801932, 0.011349062821008222]
[0.6309573444801932, 0.6309573444801932, 0.011248898548687854]
[0.6309573444801932, 0.6309573444801934, 0.011116549342012836]
[0.6309573444801932, 0.6309573444801932, 0.010956705786999931]
[0.6309573444801932, 0.6309573444801934, 0.01080313989442042]
[0.6309573444801932, 0.6309573444801932, 0.010689318067913733]
[0.6309573444801932, 0.6309573444801932, 0.0106333473297704]
[0.6309573444801932, 0.6309573444801932, 0.010620134085113106]
[0.6309573444801932, 0.6309573444801932, 0.010615977759028113]
[0.6309573444801932, 0.6309573444801932, 0.6309573444801934, 0.6309573444801932, 0.6309573444801932, 0.006885888720287897]
[0.6309573444801932, 0.6309573444801932, 0.6309573444801932, 0.6309573444801932, 0.6309573444801932, 0.0068384865957585965]
[0.6309573444801932, 0.6309573444801932, 0.6309573444801932, 0.6309573444801932, 0.6309573444801932, 0.006778131653289797]
[0.6309573444801932, 0.6309573444801932, 0.6309573444801932, 0.6309573444801932, 0.6309573444801932, 0.006698383370098428]
[0.6309573444801932, 0.6309573444801932, 0.6309573444801932, 0.6309573444801934, 0.6309573444801932, 0.006602068103753199]
[0.6309573444801932, 0.6309573444801932, 0.6309573444801932, 0.6309573444801932, 0.6309573444801932, 0.006509535503085347]
[0.6309573444801932, 0.6309573444801932, 0.6309573444801932, 0.6309573444801932, 0.6309573444801932, 0.006440951070419252]
[0.6309573444801932, 0.6309573444801932, 0.6309573444801932, 0.6309573444801932, 0.6309573444801932, 0.00640722536561133]
[0.6309573444801932, 0.6309573444801932, 0.6309573444801932, 0.6309573444801932, 0.6309573444801932, 0.006399263598379931]
[0.6309573444801932, 0.6309573444801932, 0.6309573444801934, 0.6309573444801932, 0.6309573444801932, 0.0063967591642545675]
[0.6309573444801932, 0.6309573444801932, 0.6309573444801932, 0.6309573444801932, 0.6309573444801932, 0.011023975186002219]
[0.6309573444801932, 0.6309573444801932, 0.6309573444801932, 0.6309573444801932, 0.6309573444801932, 0.010083299981513763]
[0.6309573444801932, 0.6309573444801932, 0.6309573444801932, 0.6309573444801932, 0.6309573444801932, 0.009171539571984645]
[0.6309573444801932, 0.6309573444801932, 0.6309573444801934, 0.6309573444801932, 0.6309573444801932, 0.00843477950535144]
[0.6309573444801932, 0.6309573444801932, 0.6309573444801932, 0.6309573444801932, 0.6309573444801932, 0.00790608331954308]
[0.6309573444801932, 0.6309573444801932, 0.6309573444801932, 0.6309573444801932, 0.6309573444801932, 0.007541903135041892]
[0.6309573444801932, 0.6309573444801934, 0.6309573444801932, 0.6309573444801932, 0.6309573444801932, 0.007390137486687423]
[0.6309573444801932, 0.6309573444801932, 0.6309573444801932, 0.6309573444801932, 0.6309573444801932, 0.007497402221195856]
[0.6309573444801932, 0.6309573444801932, 0.6309573444801932, 0.6309573444801932, 0.6309573444801932, 0.007783518956005764]
[0.6309573444801932, 0.6309573444801932, 0.6309573444801932, 0.6309573444801932, 0.6309573444801934, 0.008132521037386872]
[0.6309573444801932, 0.6309573444801932, 0.6309573444801932, 0.6309573444801932, 0.007210410657715133]
[0.6309573444801932, 0.6309573444801932, 0.6309573444801932, 0.6309573444801932, 0.007160774539882238]
[0.6309573444801932, 0.6309573444801932, 0.6309573444801932, 0.6309573444801932, 0.007097575156607188]
[0.6309573444801932, 0.6309573444801932, 0.6309573444801932, 0.6309573444801932, 0.0070140684526194584]
[0.6309573444801932, 0.6309573444801931, 0.6309573444801932, 0.6309573444801932, 0.006913213987616243]
[0.6309573444801932, 0.6309573444801932, 0.6309573444801932, 0.6309573444801932, 0.006816320459831541]
[0.6309573444801932, 0.6309573444801932, 0.6309573444801932, 0.6309573444801932, 0.006744503742434999]
[0.6309573444801932, 0.6309573444801932, 0.6309573444801932, 0.6309573444801932, 0.0067091885941274855]
[0.6309573444801932, 0.6309573444801932, 0.6309573444801932, 0.6309573444801932, 0.006700851600366552]
[0.6309573444801932, 0.6309573444801934, 0.6309573444801932, 0.6309573444801932, 0.00669822913589717]
[0.6309573444801932, 0.6309573444801932, 0.007378362697506358]
[0.6309573444801932, 0.6309573444801932, 0.0073275704059639355]
[0.6309573444801932, 0.6309573444801932, 0.0072628989199421115]
[0.6309573444801934, 0.6309573444801932, 0.007177447094943005]
[0.6309573444801932, 0.6309573444801932, 0.007074243427664989]
[0.6309573444801932, 0.6309573444801932, 0.006975092959685544]
[0.6309573444801932, 0.6309573444801932, 0.006901603416045055]
[0.6309573444801932, 0.6309573444801932, 0.006865465672260621]
[0.6309573444801932, 0.6309573444801932, 0.006856934484968369]
[0.6309573444801932, 0.6309573444801932, 0.006854250935454345]
[0.6309573444801932, 0.6309573444801932, 0.6309573444801932, 0.6309573444801932, 0.01154351913026765]
[0.6309573444801932, 0.6309573444801932, 0.6309573444801932, 0.6309573444801932, 0.010558511269204169]
[0.6309573444801932, 0.6309573444801932, 0.6309573444801932, 0.6309573444801932, 0.00960378091540365]
[0.6309573444801932, 0.6309573444801932, 0.6309573444801932, 0.6309573444801932, 0.008832298416568136]
[0.6309573444801932, 0.6309573444801932, 0.6309573444801932, 0.6309573444801932, 0.008278685547162584]
[0.6309573444801932, 0.6309573444801932, 0.6309573444801932, 0.6309573444801932, 0.007897342079336943]
[0.6309573444801932, 0.6309573444801932, 0.6309573444801932, 0.6309573444801932, 0.007738423936331525]
[0.6309573444801932, 0.6309573444801932, 0.6309573444801932, 0.6309573444801932, 0.007850743902034404]
[0.6309573444801932, 0.6309573444801932, 0.6309573444801932, 0.6309573444801932, 0.008150344903128968]
[0.6309573444801932, 0.6309573444801934, 0.6309573444801932, 0.6309573444801932, 0.00851579494587231]
[0.6309573444801932, 0.6309573444801932, 0.6309573444801932, 0.007906058071423083]
[0.6309573444801932, 0.6309573444801932, 0.6309573444801934, 0.007851633150478123]
[0.6309573444801932, 0.6309573444801932, 0.6309573444801932, 0.0077823364047073336]
[0.6309573444801932, 0.6309573444801932, 0.6309573444801934, 0.007690773124553006]
[0.6309573444801932, 0.6309573444801932, 0.6309573444801932, 0.007580188402693292]
[0.6309573444801932, 0.6309573444801932, 0.6309573444801932, 0.007473946762129973]
[0.6309573444801932, 0.6309573444801932, 0.6309573444801932, 0.007395201297386088]
[0.6309573444801932, 0.6309573444801932, 0.6309573444801932, 0.007356479007273337]
[0.6309573444801932, 0.6309573444801932, 0.6309573444801934, 0.007347337675393093]
[0.6309573444801932, 0.6309573444801932, 0.6309573444801932, 0.007344462200282254]
[0.6309573444801932, 0.6309573444801932, 0.6309573444801932, 0.009382924613005607]
[0.6309573444801932, 0.6309573444801932, 0.6309573444801932, 0.008582280164871683]
[0.6309573444801932, 0.6309573444801932, 0.6309573444801932, 0.007806246198594474]
[0.6309573444801932, 0.6309573444801932, 0.6309573444801932, 0.007179161680854436]
[0.6309573444801932, 0.6309573444801932, 0.6309573444801932, 0.006729168246460431]
[0.6309573444801932, 0.6309573444801932, 0.6309573444801932, 0.006419200638671909]
[0.6309573444801932, 0.6309573444801932, 0.6309573444801932, 0.006290027122464974]
[0.6309573444801932, 0.6309573444801932, 0.6309573444801932, 0.00638132421816278]
[0.6309573444801932, 0.6309573444801932, 0.6309573444801932, 0.006624849054525756]
[0.6309573444801934, 0.6309573444801932, 0.6309573444801932, 0.006921898001401017]
[0.6309573444801932, 0.6309573444801932, 0.009382924613005607]
[0.6309573444801932, 0.6309573444801932, 0.008582280164871683]
[0.6309573444801932, 0.6309573444801932, 0.007806246198594474]
[0.6309573444801932, 0.6309573444801932, 0.007179161680854436]
[0.6309573444801932, 0.6309573444801932, 0.006729168246460431]
[0.6309573444801932, 0.6309573444801932, 0.006419200638671909]
[0.6309573444801932, 0.6309573444801932, 0.006290027122464974]
[0.6309573444801932, 0.6309573444801932, 0.00638132421816278]
[0.6309573444801931, 0.6309573444801932, 0.006624849054525756]
[0.6309573444801932, 0.6309573444801932, 0.006921898001401017]
[0.6309573444801932, 0.6309573444801932, 0.6309573444801932, 0.007210410657715133]
[0.6309573444801932, 0.6309573444801932, 0.6309573444801932, 0.007160774539882238]
[0.6309573444801932, 0.6309573444801932, 0.6309573444801932, 0.007097575156607188]
[0.6309573444801932, 0.6309573444801932, 0.6309573444801932, 0.0070140684526194584]
[0.6309573444801932, 0.6309573444801932, 0.6309573444801932, 0.006913213987616243]
[0.6309573444801932, 0.6309573444801932, 0.6309573444801932, 0.006816320459831541]
[0.6309573444801932, 0.6309573444801932, 0.6309573444801932, 0.006744503742434999]
[0.6309573444801932, 0.6309573444801932, 0.6309573444801932, 0.0067091885941274855]
[0.6309573444801932, 0.6309573444801932, 0.6309573444801932, 0.006700851600366552]
[0.6309573444801932, 0.6309573444801932, 0.6309573444801932, 0.00669822913589717]
[0.6309573444801932, 0.6309573444801932, 0.014386660660788976]
[0.6309573444801932, 0.6309573444801932, 0.014287623585415648]
[0.6309573444801932, 0.6309573444801932, 0.014161524237637668]
[0.6309573444801931, 0.6309573444801932, 0.013994906458123688]
[0.6309573444801932, 0.6309573444801932, 0.013793675344806423]
[0.6309573444801932, 0.6309573444801932, 0.013600347340253218]
[0.6309573444801932, 0.6309573444801932, 0.013457054150447128]
[0.6309573444801932, 0.6309573444801932, 0.013386591165881609]
[0.6309573444801932, 0.6309573444801931, 0.013369956676410288]
[0.6309573444801932, 0.6309573444801932, 0.013364724171882187]
[0.6309573444801932, 0.6309573444801932, 0.6309573444801932, 0.0072834681763899855]
[0.6309573444801932, 0.6309573444801932, 0.6309573444801932, 0.0066619702320812576]
[0.6309573444801932, 0.6309573444801932, 0.6309573444801934, 0.006059576103352646]
[0.6309573444801932, 0.6309573444801932, 0.6309573444801932, 0.005572803554574448]
[0.6309573444801932, 0.6309573444801932, 0.6309573444801932, 0.005223497448624259]
[0.6309573444801932, 0.6309573444801932, 0.6309573444801932, 0.004982885986830125]
[0.6309573444801932, 0.6309573444801932, 0.6309573444801932, 0.004882615417329703]
[0.6309573444801932, 0.6309573444801932, 0.6309573444801932, 0.0049534845246217]
[0.6309573444801932, 0.6309573444801932, 0.6309573444801932, 0.005142519976675933]
[0.6309573444801932, 0.6309573444801932, 0.6309573444801932, 0.005373103365185443]
[0.6309573444801932, 0.6309573444801932, 0.6309573444801932, 0.6309573444801932, 0.011023975186002219]
[0.6309573444801932, 0.6309573444801932, 0.6309573444801932, 0.6309573444801932, 0.010083299981513763]
[0.6309573444801931, 0.6309573444801932, 0.6309573444801932, 0.6309573444801932, 0.009171539571984645]
[0.6309573444801932, 0.6309573444801932, 0.6309573444801932, 0.6309573444801932, 0.00843477950535144]
[0.6309573444801932, 0.6309573444801932, 0.6309573444801932, 0.6309573444801932, 0.00790608331954308]
[0.6309573444801932, 0.6309573444801932, 0.6309573444801932, 0.6309573444801932, 0.007541903135041892]
[0.6309573444801932, 0.6309573444801932, 0.6309573444801932, 0.6309573444801932, 0.007390137486687423]
[0.6309573444801934, 0.6309573444801932, 0.6309573444801932, 0.6309573444801932, 0.007497402221195856]
[0.6309573444801932, 0.6309573444801932, 0.6309573444801932, 0.6309573444801932, 0.007783518956005764]
[0.6309573444801932, 0.6309573444801932, 0.6309573444801932, 0.6309573444801934, 0.008132521037386872]
[0.6309573444801932, 0.6309573444801932, 0.6309573444801932, 0.0072834681763899855]
[0.6309573444801932, 0.6309573444801932, 0.6309573444801932, 0.0066619702320812576]
[0.6309573444801931, 0.6309573444801932, 0.6309573444801932, 0.0060595761033526456]
[0.6309573444801932, 0.6309573444801932, 0.6309573444801932, 0.005572803554574448]
[0.6309573444801932, 0.6309573444801932, 0.6309573444801932, 0.005223497448624259]
[0.6309573444801932, 0.6309573444801932, 0.6309573444801932, 0.004982885986830125]
[0.6309573444801932, 0.6309573444801932, 0.6309573444801932, 0.004882615417329703]
[0.6309573444801934, 0.6309573444801932, 0.6309573444801932, 0.0049534845246217]
[0.6309573444801932, 0.6309573444801932, 0.6309573444801932, 0.005142519976675933]
[0.6309573444801932, 0.6309573444801932, 0.6309573444801932, 0.005373103365185443]
[0.6309573444801932, 0.6309573444801932, 0.6309573444801932, 0.6309573444801932, 0.010913398156829056]
[0.6309573444801932, 0.6309573444801932, 0.6309573444801932, 0.6309573444801932, 0.010838270852354375]
[0.6309573444801932, 0.6309573444801932, 0.6309573444801932, 0.6309573444801932, 0.010742614714904192]
[0.6309573444801932, 0.6309573444801932, 0.6309573444801932, 0.6309573444801932, 0.010616222203763731]
[0.6309573444801932, 0.6309573444801932, 0.6309573444801932, 0.6309573444801932, 0.010463572793803097]
[0.6309573444801932, 0.6309573444801932, 0.6309573444801932, 0.6309573444801932, 0.010316918504923896]
[0.6309573444801932, 0.6309573444801932, 0.6309573444801932, 0.6309573444801932, 0.010208219504482596]
[0.6309573444801932, 0.6309573444801932, 0.6309573444801932, 0.6309573444801932, 0.010154767864521566]
[0.6309573444801932, 0.6309573444801932, 0.6309573444801932, 0.6309573444801932, 0.010142149313836562]
[0.6309573444801932, 0.6309573444801932, 0.6309573444801932, 0.6309573444801932, 0.010138180053240305]
[0.6309573444801932, 0.6309573444801932, 0.6309573444801932, 0.011023975186002219]
[0.6309573444801932, 0.6309573444801932, 0.6309573444801932, 0.010083299981513763]
[0.6309573444801932, 0.6309573444801932, 0.6309573444801932, 0.009171539571984645]
[0.6309573444801932, 0.6309573444801932, 0.6309573444801932, 0.00843477950535144]
[0.6309573444801932, 0.6309573444801932, 0.6309573444801932, 0.00790608331954308]
[0.6309573444801932, 0.6309573444801932, 0.6309573444801932, 0.007541903135041892]
[0.6309573444801932, 0.6309573444801932, 0.6309573444801932, 0.007390137486687423]
[0.6309573444801932, 0.6309573444801932, 0.6309573444801932, 0.007497402221195856]
[0.6309573444801932, 0.6309573444801932, 0.6309573444801932, 0.007783518956005764]
[0.6309573444801932, 0.6309573444801932, 0.6309573444801934, 0.008132521037386872]
[0.6309573444801932, 0.6309573444801932, 0.00982512822648761]
[0.6309573444801934, 0.6309573444801932, 0.008986750568008121]
[0.6309573444801932, 0.6309573444801932, 0.008174143247662085]
[0.6309573444801934, 0.6309573444801932, 0.007517505147095761]
[0.6309573444801932, 0.6309573444801932, 0.007046304175506328]
[0.6309573444801932, 0.6309573444801931, 0.006721728244419921]
[0.6309573444801932, 0.6309573444801932, 0.006586466967947525]
[0.6309573444801932, 0.6309573444801932, 0.006682066763206833]
[0.6309573444801934, 0.6309573444801932, 0.006937068571521929]
[0.6309573444801932, 0.6309573444801932, 0.00724811700396347]
[0.6309573444801932, 0.6309573444801932, 0.6309573444801932, 0.6309573444801932, 0.011023975186002219]
[0.6309573444801932, 0.6309573444801932, 0.6309573444801932, 0.6309573444801932, 0.010083299981513763]
[0.6309573444801932, 0.6309573444801932, 0.6309573444801932, 0.6309573444801932, 0.009171539571984645]
[0.6309573444801932, 0.6309573444801932, 0.6309573444801932, 0.6309573444801932, 0.00843477950535144]
[0.6309573444801932, 0.6309573444801932, 0.6309573444801932, 0.6309573444801932, 0.00790608331954308]
[0.6309573444801932, 0.6309573444801932, 0.6309573444801932, 0.6309573444801932, 0.007541903135041892]
[0.6309573444801932, 0.6309573444801932, 0.6309573444801932, 0.6309573444801932, 0.007390137486687423]
[0.6309573444801932, 0.6309573444801932, 0.6309573444801932, 0.6309573444801932, 0.007497402221195856]
[0.6309573444801932, 0.6309573444801934, 0.6309573444801932, 0.6309573444801932, 0.007783518956005764]
[0.6309573444801932, 0.6309573444801932, 0.6309573444801932, 0.6309573444801934, 0.008132521037386872]
[0.6309573444801932, 0.6309573444801932, 0.6309573444801932, 0.6309573444801932, 0.01154351913026765]
[0.6309573444801932, 0.6309573444801932, 0.6309573444801932, 0.6309573444801932, 0.010558511269204169]
[0.6309573444801934, 0.6309573444801932, 0.6309573444801932, 0.6309573444801932, 0.00960378091540365]
[0.6309573444801932, 0.6309573444801934, 0.6309573444801932, 0.6309573444801932, 0.008832298416568136]
[0.6309573444801932, 0.6309573444801932, 0.6309573444801932, 0.6309573444801932, 0.008278685547162584]
[0.6309573444801932, 0.6309573444801932, 0.6309573444801932, 0.6309573444801932, 0.007897342079336943]
[0.6309573444801932, 0.6309573444801932, 0.6309573444801932, 0.6309573444801932, 0.007738423936331525]
[0.6309573444801932, 0.6309573444801932, 0.6309573444801932, 0.6309573444801932, 0.007850743902034404]
[0.6309573444801932, 0.6309573444801932, 0.6309573444801932, 0.6309573444801932, 0.008150344903128968]
[0.6309573444801932, 0.6309573444801932, 0.6309573444801932, 0.6309573444801932, 0.00851579494587231]
[0.6309573444801932, 0.6309573444801932, 0.6309573444801932, 0.011427730766261772]
[0.6309573444801932, 0.6309573444801932, 0.6309573444801932, 0.011349062821008222]
[0.6309573444801932, 0.6309573444801932, 0.6309573444801932, 0.011248898548687854]
[0.6309573444801932, 0.6309573444801932, 0.6309573444801934, 0.011116549342012836]
[0.6309573444801932, 0.6309573444801932, 0.6309573444801932, 0.010956705786999931]
[0.6309573444801932, 0.6309573444801932, 0.6309573444801934, 0.01080313989442042]
[0.6309573444801932, 0.6309573444801934, 0.6309573444801932, 0.010689318067913733]
[0.6309573444801932, 0.6309573444801932, 0.6309573444801932, 0.0106333473297704]
[0.6309573444801932, 0.6309573444801932, 0.6309573444801932, 0.010620134085113106]
[0.6309573444801932, 0.6309573444801932, 0.6309573444801932, 0.010615977759028113]
[0.6309573444801932, 0.6309573444801932, 0.6309573444801932, 0.007210410657715133]
[0.6309573444801932, 0.6309573444801932, 0.6309573444801932, 0.007160774539882238]
[0.6309573444801932, 0.6309573444801932, 0.6309573444801932, 0.007097575156607188]
[0.6309573444801932, 0.6309573444801932, 0.6309573444801932, 0.0070140684526194584]
[0.6309573444801932, 0.6309573444801932, 0.6309573444801932, 0.006913213987616243]
[0.6309573444801932, 0.6309573444801932, 0.6309573444801932, 0.006816320459831541]
[0.6309573444801932, 0.6309573444801932, 0.6309573444801932, 0.006744503742434999]
[0.6309573444801932, 0.6309573444801932, 0.6309573444801932, 0.0067091885941274855]
[0.6309573444801932, 0.6309573444801932, 0.6309573444801932, 0.006700851600366552]
[0.6309573444801932, 0.6309573444801932, 0.6309573444801932, 0.00669822913589717]
[0.6309573444801932, 0.6309573444801932, 0.6309573444801932, 0.6309573444801932, 0.012087548426274946]
[0.6309573444801932, 0.6309573444801932, 0.6309573444801932, 0.6309573444801932, 0.011056118574900822]
[0.6309573444801932, 0.6309573444801932, 0.6309573444801934, 0.6309573444801932, 0.010056393165745562]
[0.6309573444801932, 0.6309573444801932, 0.6309573444801932, 0.6309573444801934, 0.009248551816893255]
[0.6309573444801932, 0.6309573444801932, 0.6309573444801932, 0.6309573444801932, 0.008668847976770321]
[0.6309573444801932, 0.6309573444801932, 0.6309573444801932, 0.6309573444801932, 0.008269532344997367]
[0.6309573444801932, 0.6309573444801932, 0.6309573444801932, 0.6309573444801932, 0.008103124620653157]
[0.6309573444801932, 0.6309573444801932, 0.6309573444801932, 0.6309573444801932, 0.008220738063256742]
[0.6309573444801931, 0.6309573444801932, 0.6309573444801932, 0.6309573444801932, 0.008534458824527486]
[0.6309573444801932, 0.6309573444801932, 0.6309573444801932, 0.6309573444801932, 0.008917131997170459]
[0.6309573444801932, 0.6309573444801932, 0.6309573444801932, 0.0075502268428639776]
[0.6309573444801934, 0.6309573444801932, 0.6309573444801932, 0.007498251446866736]
[0.6309573444801932, 0.6309573444801932, 0.6309573444801932, 0.0074320735684202215]
[0.6309573444801934, 0.6309573444801932, 0.6309573444801932, 0.007344631314721034]
[0.6309573444801932, 0.6309573444801932, 0.6309573444801932, 0.007239023725217764]
[0.6309573444801932, 0.6309573444801931, 0.6309573444801932, 0.007137563746153041]
[0.6309573444801932, 0.6309573444801932, 0.6309573444801932, 0.007062362411139818]
[0.6309573444801932, 0.6309573444801932, 0.6309573444801932, 0.00702538291116837]
[0.6309573444801934, 0.6309573444801932, 0.6309573444801932, 0.007016653006996374]
[0.6309573444801932, 0.6309573444801932, 0.6309573444801932, 0.007013906949584235]
[0.6309573444801932, 0.6309573444801932, 0.007804376760085614]
[0.6309573444801932, 0.6309573444801932, 0.007138429714593325]
[0.6309573444801932, 0.6309573444801932, 0.006492952776298829]
[0.6309573444801932, 0.6309573444801932, 0.005597078357060276]
[0.6309573444801932, 0.6309573444801932, 0.005339258530686421]
[0.6309573444801932, 0.6309573444801932, 0.005231816679719549]
[0.6309573444801932, 0.6309573444801932, 0.005307754296327878]
[0.6309573444801932, 0.6309573444801932, 0.005510309432578306]
[0.6309573444801932, 0.6309573444801932, 0.005757383984833352]
[0.6309573444801932, 0.6309573444801932, 0.0075502268428639776]
[0.6309573444801932, 0.6309573444801932, 0.007498251446866736]
[0.6309573444801932, 0.6309573444801932, 0.0074320735684202215]
[0.6309573444801932, 0.6309573444801932, 0.007344631314721034]
[0.6309573444801932, 0.6309573444801932, 0.007239023725217764]
[0.6309573444801931, 0.6309573444801932, 0.007137563746153041]
[0.6309573444801932, 0.6309573444801932, 0.007062362411139818]
[0.6309573444801932, 0.6309573444801932, 0.00702538291116837]
[0.6309573444801932, 0.6309573444801932, 0.007016653006996374]
[0.6309573444801932, 0.6309573444801932, 0.007013906949584235]
[0.6309573444801932, 0.6309573444801932, 0.008090213821051937]
[0.6309573444801932, 0.6309573444801932, 0.008034521180843522]
[0.6309573444801932, 0.6309573444801932, 0.007963610306508414]
[0.6309573444801932, 0.6309573444801932, 0.00786991424357625]
[0.6309573444801932, 0.6309573444801932, 0.007756753672643889]
[0.6309573444801932, 0.6309573444801931, 0.007648037346367033]
[0.6309573444801932, 0.6309573444801932, 0.007567457664120726]
[0.6309573444801932, 0.6309573444801932, 0.007527833416003285]
[0.6309573444801934, 0.6309573444801932, 0.007518479155150117]
[0.6309573444801932, 0.6309573444801932, 0.0075155367016197195]
[0.6309573444801932, 0.6309573444801932, 0.00982512822648761]
[0.6309573444801932, 0.6309573444801932, 0.008986750568008121]
[0.6309573444801932, 0.6309573444801932, 0.008174143247662085]
[0.6309573444801932, 0.6309573444801932, 0.007517505147095761]
[0.6309573444801932, 0.6309573444801932, 0.007046304175506328]
[0.6309573444801932, 0.6309573444801931, 0.006721728244419921]
[0.6309573444801932, 0.6309573444801932, 0.006586466967947525]
[0.6309573444801932, 0.6309573444801932, 0.006682066763206833]
[0.6309573444801932, 0.6309573444801932, 0.006937068571521929]
[0.6309573444801932, 0.6309573444801932, 0.00724811700396347]
[0.6309573444801932, 0.6309573444801932, 0.6309573444801932, 0.6309573444801932, 0.015415584635937805]
[0.6309573444801932, 0.6309573444801932, 0.6309573444801932, 0.6309573444801932, 0.015309464497741013]
[0.6309573444801932, 0.6309573444801932, 0.6309573444801932, 0.6309573444801932, 0.015174346612219038]
[0.6309573444801932, 0.6309573444801932, 0.6309573444801932, 0.6309573444801932, 0.014995812444873986]
[0.6309573444801932, 0.6309573444801932, 0.6309573444801932, 0.6309573444801932, 0.014780189422140079]
[0.6309573444801932, 0.6309573444801932, 0.6309573444801932, 0.6309573444801932, 0.014573034733018258]
[0.6309573444801932, 0.6309573444801932, 0.6309573444801932, 0.6309573444801932, 0.014419493313831954]
[0.6309573444801932, 0.6309573444801932, 0.6309573444801932, 0.6309573444801932, 0.014343990865565343]
[0.6309573444801932, 0.6309573444801932, 0.6309573444801932, 0.6309573444801932, 0.014326166688964049]
[0.6309573444801932, 0.6309573444801932, 0.6309573444801934, 0.6309573444801932, 0.014320559959347447]
[0.6309573444801932, 0.6309573444801932, 0.007117676199615436]
[0.6309573444801932, 0.6309573444801932, 0.006510325275689425]
[0.6309573444801932, 0.6309573444801932, 0.0059216433114105795]
[0.6309573444801932, 0.6309573444801932, 0.005445951058604997]
[0.6309573444801932, 0.6309573444801932, 0.0051045961303633385]
[0.6309573444801932, 0.6309573444801932, 0.004869461654109524]
[0.6309573444801932, 0.6309573444801932, 0.004771473521427275]
[0.6309573444801932, 0.6309573444801932, 0.004840729450888924]
[0.6309573444801932, 0.6309573444801932, 0.005025461930716528]
[0.6309573444801932, 0.6309573444801932, 0.005250796600502137]
[0.6309573444801932, 0.6309573444801932, 0.007804376760085614]
[0.6309573444801931, 0.6309573444801932, 0.007138429714593325]
[0.6309573444801931, 0.6309573444801932, 0.006492952776298829]
[0.6309573444801934, 0.6309573444801932, 0.005971366593023275]
[0.6309573444801932, 0.6309573444801932, 0.005597078357060276]
[0.6309573444801932, 0.6309573444801932, 0.005339258530686421]
[0.6309573444801932, 0.6309573444801932, 0.005231816679719549]
[0.6309573444801932, 0.6309573444801932, 0.005307754296327878]
[0.6309573444801932, 0.6309573444801932, 0.005510309432578306]
[0.6309573444801932, 0.6309573444801932, 0.005757383984833352]
[0.6309573444801932, 0.6309573444801932, 0.012087548426274946]
[0.6309573444801932, 0.6309573444801932, 0.011056118574900822]
[0.6309573444801932, 0.6309573444801932, 0.010056393165745562]
[0.6309573444801932, 0.6309573444801932, 0.009248551816893253]
[0.6309573444801932, 0.6309573444801932, 0.008668847976770321]
[0.6309573444801932, 0.6309573444801932, 0.008269532344997367]
[0.6309573444801932, 0.6309573444801932, 0.008103124620653157]
[0.6309573444801932, 0.6309573444801932, 0.008220738063256742]
[0.6309573444801932, 0.6309573444801932, 0.008534458824527486]
[0.6309573444801932, 0.6309573444801934, 0.00891713199717046]
[0.6309573444801932, 0.6309573444801932, 0.6309573444801932, 0.007906058071423083]
[0.6309573444801931, 0.6309573444801932, 0.6309573444801932, 0.007851633150478122]
[0.6309573444801932, 0.6309573444801932, 0.6309573444801932, 0.0077823364047073336]
[0.6309573444801932, 0.6309573444801932, 0.6309573444801932, 0.007690773124553004]
[0.6309573444801932, 0.6309573444801931, 0.6309573444801932, 0.007580188402693292]
[0.6309573444801932, 0.6309573444801932, 0.6309573444801932, 0.007473946762129973]
[0.6309573444801932, 0.6309573444801932, 0.6309573444801932, 0.007395201297386088]
[0.6309573444801932, 0.6309573444801932, 0.6309573444801932, 0.007356479007273337]
[0.6309573444801932, 0.6309573444801932, 0.6309573444801932, 0.007347337675393092]
[0.6309573444801932, 0.6309573444801934, 0.6309573444801932, 0.007344462200282254]
[0.6309573444801932, 0.6309573444801932, 0.6309573444801932, 0.007117676199615436]
[0.6309573444801932, 0.6309573444801932, 0.6309573444801932, 0.006510325275689425]
[0.6309573444801932, 0.6309573444801932, 0.6309573444801932, 0.0059216433114105795]
[0.6309573444801932, 0.6309573444801932, 0.6309573444801932, 0.005445951058604997]
[0.6309573444801932, 0.6309573444801932, 0.6309573444801932, 0.0051045961303633385]
[0.6309573444801932, 0.6309573444801932, 0.6309573444801932, 0.004869461654109524]
[0.6309573444801932, 0.6309573444801932, 0.6309573444801932, 0.004771473521427275]
[0.6309573444801932, 0.6309573444801932, 0.6309573444801932, 0.004840729450888924]
[0.6309573444801932, 0.6309573444801932, 0.6309573444801932, 0.005025461930716528]
[0.6309573444801932, 0.6309573444801932, 0.6309573444801932, 0.005250796600502137]
