[136.8496407389529, 79.91496137082723, 50.60501823295792, 37.05422467690798, 31.08245311337038, 31.082453113370384]
[136.92097231975518, 79.95661628891853, 50.63139562041, 37.07353884133808, 31.098654548324866, 31.098654548324866]
[136.9923039005559, 79.99827120700925, 50.657773007861906, 37.092853005768106, 31.114855983279266, 31.114855983279266]
[137.06363548135496, 80.03992612509943, 50.68415039531358, 37.112167170197964, 31.131057418233553, 31.13105741823355]
[137.13496706215247, 80.08158104318905, 50.710527782765034, 37.131481334627736, 31.147258853187797, 31.147258853187793]
[137.2062986429483, 80.12323596127814, 50.73690517021626, 37.150795499057395, 31.16346028814195, 31.16346028814195]
[137.27763022374256, 80.16489087936664, 50.76328255766727, 37.17010966348694, 31.179661723096032, 31.179661723096032]
[137.3489618045352, 80.20654579745464, 50.78965994511805, 37.18942382791633, 31.19586315804999, 31.195863158049985]
[137.4202933853262, 80.24820071554205, 50.81603733256859, 37.208737992345604, 31.212064593003888, 31.21206459300389]
[137.49162496611564, 80.28985563362896, 50.842414720018944, 37.228052156774794, 31.22826602795772, 31.228266027957716]
[192.86339969862058, 80.56974464198807, 50.86679157958259, 40.21684428062549, 31.08245311337038, 31.082453113370384]
[192.963927920565, 80.61174085966476, 50.89330541391633, 40.23780693062501, 31.098654548324866, 31.098654548324866]
[193.0644561425062, 80.6537370773408, 50.91981924824986, 40.25876958062446, 31.11485598327927, 31.11485598327927]
[193.1649843644442, 80.69573329501632, 50.94633308258316, 40.279732230623736, 31.131057418233564, 31.13105741823356]
[193.265512586379, 80.73772951269132, 50.972846916916254, 40.300694880622885, 31.147258853187807, 31.147258853187804]
[193.36604080831054, 80.7797257303657, 50.9993607512491, 40.32165753062189, 31.163460288141955, 31.163460288141955]
[193.46656903023896, 80.8217219480395, 51.02587458558172, 40.34262018062074, 31.179661723096032, 31.179661723096032]
[193.56709725216407, 80.86371816571278, 51.05238841991412, 40.36358283061946, 31.19586315804998, 31.195863158049978]
[193.66762547408612, 80.90571438338549, 51.07890225424628, 40.38454548061801, 31.212064593003877, 31.21206459300388]
[193.76815369600487, 80.94771060105766, 51.10541608857826, 40.405508130616475, 31.22826602795773, 31.228266027957726]
[136.8496407389529, 79.91496137082723, 50.60501823295792, 36.9437529229668, 29.214258959432087, 29.21425895943208]
[136.92097231975518, 79.95661628891853, 50.63139562041, 36.963009505039516, 29.22948661584288, 29.229486615842887]
[136.9923039005559, 79.99827120700925, 50.657773007861906, 36.98226608711215, 29.244714272253596, 29.244714272253592]
[137.06363548135496, 80.03992612509943, 50.68415039531358, 37.001522669184645, 29.259941928664215, 29.25994192866422]
[137.13496706215247, 80.08158104318905, 50.710527782765034, 37.020779251257025, 29.27516958507478, 29.275169585074778]
[137.2062986429483, 80.12323596127814, 50.73690517021626, 37.04003583332929, 29.290397241485284, 29.290397241485284]
[137.27763022374256, 80.16489087936664, 50.76328255766727, 37.05929241540146, 29.30562489789573, 29.30562489789573]
[137.3489618045352, 80.20654579745464, 50.78965994511805, 37.07854899747346, 29.32085255430604, 29.320852554306033]
[137.4202933853262, 80.24820071554205, 50.81603733256859, 37.09780557954535, 29.336080210716307, 29.33608021071631]
[137.49162496611564, 80.28985563362896, 50.842414720018944, 37.11706216161716, 29.351307867126536, 29.351307867126536]
[139.63195340235714, 69.11339949210047, 46.04781094032959, 37.14355589602474, 29.214258959432087, 29.21425895943208]
[139.70473523728577, 69.14942419824311, 46.07181292657094, 37.16291662350831, 29.229486615842877, 29.22948661584288]
[139.7775170722128, 69.18544890438535, 46.09581491281217, 37.18227735099181, 29.244714272253606, 29.244714272253603]
[139.8502989071381, 69.22147361052716, 46.11981689905319, 37.201638078475135, 29.259941928664215, 29.25994192866422]
[139.92308074206173, 69.25749831666859, 46.14381888529404, 37.22099880595839, 29.27516958507481, 29.275169585074813]
[139.9958625769837, 69.29352302280958, 46.1678208715347, 37.240359533441485, 29.29039724148529, 29.29039724148529]
[140.068644411904, 69.32954772895016, 46.191822857775165, 37.259720260924475, 29.30562489789573, 29.30562489789573]
[140.1414262468226, 69.36557243509031, 46.21582484401544, 37.27908098840732, 29.32085255430604, 29.320852554306033]
[140.21420808173949, 69.40159714123006, 46.239826830255495, 37.29844171589006, 29.336080210716318, 29.33608021071632]
[140.28698991665473, 69.43762184736941, 46.26382881649543, 37.317802443372685, 29.35130786712653, 29.35130786712653]
[136.8496407389529, 68.42482111151647, 44.634570952365316, 33.724830162049166, 27.888132296157163, 27.888132296157163]
[136.92097231975518, 68.4604869026914, 44.6578363006251, 33.74240891106229, 27.902668721579552, 27.902668721579552]
[136.9923039005559, 68.49615269386592, 44.68110164888476, 33.75998766007534, 27.917205147001866, 27.917205147001866]
[137.06363548135496, 68.53181848504003, 44.70436699714424, 33.777566409088266, 27.93174157242409, 27.93174157242409]
[137.13496706215247, 68.56748427621376, 44.727632345403535, 33.7951451581011, 27.946277997846263, 27.946277997846263]
[137.2062986429483, 68.60315006738706, 44.75089769366266, 33.81272390711385, 27.960814423268374, 27.960814423268374]
[137.27763022374256, 68.63881585855997, 44.77416304192161, 33.830302656126506, 27.97535084869043, 27.97535084869043]
[137.3489618045352, 68.67448164973246, 44.79742839018039, 33.84788140513903, 27.98988727411238, 27.989887274112384]
[137.4202933853262, 68.71014744090454, 44.82069373843898, 33.86546015415147, 28.004423699534296, 28.004423699534296]
[137.49162496611564, 68.74581323207623, 44.84395908669741, 33.88303890316383, 28.018960124956156, 28.018960124956152]
[161.13948722631451, 74.33071774792533, 47.07440358421304, 35.025954751965784, 27.888132296157178, 27.888132296157174]
[161.22347965952216, 74.36946193185645, 47.098940672163415, 35.04421169987164, 27.90266872157956, 27.90266872157956]
[161.30747209272755, 74.40820611578707, 47.12347776011362, 35.06246864777743, 27.917205147001873, 27.917205147001873]
[161.3914645259307, 74.4469502997172, 47.148014848063625, 35.080725595683084, 27.93174157242409, 27.93174157242409]
[161.47545695913166, 74.48569448364688, 47.172551936013456, 35.09898254358867, 27.94627799784628, 27.946277997846277]
[161.55944939233032, 74.52443866757608, 47.197089023963066, 35.117239491494104, 27.960814423268374, 27.960814423268374]
[161.64344182552676, 74.56318285150478, 47.2216261119125, 35.13549643939946, 27.97535084869044, 27.975350848690436]
[161.72743425872096, 74.60192703543302, 47.246163199861726, 35.153753387304675, 27.989887274112373, 27.989887274112377]
[161.81142669191297, 74.64067121936075, 47.27070028781077, 35.17201033520982, 28.004423699534296, 28.004423699534296]
[161.89541912510268, 74.67941540328808, 47.29523737575963, 35.19026728311486, 28.01896012495616, 28.01896012495616]
[160.59617834188978, 73.88750541330816, 48.206707436792925, 37.19560180311652, 37.19560180311651]
[160.67988758048875, 73.92601857700252, 48.231834727420114, 37.21498965903716, 37.21498965903716]
[160.7635968190855, 73.96453174069643, 48.25696201804715, 37.23437751495767, 37.234377514957664]
[160.84730605768002, 74.00304490438982, 48.28208930867395, 37.25376537087806, 37.25376537087806]
[160.9310152962724, 74.04155806808281, 48.307216599300574, 37.27315322679833, 37.27315322679832]
[161.01472453486247, 74.08007123177525, 48.33234388992697, 37.29254108271849, 37.2925410827185]
[161.09843377345032, 74.11858439546725, 48.357471180553176, 37.31192893863854, 37.31192893863854]
[161.18214301203594, 74.15709755915876, 48.38259847117916, 37.33131679455842, 37.33131679455842]
[161.2658522506194, 74.1956107228498, 48.40772576180495, 37.35070465047821, 37.3507046504782]
[161.3495614892006, 74.2341238865404, 48.43285305243055, 37.370092506397896, 37.370092506397896]
[162.84263428525455, 74.90181556539137, 48.407160018427746, 37.19560180311652, 37.19560180311651]
[162.9275144677306, 74.94085742865737, 48.43239179306774, 37.214989659037116, 37.214989659037116]
[163.01239465020433, 74.97989929192285, 48.45762356770755, 37.23437751495767, 37.234377514957664]
[163.09727483267582, 75.01894115518785, 48.48285534234716, 37.25376537087805, 37.25376537087805]
[163.18215501514504, 75.05798301845238, 48.50808711698657, 37.27315322679833, 37.27315322679832]
[163.2670351976119, 75.09702488171644, 48.533318891625775, 37.292541082718486, 37.29254108271849]
[163.35191538007652, 75.13606674497997, 48.55855066626478, 37.31192893863853, 37.31192893863853]
[163.43679556253883, 75.17510860824302, 48.583782440903555, 37.33131679455842, 37.33131679455842]
[163.52167574499893, 75.2141504715056, 48.60901421554214, 37.35070465047822, 37.35070465047822]
[163.60655592745664, 75.25319233476769, 48.6342459901805, 37.37009250639789, 37.37009250639789]
[160.59617834188978, 73.88750541330816, 47.98147280829268, 35.648983113732996, 35.648983113733]
[160.67988758048875, 73.92601857700252, 48.00648269749946, 35.66756480928275, 35.66756480928275]
[160.7635968190855, 73.96453174069643, 48.03149258670608, 35.68614650483242, 35.68614650483242]
[160.84730605768002, 74.00304490438982, 48.056502475912474, 35.70472820038195, 35.70472820038195]
[160.9310152962724, 74.04155806808281, 48.08151236511869, 35.72330989593139, 35.723309895931386]
[161.01472453486247, 74.08007123177525, 48.10652225432467, 35.74189159148071, 35.74189159148071]
[161.09843377345032, 74.11858439546725, 48.13153214353047, 35.76047328702993, 35.76047328702993]
[161.18214301203594, 74.15709755915876, 48.15654203273605, 35.77905498257901, 35.779054982579005]
[161.2658522506194, 74.1956107228498, 48.18155192194144, 35.79763667812801, 35.797636678128015]
[161.3495614892006, 74.2341238865404, 48.206561811146635, 35.81621837367689, 35.81621837367689]
[138.69792058850706, 68.8837916748602, 45.82007941683166, 35.64898311373299, 35.648983113732996]
[138.77021556767724, 68.91969670009996, 45.843962700169634, 35.66756480928276, 35.66756480928276]
[138.8425105468458, 68.9556017253393, 45.86784598350746, 35.686146504832415, 35.686146504832415]
[138.91480552601269, 68.99150675057822, 45.891729266845076, 35.70472820038195, 35.70472820038195]
[138.98710050517792, 69.02741177581676, 45.91561255018253, 35.723309895931386, 35.72330989593138]
[139.05939548434148, 69.06331680105485, 45.93949583351978, 35.74189159148071, 35.74189159148071]
[139.13169046350345, 69.09922182629253, 45.96337911685684, 35.76047328702991, 35.76047328702991]
[139.20398544266365, 69.13512685152982, 45.98726240019373, 35.779054982579005, 35.779054982579]
[139.2762804218223, 69.17103187676669, 46.01114568353042, 35.79763667812799, 35.797636678128]
[139.34857540097923, 69.20693690200315, 46.035028966866946, 35.816218373676875, 35.816218373676875]
[160.59617834188978, 73.88750541330816, 46.89624963785667, 35.00021701591512, 28.7545913778469, 28.7545913778469]
[160.67988758048875, 73.92601857700252, 46.920693864746994, 35.01846054826938, 28.76957943687571, 28.769579436875713]
[160.7635968190855, 73.96453174069643, 46.945138091637176, 35.03670408062356, 28.784567495904433, 28.784567495904433]
[160.84730605768002, 74.00304490438982, 46.96958231852714, 35.054947612977614, 28.79955555493306, 28.79955555493306]
[160.9310152962724, 74.04155806808281, 46.99402654541693, 35.073191145331585, 28.814543613961657, 28.81454361396166]
[161.01472453486247, 74.08007123177525, 47.01847077230649, 35.091434677685406, 28.829531672990147, 28.829531672990143]
[161.09843377345032, 74.11858439546725, 47.042914999195894, 35.109678210039164, 28.844519732018608, 28.844519732018608]
[161.18214301203594, 74.15709755915876, 47.067359226085074, 35.12792174239277, 28.859507791046937, 28.859507791046937]
[161.2658522506194, 74.1956107228498, 47.09180345297408, 35.1461652747463, 28.87449585007524, 28.874495850075238]
[161.3495614892006, 74.2341238865404, 47.1162476798629, 35.16440880709973, 28.88948390910348, 28.889483909103483]
[161.13948722631451, 74.33071774792533, 47.07440358421304, 35.025954751965784, 28.754591377846914, 28.754591377846914]
[161.22347965952216, 74.36946193185645, 47.098940672163415, 35.04421169987164, 28.769579436875713, 28.769579436875716]
[161.30747209272755, 74.40820611578707, 47.12347776011362, 35.06246864777743, 28.784567495904444, 28.78456749590444]
[161.3914645259307, 74.4469502997172, 47.148014848063625, 35.080725595683084, 28.79955555493306, 28.79955555493306]
[161.47545695913166, 74.48569448364688, 47.172551936013456, 35.09898254358867, 28.814543613961654, 28.814543613961654]
[161.55944939233032, 74.52443866757608, 47.197089023963066, 35.117239491494104, 28.829531672990147, 28.829531672990143]
[161.64344182552676, 74.56318285150478, 47.2216261119125, 35.13549643939946, 28.844519732018604, 28.8445197320186]
[161.72743425872096, 74.60192703543302, 47.246163199861726, 35.153753387304675, 28.859507791046926, 28.859507791046926]
[161.81142669191297, 74.64067121936075, 47.27070028781077, 35.17201033520982, 28.87449585007524, 28.874495850075238]
[161.89541912510268, 74.67941540328808, 47.29523737575963, 35.19026728311486, 28.88948390910348, 28.889483909103483]
[160.59617834188978, 87.46756243210886, 53.532060355656405, 38.59962961508436, 32.162612987021575, 32.162612987021575]
[160.67988758048875, 87.51315407204581, 53.55996343613658, 38.61974930722866, 32.17937744509978, 32.17937744509978]
[160.7635968190855, 87.55874571198203, 53.587866516616515, 38.639868999372815, 32.19614190317785, 32.19614190317785]
[160.84730605768002, 87.60433735191764, 53.615769597096225, 38.659988691516865, 32.212906361255854, 32.21290636125585]
[160.9310152962724, 87.64992899185258, 53.64367267757569, 38.68010838366078, 32.22967081933378, 32.22967081933378]
[161.01472453486247, 87.69552063178682, 53.67157575805488, 38.70022807580456, 32.2464352774116, 32.2464352774116]
[161.09843377345032, 87.74111227172041, 53.69947883853383, 38.7203477679482, 32.263199735489344, 32.263199735489344]
[161.18214301203594, 87.78670391165333, 53.72738191901252, 38.740467460091715, 32.27996419356697, 32.27996419356697]
[161.2658522506194, 87.83229555158562, 53.755284999490954, 38.760587152235075, 32.296728651644514, 32.296728651644514]
[161.3495614892006, 87.87788719151727, 53.78318807996918, 38.78070684437835, 32.313493109722, 32.313493109722]
[192.86339969862058, 80.56974464198807, 50.86679157958259, 40.21684428062549, 32.16261298702158, 32.16261298702159]
[192.963927920565, 80.61174085966476, 50.89330541391633, 40.23780693062501, 32.17937744509976, 32.17937744509977]
[193.0644561425062, 80.6537370773408, 50.91981924824986, 40.25876958062446, 32.19614190317787, 32.19614190317787]
[193.1649843644442, 80.69573329501632, 50.94633308258316, 40.279732230623736, 32.21290636125584, 32.21290636125583]
[193.265512586379, 80.73772951269132, 50.972846916916254, 40.300694880622885, 32.22967081933377, 32.22967081933377]
[193.36604080831054, 80.7797257303657, 50.9993607512491, 40.32165753062189, 32.2464352774116, 32.24643527741159]
[193.46656903023896, 80.8217219480395, 51.02587458558172, 40.34262018062074, 32.26319973548934, 32.26319973548934]
[193.56709725216407, 80.86371816571278, 51.05238841991412, 40.36358283061946, 32.27996419356696, 32.279964193566954]
[193.66762547408612, 80.90571438338549, 51.07890225424628, 40.38454548061801, 32.29672865164451, 32.296728651644514]
[193.76815369600487, 80.94771060105766, 51.10541608857826, 40.405508130616475, 32.313493109722, 32.313493109722]
[192.08562411694405, 80.29809019284963, 50.60501823295791, 37.14355589602476, 37.14355589602476]
[192.18574693073927, 80.33994481321474, 50.631395620410004, 37.16291662350832, 37.162916623508316]
[192.2858697445313, 80.38179943357929, 50.65777300786192, 37.182277350991804, 37.182277350991804]
[192.38599255832017, 80.42365405394324, 50.68415039531359, 37.20163807847513, 37.20163807847513]
[192.48611537210593, 80.46550867430672, 50.71052778276507, 37.22099880595839, 37.22099880595839]
[192.58623818588836, 80.50736329466952, 50.736905170216275, 37.24035953344147, 37.24035953344147]
[192.68636099966773, 80.54921791503185, 50.76328255766729, 37.259720260924475, 37.259720260924475]
[192.78648381344385, 80.59107253539356, 50.78965994511806, 37.27908098840732, 37.279080988407316]
[192.88660662721688, 80.63292715575474, 50.816037332568605, 37.298441715890064, 37.298441715890064]
[192.98672944098664, 80.67478177611542, 50.84241472001895, 37.31780244337269, 37.31780244337269]
[139.63195340235714, 69.11339949210047, 46.04781094032959, 37.14355589602474, 37.14355589602475]
[139.70473523728577, 69.14942419824311, 46.07181292657094, 37.16291662350831, 37.1629166235083]
[139.7775170722128, 69.18544890438535, 46.09581491281217, 37.18227735099181, 37.18227735099181]
[139.8502989071381, 69.22147361052716, 46.11981689905319, 37.201638078475135, 37.201638078475135]
[139.92308074206173, 69.25749831666859, 46.14381888529404, 37.22099880595839, 37.22099880595839]
[139.9958625769837, 69.29352302280958, 46.1678208715347, 37.240359533441485, 37.240359533441485]
[140.068644411904, 69.32954772895016, 46.191822857775165, 37.259720260924475, 37.259720260924475]
[140.1414262468226, 69.36557243509031, 46.21582484401544, 37.27908098840732, 37.279080988407316]
[140.21420808173949, 69.40159714123006, 46.239826830255495, 37.29844171589006, 37.29844171589006]
[140.28698991665473, 69.43762184736941, 46.26382881649543, 37.317802443372685, 37.317802443372685]
[121.84822856879525, 69.5783410513985, 46.12635827334588, 35.88254268859526, 35.88254268859525]
[121.91174080555031, 69.6146081039311, 46.150401201641905, 35.90124612486548, 35.90124612486547]
[121.97525304230402, 69.65087515646326, 46.1744441299378, 35.91994956113562, 35.91994956113562]
[122.03876527905646, 69.68714220899498, 46.19848705823347, 35.938652997405605, 35.938652997405605]
[122.10227751580764, 69.72340926152631, 46.22252998652897, 35.95735643367552, 35.95735643367551]
[122.16578975255753, 69.75967631405719, 46.24657291482428, 35.97605986994528, 35.97605986994529]
[122.22930198930614, 69.79594336658768, 46.27061584311941, 35.99476330621496, 35.99476330621496]
[122.29281422605347, 69.83221041911773, 46.29465877141434, 36.0134667424845, 36.0134667424845]
[122.35632646279949, 69.86847747164734, 46.31870169970908, 36.032170178753944, 36.032170178753944]
[122.41983869954427, 69.9047445241766, 46.342744628003665, 36.050873615023285, 36.050873615023285]
[192.08562411694405, 80.29809019284963, 50.81252720972469, 40.21684428062549, 40.216844280625494]
[192.18574693073927, 80.33994481321474, 50.83901275926875, 40.23780693062501, 40.23780693062501]
[192.2858697445313, 80.38179943357929, 50.865498308812626, 40.25876958062447, 40.25876958062447]
[192.38599255832017, 80.42365405394324, 50.89198385835624, 40.27973223062375, 40.27973223062375]
[192.48611537210593, 80.46550867430672, 50.91846940789969, 40.30069488062291, 40.30069488062291]
[192.58623818588836, 80.50736329466952, 50.94495495744285, 40.32165753062189, 40.32165753062189]
[192.68636099966773, 80.54921791503185, 50.97144050698582, 40.34262018062077, 40.34262018062076]
[192.78648381344385, 80.59107253539356, 50.997926056528534, 40.36358283061946, 40.36358283061945]
[192.88660662721688, 80.63292715575474, 51.024411606071034, 40.384545480618016, 40.384545480618016]
[192.98672944098664, 80.67478177611542, 51.05089715561334, 40.40550813061647, 40.40550813061647]
[192.86339969862058, 80.56974464198807, 50.86679157958259, 40.21684428062549, 40.216844280625494]
[192.963927920565, 80.61174085966476, 50.89330541391633, 40.23780693062501, 40.23780693062501]
[193.0644561425062, 80.6537370773408, 50.91981924824986, 40.25876958062446, 40.25876958062446]
[193.1649843644442, 80.69573329501632, 50.94633308258316, 40.279732230623736, 40.27973223062373]
[193.265512586379, 80.73772951269132, 50.972846916916254, 40.300694880622885, 40.300694880622885]
[193.36604080831054, 80.7797257303657, 50.9993607512491, 40.32165753062189, 40.32165753062189]
[193.46656903023896, 80.8217219480395, 51.02587458558172, 40.34262018062074, 40.342620180620735]
[193.56709725216407, 80.86371816571278, 51.05238841991412, 40.36358283061946, 40.36358283061945]
[193.66762547408612, 80.90571438338549, 51.07890225424628, 40.38454548061801, 40.38454548061801]
[193.76815369600487, 80.94771060105766, 51.10541608857826, 40.405508130616475, 40.40550813061647]
[160.59617834188978, 83.5086746194023, 58.49692697036231, 37.138732499601666, 37.138732499601666]
[160.67988758048875, 83.55220272652433, 58.52741794061394, 37.15809071293545, 37.158090712935454]
[160.7635968190855, 83.59573083364573, 58.55790891086527, 37.17744892626913, 37.17744892626913]
[160.84730605768002, 83.63925894076655, 58.58839988111634, 37.19680713960271, 37.19680713960271]
[160.9310152962724, 83.68278704788676, 58.61889085136707, 37.216165352936166, 37.216165352936166]
[161.01472453486247, 83.72631515500638, 58.649381821617524, 37.23552356626947, 37.23552356626948]
[161.09843377345032, 83.76984326212536, 58.67987279186768, 37.254881779602684, 37.25488177960268]
[161.18214301203594, 83.81337136924373, 58.7103637621175, 37.27423999293572, 37.27423999293572]
[161.2658522506194, 83.85689947636153, 58.74085473236707, 37.293598206268676, 37.29359820626868]
[161.3495614892006, 83.90042758347876, 58.771345702616344, 37.31295641960154, 37.31295641960154]
[101.71747854211092, 66.88398029907772, 48.31088494937329, 37.13873249960167, 37.13873249960167]
[101.77049781597148, 66.91884294155346, 48.33606654154386, 37.15809071293546, 37.15809071293547]
[101.82351708983114, 66.95370558402882, 48.36124813371426, 37.17744892626916, 37.177448926269165]
[101.87653636368992, 66.98856822650382, 48.38642972588445, 37.1968071396027, 37.1968071396027]
[101.9295556375478, 67.0234308689784, 48.41161131805445, 37.216165352936144, 37.216165352936144]
[101.98257491140475, 67.05829351145259, 48.43679291022422, 37.23552356626946, 37.23552356626946]
[102.03559418526085, 67.09315615392639, 48.4619745023938, 37.25488177960265, 37.25488177960264]
[102.08861345911602, 67.12801879639983, 48.48715609456319, 37.27423999293574, 37.27423999293573]
[102.14163273297032, 67.16288143887284, 48.512337686732344, 37.293598206268676, 37.29359820626868]
[102.19465200682374, 67.1977440813455, 48.53751927890132, 37.31295641960153, 37.31295641960153]
[128.37664380297053, 76.59727013099234, 49.1096776143336, 36.33596521445724, 36.33596521445724]
[128.4435589143542, 76.6371957339116, 49.13527556962775, 36.354904992932646, 36.35490499293264]
[128.5104740257365, 76.67712133683041, 49.16087352492177, 36.373844771407974, 36.373844771407974]
[128.57738913711736, 76.71704693974867, 49.18647148021553, 36.392784549883146, 36.392784549883146]
[128.6443042484968, 76.75697254266645, 49.21206943550912, 36.411724328358254, 36.411724328358254]
[128.7112193598748, 76.79689814558365, 49.23766739080246, 36.430664106833206, 36.4306641068332]
[128.7781344712514, 76.83682374850044, 49.263265346095615, 36.44960388530808, 36.44960388530808]
[128.84504958262656, 76.87674935141666, 49.288863301388545, 36.468543663782796, 36.46854366378279]
[128.91196469400032, 76.91667495433238, 49.31446125668125, 36.4874834422574, 36.4874834422574]
[128.97887980537266, 76.9566005572476, 49.34005921197376, 36.50642322073191, 36.50642322073191]
[139.69685883928443, 69.12929718195046, 50.680734840727446, 36.33596521445724, 36.33596521445724]
[139.76967450555742, 69.1653301746136, 50.70715169474539, 36.35490499293267, 36.35490499293266]
[139.84249017182873, 69.20136316727631, 50.733568548763145, 36.37384477140796, 36.37384477140796]
[139.91530583809833, 69.23739615993856, 50.75998540278063, 36.39278454988317, 36.39278454988317]
[139.98812150436626, 69.27342915260044, 50.78640225679793, 36.41172432835823, 36.41172432835823]
[140.0609371706325, 69.30946214526189, 50.812819110814985, 36.43066410683321, 36.430664106833206]
[140.13375283689712, 69.34549513792294, 50.839235964831815, 36.449603885308065, 36.44960388530807]
[140.20656850316, 69.38152813058356, 50.86565281884843, 36.468543663782796, 36.46854366378279]
[140.2793841694212, 69.41756112324373, 50.8920696728648, 36.48748344225739, 36.48748344225739]
[140.35219983568075, 69.45359411590356, 50.91848652688096, 36.506423220731904, 36.506423220731904]
[138.69792058850706, 68.8837916748602, 48.206707436792925, 37.74723462269383, 37.74723462269383]
[138.77021556767724, 68.91969670009996, 48.231834727420114, 37.7669100120067, 37.76691001200669]
[138.8425105468458, 68.9556017253393, 48.25696201804714, 37.78658540131945, 37.78658540131945]
[138.91480552601269, 68.99150675057822, 48.28208930867395, 37.80626079063209, 37.80626079063209]
[138.98710050517792, 69.02741177581676, 48.30721659930057, 37.82593617994459, 37.825936179944584]
[139.05939548434148, 69.06331680105485, 48.33234388992695, 37.84561156925698, 37.84561156925698]
[139.13169046350345, 69.09922182629253, 48.357471180553155, 37.86528695856924, 37.865286958569236]
[139.20398544266365, 69.13512685152982, 48.38259847117914, 37.884962347881356, 37.88496234788136]
[139.2762804218223, 69.17103187676669, 48.40772576180493, 37.90463773719336, 37.90463773719336]
[139.34857540097923, 69.20693690200315, 48.43285305243053, 37.92431312650527, 37.92431312650527]
[173.97338070210324, 83.5086746194023, 51.86158823006099, 37.74723462269383, 37.74723462269383]
[174.06406268068167, 83.55220272652434, 51.88862059274202, 37.76691001200669, 37.76691001200668]
[174.15474465925746, 83.59573083364575, 51.915652955422836, 37.786585401319456, 37.786585401319456]
[174.24542663783063, 83.63925894076654, 51.9426853181034, 37.80626079063209, 37.80626079063209]
[174.33610861640125, 83.68278704788678, 51.969717680783766, 37.82593617994463, 37.82593617994462]
[174.42679059496916, 83.72631515500636, 51.996750043463855, 37.84561156925698, 37.84561156925698]
[174.51747257353452, 83.76984326212536, 52.023782406143724, 37.86528695856924, 37.865286958569236]
[174.60815455209723, 83.81337136924373, 52.05081476882336, 37.88496234788138, 37.88496234788138]
[174.69883653065745, 83.85689947636152, 52.07784713150275, 37.90463773719338, 37.90463773719338]
[174.78951850921496, 83.90042758347876, 52.10487949418193, 37.924313126505275, 37.924313126505275]
[161.57367962505785, 74.09374120709931, 50.860109858240335, 35.882542688595265, 35.88254268859526]
[161.65789837693973, 74.13236186925026, 50.88662020979001, 35.90124612486547, 35.901246124865466]
[161.74211712881933, 74.17098253140072, 50.91313056133948, 35.9199495611356, 35.9199495611356]
[161.82633588069672, 74.20960319355069, 50.93964091288869, 35.93865299740559, 35.93865299740559]
[161.91055463257186, 74.24822385570025, 50.966151264437734, 35.95735643367551, 35.95735643367549]
[161.99477338444473, 74.28684451784927, 50.99266161598652, 35.97605986994529, 35.976059869945296]
[162.07899213631535, 74.32546517999782, 51.01917196753507, 35.994763306214956, 35.994763306214956]
[162.1632108881837, 74.3640858421459, 51.04568231908339, 36.013466742484496, 36.013466742484496]
[162.24742964004986, 74.4027065042935, 51.07219267063149, 36.03217017875392, 36.03217017875392]
[162.33164839191372, 74.44132716644066, 51.09870302217939, 36.05087361502327, 36.05087361502327]
[121.84822856879525, 69.5783410513985, 46.12635827334588, 35.88254268859526, 35.88254268859525]
[121.91174080555031, 69.6146081039311, 46.150401201641905, 35.90124612486548, 35.90124612486547]
[121.97525304230402, 69.65087515646326, 46.1744441299378, 35.91994956113562, 35.91994956113562]
[122.03876527905646, 69.68714220899498, 46.19848705823347, 35.938652997405605, 35.938652997405605]
[122.10227751580764, 69.72340926152631, 46.22252998652897, 35.95735643367552, 35.95735643367551]
[122.16578975255753, 69.75967631405719, 46.24657291482428, 35.97605986994528, 35.97605986994529]
[122.22930198930614, 69.79594336658768, 46.27061584311941, 35.99476330621496, 35.99476330621496]
[122.29281422605347, 69.83221041911773, 46.29465877141434, 36.0134667424845, 36.0134667424845]
[122.35632646279949, 69.86847747164734, 46.31870169970908, 36.032170178753944, 36.032170178753944]
[122.41983869954427, 69.9047445241766, 46.342744628003665, 36.050873615023285, 36.050873615023285]
[138.69792058850706, 68.8837916748602, 48.206707436792925, 37.74723462269383, 31.63343867191455, 31.63343867191455]
[138.77021556767724, 68.91969670009996, 48.231834727420114, 37.7669100120067, 31.64992730288315, 31.649927302883153]
[138.8425105468458, 68.9556017253393, 48.25696201804714, 37.78658540131945, 31.66641593385165, 31.666415933851653]
[138.91480552601269, 68.99150675057822, 48.28208930867395, 37.80626079063209, 31.682904564820053, 31.682904564820053]
[138.98710050517792, 69.02741177581676, 48.30721659930057, 37.82593617994459, 31.699393195788375, 31.699393195788375]
[139.05939548434148, 69.06331680105485, 48.33234388992695, 37.84561156925698, 31.71588182675663, 31.71588182675663]
[139.13169046350345, 69.09922182629253, 48.357471180553155, 37.86528695856924, 31.732370457724798, 31.732370457724798]
[139.20398544266365, 69.13512685152982, 48.38259847117914, 37.884962347881356, 31.748859088692832, 31.74885908869283]
[139.2762804218223, 69.17103187676669, 48.40772576180493, 37.90463773719336, 31.765347719660827, 31.765347719660827]
[139.34857540097923, 69.20693690200315, 48.43285305243053, 37.92431312650527, 31.78183635062874, 31.781836350628737]
[195.3082510641266, 92.01225917907873, 58.49692697036232, 40.97990349199487, 31.63343867191454, 31.63343867191454]
[195.4100536416692, 92.06021969919165, 58.52741794061394, 41.00126387939422, 31.649927302883142, 31.649927302883142]
[195.51185621920843, 92.1081802193038, 58.55790891086528, 41.02262426679349, 31.66641593385166, 31.666415933851667]
[195.61365879674437, 92.15614073941522, 58.58839988111632, 41.043984654192556, 31.682904564820042, 31.682904564820042]
[195.71546137427708, 92.20410125952593, 58.618890851367084, 41.06534504159153, 31.6993931957884, 31.699393195788396]
[195.8172639518064, 92.25206177963587, 58.649381821617524, 41.086705428990314, 31.715881826756625, 31.715881826756625]
[195.91906652933255, 92.30002229974514, 58.67987279186767, 41.10806581638895, 31.732370457724798, 31.732370457724798]
[196.02086910685532, 92.34798281985361, 58.71036376211752, 41.129426203787446, 31.74885908869284, 31.748859088692836]
[196.12267168437495, 92.39594333996139, 58.74085473236707, 41.15078659118578, 31.765347719660824, 31.76534771966082]
[196.22447426189117, 92.44390386006846, 58.77134570261635, 41.172146978584, 31.781836350628744, 31.781836350628744]
[139.69685883928443, 69.12929718195046, 50.680734840727446, 36.33596521445724, 28.792840984475536, 28.792840984475536]
[139.76967450555742, 69.1653301746136, 50.70715169474539, 36.35490499293267, 28.80784898075027, 28.80784898075027]
[139.84249017182873, 69.20136316727631, 50.733568548763145, 36.37384477140796, 28.822856977024887, 28.822856977024887]
[139.91530583809833, 69.23739615993856, 50.75998540278063, 36.39278454988317, 28.83786497329943, 28.837864973299425]
[139.98812150436626, 69.27342915260044, 50.78640225679793, 36.41172432835823, 28.852872969573916, 28.852872969573916]
[140.0609371706325, 69.30946214526189, 50.812819110814985, 36.43066410683321, 28.867880965848336, 28.86788096584833]
[140.13375283689712, 69.34549513792294, 50.839235964831815, 36.449603885308065, 28.882888962122703, 28.882888962122703]
[140.20656850316, 69.38152813058356, 50.86565281884843, 36.468543663782796, 28.897896958396945, 28.897896958396945]
[140.2793841694212, 69.41756112324373, 50.8920696728648, 36.48748344225739, 28.91290495467114, 28.912904954671138]
[140.35219983568075, 69.45359411590356, 50.91848652688096, 36.506423220731904, 28.927912950945288, 28.927912950945284]
[138.69792058850706, 66.66892362555096, 49.34565485419092, 36.26802254121807, 28.792840984475543, 28.792840984475543]
[138.77021556767724, 66.70367417176976, 49.37137581039005, 36.28692690521735, 28.807848980750254, 28.807848980750254]
[138.8425105468458, 66.73842471798817, 49.39709676658901, 36.30583126921654, 28.822856977024884, 28.822856977024884]
[138.91480552601269, 66.77317526420619, 49.42281772278774, 36.324735633215596, 28.83786497329942, 28.837864973299418]
[138.98710050517792, 66.80792581042384, 49.44853867898628, 36.343639997214545, 28.85287296957391, 28.852872969573912]
[139.05939548434148, 66.84267635664108, 49.47425963518457, 36.36254436121339, 28.86788096584833, 28.867880965848325]
[139.13169046350345, 66.87742690285795, 49.49998059138269, 36.381448725212124, 28.882888962122703, 28.882888962122703]
[139.20398544266365, 66.91217744907442, 49.52570154758056, 36.40035308921071, 28.897896958396935, 28.897896958396935]
[139.2762804218223, 66.94692799529051, 49.55142250377822, 36.41925745320919, 28.912904954671145, 28.912904954671145]
[139.34857540097923, 66.98167854150624, 49.57714345997569, 36.438161817207586, 28.927912950945288, 28.927912950945284]
[162.84263428525455, 74.90181556539137, 48.407160018427746, 35.75848480690237, 35.75848480690237]
[162.9275144677306, 74.94085742865737, 48.43239179306774, 35.777123579174514, 35.77712357917451]
[163.01239465020433, 74.97989929192285, 48.45762356770755, 35.795762351446584, 35.795762351446584]
[163.09727483267582, 75.01894115518785, 48.48285534234716, 35.814401123718525, 35.81440112371852]
[163.18215501514504, 75.05798301845238, 48.50808711698657, 35.83303989599035, 35.83303989599035]
[163.2670351976119, 75.09702488171644, 48.533318891625775, 35.85167866826208, 35.85167866826208]
[163.35191538007652, 75.13606674497997, 48.55855066626478, 35.870317440533704, 35.870317440533704]
[163.43679556253883, 75.17510860824302, 48.583782440903555, 35.88895621280518, 35.88895621280518]
[163.52167574499893, 75.2141504715056, 48.60901421554214, 35.90759498507657, 35.90759498507657]
[163.60655592745664, 75.25319233476769, 48.6342459901805, 35.92623375734784, 35.92623375734784]
[136.8496407389529, 68.42482111151647, 45.82007941683168, 35.75848480690236, 35.75848480690236]
[136.92097231975518, 68.4604869026914, 45.843962700169634, 35.77712357917452, 35.77712357917452]
[136.9923039005559, 68.49615269386592, 45.86784598350745, 35.79576235144658, 35.79576235144658]
[137.06363548135496, 68.53181848504003, 45.891729266845076, 35.81440112371851, 35.814401123718504]
[137.13496706215247, 68.56748427621376, 45.91561255018251, 35.83303989599034, 35.83303989599034]
[137.2062986429483, 68.60315006738706, 45.93949583351977, 35.851678668262075, 35.851678668262075]
[137.27763022374256, 68.63881585855997, 45.96337911685684, 35.87031744053369, 35.87031744053369]
[137.3489618045352, 68.67448164973246, 45.987262400193735, 35.88895621280517, 35.88895621280517]
[137.4202933853262, 68.71014744090454, 46.01114568353043, 35.90759498507657, 35.90759498507657]
[137.49162496611564, 68.74581323207623, 46.03502896686695, 35.926233757347845, 35.926233757347845]
[162.84263428525455, 74.90181556539137, 48.407160018427746, 37.19560180311652, 37.19560180311651]
[162.9275144677306, 74.94085742865737, 48.43239179306774, 37.214989659037116, 37.214989659037116]
[163.01239465020433, 74.97989929192285, 48.45762356770755, 37.23437751495767, 37.234377514957664]
[163.09727483267582, 75.01894115518785, 48.48285534234716, 37.25376537087805, 37.25376537087805]
[163.18215501514504, 75.05798301845238, 48.50808711698657, 37.27315322679833, 37.27315322679832]
[163.2670351976119, 75.09702488171644, 48.533318891625775, 37.292541082718486, 37.29254108271849]
[163.35191538007652, 75.13606674497997, 48.55855066626478, 37.31192893863853, 37.31192893863853]
[163.43679556253883, 75.17510860824302, 48.583782440903555, 37.33131679455842, 37.33131679455842]
[163.52167574499893, 75.2141504715056, 48.60901421554214, 37.35070465047822, 37.35070465047822]
[163.60655592745664, 75.25319233476769, 48.6342459901805, 37.37009250639789, 37.37009250639789]
[160.59617834188978, 73.88750541330816, 48.206707436792925, 37.19560180311652, 37.19560180311651]
[160.67988758048875, 73.92601857700252, 48.231834727420114, 37.21498965903716, 37.21498965903716]
[160.7635968190855, 73.96453174069643, 48.25696201804715, 37.23437751495767, 37.234377514957664]
[160.84730605768002, 74.00304490438982, 48.28208930867395, 37.25376537087806, 37.25376537087806]
[160.9310152962724, 74.04155806808281, 48.307216599300574, 37.27315322679833, 37.27315322679832]
[161.01472453486247, 74.08007123177525, 48.33234388992697, 37.29254108271849, 37.2925410827185]
[161.09843377345032, 74.11858439546725, 48.357471180553176, 37.31192893863854, 37.31192893863854]
[161.18214301203594, 74.15709755915876, 48.38259847117916, 37.33131679455842, 37.33131679455842]
[161.2658522506194, 74.1956107228498, 48.40772576180495, 37.35070465047821, 37.3507046504782]
[161.3495614892006, 74.2341238865404, 48.43285305243055, 37.370092506397896, 37.370092506397896]
[162.84263428525455, 74.90181556539137, 48.407160018427746, 37.19560180311652, 30.64391629677721, 30.64391629677721]
[162.9275144677306, 74.94085742865737, 48.43239179306774, 37.214989659037116, 30.659889148561344, 30.659889148561344]
[163.01239465020433, 74.97989929192285, 48.45762356770755, 37.23437751495767, 30.675862000345422, 30.675862000345422]
[163.09727483267582, 75.01894115518785, 48.48285534234716, 37.25376537087805, 30.69183485212938, 30.691834852129375]
[163.18215501514504, 75.05798301845238, 48.50808711698657, 37.27315322679833, 30.707807703913282, 30.707807703913282]
[163.2670351976119, 75.09702488171644, 48.533318891625775, 37.292541082718486, 30.723780555697097, 30.723780555697097]
[163.35191538007652, 75.13606674497997, 48.55855066626478, 37.31192893863853, 30.73975340748085, 30.739753407480855]
[163.43679556253883, 75.17510860824302, 48.583782440903555, 37.33131679455842, 30.755726259264467, 30.755726259264467]
[163.52167574499893, 75.2141504715056, 48.60901421554214, 37.35070465047822, 30.77169911104805, 30.771699111048054]
[163.60655592745664, 75.25319233476769, 48.6342459901805, 37.37009250639789, 30.787671962831556, 30.787671962831556]
[173.97338070210324, 83.5086746194023, 51.86158823006099, 37.74723462269383, 30.64391629677721, 30.64391629677721]
[174.06406268068167, 83.55220272652434, 51.88862059274202, 37.76691001200669, 30.65988914856136, 30.65988914856136]
[174.15474465925746, 83.59573083364575, 51.915652955422836, 37.786585401319456, 30.675862000345425, 30.675862000345425]
[174.24542663783063, 83.63925894076654, 51.9426853181034, 37.80626079063209, 30.691834852129382, 30.69183485212938]
[174.33610861640125, 83.68278704788678, 51.969717680783766, 37.82593617994463, 30.707807703913293, 30.707807703913293]
[174.42679059496916, 83.72631515500636, 51.996750043463855, 37.84561156925698, 30.7237805556971, 30.7237805556971]
[174.51747257353452, 83.76984326212536, 52.023782406143724, 37.86528695856924, 30.73975340748084, 30.739753407480844]
[174.60815455209723, 83.81337136924373, 52.05081476882336, 37.88496234788138, 30.755726259264474, 30.75572625926447]
[174.69883653065745, 83.85689947636152, 52.07784713150275, 37.90463773719338, 30.77169911104805, 30.771699111048054]
[174.78951850921496, 83.90042758347876, 52.10487949418193, 37.924313126505275, 30.787671962831556, 30.787671962831556]
[162.84263428525455, 74.90181556539137, 48.407160018427746, 37.19560180311652, 30.64391629677721, 26.48795005026375, 26.48795005026375]
[162.9275144677306, 74.94085742865737, 48.43239179306774, 37.214989659037116, 30.659889148561344, 26.50175664392496, 26.501756643924956]
[163.01239465020433, 74.97989929192285, 48.45762356770755, 37.23437751495767, 30.675862000345422, 26.515563237586104, 26.515563237586104]
[163.09727483267582, 75.01894115518785, 48.48285534234716, 37.25376537087805, 30.69183485212938, 26.529369831247152, 26.529369831247152]
[163.18215501514504, 75.05798301845238, 48.50808711698657, 37.27315322679833, 30.707807703913282, 26.54317642490818, 26.54317642490818]
[163.2670351976119, 75.09702488171644, 48.533318891625775, 37.292541082718486, 30.723780555697097, 26.556983018569134, 26.556983018569134]
[163.35191538007652, 75.13606674497997, 48.55855066626478, 37.31192893863853, 30.73975340748085, 26.570789612230058, 26.570789612230055]
[163.43679556253883, 75.17510860824302, 48.583782440903555, 37.33131679455842, 30.755726259264467, 26.584596205890847, 26.584596205890847]
[163.52167574499893, 75.2141504715056, 48.60901421554214, 37.35070465047822, 30.77169911104805, 26.598402799551643, 26.598402799551646]
[163.60655592745664, 75.25319233476769, 48.6342459901805, 37.37009250639789, 30.787671962831556, 26.612209393212375, 26.612209393212375]
[195.3082510641266, 92.01225917907873, 58.49692697036232, 40.97990349199487, 31.63343867191454, 26.487950050263745, 26.487950050263745]
[195.4100536416692, 92.06021969919165, 58.52741794061394, 41.00126387939422, 31.649927302883142, 26.50175664392497, 26.501756643924967]
[195.51185621920843, 92.1081802193038, 58.55790891086528, 41.02262426679349, 31.66641593385166, 26.515563237586115, 26.515563237586115]
[195.61365879674437, 92.15614073941522, 58.58839988111632, 41.043984654192556, 31.682904564820042, 26.529369831247152, 26.529369831247152]
[195.71546137427708, 92.20410125952593, 58.618890851367084, 41.06534504159153, 31.6993931957884, 26.54317642490819, 26.54317642490819]
[195.8172639518064, 92.25206177963587, 58.649381821617524, 41.086705428990314, 31.715881826756625, 26.556983018569134, 26.556983018569134]
[195.91906652933255, 92.30002229974514, 58.67987279186767, 41.10806581638895, 31.732370457724798, 26.57078961223005, 26.570789612230048]
[196.02086910685532, 92.34798281985361, 58.71036376211752, 41.129426203787446, 31.74885908869284, 26.584596205890847, 26.584596205890847]
[196.12267168437495, 92.39594333996139, 58.74085473236707, 41.15078659118578, 31.765347719660824, 26.598402799551636, 26.598402799551636]
[196.22447426189117, 92.44390386006846, 58.77134570261635, 41.172146978584, 31.781836350628744, 26.612209393212378, 26.612209393212378]
[136.8496407389529, 79.53547125669883, 49.1096776143336, 36.26802254121807, 29.661799387465997, 29.661799387465997]
[136.92097231975518, 79.57692836915837, 49.135275569627765, 36.286926905217356, 29.6772603200946, 29.677260320094597]
[136.9923039005559, 79.61838548161732, 49.160873524921755, 36.30583126921655, 29.692721252723118, 29.69272125272312]
[137.06363548135496, 79.65984259407574, 49.186471480215516, 36.32473563321558, 29.708182185351518, 29.708182185351518]
[137.13496706215247, 79.70129970653366, 49.21206943550911, 36.34363999721457, 29.723643117979908, 29.723643117979908]
[137.2062986429483, 79.742756818991, 49.23766739080245, 36.36254436121338, 29.739104050608184, 29.739104050608184]
[137.27763022374256, 79.78421393144777, 49.263265346095594, 36.38144872521212, 29.75456498323642, 29.75456498323642]
[137.3489618045352, 79.82567104390404, 49.28886330138854, 36.400353089210725, 29.77002591586453, 29.770025915864533]
[137.4202933853262, 79.86712815635971, 49.31446125668124, 36.41925745320919, 29.785486848492585, 29.78548684849259]
[137.49162496611564, 79.9085852688149, 49.34005921197376, 36.438161817207586, 29.80094778112059, 29.800947781120595]
[162.84263428525455, 74.90181556539137, 47.30281702744454, 37.8700281142099, 29.661799387466, 29.661799387466004]
[162.9275144677306, 74.94085742865737, 47.32747317374248, 37.88976750846934, 29.677260320094593, 29.677260320094593]
[163.01239465020433, 74.97989929192285, 47.35212932004026, 37.909506902728715, 29.692721252723114, 29.692721252723118]
[163.09727483267582, 75.01894115518785, 47.376785466337836, 37.92924629698795, 29.70818218535154, 29.70818218535154]
[163.18215501514504, 75.05798301845238, 47.40144161263522, 37.94898569124703, 29.723643117979893, 29.723643117979893]
[163.2670351976119, 75.09702488171644, 47.42609775893241, 37.96872508550603, 29.739104050608198, 29.739104050608198]
[163.35191538007652, 75.13606674497997, 47.450753905229405, 37.98846447976488, 29.754564983236428, 29.754564983236428]
[163.43679556253883, 75.17510860824302, 47.47541005152619, 38.008203874023586, 29.770025915864526, 29.77002591586453]
[163.52167574499893, 75.2141504715056, 47.50006619782278, 38.02794326828217, 29.78548684849258, 29.785486848492585]
[163.60655592745664, 75.25319233476769, 47.52472234411918, 38.047682662540666, 29.800947781120595, 29.8009477811206]
[121.84822856879525, 69.65102074193233, 48.726653053624105, 36.009779784067334, 30.404059376314397, 30.404059376314397]
[121.91174080555031, 69.68732567806614, 48.752051360987736, 36.028549541470746, 30.419907204946018, 30.419907204946018]
[121.97525304230402, 69.7236306141995, 48.77744966835118, 36.04731929887408, 30.43575503357756, 30.43575503357756]
[122.03876527905646, 69.75993555033244, 48.80284797571439, 36.06608905627725, 30.451602862208972, 30.451602862208972]
[122.10227751580764, 69.79624048646498, 48.82824628307742, 36.08485881368033, 30.467450690840337, 30.467450690840337]
[122.16578975255753, 69.83254542259708, 48.85364459044023, 36.10362857108329, 30.48329851947162, 30.48329851947162]
[122.22930198930614, 69.86885035872878, 48.87904289780286, 36.12239832848616, 30.499146348102855, 30.499146348102855]
[122.29281422605347, 69.90515529486002, 48.904441205165234, 36.14116808588887, 30.51499417673394, 30.514994176733936]
[122.35632646279949, 69.94146023099086, 48.92983951252743, 36.15993784329151, 30.530842005365002, 30.530842005364995]
[122.41983869954427, 69.97776516712132, 48.95523781988942, 36.17870760069403, 30.546689833995977, 30.546689833995977]
[195.3082510641266, 80.85580348273275, 53.957648655165954, 40.51303418503456, 30.40405937631441, 30.40405937631441]
[195.4100536416692, 80.89794880587381, 53.985773569522735, 40.53415122122153, 30.419907204946025, 30.419907204946025]
[195.51185621920843, 80.94009412901427, 54.01389848387929, 40.555268257408436, 30.435755033577557, 30.435755033577557]
[195.61365879674437, 80.98223945215415, 54.04202339823556, 40.576385293595145, 30.451602862208972, 30.451602862208972]
[195.71546137427708, 81.02438477529348, 54.07014831259161, 40.597502329781726, 30.467450690840337, 30.467450690840337]
[195.8172639518064, 81.06653009843224, 54.09827322694738, 40.618619365968165, 30.483298519471624, 30.483298519471628]
[195.91906652933255, 81.10867542157047, 54.12639814130293, 40.639736402154476, 30.499146348102855, 30.499146348102855]
[196.02086910685532, 81.15082074470807, 54.15452305565819, 40.660853438340624, 30.514994176733953, 30.514994176733953]
[196.12267168437495, 81.19296606784513, 54.18264797001321, 40.68197047452662, 30.530842005365002, 30.530842005364995]
[196.22447426189117, 81.23511139098167, 54.21077288436799, 40.70308751071248, 30.546689833995977, 30.546689833995977]
[138.69792058850706, 68.8837916748602, 45.82007941683166, 34.32676984226015, 34.32676984226015]
[138.77021556767724, 68.91969670009996, 45.843962700169634, 34.34466234664139, 34.3446623466414]
[138.8425105468458, 68.9556017253393, 45.86784598350746, 34.36255485102254, 34.36255485102254]
[138.91480552601269, 68.99150675057822, 45.891729266845076, 34.380447355403575, 34.380447355403575]
[138.98710050517792, 69.02741177581676, 45.91561255018253, 34.398339859784514, 34.398339859784514]
[139.05939548434148, 69.06331680105485, 45.93949583351978, 34.41623236416535, 34.416232364165346]
[139.13169046350345, 69.09922182629253, 45.96337911685684, 34.434124868546085, 34.434124868546085]
[139.20398544266365, 69.13512685152982, 45.98726240019373, 34.4520173729267, 34.452017372926704]
[139.2762804218223, 69.17103187676669, 46.01114568353042, 34.46990987730723, 34.46990987730724]
[139.34857540097923, 69.20693690200315, 46.035028966866946, 34.487802381687665, 34.487802381687665]
[136.8496407389529, 68.42482111151647, 45.61654757257545, 34.32676984226016, 34.326769842260155]
[136.92097231975518, 68.4604869026914, 45.64032476686399, 34.3446623466414, 34.3446623466414]
[136.9923039005559, 68.49615269386592, 45.66410196115239, 34.362554851022544, 34.362554851022544]
[137.06363548135496, 68.53181848504003, 45.68787915544059, 34.38044735540357, 34.38044735540357]
[137.13496706215247, 68.56748427621376, 45.71165634972863, 34.398339859784514, 34.398339859784514]
[137.2062986429483, 68.60315006738706, 45.73543354401647, 34.41623236416534, 34.41623236416533]
[137.27763022374256, 68.63881585855997, 45.75921073830414, 34.4341248685461, 34.4341248685461]
[137.3489618045352, 68.67448164973246, 45.78298793259161, 34.452017372926704, 34.45201737292671]
[137.4202933853262, 68.71014744090454, 45.80676512687891, 34.469909877307224, 34.46990987730723]
[137.49162496611564, 68.74581323207623, 45.83054232116602, 34.487802381687665, 34.487802381687665]
[138.69792058850706, 68.8837916748602, 45.82007941683166, 35.64898311373299, 35.648983113732996]
[138.77021556767724, 68.91969670009996, 45.843962700169634, 35.66756480928276, 35.66756480928276]
[138.8425105468458, 68.9556017253393, 45.86784598350746, 35.686146504832415, 35.686146504832415]
[138.91480552601269, 68.99150675057822, 45.891729266845076, 35.70472820038195, 35.70472820038195]
[138.98710050517792, 69.02741177581676, 45.91561255018253, 35.723309895931386, 35.72330989593138]
[139.05939548434148, 69.06331680105485, 45.93949583351978, 35.74189159148071, 35.74189159148071]
[139.13169046350345, 69.09922182629253, 45.96337911685684, 35.76047328702991, 35.76047328702991]
[139.20398544266365, 69.13512685152982, 45.98726240019373, 35.779054982579005, 35.779054982579]
[139.2762804218223, 69.17103187676669, 46.01114568353042, 35.79763667812799, 35.797636678128]
[139.34857540097923, 69.20693690200315, 46.035028966866946, 35.816218373676875, 35.816218373676875]
[160.59617834188978, 73.88750541330816, 47.98147280829268, 35.648983113732996, 35.648983113733]
[160.67988758048875, 73.92601857700252, 48.00648269749946, 35.66756480928275, 35.66756480928275]
[160.7635968190855, 73.96453174069643, 48.03149258670608, 35.68614650483242, 35.68614650483242]
[160.84730605768002, 74.00304490438982, 48.056502475912474, 35.70472820038195, 35.70472820038195]
[160.9310152962724, 74.04155806808281, 48.08151236511869, 35.72330989593139, 35.723309895931386]
[161.01472453486247, 74.08007123177525, 48.10652225432467, 35.74189159148071, 35.74189159148071]
[161.09843377345032, 74.11858439546725, 48.13153214353047, 35.76047328702993, 35.76047328702993]
[161.18214301203594, 74.15709755915876, 48.15654203273605, 35.77905498257901, 35.779054982579005]
[161.2658522506194, 74.1956107228498, 48.18155192194144, 35.79763667812801, 35.797636678128015]
[161.3495614892006, 74.2341238865404, 48.206561811146635, 35.81621837367689, 35.81621837367689]
[138.69792058850706, 68.8837916748602, 45.82007941683166, 35.64898311373299, 29.5864144792248, 29.586414479224796]
[138.77021556767724, 68.91969670009996, 45.843962700169634, 35.66756480928276, 29.601836118182554, 29.601836118182558]
[138.8425105468458, 68.9556017253393, 45.86784598350746, 35.686146504832415, 29.617257757140212, 29.617257757140212]
[138.91480552601269, 68.99150675057822, 45.891729266845076, 35.70472820038195, 29.632679396097785, 29.63267939609778]
[138.98710050517792, 69.02741177581676, 45.91561255018253, 35.723309895931386, 29.648101035055305, 29.648101035055305]
[139.05939548434148, 69.06331680105485, 45.93949583351978, 35.74189159148071, 29.663522674012736, 29.66352267401274]
[139.13169046350345, 69.09922182629253, 45.96337911685684, 35.76047328702991, 29.678944312970106, 29.678944312970106]
[139.20398544266365, 69.13512685152982, 45.98726240019373, 35.779054982579005, 29.69436595192737, 29.694365951927374]
[139.2762804218223, 69.17103187676669, 46.01114568353042, 35.79763667812799, 29.709787590884588, 29.709787590884588]
[139.34857540097923, 69.20693690200315, 46.035028966866946, 35.816218373676875, 29.725209229841727, 29.72520922984173]
[173.97338070210324, 83.5086746194023, 51.86158823006099, 37.608995492815595, 29.586414479224814, 29.58641447922481]
[174.06406268068167, 83.55220272652434, 51.88862059274202, 37.628598826288865, 29.601836118182554, 29.601836118182558]
[174.15474465925746, 83.59573083364575, 51.915652955422836, 37.64820215976206, 29.617257757140216, 29.61725775714022]
[174.24542663783063, 83.63925894076654, 51.9426853181034, 37.66780549323513, 29.632679396097792, 29.632679396097792]
[174.33610861640125, 83.68278704788678, 51.969717680783766, 37.68740882670809, 29.64810103505532, 29.64810103505532]
[174.42679059496916, 83.72631515500636, 51.996750043463855, 37.707012160180874, 29.663522674012736, 29.66352267401274]
[174.51747257353452, 83.76984326212536, 52.023782406143724, 37.72661549365356, 29.67894431297012, 29.67894431297012]
[174.60815455209723, 83.81337136924373, 52.05081476882336, 37.746218827126114, 29.69436595192737, 29.694365951927374]
[174.69883653065745, 83.85689947636152, 52.07784713150275, 37.76582216059856, 29.709787590884595, 29.70978759088459]
[174.78951850921496, 83.90042758347876, 52.10487949418193, 37.78542549407088, 29.725209229841738, 29.72520922984174]
[162.59209314155135, 81.19705080797621, 51.116112935572026, 37.41816564060197, 29.510127492763502, 29.5101274927635]
[162.67684273182996, 81.23937400305704, 51.14275672630501, 37.43766950581884, 29.525509367850656, 29.525509367850656]
[162.76159232210628, 81.2816971981373, 51.16940051703779, 37.4571733710356, 29.54089124293771, 29.54089124293771]
[162.84634191238032, 81.32402039321694, 51.19604430777033, 37.476677236252236, 29.556273118024677, 29.55627311802468]
[162.93109150265215, 81.36634358829605, 51.222688098502665, 37.49618110146875, 29.571654993111594, 29.571654993111597]
[163.01584109292165, 81.40866678337457, 51.24933188923475, 37.51568496668515, 29.587036868198428, 29.587036868198425]
[163.10059068318884, 81.45098997845251, 51.275975679966606, 37.53518883190143, 29.60241874328521, 29.60241874328521]
[163.18534027345376, 81.49331317352991, 51.30261947069824, 37.55469269711755, 29.617800618371856, 29.617800618371856]
[163.27008986371646, 81.53563636860672, 51.329263261429645, 37.57419656233359, 29.63318249345848, 29.633182493458477]
[163.3548394539768, 81.57795956368302, 51.35590705216085, 37.593700427549514, 29.648564368545042, 29.648564368545042]
[136.8496407389529, 68.42482111151647, 68.42482111151647]
[136.92097231975518, 68.4604869026914, 68.4604869026914]
[136.9923039005559, 68.49615269386592, 68.49615269386592]
[137.06363548135496, 68.53181848504003, 68.53181848504003]
[137.13496706215247, 68.56748427621376, 68.56748427621376]
[137.2062986429483, 68.60315006738706, 68.60315006738706]
[137.27763022374256, 68.63881585855997, 68.63881585855997]
[137.3489618045352, 68.67448164973246, 68.67448164973246]
[137.4202933853262, 68.71014744090454, 68.71014744090455]
[137.49162496611564, 68.74581323207623, 68.74581323207624]
[192.86339969862058, 80.56974464198807, 50.86679157958259, 40.12050887359633, 40.12050887359632]
[192.963927920565, 80.61174085966476, 50.89330541391633, 40.14142130967572, 40.14142130967572]
[193.0644561425062, 80.6537370773408, 50.91981924824986, 40.16233374575502, 40.16233374575502]
[193.1649843644442, 80.69573329501632, 50.94633308258316, 40.18324618183414, 40.18324618183415]
[193.265512586379, 80.73772951269132, 50.972846916916254, 40.204158617913144, 40.204158617913144]
[193.36604080831054, 80.7797257303657, 50.9993607512491, 40.22507105399202, 40.22507105399202]
[193.46656903023896, 80.8217219480395, 51.02587458558172, 40.24598349007073, 40.24598349007073]
[193.56709725216407, 80.86371816571278, 51.05238841991412, 40.26689592614928, 40.26689592614928]
[193.66762547408612, 80.90571438338549, 51.07890225424628, 40.28780836222771, 40.28780836222771]
[193.76815369600487, 80.94771060105766, 51.10541608857826, 40.30872079830603, 40.30872079830603]
[136.8496407389529, 66.23890161748598, 44.753835988683235, 35.02595475196578, 35.02595475196577]
[136.92097231975518, 66.27342801880042, 44.77716350271557, 35.04421169987163, 35.04421169987163]
[136.9923039005559, 66.30795442011448, 44.8004910167478, 35.062468647777436, 35.062468647777436]
[137.06363548135496, 66.34248082142814, 44.823818530779796, 35.08072559568308, 35.08072559568308]
[137.13496706215247, 66.37700722274145, 44.84714604481163, 35.09898254358864, 35.09898254358863]
[137.2062986429483, 66.41153362405437, 44.87047355884331, 35.117239491494104, 35.117239491494104]
[137.27763022374256, 66.4460600253669, 44.893801072874794, 35.135496439399446, 35.135496439399446]
[137.3489618045352, 66.48058642667908, 44.917128586906124, 35.15375338730469, 35.15375338730469]
[137.4202933853262, 66.51511282799083, 44.94045610093724, 35.17201033520981, 35.17201033520981]
[137.49162496611564, 66.54963922930226, 44.96378361496823, 35.19026728311487, 35.19026728311487]
[162.19658753058692, 74.22446062002778, 48.349912138203365, 48.34991213820336]
[162.28113096731298, 74.2631494184362, 48.375114072927104, 48.375114072927104]
[162.36567440403675, 74.30183821684405, 48.400316007650666, 48.40031600765066]
[162.45021784075826, 74.34052701525145, 48.425517942374015, 48.425517942374015]
[162.53476127747751, 74.37921581365839, 48.45071987709717, 48.45071987709717]
[162.6193047141945, 74.41790461206482, 48.4759218118201, 48.47592181182009]
[162.7038481509092, 74.45659341047079, 48.501123746542845, 48.501123746542845]
[162.78839158762162, 74.49528220887628, 48.52632568126537, 48.52632568126537]
[162.87293502433184, 74.53397100728128, 48.55152761598769, 48.55152761598768]
[162.95747846103973, 74.57265980568584, 48.57672955070983, 48.57672955070983]
[192.08562411694405, 79.91496137082721, 79.91496137082723]
[192.18574693073927, 79.95661628891854, 79.95661628891853]
[192.2858697445313, 79.99827120700927, 79.99827120700925]
[192.38599255832017, 80.03992612509944, 80.03992612509944]
[192.48611537210593, 80.0815810431891, 80.0815810431891]
[192.58623818588836, 80.12323596127816, 80.12323596127816]
[192.68636099966773, 80.1648908793667, 80.1648908793667]
[192.78648381344385, 80.20654579745464, 80.20654579745462]
[192.88660662721688, 80.24820071554207, 80.24820071554208]
[192.98672944098664, 80.28985563362897, 80.28985563362896]
[160.59617834188978, 73.88750541330816, 47.98147280829268, 35.648983113732996, 35.648983113733]
[160.67988758048875, 73.92601857700252, 48.00648269749946, 35.66756480928275, 35.66756480928275]
[160.7635968190855, 73.96453174069643, 48.03149258670608, 35.68614650483242, 35.68614650483242]
[160.84730605768002, 74.00304490438982, 48.056502475912474, 35.70472820038195, 35.70472820038195]
[160.9310152962724, 74.04155806808281, 48.08151236511869, 35.72330989593139, 35.723309895931386]
[161.01472453486247, 74.08007123177525, 48.10652225432467, 35.74189159148071, 35.74189159148071]
[161.09843377345032, 74.11858439546725, 48.13153214353047, 35.76047328702993, 35.76047328702993]
[161.18214301203594, 74.15709755915876, 48.15654203273605, 35.77905498257901, 35.779054982579005]
[161.2658522506194, 74.1956107228498, 48.18155192194144, 35.79763667812801, 35.797636678128015]
[161.3495614892006, 74.2341238865404, 48.206561811146635, 35.81621837367689, 35.81621837367689]
[173.97338070210324, 92.01225917907874, 55.463727998642995, 55.463727998642995]
[174.06406268068167, 92.06021969919165, 55.49263794261527, 55.49263794261527]
[174.15474465925746, 92.1081802193038, 55.52154788658731, 55.5215478865873]
[174.24542663783063, 92.1561407394152, 55.55045783055906, 55.55045783055906]
[174.33610861640125, 92.20410125952594, 55.579367774530574, 55.57936777453057]
[174.42679059496916, 92.25206177963588, 55.6082777185018, 55.608277718501796]
[174.51747257353452, 92.30002229974511, 55.63718766247276, 55.63718766247277]
[174.60815455209723, 92.34798281985361, 55.666097606443465, 55.666097606443465]
[174.69883653065745, 92.39594333996139, 55.695007550413884, 55.69500755041388]
[174.78951850921496, 92.44390386006846, 55.723917494384054, 55.72391749438405]
[138.37784971800633, 69.08856752517644, 50.8125272097247, 38.59962961508437, 38.59962961508437]
[138.44997786326647, 69.12457928789122, 50.839012759268755, 38.619749307228666, 38.61974930722866]
[138.52210600852501, 69.16059105060559, 50.865498308812626, 38.63986899937283, 38.63986899937283]
[138.59423415378185, 69.19660281331953, 50.891983858356255, 38.65998869151686, 38.65998869151686]
[138.66636229903705, 69.23261457603304, 50.918469407899664, 38.68010838366076, 38.68010838366076]
[138.73849044429062, 69.2686263387462, 50.94495495744287, 38.70022807580456, 38.70022807580456]
[138.8106185895425, 69.30463810145889, 50.97144050698581, 38.7203477679482, 38.7203477679482]
[138.88274673479276, 69.34064986417117, 50.997926056528534, 38.74046746009169, 38.7404674600917]
[138.95487488004133, 69.37666162688303, 51.02441160607103, 38.76058715223508, 38.760587152235075]
[139.02700302528828, 69.41267338959453, 51.050897155613335, 38.780706844378344, 38.780706844378344]
[162.19658753058692, 74.22446062002778, 50.860109858240335, 50.860109858240335]
[162.28113096731298, 74.2631494184362, 50.886620209790024, 50.88662020979002]
[162.36567440403675, 74.30183821684405, 50.91313056133948, 50.91313056133948]
[162.45021784075826, 74.34052701525145, 50.93964091288871, 50.93964091288871]
[162.53476127747751, 74.37921581365839, 50.96615126443774, 50.96615126443775]
[162.6193047141945, 74.41790461206482, 50.99266161598651, 50.992661615986506]
[162.7038481509092, 74.45659341047079, 51.01917196753507, 51.01917196753508]
[162.78839158762162, 74.49528220887628, 51.0456823190834, 51.045682319083404]
[162.87293502433184, 74.53397100728128, 51.0721926706315, 51.072192670631495]
[162.95747846103973, 74.57265980568584, 51.0987030221794, 51.09870302217939]
[189.90766922393038, 90.79582385038957, 90.79582385038957]
[190.0066567993826, 90.84315031509806, 90.84315031509807]
[190.10564437483168, 90.8904767798058, 90.8904767798058]
[190.20463195027767, 90.9378032445128, 90.9378032445128]
[190.30361952572056, 90.98512970921914, 90.98512970921914]
[190.40260710116033, 91.0324561739247, 91.0324561739247]
[190.501594676597, 91.0797826386296, 91.07978263862961]
[190.6005822520305, 91.12710910333375, 91.12710910333375]
[190.69956982746103, 91.17443556803724, 91.17443556803724]
[190.79855740288838, 91.22176203274002, 91.22176203274]
[161.13948722631451, 74.33071774792533, 52.73231573974319, 41.27213922272359, 41.27213922272359]
[161.22347965952216, 74.36946193185645, 52.75980196090493, 41.2936519352347, 41.2936519352347]
[161.30747209272755, 74.40820611578707, 52.787288182066455, 41.315164647745725, 41.31516464774572]
[161.3914645259307, 74.4469502997172, 52.81477440322771, 41.33667736025656, 41.33667736025656]
[161.47545695913166, 74.48569448364688, 52.84226062438876, 41.35819007276726, 41.358190072767265]
[161.55944939233032, 74.52443866757608, 52.86974684554953, 41.379702785277814, 41.379702785277814]
[161.64344182552676, 74.56318285150478, 52.897233066710065, 41.40121549778821, 41.401215497788215]
[161.72743425872096, 74.60192703543302, 52.92471928787037, 41.42272821029846, 41.42272821029846]
[161.81142669191297, 74.64067121936075, 52.95220550903041, 41.44424092280854, 41.44424092280854]
[161.89541912510268, 74.67941540328808, 52.979691730190254, 41.465753635318514, 41.465753635318514]
[189.90766922393038, 79.53547125669881, 79.53547125669881]
[190.0066567993826, 79.57692836915837, 79.57692836915837]
[190.10564437483168, 79.61838548161732, 79.61838548161732]
[190.20463195027767, 79.65984259407576, 79.65984259407576]
[190.30361952572056, 79.70129970653369, 79.70129970653367]
[190.40260710116033, 79.742756818991, 79.74275681899098]
[190.501594676597, 79.7842139314478, 79.7842139314478]
[190.6005822520305, 79.82567104390404, 79.82567104390402]
[190.69956982746103, 79.86712815635971, 79.86712815635971]
[190.79855740288838, 79.90858526881493, 79.90858526881492]
[189.90766922393038, 76.5972701309923, 76.59727013099231]
[190.0066567993826, 76.63719573391161, 76.63719573391161]
[190.10564437483168, 76.67712133683038, 76.67712133683038]
[190.20463195027767, 76.71704693974867, 76.71704693974867]
[190.30361952572056, 76.75697254266645, 76.75697254266646]
[190.40260710116033, 76.79689814558365, 76.79689814558365]
[190.501594676597, 76.83682374850042, 76.83682374850044]
[190.6005822520305, 76.87674935141665, 76.87674935141666]
[190.69956982746103, 76.91667495433236, 76.91667495433236]
[190.79855740288838, 76.95660055724764, 76.95660055724764]
[162.19658753058692, 69.5783410513985, 69.5783410513985]
[162.28113096731298, 69.6146081039311, 69.6146081039311]
[162.36567440403675, 69.65087515646324, 69.65087515646323]
[162.45021784075826, 69.68714220899498, 69.68714220899498]
[162.53476127747751, 69.72340926152631, 69.7234092615263]
[162.6193047141945, 69.75967631405719, 69.75967631405719]
[162.7038481509092, 69.79594336658768, 69.7959433665877]
[162.78839158762162, 69.83221041911773, 69.83221041911771]
[162.87293502433184, 69.86847747164735, 69.86847747164735]
[162.95747846103973, 69.9047445241766, 69.9047445241766]
[192.86339969862058, 80.56974464198807, 80.56974464198805]
[192.963927920565, 80.61174085966476, 80.61174085966476]
[193.0644561425062, 80.6537370773408, 80.65373707734079]
[193.1649843644442, 80.69573329501632, 80.69573329501632]
[193.265512586379, 80.73772951269132, 80.7377295126913]
[193.36604080831054, 80.7797257303657, 80.77972573036568]
[193.46656903023896, 80.8217219480395, 80.8217219480395]
[193.56709725216407, 80.86371816571278, 80.8637181657128]
[193.66762547408612, 80.90571438338549, 80.9057143833855]
[193.76815369600487, 80.94771060105766, 80.94771060105768]
[162.84263428525455, 162.84263428525458]
[162.9275144677306, 162.9275144677306]
[163.01239465020433, 163.01239465020433]
[163.09727483267582, 163.09727483267582]
[163.18215501514504, 163.18215501514504]
[163.2670351976119, 163.26703519761193]
[163.35191538007652, 163.35191538007652]
[163.43679556253883, 163.43679556253883]
[163.52167574499893, 163.52167574499893]
[163.60655592745664, 163.60655592745664]
[195.3082510641266, 92.01225917907873, 56.699276915248426, 56.69927691524842]
[195.4100536416692, 92.06021969919165, 56.728830877409216, 56.728830877409216]
[195.51185621920843, 92.1081802193038, 56.758384839569736, 56.758384839569736]
[195.61365879674437, 92.15614073941522, 56.787938801729965, 56.78793880172996]
[195.71546137427708, 92.20410125952593, 56.817492763889945, 56.817492763889945]
[195.8172639518064, 92.25206177963587, 56.84704672604961, 56.84704672604961]
[195.91906652933255, 92.30002229974514, 56.876600688209, 56.87660068820901]
[196.02086910685532, 92.34798281985361, 56.90615465036813, 56.90615465036812]
[196.12267168437495, 92.39594333996139, 56.935708612526966, 56.935708612526966]
[196.22447426189117, 92.44390386006846, 56.96526257468554, 56.96526257468554]
[128.37664380297053, 75.18856783736994, 75.18856783736993]
[128.4435589143542, 75.22775916754503, 75.22775916754506]
[128.5104740257365, 75.26695049771968, 75.26695049771969]
[128.57738913711736, 75.3061418278938, 75.30614182789378]
[128.6443042484968, 75.34533315806743, 75.34533315806743]
[128.7112193598748, 75.38452448824054, 75.38452448824056]
[128.7781344712514, 75.42371581841324, 75.42371581841324]
[128.84504958262656, 75.46290714858539, 75.46290714858537]
[128.91196469400032, 75.50209847875703, 75.50209847875703]
[128.97887980537266, 75.54128980892823, 75.54128980892823]
[136.8496407389529, 68.42482111151647, 47.98147280829269, 37.60899549281558, 31.536295741405944, 31.53629574140594]
[136.92097231975518, 68.4604869026914, 48.006482697499465, 37.628598826288865, 31.55273373754028, 31.552733737540276]
[136.9923039005559, 68.49615269386592, 48.03149258670607, 37.648202159762064, 31.56917173367452, 31.569171733674516]
[137.06363548135496, 68.53181848504003, 48.05650247591246, 37.667805493235115, 31.585609729808652, 31.585609729808652]
[137.13496706215247, 68.56748427621376, 48.08151236511866, 37.687408826708044, 31.602047725942718, 31.602047725942715]
[137.2062986429483, 68.60315006738706, 48.10652225432466, 37.70701216018086, 31.618485722076706, 31.618485722076702]
[137.27763022374256, 68.63881585855997, 48.13153214353045, 37.72661549365356, 31.634923718210622, 31.63492371821062]
[137.3489618045352, 68.67448164973246, 48.15654203273605, 37.746218827126114, 31.6513617143444, 31.651361714344404]
[137.4202933853262, 68.71014744090454, 48.18155192194142, 37.76582216059855, 31.667799710478135, 31.667799710478132]
[137.49162496611564, 68.74581323207623, 48.20656181114662, 37.78542549407087, 31.68423770661178, 31.684237706611775]
[161.13948722631451, 74.33071774792533, 47.07440358421304, 35.025954751965784, 27.888132296157178, 27.888132296157174]
[161.22347965952216, 74.36946193185645, 47.098940672163415, 35.04421169987164, 27.90266872157956, 27.90266872157956]
[161.30747209272755, 74.40820611578707, 47.12347776011362, 35.06246864777743, 27.917205147001873, 27.917205147001873]
[161.3914645259307, 74.4469502997172, 47.148014848063625, 35.080725595683084, 27.93174157242409, 27.93174157242409]
[161.47545695913166, 74.48569448364688, 47.172551936013456, 35.09898254358867, 27.94627799784628, 27.946277997846277]
[161.55944939233032, 74.52443866757608, 47.197089023963066, 35.117239491494104, 27.960814423268374, 27.960814423268374]
[161.64344182552676, 74.56318285150478, 47.2216261119125, 35.13549643939946, 27.97535084869044, 27.975350848690436]
[161.72743425872096, 74.60192703543302, 47.246163199861726, 35.153753387304675, 27.989887274112373, 27.989887274112377]
[161.81142669191297, 74.64067121936075, 47.27070028781077, 35.17201033520982, 28.004423699534296, 28.004423699534296]
[161.89541912510268, 74.67941540328808, 47.29523737575963, 35.19026728311486, 28.01896012495616, 28.01896012495616]
[160.59617834188978, 87.46756243210886, 53.532060355656405, 38.59962961508436, 38.59962961508436]
[160.67988758048875, 87.51315407204581, 53.55996343613658, 38.61974930722866, 38.61974930722865]
[160.7635968190855, 87.55874571198203, 53.587866516616515, 38.639868999372815, 38.63986899937281]
[160.84730605768002, 87.60433735191764, 53.615769597096225, 38.659988691516865, 38.659988691516865]
[160.9310152962724, 87.64992899185258, 53.64367267757569, 38.68010838366078, 38.68010838366079]
[161.01472453486247, 87.69552063178682, 53.67157575805488, 38.70022807580456, 38.70022807580456]
[161.09843377345032, 87.74111227172041, 53.69947883853383, 38.7203477679482, 38.7203477679482]
[161.18214301203594, 87.78670391165333, 53.72738191901252, 38.740467460091715, 38.740467460091715]
[161.2658522506194, 87.83229555158562, 53.755284999490954, 38.760587152235075, 38.76058715223507]
[161.3495614892006, 87.87788719151727, 53.78318807996918, 38.78070684437835, 38.78070684437835]
[128.37664380297053, 66.23890161748598, 66.23890161748598]
[128.4435589143542, 66.27342801880042, 66.2734280188004]
[128.5104740257365, 66.3079544201145, 66.30795442011451]
[128.57738913711736, 66.34248082142815, 66.34248082142817]
[128.6443042484968, 66.37700722274147, 66.37700722274147]
[128.7112193598748, 66.41153362405437, 66.41153362405437]
[128.7781344712514, 66.44606002536693, 66.44606002536693]
[128.84504958262656, 66.48058642667908, 66.48058642667908]
[128.91196469400032, 66.51511282799083, 66.51511282799083]
[128.97887980537266, 66.54963922930224, 66.54963922930224]
[192.08562411694405, 79.91496137082721, 50.70167391679209, 38.663611610119965, 38.66361161011996]
[192.18574693073927, 79.95661628891854, 50.72810168510543, 38.683764652274284, 38.68376465227428]
[192.2858697445313, 79.99827120700927, 50.75452945341858, 38.70391769442848, 38.70391769442848]
[192.38599255832017, 80.03992612509944, 50.78095722173147, 38.72407073658253, 38.72407073658253]
[192.48611537210593, 80.0815810431891, 50.80738499004418, 38.74422377873648, 38.74422377873649]
[192.58623818588836, 80.12323596127816, 50.83381275835662, 38.764376820890305, 38.7643768208903]
[192.68636099966773, 80.1648908793667, 50.860240526668875, 38.78452986304399, 38.784529863043986]
[192.78648381344385, 80.20654579745464, 50.886668294980865, 38.804682905197524, 38.804682905197524]
[192.88660662721688, 80.24820071554207, 50.91309606329266, 38.82483594735095, 38.824835947350955]
[192.98672944098664, 80.28985563362897, 50.939523831604234, 38.844988989504245, 38.84498898950424]
[136.8496407389529, 66.23890161748598, 49.10967761433359, 49.10967761433359]
[136.92097231975518, 66.27342801880042, 49.13527556962776, 49.13527556962776]
[136.9923039005559, 66.30795442011448, 49.16087352492177, 49.16087352492177]
[137.06363548135496, 66.34248082142814, 49.18647148021552, 49.186471480215516]
[137.13496706215247, 66.37700722274145, 49.2120694355091, 49.2120694355091]
[137.2062986429483, 66.41153362405437, 49.23766739080246, 49.23766739080245]
[137.27763022374256, 66.4460600253669, 49.263265346095594, 49.263265346095594]
[137.3489618045352, 66.48058642667908, 49.28886330138854, 49.288863301388545]
[137.4202933853262, 66.51511282799083, 49.31446125668124, 49.31446125668124]
[137.49162496611564, 66.54963922930226, 49.34005921197377, 49.34005921197377]
[136.8496407389529, 68.42482111151647, 45.82007941683168, 45.82007941683168]
[136.92097231975518, 68.4604869026914, 45.843962700169634, 45.843962700169634]
[136.9923039005559, 68.49615269386592, 45.86784598350745, 45.86784598350745]
[137.06363548135496, 68.53181848504003, 45.891729266845076, 45.891729266845076]
[137.13496706215247, 68.56748427621376, 45.91561255018251, 45.91561255018251]
[137.2062986429483, 68.60315006738706, 45.93949583351977, 45.93949583351977]
[137.27763022374256, 68.63881585855997, 45.96337911685684, 45.96337911685684]
[137.3489618045352, 68.67448164973246, 45.987262400193735, 45.98726240019374]
[137.4202933853262, 68.71014744090454, 46.01114568353043, 46.01114568353043]
[137.49162496611564, 68.74581323207623, 46.03502896686695, 46.03502896686695]
[162.19658753058692, 81.19705080797621, 81.19705080797621]
[162.28113096731298, 81.23937400305707, 81.23937400305708]
[162.36567440403675, 81.28169719813727, 81.28169719813727]
[162.45021784075826, 81.32402039321694, 81.32402039321695]
[162.53476127747751, 81.36634358829605, 81.36634358829605]
[162.6193047141945, 81.40866678337456, 81.40866678337456]
[162.7038481509092, 81.45098997845254, 81.45098997845254]
[162.78839158762162, 81.49331317352991, 81.4933131735299]
[162.87293502433184, 81.53563636860675, 81.53563636860675]
[162.95747846103973, 81.57795956368301, 81.577959563683]
[139.63195340235714, 69.11339949210047, 46.092371194887406, 46.092371194887406]
[139.70473523728577, 69.14942419824311, 46.11639640774012, 46.116396407740126]
[139.7775170722128, 69.18544890438535, 46.14042162059272, 46.14042162059272]
[139.8502989071381, 69.22147361052716, 46.1644468334451, 46.1644468334451]
[139.92308074206173, 69.25749831666859, 46.18847204629732, 46.18847204629731]
[139.9958625769837, 69.29352302280958, 46.21249725914933, 46.21249725914933]
[140.068644411904, 69.32954772895016, 46.23652247200118, 46.23652247200118]
[140.1414262468226, 69.36557243509031, 46.2605476848528, 46.2605476848528]
[140.21420808173949, 69.40159714123006, 46.28457289770424, 46.28457289770424]
[140.28698991665473, 69.43762184736941, 46.308598110555536, 46.308598110555536]
[137.97699878836983, 74.55485640846503, 74.55485640846501]
[138.0489179938791, 74.59371742255261, 74.59371742255263]
[138.12083719938673, 74.63257843663975, 74.63257843663975]
[138.1927564048927, 74.6714394507264, 74.6714394507264]
[138.26467561039706, 74.71030046481255, 74.71030046481255]
[138.33659481589976, 74.74916147889823, 74.74916147889822]
[138.40851402140083, 74.78802249298346, 74.78802249298346]
[138.48043322690026, 74.82688350706816, 74.82688350706815]
[138.55235243239804, 74.86574452115238, 74.86574452115238]
[138.62427163789417, 74.90460553523617, 74.90460553523617]
[139.63195340235714, 69.11339949210047, 50.67218964139448, 50.67218964139448]
[139.70473523728577, 69.14942419824311, 50.69860204130805, 50.69860204130806]
[139.7775170722128, 69.18544890438535, 50.72501444122145, 50.72501444122145]
[139.8502989071381, 69.22147361052716, 50.751426841134595, 50.751426841134595]
[139.92308074206173, 69.25749831666859, 50.77783924104755, 50.77783924104755]
[139.9958625769837, 69.29352302280958, 50.80425164096027, 50.80425164096027]
[140.068644411904, 69.32954772895016, 50.830664040872755, 50.830664040872755]
[140.1414262468226, 69.36557243509031, 50.857076440784994, 50.857076440785]
[140.21420808173949, 69.40159714123006, 50.88348884069703, 50.88348884069703]
[140.28698991665473, 69.43762184736941, 50.90990124060885, 50.909901240608846]
[138.69792058850706, 68.8837916748602, 45.82007941683166, 34.32676984226015, 34.32676984226015]
[138.77021556767724, 68.91969670009996, 45.843962700169634, 34.34466234664139, 34.3446623466414]
[138.8425105468458, 68.9556017253393, 45.86784598350746, 34.36255485102254, 34.36255485102254]
[138.91480552601269, 68.99150675057822, 45.891729266845076, 34.380447355403575, 34.380447355403575]
[138.98710050517792, 69.02741177581676, 45.91561255018253, 34.398339859784514, 34.398339859784514]
[139.05939548434148, 69.06331680105485, 45.93949583351978, 34.41623236416535, 34.416232364165346]
[139.13169046350345, 69.09922182629253, 45.96337911685684, 34.434124868546085, 34.434124868546085]
[139.20398544266365, 69.13512685152982, 45.98726240019373, 34.4520173729267, 34.452017372926704]
[139.2762804218223, 69.17103187676669, 46.01114568353042, 34.46990987730723, 34.46990987730724]
[139.34857540097923, 69.20693690200315, 46.035028966866946, 34.487802381687665, 34.487802381687665]
[138.69792058850706, 68.8837916748602, 44.82941563547982, 44.82941563547982]
[138.77021556767724, 68.91969670009996, 44.852782544688466, 44.85278254468846]
[138.8425105468458, 68.9556017253393, 44.87614945389696, 44.87614945389696]
[138.91480552601269, 68.99150675057822, 44.899516363105285, 44.89951636310529]
[138.98710050517792, 69.02741177581676, 44.92288327231342, 44.92288327231342]
[139.05939548434148, 69.06331680105485, 44.94625018152138, 44.94625018152138]
[139.13169046350345, 69.09922182629253, 44.96961709072916, 44.96961709072916]
[139.20398544266365, 69.13512685152982, 44.99298399993677, 44.99298399993677]
[139.2762804218223, 69.17103187676669, 45.01635090914419, 45.01635090914419]
[139.34857540097923, 69.20693690200315, 45.039717818351455, 45.039717818351455]
[139.63195340235714, 69.81597747369838, 51.43112209347948, 39.695951630180524, 39.69595163018052]
[139.70473523728577, 69.85236839196827, 51.4579300797573, 39.716642769810576, 39.716642769810576]
[139.7775170722128, 69.88875931023775, 51.48473806603492, 39.73733390944055, 39.73733390944055]
[139.8502989071381, 69.92515022850681, 51.51154605231231, 39.758025049070355, 39.758025049070355]
[139.92308074206173, 69.96154114677543, 51.538354038589475, 39.778716188700024, 39.778716188700024]
[139.9958625769837, 69.99793206504363, 51.56516202486639, 39.79940732832957, 39.79940732832957]
[140.068644411904, 70.03432298331144, 51.59197001114311, 39.820098467958985, 39.820098467958985]
[140.1414262468226, 70.07071390157878, 51.618777997419556, 39.840789607588235, 39.84078960758823]
[140.21420808173949, 70.1071048198457, 51.645585983695774, 39.861480747217335, 39.861480747217335]
[140.28698991665473, 70.14349573811225, 51.6723939699718, 39.88217188684633, 39.882171886846336]
[138.69792058850706, 68.8837916748602, 45.82007941683166, 45.82007941683166]
[138.77021556767724, 68.91969670009996, 45.843962700169634, 45.843962700169634]
[138.8425105468458, 68.9556017253393, 45.86784598350746, 45.86784598350746]
[138.91480552601269, 68.99150675057822, 45.891729266845076, 45.891729266845076]
[138.98710050517792, 69.02741177581676, 45.91561255018253, 45.91561255018252]
[139.05939548434148, 69.06331680105485, 45.93949583351978, 45.93949583351978]
[139.13169046350345, 69.09922182629253, 45.96337911685684, 45.963379116856835]
[139.20398544266365, 69.13512685152982, 45.98726240019373, 45.987262400193735]
[139.2762804218223, 69.17103187676669, 46.01114568353042, 46.01114568353042]
[139.34857540097923, 69.20693690200315, 46.035028966866946, 46.035028966866946]
[189.90766922393038, 79.53547125669881, 79.53547125669881]
[190.0066567993826, 79.57692836915837, 79.57692836915837]
[190.10564437483168, 79.61838548161732, 79.61838548161732]
[190.20463195027767, 79.65984259407576, 79.65984259407576]
[190.30361952572056, 79.70129970653369, 79.70129970653367]
[190.40260710116033, 79.742756818991, 79.74275681899098]
[190.501594676597, 79.7842139314478, 79.7842139314478]
[190.6005822520305, 79.82567104390404, 79.82567104390402]
[190.69956982746103, 79.86712815635971, 79.86712815635971]
[190.79855740288838, 79.90858526881493, 79.90858526881492]
[136.8496407389529, 68.70550450462797, 50.60501823295792, 36.9437529229668, 36.9437529229668]
[136.92097231975518, 68.74131659936661, 50.63139562041, 36.963009505039516, 36.963009505039516]
[136.9923039005559, 68.77712869410486, 50.657773007861906, 36.98226608711215, 36.98226608711215]
[137.06363548135496, 68.81294078884268, 50.68415039531358, 37.001522669184645, 37.001522669184645]
[137.13496706215247, 68.84875288358013, 50.710527782765034, 37.020779251257025, 37.02077925125702]
[137.2062986429483, 68.88456497831714, 50.73690517021626, 37.04003583332929, 37.04003583332929]
[137.27763022374256, 68.92037707305376, 50.763282557667274, 37.05929241540146, 37.05929241540146]
[137.3489618045352, 68.95618916778997, 50.78965994511805, 37.07854899747346, 37.07854899747346]
[137.4202933853262, 68.99200126252575, 50.81603733256859, 37.09780557954535, 37.097805579545344]
[137.49162496611564, 69.02781335726115, 50.84241472001896, 37.11706216161717, 37.11706216161717]
[189.90766922393038, 76.5972701309923, 49.34565485419091, 37.870028114209894, 37.8700281142099]
[190.0066567993826, 76.63719573391161, 49.37137581039005, 37.88976750846934, 37.88976750846934]
[190.10564437483168, 76.67712133683038, 49.397096766589, 37.90950690272871, 37.90950690272871]
[190.20463195027767, 76.71704693974867, 49.42281772278775, 37.92924629698795, 37.92924629698795]
[190.30361952572056, 76.75697254266645, 49.44853867898628, 37.94898569124703, 37.94898569124703]
[190.40260710116033, 76.79689814558365, 49.47425963518457, 37.96872508550602, 37.968725085506016]
[190.501594676597, 76.83682374850042, 49.49998059138269, 37.98846447976488, 37.98846447976488]
[190.6005822520305, 76.87674935141665, 49.52570154758057, 38.00820387402359, 38.00820387402361]
[190.69956982746103, 76.91667495433236, 49.55142250377822, 38.02794326828217, 38.02794326828217]
[190.79855740288838, 76.95660055724764, 49.57714345997571, 38.04768266254067, 38.04768266254067]
[161.13948722631451, 74.33071774792533, 52.73231573974319, 52.73231573974319]
[161.22347965952216, 74.36946193185645, 52.75980196090493, 52.75980196090493]
[161.30747209272755, 74.40820611578707, 52.787288182066455, 52.78728818206646]
[161.3914645259307, 74.4469502997172, 52.81477440322771, 52.81477440322771]
[161.47545695913166, 74.48569448364688, 52.84226062438876, 52.84226062438875]
[161.55944939233032, 74.52443866757608, 52.86974684554953, 52.86974684554953]
[161.64344182552676, 74.56318285150478, 52.897233066710065, 52.897233066710065]
[161.72743425872096, 74.60192703543302, 52.92471928787037, 52.92471928787037]
[161.81142669191297, 74.64067121936075, 52.95220550903041, 52.9522055090304]
[161.89541912510268, 74.67941540328808, 52.979691730190254, 52.979691730190254]
[161.57367962505785, 74.09374120709931, 50.860109858240335, 50.860109858240335]
[161.65789837693973, 74.13236186925026, 50.88662020979001, 50.88662020979]
[161.74211712881933, 74.17098253140072, 50.91313056133948, 50.91313056133948]
[161.82633588069672, 74.20960319355069, 50.93964091288869, 50.93964091288869]
[161.91055463257186, 74.24822385570025, 50.966151264437734, 50.96615126443774]
[161.99477338444473, 74.28684451784927, 50.99266161598652, 50.99266161598651]
[162.07899213631535, 74.32546517999782, 51.01917196753507, 51.01917196753508]
[162.1632108881837, 74.3640858421459, 51.04568231908339, 51.0456823190834]
[162.24742964004986, 74.4027065042935, 51.07219267063149, 51.07219267063148]
[162.33164839191372, 74.44132716644066, 51.09870302217939, 51.098703022179386]
[192.86339969862058, 80.56974464198807, 56.56964969243023, 39.266652370083044, 39.266652370083044]
[192.963927920565, 80.61174085966476, 56.599136087626995, 39.28711974153237, 39.287119741532365]
[193.0644561425062, 80.6537370773408, 56.628622482823495, 39.30758711298161, 39.30758711298161]
[193.1649843644442, 80.69573329501632, 56.65810887801969, 39.3280544844307, 39.3280544844307]
[193.265512586379, 80.73772951269132, 56.68759527321565, 39.34852185587968, 39.34852185587968]
[193.36604080831054, 80.7797257303657, 56.7170816684113, 39.36898922732849, 39.368989227328484]
[193.46656903023896, 80.8217219480395, 56.74656806360667, 39.38945659877719, 39.38945659877718]
[193.56709725216407, 80.86371816571278, 56.77605445880176, 39.40992397022573, 39.40992397022572]
[193.66762547408612, 80.90571438338549, 56.80554085399657, 39.43039134167413, 39.43039134167413]
[193.76815369600487, 80.94771060105766, 56.835027249191135, 39.450858713122415, 39.45085871312242]
[189.90766922393038, 79.53547125669881, 50.68073484072746, 50.68073484072746]
[190.0066567993826, 79.57692836915837, 50.70715169474538, 50.707151694745384]
[190.10564437483168, 79.61838548161732, 50.73356854876312, 50.733568548763124]
[190.20463195027767, 79.65984259407576, 50.759985402780615, 50.75998540278062]
[190.30361952572056, 79.70129970653369, 50.786402256797935, 50.786402256797935]
[190.40260710116033, 79.742756818991, 50.81281911081498, 50.81281911081498]
[190.501594676597, 79.7842139314478, 50.83923596483182, 50.83923596483183]
[190.6005822520305, 79.82567104390404, 50.865652818848424, 50.865652818848424]
[190.69956982746103, 79.86712815635971, 50.89206967286481, 50.89206967286481]
[190.79855740288838, 79.90858526881493, 50.91848652688099, 50.91848652688099]
[173.97338070210324, 83.5086746194023, 83.5086746194023]
[174.06406268068167, 83.55220272652434, 83.55220272652434]
[174.15474465925746, 83.59573083364575, 83.59573083364575]
[174.24542663783063, 83.63925894076654, 83.63925894076654]
[174.33610861640125, 83.68278704788678, 83.68278704788678]
[174.42679059496916, 83.72631515500636, 83.72631515500635]
[174.51747257353452, 83.76984326212536, 83.76984326212535]
[174.60815455209723, 83.81337136924373, 83.81337136924373]
[174.69883653065745, 83.85689947636152, 83.85689947636153]
[174.78951850921496, 83.90042758347876, 83.90042758347876]
[136.8496407389529, 69.12929718195049, 69.12929718195049]
[136.92097231975518, 69.16533017461357, 69.16533017461359]
[136.9923039005559, 69.20136316727628, 69.20136316727628]
[137.06363548135496, 69.23739615993854, 69.23739615993856]
[137.13496706215247, 69.27342915260043, 69.27342915260043]
[137.2062986429483, 69.30946214526188, 69.30946214526188]
[137.27763022374256, 69.34549513792291, 69.34549513792291]
[137.3489618045352, 69.38152813058355, 69.38152813058353]
[137.4202933853262, 69.41756112324374, 69.41756112324374]
[137.49162496611564, 69.45359411590357, 69.45359411590356]
[137.97699878836983, 76.94917784776563, 76.94917784776563]
[138.0489179938791, 76.98928687925319, 76.98928687925317]
[138.12083719938673, 77.0293959107402, 77.0293959107402]
[138.1927564048927, 77.06950494222671, 77.06950494222671]
[138.26467561039706, 77.10961397371273, 77.10961397371273]
[138.33659481589976, 77.1497230051982, 77.14972300519818]
[138.40851402140083, 77.18983203668321, 77.18983203668321]
[138.48043322690026, 77.22994106816768, 77.22994106816766]
[138.55235243239804, 77.27005009965161, 77.27005009965161]
[138.62427163789417, 77.3101591311351, 77.3101591311351]
[137.97699878836983, 68.70550450462797, 68.70550450462797]
[138.0489179938791, 68.74131659936663, 68.74131659936663]
[138.12083719938673, 68.77712869410487, 68.77712869410489]
[138.1927564048927, 68.81294078884271, 68.81294078884271]
[138.26467561039706, 68.84875288358013, 68.84875288358013]
[138.33659481589976, 68.88456497831716, 68.88456497831716]
[138.40851402140083, 68.92037707305379, 68.92037707305379]
[138.48043322690026, 68.95618916778999, 68.95618916778999]
[138.55235243239804, 68.99200126252576, 68.99200126252578]
[138.62427163789417, 69.02781335726115, 69.02781335726117]
[173.97338070210324, 83.5086746194023, 51.86158823006099, 37.74723462269383, 37.74723462269383]
[174.06406268068167, 83.55220272652434, 51.88862059274202, 37.76691001200669, 37.76691001200668]
[174.15474465925746, 83.59573083364575, 51.915652955422836, 37.786585401319456, 37.786585401319456]
[174.24542663783063, 83.63925894076654, 51.9426853181034, 37.80626079063209, 37.80626079063209]
[174.33610861640125, 83.68278704788678, 51.969717680783766, 37.82593617994463, 37.82593617994462]
[174.42679059496916, 83.72631515500636, 51.996750043463855, 37.84561156925698, 37.84561156925698]
[174.51747257353452, 83.76984326212536, 52.023782406143724, 37.86528695856924, 37.865286958569236]
[174.60815455209723, 83.81337136924373, 52.05081476882336, 37.88496234788138, 37.88496234788138]
[174.69883653065745, 83.85689947636152, 52.07784713150275, 37.90463773719338, 37.90463773719338]
[174.78951850921496, 83.90042758347876, 52.10487949418193, 37.924313126505275, 37.924313126505275]
[162.19658753058692, 69.5783410513985, 69.5783410513985]
[162.28113096731298, 69.6146081039311, 69.6146081039311]
[162.36567440403675, 69.65087515646324, 69.65087515646323]
[162.45021784075826, 69.68714220899498, 69.68714220899498]
[162.53476127747751, 69.72340926152631, 69.7234092615263]
[162.6193047141945, 69.75967631405719, 69.75967631405719]
[162.7038481509092, 69.79594336658768, 69.7959433665877]
[162.78839158762162, 69.83221041911773, 69.83221041911771]
[162.87293502433184, 69.86847747164735, 69.86847747164735]
[162.95747846103973, 69.9047445241766, 69.9047445241766]
[189.90766922393038, 95.49522034938592, 95.4952203493859]
[190.0066567993826, 95.54499633004968, 95.54499633004968]
[190.10564437483168, 95.5947723107126, 95.5947723107126]
[190.20463195027767, 95.64454829137472, 95.64454829137472]
[190.30361952572056, 95.69432427203608, 95.69432427203608]
[190.40260710116033, 95.74410025269663, 95.74410025269663]
[190.501594676597, 95.79387623335641, 95.79387623335641]
[190.6005822520305, 95.84365221401539, 95.84365221401539]
[190.69956982746103, 95.89342819467358, 95.89342819467356]
[190.79855740288838, 95.94320417533102, 95.94320417533102]
[160.59617834188978, 73.88750541330816, 73.88750541330816]
[160.67988758048875, 73.92601857700252, 73.92601857700254]
[160.7635968190855, 73.96453174069643, 73.96453174069644]
[160.84730605768002, 74.00304490438982, 74.00304490438981]
[160.9310152962724, 74.04155806808281, 74.04155806808281]
[161.01472453486247, 74.08007123177525, 74.08007123177525]
[161.09843377345032, 74.11858439546725, 74.11858439546727]
[161.18214301203594, 74.15709755915876, 74.15709755915874]
[161.2658522506194, 74.1956107228498, 74.19561072284979]
[161.3495614892006, 74.2341238865404, 74.2341238865404]
[136.8496407389529, 79.91496137082723, 50.60501823295792, 50.60501823295791]
[136.92097231975518, 79.95661628891853, 50.63139562041, 50.63139562041]
[136.9923039005559, 79.99827120700925, 50.657773007861906, 50.65777300786191]
[137.06363548135496, 80.03992612509943, 50.68415039531358, 50.68415039531357]
[137.13496706215247, 80.08158104318905, 50.710527782765034, 50.710527782765034]
[137.2062986429483, 80.12323596127814, 50.73690517021626, 50.73690517021626]
[137.27763022374256, 80.16489087936664, 50.76328255766727, 50.76328255766726]
[137.3489618045352, 80.20654579745464, 50.78965994511805, 50.78965994511805]
[137.4202933853262, 80.24820071554205, 50.81603733256859, 50.81603733256859]
[137.49162496611564, 80.28985563362896, 50.842414720018944, 50.842414720018944]
[136.8496407389529, 74.22446062002781, 46.12635827334587, 46.126358273345865]
[136.92097231975518, 74.26314941843617, 46.15040120164191, 46.15040120164191]
[136.9923039005559, 74.30183821684405, 46.17444412993778, 46.17444412993778]
[137.06363548135496, 74.34052701525142, 46.19848705823345, 46.198487058233454]
[137.13496706215247, 74.37921581365836, 46.22252998652897, 46.22252998652897]
[137.2062986429483, 74.4179046120648, 46.24657291482427, 46.24657291482427]
[137.27763022374256, 74.45659341047077, 46.2706158431194, 46.2706158431194]
[137.3489618045352, 74.49528220887628, 46.294658771414326, 46.29465877141432]
[137.4202933853262, 74.53397100728127, 46.31870169970907, 46.31870169970907]
[137.49162496611564, 74.57265980568584, 46.34274462800366, 46.34274462800366]
